ARM GAS  C:\Users\Nina\AppData\Local\Temp\ccmkSeYX.s 			page 1


   1              		.cpu cortex-m7
   2              		.eabi_attribute 27, 1
   3              		.eabi_attribute 28, 1
   4              		.eabi_attribute 20, 1
   5              		.eabi_attribute 21, 1
   6              		.eabi_attribute 23, 3
   7              		.eabi_attribute 24, 1
   8              		.eabi_attribute 25, 1
   9              		.eabi_attribute 26, 1
  10              		.eabi_attribute 30, 1
  11              		.eabi_attribute 34, 1
  12              		.eabi_attribute 18, 4
  13              		.file	"def.c"
  14              		.text
  15              	.Ltext0:
  16              		.cfi_sections	.debug_frame
  17              		.section	.text.lwip_htons,"ax",%progbits
  18              		.align	1
  19              		.global	lwip_htons
  20              		.arch armv7e-m
  21              		.syntax unified
  22              		.thumb
  23              		.thumb_func
  24              		.fpu fpv5-sp-d16
  26              	lwip_htons:
  27              	.LVL0:
  28              	.LFB160:
  29              		.file 1 "Middlewares/Third_Party/LwIP/src/core/def.c"
   1:Middlewares/Third_Party/LwIP/src/core/def.c **** /**
   2:Middlewares/Third_Party/LwIP/src/core/def.c ****  * @file
   3:Middlewares/Third_Party/LwIP/src/core/def.c ****  * Common functions used throughout the stack.
   4:Middlewares/Third_Party/LwIP/src/core/def.c ****  *
   5:Middlewares/Third_Party/LwIP/src/core/def.c ****  * These are reference implementations of the byte swapping functions.
   6:Middlewares/Third_Party/LwIP/src/core/def.c ****  * Again with the aim of being simple, correct and fully portable.
   7:Middlewares/Third_Party/LwIP/src/core/def.c ****  * Byte swapping is the second thing you would want to optimize. You will
   8:Middlewares/Third_Party/LwIP/src/core/def.c ****  * need to port it to your architecture and in your cc.h:
   9:Middlewares/Third_Party/LwIP/src/core/def.c ****  *
  10:Middlewares/Third_Party/LwIP/src/core/def.c ****  * \#define lwip_htons(x) your_htons
  11:Middlewares/Third_Party/LwIP/src/core/def.c ****  * \#define lwip_htonl(x) your_htonl
  12:Middlewares/Third_Party/LwIP/src/core/def.c ****  *
  13:Middlewares/Third_Party/LwIP/src/core/def.c ****  * Note lwip_ntohs() and lwip_ntohl() are merely references to the htonx counterparts.
  14:Middlewares/Third_Party/LwIP/src/core/def.c ****  * 
  15:Middlewares/Third_Party/LwIP/src/core/def.c ****  * If you \#define them to htons() and htonl(), you should
  16:Middlewares/Third_Party/LwIP/src/core/def.c ****  * \#define LWIP_DONT_PROVIDE_BYTEORDER_FUNCTIONS to prevent lwIP from
  17:Middlewares/Third_Party/LwIP/src/core/def.c ****  * defining htonx/ntohx compatibility macros.
  18:Middlewares/Third_Party/LwIP/src/core/def.c **** 
  19:Middlewares/Third_Party/LwIP/src/core/def.c ****  * @defgroup sys_nonstandard Non-standard functions
  20:Middlewares/Third_Party/LwIP/src/core/def.c ****  * @ingroup sys_layer
  21:Middlewares/Third_Party/LwIP/src/core/def.c ****  * lwIP provides default implementations for non-standard functions.
  22:Middlewares/Third_Party/LwIP/src/core/def.c ****  * These can be mapped to OS functions to reduce code footprint if desired.
  23:Middlewares/Third_Party/LwIP/src/core/def.c ****  * All defines related to this section must not be placed in lwipopts.h,
  24:Middlewares/Third_Party/LwIP/src/core/def.c ****  * but in arch/cc.h!
  25:Middlewares/Third_Party/LwIP/src/core/def.c ****  * These options cannot be \#defined in lwipopts.h since they are not options
  26:Middlewares/Third_Party/LwIP/src/core/def.c ****  * of lwIP itself, but options of the lwIP port to your system.
  27:Middlewares/Third_Party/LwIP/src/core/def.c ****  */
  28:Middlewares/Third_Party/LwIP/src/core/def.c **** 
  29:Middlewares/Third_Party/LwIP/src/core/def.c **** /*
ARM GAS  C:\Users\Nina\AppData\Local\Temp\ccmkSeYX.s 			page 2


  30:Middlewares/Third_Party/LwIP/src/core/def.c ****  * Copyright (c) 2001-2004 Swedish Institute of Computer Science.
  31:Middlewares/Third_Party/LwIP/src/core/def.c ****  * All rights reserved.
  32:Middlewares/Third_Party/LwIP/src/core/def.c ****  *
  33:Middlewares/Third_Party/LwIP/src/core/def.c ****  * Redistribution and use in source and binary forms, with or without modification,
  34:Middlewares/Third_Party/LwIP/src/core/def.c ****  * are permitted provided that the following conditions are met:
  35:Middlewares/Third_Party/LwIP/src/core/def.c ****  *
  36:Middlewares/Third_Party/LwIP/src/core/def.c ****  * 1. Redistributions of source code must retain the above copyright notice,
  37:Middlewares/Third_Party/LwIP/src/core/def.c ****  *    this list of conditions and the following disclaimer.
  38:Middlewares/Third_Party/LwIP/src/core/def.c ****  * 2. Redistributions in binary form must reproduce the above copyright notice,
  39:Middlewares/Third_Party/LwIP/src/core/def.c ****  *    this list of conditions and the following disclaimer in the documentation
  40:Middlewares/Third_Party/LwIP/src/core/def.c ****  *    and/or other materials provided with the distribution.
  41:Middlewares/Third_Party/LwIP/src/core/def.c ****  * 3. The name of the author may not be used to endorse or promote products
  42:Middlewares/Third_Party/LwIP/src/core/def.c ****  *    derived from this software without specific prior written permission.
  43:Middlewares/Third_Party/LwIP/src/core/def.c ****  *
  44:Middlewares/Third_Party/LwIP/src/core/def.c ****  * THIS SOFTWARE IS PROVIDED BY THE AUTHOR ``AS IS'' AND ANY EXPRESS OR IMPLIED
  45:Middlewares/Third_Party/LwIP/src/core/def.c ****  * WARRANTIES, INCLUDING, BUT NOT LIMITED TO, THE IMPLIED WARRANTIES OF
  46:Middlewares/Third_Party/LwIP/src/core/def.c ****  * MERCHANTABILITY AND FITNESS FOR A PARTICULAR PURPOSE ARE DISCLAIMED. IN NO EVENT
  47:Middlewares/Third_Party/LwIP/src/core/def.c ****  * SHALL THE AUTHOR BE LIABLE FOR ANY DIRECT, INDIRECT, INCIDENTAL, SPECIAL,
  48:Middlewares/Third_Party/LwIP/src/core/def.c ****  * EXEMPLARY, OR CONSEQUENTIAL DAMAGES (INCLUDING, BUT NOT LIMITED TO, PROCUREMENT
  49:Middlewares/Third_Party/LwIP/src/core/def.c ****  * OF SUBSTITUTE GOODS OR SERVICES; LOSS OF USE, DATA, OR PROFITS; OR BUSINESS
  50:Middlewares/Third_Party/LwIP/src/core/def.c ****  * INTERRUPTION) HOWEVER CAUSED AND ON ANY THEORY OF LIABILITY, WHETHER IN
  51:Middlewares/Third_Party/LwIP/src/core/def.c ****  * CONTRACT, STRICT LIABILITY, OR TORT (INCLUDING NEGLIGENCE OR OTHERWISE) ARISING
  52:Middlewares/Third_Party/LwIP/src/core/def.c ****  * IN ANY WAY OUT OF THE USE OF THIS SOFTWARE, EVEN IF ADVISED OF THE POSSIBILITY
  53:Middlewares/Third_Party/LwIP/src/core/def.c ****  * OF SUCH DAMAGE.
  54:Middlewares/Third_Party/LwIP/src/core/def.c ****  *
  55:Middlewares/Third_Party/LwIP/src/core/def.c ****  * This file is part of the lwIP TCP/IP stack.
  56:Middlewares/Third_Party/LwIP/src/core/def.c ****  *
  57:Middlewares/Third_Party/LwIP/src/core/def.c ****  * Author: Simon Goldschmidt
  58:Middlewares/Third_Party/LwIP/src/core/def.c ****  *
  59:Middlewares/Third_Party/LwIP/src/core/def.c ****  */
  60:Middlewares/Third_Party/LwIP/src/core/def.c **** 
  61:Middlewares/Third_Party/LwIP/src/core/def.c **** #include "lwip/opt.h"
  62:Middlewares/Third_Party/LwIP/src/core/def.c **** #include "lwip/def.h"
  63:Middlewares/Third_Party/LwIP/src/core/def.c **** 
  64:Middlewares/Third_Party/LwIP/src/core/def.c **** #include <string.h>
  65:Middlewares/Third_Party/LwIP/src/core/def.c **** 
  66:Middlewares/Third_Party/LwIP/src/core/def.c **** #if BYTE_ORDER == LITTLE_ENDIAN
  67:Middlewares/Third_Party/LwIP/src/core/def.c **** 
  68:Middlewares/Third_Party/LwIP/src/core/def.c **** #if !defined(lwip_htons)
  69:Middlewares/Third_Party/LwIP/src/core/def.c **** /**
  70:Middlewares/Third_Party/LwIP/src/core/def.c ****  * Convert an u16_t from host- to network byte order.
  71:Middlewares/Third_Party/LwIP/src/core/def.c ****  *
  72:Middlewares/Third_Party/LwIP/src/core/def.c ****  * @param n u16_t in host byte order
  73:Middlewares/Third_Party/LwIP/src/core/def.c ****  * @return n in network byte order
  74:Middlewares/Third_Party/LwIP/src/core/def.c ****  */
  75:Middlewares/Third_Party/LwIP/src/core/def.c **** u16_t
  76:Middlewares/Third_Party/LwIP/src/core/def.c **** lwip_htons(u16_t n)
  77:Middlewares/Third_Party/LwIP/src/core/def.c **** {
  30              		.loc 1 77 1 view -0
  31              		.cfi_startproc
  32              		@ args = 0, pretend = 0, frame = 0
  33              		@ frame_needed = 0, uses_anonymous_args = 0
  34              		@ link register save eliminated.
  78:Middlewares/Third_Party/LwIP/src/core/def.c ****   return (u16_t)PP_HTONS(n);
  35              		.loc 1 78 3 view .LVU1
  36              		.loc 1 78 10 is_stmt 0 view .LVU2
  37 0000 40BA     		rev16	r0, r0
ARM GAS  C:\Users\Nina\AppData\Local\Temp\ccmkSeYX.s 			page 3


  38              	.LVL1:
  79:Middlewares/Third_Party/LwIP/src/core/def.c **** }
  39              		.loc 1 79 1 view .LVU3
  40 0002 80B2     		uxth	r0, r0
  41 0004 7047     		bx	lr
  42              		.cfi_endproc
  43              	.LFE160:
  45              		.section	.text.lwip_htonl,"ax",%progbits
  46              		.align	1
  47              		.global	lwip_htonl
  48              		.syntax unified
  49              		.thumb
  50              		.thumb_func
  51              		.fpu fpv5-sp-d16
  53              	lwip_htonl:
  54              	.LVL2:
  55              	.LFB161:
  80:Middlewares/Third_Party/LwIP/src/core/def.c **** #endif /* lwip_htons */
  81:Middlewares/Third_Party/LwIP/src/core/def.c **** 
  82:Middlewares/Third_Party/LwIP/src/core/def.c **** #if !defined(lwip_htonl)
  83:Middlewares/Third_Party/LwIP/src/core/def.c **** /**
  84:Middlewares/Third_Party/LwIP/src/core/def.c ****  * Convert an u32_t from host- to network byte order.
  85:Middlewares/Third_Party/LwIP/src/core/def.c ****  *
  86:Middlewares/Third_Party/LwIP/src/core/def.c ****  * @param n u32_t in host byte order
  87:Middlewares/Third_Party/LwIP/src/core/def.c ****  * @return n in network byte order
  88:Middlewares/Third_Party/LwIP/src/core/def.c ****  */
  89:Middlewares/Third_Party/LwIP/src/core/def.c **** u32_t
  90:Middlewares/Third_Party/LwIP/src/core/def.c **** lwip_htonl(u32_t n)
  91:Middlewares/Third_Party/LwIP/src/core/def.c **** {
  56              		.loc 1 91 1 is_stmt 1 view -0
  57              		.cfi_startproc
  58              		@ args = 0, pretend = 0, frame = 0
  59              		@ frame_needed = 0, uses_anonymous_args = 0
  60              		@ link register save eliminated.
  92:Middlewares/Third_Party/LwIP/src/core/def.c ****   return (u32_t)PP_HTONL(n);
  61              		.loc 1 92 3 view .LVU5
  62              		.loc 1 92 17 is_stmt 0 view .LVU6
  63 0000 0302     		lsls	r3, r0, #8
  64 0002 03F47F03 		and	r3, r3, #16711680
  65 0006 43EA0063 		orr	r3, r3, r0, lsl #24
  66 000a 020A     		lsrs	r2, r0, #8
  67 000c 02F47F42 		and	r2, r2, #65280
  68 0010 1343     		orrs	r3, r3, r2
  93:Middlewares/Third_Party/LwIP/src/core/def.c **** }
  69              		.loc 1 93 1 view .LVU7
  70 0012 43EA1060 		orr	r0, r3, r0, lsr #24
  71              	.LVL3:
  72              		.loc 1 93 1 view .LVU8
  73 0016 7047     		bx	lr
  74              		.cfi_endproc
  75              	.LFE161:
  77              		.section	.text.lwip_strnstr,"ax",%progbits
  78              		.align	1
  79              		.global	lwip_strnstr
  80              		.syntax unified
  81              		.thumb
  82              		.thumb_func
ARM GAS  C:\Users\Nina\AppData\Local\Temp\ccmkSeYX.s 			page 4


  83              		.fpu fpv5-sp-d16
  85              	lwip_strnstr:
  86              	.LVL4:
  87              	.LFB162:
  94:Middlewares/Third_Party/LwIP/src/core/def.c **** #endif /* lwip_htonl */
  95:Middlewares/Third_Party/LwIP/src/core/def.c **** 
  96:Middlewares/Third_Party/LwIP/src/core/def.c **** #endif /* BYTE_ORDER == LITTLE_ENDIAN */
  97:Middlewares/Third_Party/LwIP/src/core/def.c **** 
  98:Middlewares/Third_Party/LwIP/src/core/def.c **** #ifndef lwip_strnstr
  99:Middlewares/Third_Party/LwIP/src/core/def.c **** /**
 100:Middlewares/Third_Party/LwIP/src/core/def.c ****  * @ingroup sys_nonstandard
 101:Middlewares/Third_Party/LwIP/src/core/def.c ****  * lwIP default implementation for strnstr() non-standard function.
 102:Middlewares/Third_Party/LwIP/src/core/def.c ****  * This can be \#defined to strnstr() depending on your platform port.
 103:Middlewares/Third_Party/LwIP/src/core/def.c ****  */
 104:Middlewares/Third_Party/LwIP/src/core/def.c **** char*
 105:Middlewares/Third_Party/LwIP/src/core/def.c **** lwip_strnstr(const char* buffer, const char* token, size_t n)
 106:Middlewares/Third_Party/LwIP/src/core/def.c **** {
  88              		.loc 1 106 1 is_stmt 1 view -0
  89              		.cfi_startproc
  90              		@ args = 0, pretend = 0, frame = 0
  91              		@ frame_needed = 0, uses_anonymous_args = 0
  92              		.loc 1 106 1 is_stmt 0 view .LVU10
  93 0000 2DE9F843 		push	{r3, r4, r5, r6, r7, r8, r9, lr}
  94              	.LCFI0:
  95              		.cfi_def_cfa_offset 32
  96              		.cfi_offset 3, -32
  97              		.cfi_offset 4, -28
  98              		.cfi_offset 5, -24
  99              		.cfi_offset 6, -20
 100              		.cfi_offset 7, -16
 101              		.cfi_offset 8, -12
 102              		.cfi_offset 9, -8
 103              		.cfi_offset 14, -4
 104 0004 0746     		mov	r7, r0
 105 0006 0E46     		mov	r6, r1
 106 0008 9146     		mov	r9, r2
 107:Middlewares/Third_Party/LwIP/src/core/def.c ****   const char* p;
 107              		.loc 1 107 3 is_stmt 1 view .LVU11
 108:Middlewares/Third_Party/LwIP/src/core/def.c ****   size_t tokenlen = strlen(token);
 108              		.loc 1 108 3 view .LVU12
 109              		.loc 1 108 21 is_stmt 0 view .LVU13
 110 000a 0846     		mov	r0, r1
 111              	.LVL5:
 112              		.loc 1 108 21 view .LVU14
 113 000c FFF7FEFF 		bl	strlen
 114              	.LVL6:
 109:Middlewares/Third_Party/LwIP/src/core/def.c ****   if (tokenlen == 0) {
 115              		.loc 1 109 3 is_stmt 1 view .LVU15
 116              		.loc 1 109 6 is_stmt 0 view .LVU16
 117 0010 C0B1     		cbz	r0, .L8
 118 0012 8046     		mov	r8, r0
 110:Middlewares/Third_Party/LwIP/src/core/def.c ****     return LWIP_CONST_CAST(char *, buffer);
 111:Middlewares/Third_Party/LwIP/src/core/def.c ****   }
 112:Middlewares/Third_Party/LwIP/src/core/def.c ****   for (p = buffer; *p && (p + tokenlen <= buffer + n); p++) {
 119              		.loc 1 112 10 view .LVU17
 120 0014 3C46     		mov	r4, r7
 121 0016 00E0     		b	.L5
ARM GAS  C:\Users\Nina\AppData\Local\Temp\ccmkSeYX.s 			page 5


 122              	.LVL7:
 123              	.L6:
 124              		.loc 1 112 56 is_stmt 1 discriminator 2 view .LVU18
 125              		.loc 1 112 57 is_stmt 0 discriminator 2 view .LVU19
 126 0018 0134     		adds	r4, r4, #1
 127              	.LVL8:
 128              	.L5:
 129              		.loc 1 112 20 is_stmt 1 discriminator 1 view .LVU20
 130 001a 2578     		ldrb	r5, [r4]	@ zero_extendqisi2
 131              		.loc 1 112 3 is_stmt 0 discriminator 1 view .LVU21
 132 001c B5B1     		cbz	r5, .L9
 133              		.loc 1 112 29 discriminator 3 view .LVU22
 134 001e 04EB0803 		add	r3, r4, r8
 135              		.loc 1 112 50 discriminator 3 view .LVU23
 136 0022 07EB0902 		add	r2, r7, r9
 137              		.loc 1 112 23 discriminator 3 view .LVU24
 138 0026 9342     		cmp	r3, r2
 139 0028 0AD8     		bhi	.L11
 113:Middlewares/Third_Party/LwIP/src/core/def.c ****     if ((*p == *token) && (strncmp(p, token, tokenlen) == 0)) {
 140              		.loc 1 113 5 is_stmt 1 view .LVU25
 141              		.loc 1 113 16 is_stmt 0 view .LVU26
 142 002a 3378     		ldrb	r3, [r6]	@ zero_extendqisi2
 143              		.loc 1 113 8 view .LVU27
 144 002c AB42     		cmp	r3, r5
 145 002e F3D1     		bne	.L6
 146              		.loc 1 113 28 discriminator 1 view .LVU28
 147 0030 4246     		mov	r2, r8
 148 0032 3146     		mov	r1, r6
 149 0034 2046     		mov	r0, r4
 150 0036 FFF7FEFF 		bl	strncmp
 151              	.LVL9:
 152              		.loc 1 113 24 discriminator 1 view .LVU29
 153 003a 0028     		cmp	r0, #0
 154 003c ECD1     		bne	.L6
 155 003e 02E0     		b	.L3
 156              	.L11:
 114:Middlewares/Third_Party/LwIP/src/core/def.c ****       return LWIP_CONST_CAST(char *, p);
 115:Middlewares/Third_Party/LwIP/src/core/def.c ****     }
 116:Middlewares/Third_Party/LwIP/src/core/def.c ****   }
 117:Middlewares/Third_Party/LwIP/src/core/def.c ****   return NULL;
 157              		.loc 1 117 10 view .LVU30
 158 0040 0024     		movs	r4, #0
 159              	.LVL10:
 160              		.loc 1 117 10 view .LVU31
 161 0042 00E0     		b	.L3
 162              	.LVL11:
 163              	.L8:
 110:Middlewares/Third_Party/LwIP/src/core/def.c ****   }
 164              		.loc 1 110 12 view .LVU32
 165 0044 3C46     		mov	r4, r7
 166              	.LVL12:
 167              	.L3:
 118:Middlewares/Third_Party/LwIP/src/core/def.c **** }
 168              		.loc 1 118 1 view .LVU33
 169 0046 2046     		mov	r0, r4
 170 0048 BDE8F883 		pop	{r3, r4, r5, r6, r7, r8, r9, pc}
 171              	.LVL13:
ARM GAS  C:\Users\Nina\AppData\Local\Temp\ccmkSeYX.s 			page 6


 172              	.L9:
 117:Middlewares/Third_Party/LwIP/src/core/def.c **** }
 173              		.loc 1 117 10 view .LVU34
 174 004c 0024     		movs	r4, #0
 175              	.LVL14:
 117:Middlewares/Third_Party/LwIP/src/core/def.c **** }
 176              		.loc 1 117 10 view .LVU35
 177 004e FAE7     		b	.L3
 178              		.cfi_endproc
 179              	.LFE162:
 181              		.section	.text.lwip_stricmp,"ax",%progbits
 182              		.align	1
 183              		.global	lwip_stricmp
 184              		.syntax unified
 185              		.thumb
 186              		.thumb_func
 187              		.fpu fpv5-sp-d16
 189              	lwip_stricmp:
 190              	.LFB163:
 119:Middlewares/Third_Party/LwIP/src/core/def.c **** #endif
 120:Middlewares/Third_Party/LwIP/src/core/def.c **** 
 121:Middlewares/Third_Party/LwIP/src/core/def.c **** #ifndef lwip_stricmp
 122:Middlewares/Third_Party/LwIP/src/core/def.c **** /**
 123:Middlewares/Third_Party/LwIP/src/core/def.c ****  * @ingroup sys_nonstandard
 124:Middlewares/Third_Party/LwIP/src/core/def.c ****  * lwIP default implementation for stricmp() non-standard function.
 125:Middlewares/Third_Party/LwIP/src/core/def.c ****  * This can be \#defined to stricmp() depending on your platform port.
 126:Middlewares/Third_Party/LwIP/src/core/def.c ****  */
 127:Middlewares/Third_Party/LwIP/src/core/def.c **** int
 128:Middlewares/Third_Party/LwIP/src/core/def.c **** lwip_stricmp(const char* str1, const char* str2)
 129:Middlewares/Third_Party/LwIP/src/core/def.c **** {
 191              		.loc 1 129 1 is_stmt 1 view -0
 192              		.cfi_startproc
 193              		@ args = 0, pretend = 0, frame = 0
 194              		@ frame_needed = 0, uses_anonymous_args = 0
 195              		@ link register save eliminated.
 196              	.LVL15:
 197              		.loc 1 129 1 is_stmt 0 view .LVU37
 198 0000 30B4     		push	{r4, r5}
 199              	.LCFI1:
 200              		.cfi_def_cfa_offset 8
 201              		.cfi_offset 4, -8
 202              		.cfi_offset 5, -4
 203 0002 00E0     		b	.L15
 204              	.LVL16:
 205              	.L13:
 130:Middlewares/Third_Party/LwIP/src/core/def.c ****   char c1, c2;
 131:Middlewares/Third_Party/LwIP/src/core/def.c **** 
 132:Middlewares/Third_Party/LwIP/src/core/def.c ****   do {
 133:Middlewares/Third_Party/LwIP/src/core/def.c ****     c1 = *str1++;
 134:Middlewares/Third_Party/LwIP/src/core/def.c ****     c2 = *str2++;
 135:Middlewares/Third_Party/LwIP/src/core/def.c ****     if (c1 != c2) {
 136:Middlewares/Third_Party/LwIP/src/core/def.c ****       char c1_upc = c1 | 0x20;
 137:Middlewares/Third_Party/LwIP/src/core/def.c ****       if ((c1_upc >= 'a') && (c1_upc <= 'z')) {
 138:Middlewares/Third_Party/LwIP/src/core/def.c ****         /* characters are not equal an one is in the alphabet range:
 139:Middlewares/Third_Party/LwIP/src/core/def.c ****         downcase both chars and check again */
 140:Middlewares/Third_Party/LwIP/src/core/def.c ****         char c2_upc = c2 | 0x20;
 141:Middlewares/Third_Party/LwIP/src/core/def.c ****         if (c1_upc != c2_upc) {
ARM GAS  C:\Users\Nina\AppData\Local\Temp\ccmkSeYX.s 			page 7


 142:Middlewares/Third_Party/LwIP/src/core/def.c ****           /* still not equal */
 143:Middlewares/Third_Party/LwIP/src/core/def.c ****           /* don't care for < or > */
 144:Middlewares/Third_Party/LwIP/src/core/def.c ****           return 1;
 145:Middlewares/Third_Party/LwIP/src/core/def.c ****         }
 146:Middlewares/Third_Party/LwIP/src/core/def.c ****       } else {
 147:Middlewares/Third_Party/LwIP/src/core/def.c ****         /* characters are not equal but none is in the alphabet range */
 148:Middlewares/Third_Party/LwIP/src/core/def.c ****         return 1;
 149:Middlewares/Third_Party/LwIP/src/core/def.c ****       }
 150:Middlewares/Third_Party/LwIP/src/core/def.c ****     }
 151:Middlewares/Third_Party/LwIP/src/core/def.c ****   } while (c1 != 0);
 206              		.loc 1 151 11 is_stmt 1 view .LVU38
 207              		.loc 1 151 3 is_stmt 0 view .LVU39
 208 0004 92B1     		cbz	r2, .L19
 209              	.LVL17:
 210              	.L15:
 130:Middlewares/Third_Party/LwIP/src/core/def.c ****   char c1, c2;
 211              		.loc 1 130 3 is_stmt 1 view .LVU40
 132:Middlewares/Third_Party/LwIP/src/core/def.c ****     c1 = *str1++;
 212              		.loc 1 132 3 view .LVU41
 133:Middlewares/Third_Party/LwIP/src/core/def.c ****     c2 = *str2++;
 213              		.loc 1 133 5 view .LVU42
 133:Middlewares/Third_Party/LwIP/src/core/def.c ****     c2 = *str2++;
 214              		.loc 1 133 8 is_stmt 0 view .LVU43
 215 0006 0278     		ldrb	r2, [r0]	@ zero_extendqisi2
 216 0008 0130     		adds	r0, r0, #1
 217              	.LVL18:
 134:Middlewares/Third_Party/LwIP/src/core/def.c ****     if (c1 != c2) {
 218              		.loc 1 134 5 is_stmt 1 view .LVU44
 134:Middlewares/Third_Party/LwIP/src/core/def.c ****     if (c1 != c2) {
 219              		.loc 1 134 8 is_stmt 0 view .LVU45
 220 000a 0B78     		ldrb	r3, [r1]	@ zero_extendqisi2
 221 000c 0131     		adds	r1, r1, #1
 222              	.LVL19:
 135:Middlewares/Third_Party/LwIP/src/core/def.c ****       char c1_upc = c1 | 0x20;
 223              		.loc 1 135 5 is_stmt 1 view .LVU46
 135:Middlewares/Third_Party/LwIP/src/core/def.c ****       char c1_upc = c1 | 0x20;
 224              		.loc 1 135 8 is_stmt 0 view .LVU47
 225 000e 9A42     		cmp	r2, r3
 226 0010 F8D0     		beq	.L13
 227              	.LBB2:
 136:Middlewares/Third_Party/LwIP/src/core/def.c ****       if ((c1_upc >= 'a') && (c1_upc <= 'z')) {
 228              		.loc 1 136 7 is_stmt 1 view .LVU48
 136:Middlewares/Third_Party/LwIP/src/core/def.c ****       if ((c1_upc >= 'a') && (c1_upc <= 'z')) {
 229              		.loc 1 136 12 is_stmt 0 view .LVU49
 230 0012 42F02005 		orr	r5, r2, #32
 231              	.LVL20:
 137:Middlewares/Third_Party/LwIP/src/core/def.c ****         /* characters are not equal an one is in the alphabet range:
 232              		.loc 1 137 7 is_stmt 1 view .LVU50
 137:Middlewares/Third_Party/LwIP/src/core/def.c ****         /* characters are not equal an one is in the alphabet range:
 233              		.loc 1 137 27 is_stmt 0 view .LVU51
 234 0016 A5F16104 		sub	r4, r5, #97
 235 001a E4B2     		uxtb	r4, r4
 137:Middlewares/Third_Party/LwIP/src/core/def.c ****         /* characters are not equal an one is in the alphabet range:
 236              		.loc 1 137 10 view .LVU52
 237 001c 192C     		cmp	r4, #25
 238 001e 08D8     		bhi	.L16
 239              	.LBB3:
ARM GAS  C:\Users\Nina\AppData\Local\Temp\ccmkSeYX.s 			page 8


 140:Middlewares/Third_Party/LwIP/src/core/def.c ****         if (c1_upc != c2_upc) {
 240              		.loc 1 140 9 is_stmt 1 view .LVU53
 140:Middlewares/Third_Party/LwIP/src/core/def.c ****         if (c1_upc != c2_upc) {
 241              		.loc 1 140 14 is_stmt 0 view .LVU54
 242 0020 43F02003 		orr	r3, r3, #32
 243              	.LVL21:
 141:Middlewares/Third_Party/LwIP/src/core/def.c ****           /* still not equal */
 244              		.loc 1 141 9 is_stmt 1 view .LVU55
 141:Middlewares/Third_Party/LwIP/src/core/def.c ****           /* still not equal */
 245              		.loc 1 141 12 is_stmt 0 view .LVU56
 246 0024 9D42     		cmp	r5, r3
 247 0026 EDD0     		beq	.L13
 144:Middlewares/Third_Party/LwIP/src/core/def.c ****         }
 248              		.loc 1 144 18 view .LVU57
 249 0028 0120     		movs	r0, #1
 250              	.LVL22:
 144:Middlewares/Third_Party/LwIP/src/core/def.c ****         }
 251              		.loc 1 144 18 view .LVU58
 252 002a 00E0     		b	.L12
 253              	.LVL23:
 254              	.L19:
 144:Middlewares/Third_Party/LwIP/src/core/def.c ****         }
 255              		.loc 1 144 18 view .LVU59
 256              	.LBE3:
 257              	.LBE2:
 152:Middlewares/Third_Party/LwIP/src/core/def.c ****   return 0;
 258              		.loc 1 152 10 view .LVU60
 259 002c 0020     		movs	r0, #0
 260              	.LVL24:
 261              	.L12:
 153:Middlewares/Third_Party/LwIP/src/core/def.c **** }
 262              		.loc 1 153 1 view .LVU61
 263 002e 30BC     		pop	{r4, r5}
 264              	.LCFI2:
 265              		.cfi_remember_state
 266              		.cfi_restore 5
 267              		.cfi_restore 4
 268              		.cfi_def_cfa_offset 0
 269 0030 7047     		bx	lr
 270              	.LVL25:
 271              	.L16:
 272              	.LCFI3:
 273              		.cfi_restore_state
 274              	.LBB4:
 148:Middlewares/Third_Party/LwIP/src/core/def.c ****       }
 275              		.loc 1 148 16 view .LVU62
 276 0032 0120     		movs	r0, #1
 277              	.LVL26:
 148:Middlewares/Third_Party/LwIP/src/core/def.c ****       }
 278              		.loc 1 148 16 view .LVU63
 279 0034 FBE7     		b	.L12
 280              	.LBE4:
 281              		.cfi_endproc
 282              	.LFE163:
 284              		.section	.text.lwip_strnicmp,"ax",%progbits
 285              		.align	1
 286              		.global	lwip_strnicmp
ARM GAS  C:\Users\Nina\AppData\Local\Temp\ccmkSeYX.s 			page 9


 287              		.syntax unified
 288              		.thumb
 289              		.thumb_func
 290              		.fpu fpv5-sp-d16
 292              	lwip_strnicmp:
 293              	.LVL27:
 294              	.LFB164:
 154:Middlewares/Third_Party/LwIP/src/core/def.c **** #endif
 155:Middlewares/Third_Party/LwIP/src/core/def.c **** 
 156:Middlewares/Third_Party/LwIP/src/core/def.c **** #ifndef lwip_strnicmp
 157:Middlewares/Third_Party/LwIP/src/core/def.c **** /**
 158:Middlewares/Third_Party/LwIP/src/core/def.c ****  * @ingroup sys_nonstandard
 159:Middlewares/Third_Party/LwIP/src/core/def.c ****  * lwIP default implementation for strnicmp() non-standard function.
 160:Middlewares/Third_Party/LwIP/src/core/def.c ****  * This can be \#defined to strnicmp() depending on your platform port.
 161:Middlewares/Third_Party/LwIP/src/core/def.c ****  */
 162:Middlewares/Third_Party/LwIP/src/core/def.c **** int
 163:Middlewares/Third_Party/LwIP/src/core/def.c **** lwip_strnicmp(const char* str1, const char* str2, size_t len)
 164:Middlewares/Third_Party/LwIP/src/core/def.c **** {
 295              		.loc 1 164 1 is_stmt 1 view -0
 296              		.cfi_startproc
 297              		@ args = 0, pretend = 0, frame = 0
 298              		@ frame_needed = 0, uses_anonymous_args = 0
 299              		@ link register save eliminated.
 300              		.loc 1 164 1 is_stmt 0 view .LVU65
 301 0000 70B4     		push	{r4, r5, r6}
 302              	.LCFI4:
 303              		.cfi_def_cfa_offset 12
 304              		.cfi_offset 4, -12
 305              		.cfi_offset 5, -8
 306              		.cfi_offset 6, -4
 307 0002 03E0     		b	.L23
 308              	.LVL28:
 309              	.L21:
 165:Middlewares/Third_Party/LwIP/src/core/def.c ****   char c1, c2;
 166:Middlewares/Third_Party/LwIP/src/core/def.c **** 
 167:Middlewares/Third_Party/LwIP/src/core/def.c ****   do {
 168:Middlewares/Third_Party/LwIP/src/core/def.c ****     c1 = *str1++;
 169:Middlewares/Third_Party/LwIP/src/core/def.c ****     c2 = *str2++;
 170:Middlewares/Third_Party/LwIP/src/core/def.c ****     if (c1 != c2) {
 171:Middlewares/Third_Party/LwIP/src/core/def.c ****       char c1_upc = c1 | 0x20;
 172:Middlewares/Third_Party/LwIP/src/core/def.c ****       if ((c1_upc >= 'a') && (c1_upc <= 'z')) {
 173:Middlewares/Third_Party/LwIP/src/core/def.c ****         /* characters are not equal an one is in the alphabet range:
 174:Middlewares/Third_Party/LwIP/src/core/def.c ****         downcase both chars and check again */
 175:Middlewares/Third_Party/LwIP/src/core/def.c ****         char c2_upc = c2 | 0x20;
 176:Middlewares/Third_Party/LwIP/src/core/def.c ****         if (c1_upc != c2_upc) {
 177:Middlewares/Third_Party/LwIP/src/core/def.c ****           /* still not equal */
 178:Middlewares/Third_Party/LwIP/src/core/def.c ****           /* don't care for < or > */
 179:Middlewares/Third_Party/LwIP/src/core/def.c ****           return 1;
 180:Middlewares/Third_Party/LwIP/src/core/def.c ****         }
 181:Middlewares/Third_Party/LwIP/src/core/def.c ****       } else {
 182:Middlewares/Third_Party/LwIP/src/core/def.c ****         /* characters are not equal but none is in the alphabet range */
 183:Middlewares/Third_Party/LwIP/src/core/def.c ****         return 1;
 184:Middlewares/Third_Party/LwIP/src/core/def.c ****       }
 185:Middlewares/Third_Party/LwIP/src/core/def.c ****     }
 186:Middlewares/Third_Party/LwIP/src/core/def.c ****   } while (len-- && c1 != 0);
 310              		.loc 1 186 11 is_stmt 1 view .LVU66
 311              		.loc 1 186 15 is_stmt 0 view .LVU67
ARM GAS  C:\Users\Nina\AppData\Local\Temp\ccmkSeYX.s 			page 10


 312 0004 531E     		subs	r3, r2, #1
 313              	.LVL29:
 314              		.loc 1 186 3 view .LVU68
 315 0006 C2B1     		cbz	r2, .L26
 316              		.loc 1 186 18 discriminator 1 view .LVU69
 317 0008 9CB1     		cbz	r4, .L29
 318              		.loc 1 186 15 view .LVU70
 319 000a 1A46     		mov	r2, r3
 320              	.LVL30:
 321              	.L23:
 165:Middlewares/Third_Party/LwIP/src/core/def.c ****   char c1, c2;
 322              		.loc 1 165 3 is_stmt 1 view .LVU71
 167:Middlewares/Third_Party/LwIP/src/core/def.c ****     c1 = *str1++;
 323              		.loc 1 167 3 view .LVU72
 168:Middlewares/Third_Party/LwIP/src/core/def.c ****     c2 = *str2++;
 324              		.loc 1 168 5 view .LVU73
 168:Middlewares/Third_Party/LwIP/src/core/def.c ****     c2 = *str2++;
 325              		.loc 1 168 8 is_stmt 0 view .LVU74
 326 000c 0478     		ldrb	r4, [r0]	@ zero_extendqisi2
 327 000e 0130     		adds	r0, r0, #1
 328              	.LVL31:
 169:Middlewares/Third_Party/LwIP/src/core/def.c ****     if (c1 != c2) {
 329              		.loc 1 169 5 is_stmt 1 view .LVU75
 169:Middlewares/Third_Party/LwIP/src/core/def.c ****     if (c1 != c2) {
 330              		.loc 1 169 8 is_stmt 0 view .LVU76
 331 0010 0B78     		ldrb	r3, [r1]	@ zero_extendqisi2
 332 0012 0131     		adds	r1, r1, #1
 333              	.LVL32:
 170:Middlewares/Third_Party/LwIP/src/core/def.c ****       char c1_upc = c1 | 0x20;
 334              		.loc 1 170 5 is_stmt 1 view .LVU77
 170:Middlewares/Third_Party/LwIP/src/core/def.c ****       char c1_upc = c1 | 0x20;
 335              		.loc 1 170 8 is_stmt 0 view .LVU78
 336 0014 9C42     		cmp	r4, r3
 337 0016 F5D0     		beq	.L21
 338              	.LBB5:
 171:Middlewares/Third_Party/LwIP/src/core/def.c ****       if ((c1_upc >= 'a') && (c1_upc <= 'z')) {
 339              		.loc 1 171 7 is_stmt 1 view .LVU79
 171:Middlewares/Third_Party/LwIP/src/core/def.c ****       if ((c1_upc >= 'a') && (c1_upc <= 'z')) {
 340              		.loc 1 171 12 is_stmt 0 view .LVU80
 341 0018 44F02006 		orr	r6, r4, #32
 342              	.LVL33:
 172:Middlewares/Third_Party/LwIP/src/core/def.c ****         /* characters are not equal an one is in the alphabet range:
 343              		.loc 1 172 7 is_stmt 1 view .LVU81
 172:Middlewares/Third_Party/LwIP/src/core/def.c ****         /* characters are not equal an one is in the alphabet range:
 344              		.loc 1 172 27 is_stmt 0 view .LVU82
 345 001c A6F16105 		sub	r5, r6, #97
 346 0020 EDB2     		uxtb	r5, r5
 172:Middlewares/Third_Party/LwIP/src/core/def.c ****         /* characters are not equal an one is in the alphabet range:
 347              		.loc 1 172 10 view .LVU83
 348 0022 192D     		cmp	r5, #25
 349 0024 07D8     		bhi	.L24
 350              	.LBB6:
 175:Middlewares/Third_Party/LwIP/src/core/def.c ****         if (c1_upc != c2_upc) {
 351              		.loc 1 175 9 is_stmt 1 view .LVU84
 175:Middlewares/Third_Party/LwIP/src/core/def.c ****         if (c1_upc != c2_upc) {
 352              		.loc 1 175 14 is_stmt 0 view .LVU85
 353 0026 43F02003 		orr	r3, r3, #32
ARM GAS  C:\Users\Nina\AppData\Local\Temp\ccmkSeYX.s 			page 11


 354              	.LVL34:
 176:Middlewares/Third_Party/LwIP/src/core/def.c ****           /* still not equal */
 355              		.loc 1 176 9 is_stmt 1 view .LVU86
 176:Middlewares/Third_Party/LwIP/src/core/def.c ****           /* still not equal */
 356              		.loc 1 176 12 is_stmt 0 view .LVU87
 357 002a 9E42     		cmp	r6, r3
 358 002c EAD0     		beq	.L21
 179:Middlewares/Third_Party/LwIP/src/core/def.c ****         }
 359              		.loc 1 179 18 view .LVU88
 360 002e 0120     		movs	r0, #1
 361              	.LVL35:
 179:Middlewares/Third_Party/LwIP/src/core/def.c ****         }
 362              		.loc 1 179 18 view .LVU89
 363 0030 04E0     		b	.L20
 364              	.LVL36:
 365              	.L29:
 179:Middlewares/Third_Party/LwIP/src/core/def.c ****         }
 366              		.loc 1 179 18 view .LVU90
 367              	.LBE6:
 368              	.LBE5:
 187:Middlewares/Third_Party/LwIP/src/core/def.c ****   return 0;
 369              		.loc 1 187 10 view .LVU91
 370 0032 0020     		movs	r0, #0
 371              	.LVL37:
 372              		.loc 1 187 10 view .LVU92
 373 0034 02E0     		b	.L20
 374              	.LVL38:
 375              	.L24:
 376              	.LBB7:
 183:Middlewares/Third_Party/LwIP/src/core/def.c ****       }
 377              		.loc 1 183 16 view .LVU93
 378 0036 0120     		movs	r0, #1
 379              	.LVL39:
 183:Middlewares/Third_Party/LwIP/src/core/def.c ****       }
 380              		.loc 1 183 16 view .LVU94
 381 0038 00E0     		b	.L20
 382              	.LVL40:
 383              	.L26:
 183:Middlewares/Third_Party/LwIP/src/core/def.c ****       }
 384              		.loc 1 183 16 view .LVU95
 385              	.LBE7:
 386              		.loc 1 187 10 view .LVU96
 387 003a 0020     		movs	r0, #0
 388              	.LVL41:
 389              	.L20:
 188:Middlewares/Third_Party/LwIP/src/core/def.c **** }
 390              		.loc 1 188 1 view .LVU97
 391 003c 70BC     		pop	{r4, r5, r6}
 392              	.LCFI5:
 393              		.cfi_restore 6
 394              		.cfi_restore 5
 395              		.cfi_restore 4
 396              		.cfi_def_cfa_offset 0
 397              	.LVL42:
 398              		.loc 1 188 1 view .LVU98
 399 003e 7047     		bx	lr
 400              		.cfi_endproc
ARM GAS  C:\Users\Nina\AppData\Local\Temp\ccmkSeYX.s 			page 12


 401              	.LFE164:
 403              		.section	.rodata.lwip_itoa.str1.4,"aMS",%progbits,1
 404              		.align	2
 405              	.LC0:
 406 0000 7A797877 		.ascii	"zyxwvutsrqponmlkjihgfedcba9876543210123456789abcdef"
 406      76757473 
 406      7271706F 
 406      6E6D6C6B 
 406      6A696867 
 407 0033 6768696A 		.ascii	"ghijklmnopqrstuvwxyz\000"
 407      6B6C6D6E 
 407      6F707172 
 407      73747576 
 407      7778797A 
 408              		.section	.text.lwip_itoa,"ax",%progbits
 409              		.align	1
 410              		.global	lwip_itoa
 411              		.syntax unified
 412              		.thumb
 413              		.thumb_func
 414              		.fpu fpv5-sp-d16
 416              	lwip_itoa:
 417              	.LVL43:
 418              	.LFB165:
 189:Middlewares/Third_Party/LwIP/src/core/def.c **** #endif
 190:Middlewares/Third_Party/LwIP/src/core/def.c **** 
 191:Middlewares/Third_Party/LwIP/src/core/def.c **** #ifndef lwip_itoa
 192:Middlewares/Third_Party/LwIP/src/core/def.c **** /**
 193:Middlewares/Third_Party/LwIP/src/core/def.c ****  * @ingroup sys_nonstandard
 194:Middlewares/Third_Party/LwIP/src/core/def.c ****  * lwIP default implementation for itoa() non-standard function.
 195:Middlewares/Third_Party/LwIP/src/core/def.c ****  * This can be \#defined to itoa() or snprintf(result, bufsize, "%d", number) depending on your pla
 196:Middlewares/Third_Party/LwIP/src/core/def.c ****  */
 197:Middlewares/Third_Party/LwIP/src/core/def.c **** void
 198:Middlewares/Third_Party/LwIP/src/core/def.c **** lwip_itoa(char* result, size_t bufsize, int number)
 199:Middlewares/Third_Party/LwIP/src/core/def.c **** {
 419              		.loc 1 199 1 is_stmt 1 view -0
 420              		.cfi_startproc
 421              		@ args = 0, pretend = 0, frame = 0
 422              		@ frame_needed = 0, uses_anonymous_args = 0
 423              		@ link register save eliminated.
 424              		.loc 1 199 1 is_stmt 0 view .LVU100
 425 0000 70B4     		push	{r4, r5, r6}
 426              	.LCFI6:
 427              		.cfi_def_cfa_offset 12
 428              		.cfi_offset 4, -12
 429              		.cfi_offset 5, -8
 430              		.cfi_offset 6, -4
 200:Middlewares/Third_Party/LwIP/src/core/def.c ****   const int base = 10;
 431              		.loc 1 200 3 is_stmt 1 view .LVU101
 432              	.LVL44:
 201:Middlewares/Third_Party/LwIP/src/core/def.c ****   char* ptr = result, *ptr1 = result, tmp_char;
 433              		.loc 1 201 3 view .LVU102
 434              		.loc 1 201 9 is_stmt 0 view .LVU103
 435 0002 0346     		mov	r3, r0
 436              	.LVL45:
 437              	.L31:
 202:Middlewares/Third_Party/LwIP/src/core/def.c ****   int tmp_value;
ARM GAS  C:\Users\Nina\AppData\Local\Temp\ccmkSeYX.s 			page 13


 438              		.loc 1 202 3 is_stmt 1 discriminator 1 view .LVU104
 203:Middlewares/Third_Party/LwIP/src/core/def.c ****   LWIP_UNUSED_ARG(bufsize);
 439              		.loc 1 203 3 discriminator 1 view .LVU105
 204:Middlewares/Third_Party/LwIP/src/core/def.c **** 
 205:Middlewares/Third_Party/LwIP/src/core/def.c ****   do {
 440              		.loc 1 205 3 discriminator 1 view .LVU106
 206:Middlewares/Third_Party/LwIP/src/core/def.c ****     tmp_value = number;
 441              		.loc 1 206 5 discriminator 1 view .LVU107
 207:Middlewares/Third_Party/LwIP/src/core/def.c ****     number /= base;
 442              		.loc 1 207 5 discriminator 1 view .LVU108
 443 0004 1446     		mov	r4, r2
 444              		.loc 1 207 12 is_stmt 0 discriminator 1 view .LVU109
 445 0006 1349     		ldr	r1, .L37
 446 0008 81FB0251 		smull	r5, r1, r1, r2
 447 000c D217     		asrs	r2, r2, #31
 448              	.LVL46:
 449              		.loc 1 207 12 discriminator 1 view .LVU110
 450 000e C2EBA102 		rsb	r2, r2, r1, asr #2
 451              	.LVL47:
 208:Middlewares/Third_Party/LwIP/src/core/def.c ****     *ptr++ = "zyxwvutsrqponmlkjihgfedcba9876543210123456789abcdefghijklmnopqrstuvwxyz"[35 + (tmp_va
 452              		.loc 1 208 5 is_stmt 1 discriminator 1 view .LVU111
 453              		.loc 1 208 104 is_stmt 0 discriminator 1 view .LVU112
 454 0012 6FF00901 		mvn	r1, #9
 455 0016 01FB0241 		mla	r1, r1, r2, r4
 456              		.loc 1 208 91 discriminator 1 view .LVU113
 457 001a 2331     		adds	r1, r1, #35
 458 001c 1D46     		mov	r5, r3
 459              		.loc 1 208 9 discriminator 1 view .LVU114
 460 001e 0133     		adds	r3, r3, #1
 461              	.LVL48:
 462              		.loc 1 208 87 discriminator 1 view .LVU115
 463 0020 0D4E     		ldr	r6, .L37+4
 464 0022 715C     		ldrb	r1, [r6, r1]	@ zero_extendqisi2
 465              		.loc 1 208 12 discriminator 1 view .LVU116
 466 0024 2970     		strb	r1, [r5]
 209:Middlewares/Third_Party/LwIP/src/core/def.c ****   } while(number);
 467              		.loc 1 209 10 is_stmt 1 discriminator 1 view .LVU117
 468              		.loc 1 209 3 is_stmt 0 discriminator 1 view .LVU118
 469 0026 002A     		cmp	r2, #0
 470 0028 ECD1     		bne	.L31
 210:Middlewares/Third_Party/LwIP/src/core/def.c **** 
 211:Middlewares/Third_Party/LwIP/src/core/def.c ****    /* Apply negative sign */
 212:Middlewares/Third_Party/LwIP/src/core/def.c ****   if (tmp_value < 0) {
 471              		.loc 1 212 3 is_stmt 1 view .LVU119
 472              		.loc 1 212 6 is_stmt 0 view .LVU120
 473 002a 002C     		cmp	r4, #0
 474 002c 03DB     		blt	.L36
 475              	.LVL49:
 476              	.L32:
 213:Middlewares/Third_Party/LwIP/src/core/def.c ****      *ptr++ = '-';
 214:Middlewares/Third_Party/LwIP/src/core/def.c ****   }
 215:Middlewares/Third_Party/LwIP/src/core/def.c ****   *ptr-- = '\0';
 477              		.loc 1 215 3 is_stmt 1 view .LVU121
 478              		.loc 1 215 10 is_stmt 0 view .LVU122
 479 002e 0022     		movs	r2, #0
 480 0030 03F80129 		strb	r2, [r3], #-1
 481              	.LVL50:
ARM GAS  C:\Users\Nina\AppData\Local\Temp\ccmkSeYX.s 			page 14


 216:Middlewares/Third_Party/LwIP/src/core/def.c ****   while(ptr1 < ptr) {
 482              		.loc 1 216 3 is_stmt 1 view .LVU123
 483              		.loc 1 216 8 is_stmt 0 view .LVU124
 484 0034 09E0     		b	.L33
 485              	.LVL51:
 486              	.L36:
 213:Middlewares/Third_Party/LwIP/src/core/def.c ****      *ptr++ = '-';
 487              		.loc 1 213 6 is_stmt 1 view .LVU125
 213:Middlewares/Third_Party/LwIP/src/core/def.c ****      *ptr++ = '-';
 488              		.loc 1 213 13 is_stmt 0 view .LVU126
 489 0036 2D22     		movs	r2, #45
 490              	.LVL52:
 213:Middlewares/Third_Party/LwIP/src/core/def.c ****      *ptr++ = '-';
 491              		.loc 1 213 13 view .LVU127
 492 0038 1A70     		strb	r2, [r3]
 213:Middlewares/Third_Party/LwIP/src/core/def.c ****      *ptr++ = '-';
 493              		.loc 1 213 10 view .LVU128
 494 003a AB1C     		adds	r3, r5, #2
 495              	.LVL53:
 213:Middlewares/Third_Party/LwIP/src/core/def.c ****      *ptr++ = '-';
 496              		.loc 1 213 10 view .LVU129
 497 003c F7E7     		b	.L32
 498              	.LVL54:
 499              	.L34:
 217:Middlewares/Third_Party/LwIP/src/core/def.c ****     tmp_char = *ptr;
 500              		.loc 1 217 5 is_stmt 1 view .LVU130
 501              		.loc 1 217 14 is_stmt 0 view .LVU131
 502 003e 1A78     		ldrb	r2, [r3]	@ zero_extendqisi2
 503              	.LVL55:
 218:Middlewares/Third_Party/LwIP/src/core/def.c ****     *ptr--= *ptr1;
 504              		.loc 1 218 5 is_stmt 1 view .LVU132
 505              		.loc 1 218 13 is_stmt 0 view .LVU133
 506 0040 0178     		ldrb	r1, [r0]	@ zero_extendqisi2
 507              		.loc 1 218 11 view .LVU134
 508 0042 03F80119 		strb	r1, [r3], #-1
 509              	.LVL56:
 219:Middlewares/Third_Party/LwIP/src/core/def.c ****     *ptr1++ = tmp_char;
 510              		.loc 1 219 5 is_stmt 1 view .LVU135
 511              		.loc 1 219 13 is_stmt 0 view .LVU136
 512 0046 00F8012B 		strb	r2, [r0], #1
 513              	.LVL57:
 514              	.L33:
 216:Middlewares/Third_Party/LwIP/src/core/def.c ****     tmp_char = *ptr;
 515              		.loc 1 216 8 is_stmt 1 view .LVU137
 516 004a 8342     		cmp	r3, r0
 517 004c F7D8     		bhi	.L34
 220:Middlewares/Third_Party/LwIP/src/core/def.c ****   }
 221:Middlewares/Third_Party/LwIP/src/core/def.c **** }
 518              		.loc 1 221 1 is_stmt 0 view .LVU138
 519 004e 70BC     		pop	{r4, r5, r6}
 520              	.LCFI7:
 521              		.cfi_restore 6
 522              		.cfi_restore 5
 523              		.cfi_restore 4
 524              		.cfi_def_cfa_offset 0
 525              	.LVL58:
 526              		.loc 1 221 1 view .LVU139
ARM GAS  C:\Users\Nina\AppData\Local\Temp\ccmkSeYX.s 			page 15


 527 0050 7047     		bx	lr
 528              	.L38:
 529 0052 00BF     		.align	2
 530              	.L37:
 531 0054 67666666 		.word	1717986919
 532 0058 00000000 		.word	.LC0
 533              		.cfi_endproc
 534              	.LFE165:
 536              		.text
 537              	.Letext0:
 538              		.file 2 "c:\\program files (x86)\\gnu tools arm embedded\\9 2019-q4-major\\arm-none-eabi\\include\
 539              		.file 3 "c:\\program files (x86)\\gnu tools arm embedded\\9 2019-q4-major\\arm-none-eabi\\include\
 540              		.file 4 "Drivers/CMSIS/Include/core_cm7.h"
 541              		.file 5 "Drivers/CMSIS/Device/ST/STM32F7xx/Include/system_stm32f7xx.h"
 542              		.file 6 "c:\\program files (x86)\\gnu tools arm embedded\\9 2019-q4-major\\lib\\gcc\\arm-none-eabi
 543              		.file 7 "c:\\program files (x86)\\gnu tools arm embedded\\9 2019-q4-major\\arm-none-eabi\\include\
 544              		.file 8 "c:\\program files (x86)\\gnu tools arm embedded\\9 2019-q4-major\\arm-none-eabi\\include\
 545              		.file 9 "c:\\program files (x86)\\gnu tools arm embedded\\9 2019-q4-major\\arm-none-eabi\\include\
 546              		.file 10 "c:\\program files (x86)\\gnu tools arm embedded\\9 2019-q4-major\\arm-none-eabi\\include
 547              		.file 11 "c:\\program files (x86)\\gnu tools arm embedded\\9 2019-q4-major\\arm-none-eabi\\include
 548              		.file 12 "Middlewares/Third_Party/LwIP/src/include/lwip/arch.h"
 549              		.file 13 "c:\\program files (x86)\\gnu tools arm embedded\\9 2019-q4-major\\arm-none-eabi\\include
ARM GAS  C:\Users\Nina\AppData\Local\Temp\ccmkSeYX.s 			page 16


DEFINED SYMBOLS
                            *ABS*:00000000 def.c
C:\Users\Nina\AppData\Local\Temp\ccmkSeYX.s:18     .text.lwip_htons:00000000 $t
C:\Users\Nina\AppData\Local\Temp\ccmkSeYX.s:26     .text.lwip_htons:00000000 lwip_htons
C:\Users\Nina\AppData\Local\Temp\ccmkSeYX.s:46     .text.lwip_htonl:00000000 $t
C:\Users\Nina\AppData\Local\Temp\ccmkSeYX.s:53     .text.lwip_htonl:00000000 lwip_htonl
C:\Users\Nina\AppData\Local\Temp\ccmkSeYX.s:78     .text.lwip_strnstr:00000000 $t
C:\Users\Nina\AppData\Local\Temp\ccmkSeYX.s:85     .text.lwip_strnstr:00000000 lwip_strnstr
C:\Users\Nina\AppData\Local\Temp\ccmkSeYX.s:182    .text.lwip_stricmp:00000000 $t
C:\Users\Nina\AppData\Local\Temp\ccmkSeYX.s:189    .text.lwip_stricmp:00000000 lwip_stricmp
C:\Users\Nina\AppData\Local\Temp\ccmkSeYX.s:285    .text.lwip_strnicmp:00000000 $t
C:\Users\Nina\AppData\Local\Temp\ccmkSeYX.s:292    .text.lwip_strnicmp:00000000 lwip_strnicmp
C:\Users\Nina\AppData\Local\Temp\ccmkSeYX.s:404    .rodata.lwip_itoa.str1.4:00000000 $d
C:\Users\Nina\AppData\Local\Temp\ccmkSeYX.s:409    .text.lwip_itoa:00000000 $t
C:\Users\Nina\AppData\Local\Temp\ccmkSeYX.s:416    .text.lwip_itoa:00000000 lwip_itoa
C:\Users\Nina\AppData\Local\Temp\ccmkSeYX.s:531    .text.lwip_itoa:00000054 $d

UNDEFINED SYMBOLS
strlen
strncmp
