ARM GAS  C:\Users\Nina\AppData\Local\Temp\cc0OR5aS.s 			page 1


   1              		.cpu cortex-m7
   2              		.eabi_attribute 27, 1
   3              		.eabi_attribute 28, 1
   4              		.eabi_attribute 20, 1
   5              		.eabi_attribute 21, 1
   6              		.eabi_attribute 23, 3
   7              		.eabi_attribute 24, 1
   8              		.eabi_attribute 25, 1
   9              		.eabi_attribute 26, 1
  10              		.eabi_attribute 30, 1
  11              		.eabi_attribute 34, 1
  12              		.eabi_attribute 18, 4
  13              		.file	"fatfs.c"
  14              		.text
  15              	.Ltext0:
  16              		.cfi_sections	.debug_frame
  17              		.section	.rodata.MX_FATFS_Init.str1.4,"aMS",%progbits,1
  18              		.align	2
  19              	.LC0:
  20 0000 53442063 		.ascii	"SD card path: %s\012\000"
  20      61726420 
  20      70617468 
  20      3A202573 
  20      0A00
  21 0012 0000     		.align	2
  22              	.LC1:
  23 0014 55534220 		.ascii	"USB path: %s\012\000"
  23      70617468 
  23      3A202573 
  23      0A00
  24              		.section	.text.MX_FATFS_Init,"ax",%progbits
  25              		.align	1
  26              		.global	MX_FATFS_Init
  27              		.arch armv7e-m
  28              		.syntax unified
  29              		.thumb
  30              		.thumb_func
  31              		.fpu fpv5-sp-d16
  33              	MX_FATFS_Init:
  34              	.LFB143:
  35              		.file 1 "Src/fatfs.c"
   1:Src/fatfs.c   **** /**
   2:Src/fatfs.c   ****   ******************************************************************************
   3:Src/fatfs.c   ****   * @file   fatfs.c
   4:Src/fatfs.c   ****   * @brief  Code for fatfs applications
   5:Src/fatfs.c   ****   ******************************************************************************
   6:Src/fatfs.c   ****   * This notice applies to any and all portions of this file
   7:Src/fatfs.c   ****   * that are not between comment pairs USER CODE BEGIN and
   8:Src/fatfs.c   ****   * USER CODE END. Other portions of this file, whether 
   9:Src/fatfs.c   ****   * inserted by the user or by software development tools
  10:Src/fatfs.c   ****   * are owned by their respective copyright owners.
  11:Src/fatfs.c   ****   *
  12:Src/fatfs.c   ****   * Copyright (c) 2018 STMicroelectronics International N.V. 
  13:Src/fatfs.c   ****   * All rights reserved.
  14:Src/fatfs.c   ****   *
  15:Src/fatfs.c   ****   * Redistribution and use in source and binary forms, with or without 
  16:Src/fatfs.c   ****   * modification, are permitted, provided that the following conditions are met:
ARM GAS  C:\Users\Nina\AppData\Local\Temp\cc0OR5aS.s 			page 2


  17:Src/fatfs.c   ****   *
  18:Src/fatfs.c   ****   * 1. Redistribution of source code must retain the above copyright notice, 
  19:Src/fatfs.c   ****   *    this list of conditions and the following disclaimer.
  20:Src/fatfs.c   ****   * 2. Redistributions in binary form must reproduce the above copyright notice,
  21:Src/fatfs.c   ****   *    this list of conditions and the following disclaimer in the documentation
  22:Src/fatfs.c   ****   *    and/or other materials provided with the distribution.
  23:Src/fatfs.c   ****   * 3. Neither the name of STMicroelectronics nor the names of other 
  24:Src/fatfs.c   ****   *    contributors to this software may be used to endorse or promote products 
  25:Src/fatfs.c   ****   *    derived from this software without specific written permission.
  26:Src/fatfs.c   ****   * 4. This software, including modifications and/or derivative works of this 
  27:Src/fatfs.c   ****   *    software, must execute solely and exclusively on microcontroller or
  28:Src/fatfs.c   ****   *    microprocessor devices manufactured by or for STMicroelectronics.
  29:Src/fatfs.c   ****   * 5. Redistribution and use of this software other than as permitted under 
  30:Src/fatfs.c   ****   *    this license is void and will automatically terminate your rights under 
  31:Src/fatfs.c   ****   *    this license. 
  32:Src/fatfs.c   ****   *
  33:Src/fatfs.c   ****   * THIS SOFTWARE IS PROVIDED BY STMICROELECTRONICS AND CONTRIBUTORS "AS IS" 
  34:Src/fatfs.c   ****   * AND ANY EXPRESS, IMPLIED OR STATUTORY WARRANTIES, INCLUDING, BUT NOT 
  35:Src/fatfs.c   ****   * LIMITED TO, THE IMPLIED WARRANTIES OF MERCHANTABILITY, FITNESS FOR A 
  36:Src/fatfs.c   ****   * PARTICULAR PURPOSE AND NON-INFRINGEMENT OF THIRD PARTY INTELLECTUAL PROPERTY
  37:Src/fatfs.c   ****   * RIGHTS ARE DISCLAIMED TO THE FULLEST EXTENT PERMITTED BY LAW. IN NO EVENT 
  38:Src/fatfs.c   ****   * SHALL STMICROELECTRONICS OR CONTRIBUTORS BE LIABLE FOR ANY DIRECT, INDIRECT,
  39:Src/fatfs.c   ****   * INCIDENTAL, SPECIAL, EXEMPLARY, OR CONSEQUENTIAL DAMAGES (INCLUDING, BUT NOT
  40:Src/fatfs.c   ****   * LIMITED TO, PROCUREMENT OF SUBSTITUTE GOODS OR SERVICES; LOSS OF USE, DATA, 
  41:Src/fatfs.c   ****   * OR PROFITS; OR BUSINESS INTERRUPTION) HOWEVER CAUSED AND ON ANY THEORY OF 
  42:Src/fatfs.c   ****   * LIABILITY, WHETHER IN CONTRACT, STRICT LIABILITY, OR TORT (INCLUDING 
  43:Src/fatfs.c   ****   * NEGLIGENCE OR OTHERWISE) ARISING IN ANY WAY OUT OF THE USE OF THIS SOFTWARE,
  44:Src/fatfs.c   ****   * EVEN IF ADVISED OF THE POSSIBILITY OF SUCH DAMAGE.
  45:Src/fatfs.c   ****   *
  46:Src/fatfs.c   ****   ******************************************************************************
  47:Src/fatfs.c   ****   */
  48:Src/fatfs.c   **** 
  49:Src/fatfs.c   **** #include "fatfs.h"
  50:Src/fatfs.c   **** 
  51:Src/fatfs.c   **** uint8_t retSD;    /* Return value for SD */
  52:Src/fatfs.c   **** char SDPath[4];   /* SD logical drive path */
  53:Src/fatfs.c   **** FATFS SDFatFS;    /* File system object for SD logical drive */
  54:Src/fatfs.c   **** FIL SDFile;       /* File object for SD */
  55:Src/fatfs.c   **** uint8_t retUSBH;    /* Return value for USBH */
  56:Src/fatfs.c   **** char USBHPath[4];   /* USBH logical drive path */
  57:Src/fatfs.c   **** FATFS USBHFatFS;    /* File system object for USBH logical drive */
  58:Src/fatfs.c   **** FIL USBHFile;       /* File object for USBH */
  59:Src/fatfs.c   **** 
  60:Src/fatfs.c   **** /* USER CODE BEGIN Variables */
  61:Src/fatfs.c   **** 
  62:Src/fatfs.c   **** /* USER CODE END Variables */    
  63:Src/fatfs.c   **** 
  64:Src/fatfs.c   **** void MX_FATFS_Init(void) 
  65:Src/fatfs.c   **** {
  36              		.loc 1 65 1 view -0
  37              		.cfi_startproc
  38              		@ args = 0, pretend = 0, frame = 0
  39              		@ frame_needed = 0, uses_anonymous_args = 0
  40 0000 70B5     		push	{r4, r5, r6, lr}
  41              	.LCFI0:
  42              		.cfi_def_cfa_offset 16
  43              		.cfi_offset 4, -16
ARM GAS  C:\Users\Nina\AppData\Local\Temp\cc0OR5aS.s 			page 3


  44              		.cfi_offset 5, -12
  45              		.cfi_offset 6, -8
  46              		.cfi_offset 14, -4
  66:Src/fatfs.c   ****   /*## FatFS: Link the SD driver ###########################*/
  67:Src/fatfs.c   ****   retSD = FATFS_LinkDriver(&SD_Driver, SDPath);
  47              		.loc 1 67 3 view .LVU1
  48              		.loc 1 67 11 is_stmt 0 view .LVU2
  49 0002 114C     		ldr	r4, .L3
  50 0004 2146     		mov	r1, r4
  51 0006 1148     		ldr	r0, .L3+4
  52 0008 FFF7FEFF 		bl	FATFS_LinkDriver
  53              	.LVL0:
  54              		.loc 1 67 9 view .LVU3
  55 000c 104B     		ldr	r3, .L3+8
  56 000e 1870     		strb	r0, [r3]
  68:Src/fatfs.c   ****   /*## FatFS: Link the USBH driver ###########################*/
  69:Src/fatfs.c   ****   retUSBH = FATFS_LinkDriver(&USBH_Driver, USBHPath);
  57              		.loc 1 69 3 is_stmt 1 view .LVU4
  58              		.loc 1 69 13 is_stmt 0 view .LVU5
  59 0010 104D     		ldr	r5, .L3+12
  60 0012 2946     		mov	r1, r5
  61 0014 1048     		ldr	r0, .L3+16
  62 0016 FFF7FEFF 		bl	FATFS_LinkDriver
  63              	.LVL1:
  64              		.loc 1 69 11 view .LVU6
  65 001a 104B     		ldr	r3, .L3+20
  66 001c 1870     		strb	r0, [r3]
  70:Src/fatfs.c   **** 
  71:Src/fatfs.c   ****   /* USER CODE BEGIN Init */
  72:Src/fatfs.c   ****   /* additional user code for init */     
  73:Src/fatfs.c   ****   printf("SD card path: %s\n",SDPath);
  67              		.loc 1 73 3 is_stmt 1 view .LVU7
  68 001e 2146     		mov	r1, r4
  69 0020 0F48     		ldr	r0, .L3+24
  70 0022 FFF7FEFF 		bl	printf
  71              	.LVL2:
  74:Src/fatfs.c   ****   printf("USB path: %s\n",USBHPath);
  72              		.loc 1 74 3 view .LVU8
  73 0026 2946     		mov	r1, r5
  74 0028 0E48     		ldr	r0, .L3+28
  75 002a FFF7FEFF 		bl	printf
  76              	.LVL3:
  75:Src/fatfs.c   ****   
  76:Src/fatfs.c   ****   
  77:Src/fatfs.c   ****   f_mount(&SDFatFS,USBHPath,0);
  77              		.loc 1 77 3 view .LVU9
  78 002e 0E4E     		ldr	r6, .L3+32
  79 0030 0022     		movs	r2, #0
  80 0032 2946     		mov	r1, r5
  81 0034 3046     		mov	r0, r6
  82 0036 FFF7FEFF 		bl	f_mount
  83              	.LVL4:
  78:Src/fatfs.c   ****   f_mount(&SDFatFS,SDPath,0);
  84              		.loc 1 78 3 view .LVU10
  85 003a 0022     		movs	r2, #0
  86 003c 2146     		mov	r1, r4
  87 003e 3046     		mov	r0, r6
ARM GAS  C:\Users\Nina\AppData\Local\Temp\cc0OR5aS.s 			page 4


  88 0040 FFF7FEFF 		bl	f_mount
  89              	.LVL5:
  79:Src/fatfs.c   ****   
  80:Src/fatfs.c   ****   /* USER CODE END Init */
  81:Src/fatfs.c   **** }
  90              		.loc 1 81 1 is_stmt 0 view .LVU11
  91 0044 70BD     		pop	{r4, r5, r6, pc}
  92              	.L4:
  93 0046 00BF     		.align	2
  94              	.L3:
  95 0048 00000000 		.word	SDPath
  96 004c 00000000 		.word	SD_Driver
  97 0050 00000000 		.word	retSD
  98 0054 00000000 		.word	USBHPath
  99 0058 00000000 		.word	USBH_Driver
 100 005c 00000000 		.word	retUSBH
 101 0060 00000000 		.word	.LC0
 102 0064 14000000 		.word	.LC1
 103 0068 00000000 		.word	SDFatFS
 104              		.cfi_endproc
 105              	.LFE143:
 107              		.section	.text.get_fattime,"ax",%progbits
 108              		.align	1
 109              		.global	get_fattime
 110              		.syntax unified
 111              		.thumb
 112              		.thumb_func
 113              		.fpu fpv5-sp-d16
 115              	get_fattime:
 116              	.LFB144:
  82:Src/fatfs.c   **** 
  83:Src/fatfs.c   **** /**
  84:Src/fatfs.c   ****   * @brief  Gets Time from RTC 
  85:Src/fatfs.c   ****   * @param  None
  86:Src/fatfs.c   ****   * @retval Time in DWORD
  87:Src/fatfs.c   ****   */
  88:Src/fatfs.c   **** DWORD get_fattime(void)
  89:Src/fatfs.c   **** {
 117              		.loc 1 89 1 is_stmt 1 view -0
 118              		.cfi_startproc
 119              		@ args = 0, pretend = 0, frame = 0
 120              		@ frame_needed = 0, uses_anonymous_args = 0
 121              		@ link register save eliminated.
  90:Src/fatfs.c   ****   /* USER CODE BEGIN get_fattime */
  91:Src/fatfs.c   ****   return 0;
 122              		.loc 1 91 3 view .LVU13
  92:Src/fatfs.c   ****   /* USER CODE END get_fattime */  
  93:Src/fatfs.c   **** }
 123              		.loc 1 93 1 is_stmt 0 view .LVU14
 124 0000 0020     		movs	r0, #0
 125 0002 7047     		bx	lr
 126              		.cfi_endproc
 127              	.LFE144:
 129              		.comm	USBHFile,560,4
 130              		.comm	USBHFatFS,572,4
 131              		.comm	USBHPath,4,4
 132              		.comm	retUSBH,1,1
ARM GAS  C:\Users\Nina\AppData\Local\Temp\cc0OR5aS.s 			page 5


 133              		.comm	SDFile,560,4
 134              		.comm	SDFatFS,572,4
 135              		.comm	SDPath,4,4
 136              		.comm	retSD,1,1
 137              		.text
 138              	.Letext0:
 139              		.file 2 "Middlewares/Third_Party/FatFs/src/integer.h"
 140              		.file 3 "c:\\program files (x86)\\gnu tools arm embedded\\9 2019-q4-major\\arm-none-eabi\\include\
 141              		.file 4 "c:\\program files (x86)\\gnu tools arm embedded\\9 2019-q4-major\\arm-none-eabi\\include\
 142              		.file 5 "Drivers/CMSIS/Include/core_cm7.h"
 143              		.file 6 "Drivers/CMSIS/Device/ST/STM32F7xx/Include/system_stm32f7xx.h"
 144              		.file 7 "c:\\program files (x86)\\gnu tools arm embedded\\9 2019-q4-major\\arm-none-eabi\\include\
 145              		.file 8 "c:\\program files (x86)\\gnu tools arm embedded\\9 2019-q4-major\\arm-none-eabi\\include\
 146              		.file 9 "c:\\program files (x86)\\gnu tools arm embedded\\9 2019-q4-major\\lib\\gcc\\arm-none-eabi
 147              		.file 10 "c:\\program files (x86)\\gnu tools arm embedded\\9 2019-q4-major\\arm-none-eabi\\include
 148              		.file 11 "Middlewares/Third_Party/FreeRTOS/Source/include/task.h"
 149              		.file 12 "Middlewares/Third_Party/FreeRTOS/Source/include/queue.h"
 150              		.file 13 "Middlewares/Third_Party/FreeRTOS/Source/include/semphr.h"
 151              		.file 14 "Middlewares/Third_Party/FreeRTOS/Source/CMSIS_RTOS/cmsis_os.h"
 152              		.file 15 "c:\\program files (x86)\\gnu tools arm embedded\\9 2019-q4-major\\arm-none-eabi\\include
 153              		.file 16 "Middlewares/ST/STM32_USB_Host_Library/Core/Inc/usbh_def.h"
 154              		.file 17 "Middlewares/ST/STM32_USB_Host_Library/Core/Inc/usbh_ctlreq.h"
 155              		.file 18 "Middlewares/ST/STM32_USB_Host_Library/Class/MSC/Inc/usbh_msc.h"
 156              		.file 19 "Middlewares/Third_Party/FatFs/src/ff.h"
 157              		.file 20 "Middlewares/Third_Party/FatFs/src/diskio.h"
 158              		.file 21 "Middlewares/Third_Party/FatFs/src/ff_gen_drv.h"
 159              		.file 22 "Inc/sd_diskio.h"
 160              		.file 23 "Inc/usbh_diskio.h"
 161              		.file 24 "Inc/fatfs.h"
 162              		.file 25 "c:\\program files (x86)\\gnu tools arm embedded\\9 2019-q4-major\\arm-none-eabi\\include
ARM GAS  C:\Users\Nina\AppData\Local\Temp\cc0OR5aS.s 			page 6


DEFINED SYMBOLS
                            *ABS*:00000000 fatfs.c
C:\Users\Nina\AppData\Local\Temp\cc0OR5aS.s:18     .rodata.MX_FATFS_Init.str1.4:00000000 $d
C:\Users\Nina\AppData\Local\Temp\cc0OR5aS.s:25     .text.MX_FATFS_Init:00000000 $t
C:\Users\Nina\AppData\Local\Temp\cc0OR5aS.s:33     .text.MX_FATFS_Init:00000000 MX_FATFS_Init
C:\Users\Nina\AppData\Local\Temp\cc0OR5aS.s:95     .text.MX_FATFS_Init:00000048 $d
                            *COM*:00000004 SDPath
                            *COM*:00000001 retSD
                            *COM*:00000004 USBHPath
                            *COM*:00000001 retUSBH
                            *COM*:0000023c SDFatFS
C:\Users\Nina\AppData\Local\Temp\cc0OR5aS.s:108    .text.get_fattime:00000000 $t
C:\Users\Nina\AppData\Local\Temp\cc0OR5aS.s:115    .text.get_fattime:00000000 get_fattime
                            *COM*:00000230 USBHFile
                            *COM*:0000023c USBHFatFS
                            *COM*:00000230 SDFile

UNDEFINED SYMBOLS
FATFS_LinkDriver
printf
f_mount
SD_Driver
USBH_Driver
