ARM GAS  C:\Users\Nina\AppData\Local\Temp\cc60vdLY.s 			page 1


   1              		.cpu cortex-m7
   2              		.eabi_attribute 27, 1
   3              		.eabi_attribute 28, 1
   4              		.eabi_attribute 20, 1
   5              		.eabi_attribute 21, 1
   6              		.eabi_attribute 23, 3
   7              		.eabi_attribute 24, 1
   8              		.eabi_attribute 25, 1
   9              		.eabi_attribute 26, 1
  10              		.eabi_attribute 30, 1
  11              		.eabi_attribute 34, 1
  12              		.eabi_attribute 18, 4
  13              		.file	"lwip.c"
  14              		.text
  15              	.Ltext0:
  16              		.cfi_sections	.debug_frame
  17              		.section	.text.MX_LWIP_Init,"ax",%progbits
  18              		.align	1
  19              		.global	MX_LWIP_Init
  20              		.arch armv7e-m
  21              		.syntax unified
  22              		.thumb
  23              		.thumb_func
  24              		.fpu fpv5-sp-d16
  26              	MX_LWIP_Init:
  27              	.LFB165:
  28              		.file 1 "Src/lwip.c"
   1:Src/lwip.c    **** /**
   2:Src/lwip.c    ****  ******************************************************************************
   3:Src/lwip.c    ****   * File Name          : LWIP.c
   4:Src/lwip.c    ****   * Description        : This file provides initialization code for LWIP
   5:Src/lwip.c    ****   *                      middleWare.
   6:Src/lwip.c    ****   ******************************************************************************
   7:Src/lwip.c    ****   * This notice applies to any and all portions of this file
   8:Src/lwip.c    ****   * that are not between comment pairs USER CODE BEGIN and
   9:Src/lwip.c    ****   * USER CODE END. Other portions of this file, whether 
  10:Src/lwip.c    ****   * inserted by the user or by software development tools
  11:Src/lwip.c    ****   * are owned by their respective copyright owners.
  12:Src/lwip.c    ****   *
  13:Src/lwip.c    ****   * Copyright (c) 2018 STMicroelectronics International N.V. 
  14:Src/lwip.c    ****   * All rights reserved.
  15:Src/lwip.c    ****   *
  16:Src/lwip.c    ****   * Redistribution and use in source and binary forms, with or without 
  17:Src/lwip.c    ****   * modification, are permitted, provided that the following conditions are met:
  18:Src/lwip.c    ****   *
  19:Src/lwip.c    ****   * 1. Redistribution of source code must retain the above copyright notice, 
  20:Src/lwip.c    ****   *    this list of conditions and the following disclaimer.
  21:Src/lwip.c    ****   * 2. Redistributions in binary form must reproduce the above copyright notice,
  22:Src/lwip.c    ****   *    this list of conditions and the following disclaimer in the documentation
  23:Src/lwip.c    ****   *    and/or other materials provided with the distribution.
  24:Src/lwip.c    ****   * 3. Neither the name of STMicroelectronics nor the names of other 
  25:Src/lwip.c    ****   *    contributors to this software may be used to endorse or promote products 
  26:Src/lwip.c    ****   *    derived from this software without specific written permission.
  27:Src/lwip.c    ****   * 4. This software, including modifications and/or derivative works of this 
  28:Src/lwip.c    ****   *    software, must execute solely and exclusively on microcontroller or
  29:Src/lwip.c    ****   *    microprocessor devices manufactured by or for STMicroelectronics.
  30:Src/lwip.c    ****   * 5. Redistribution and use of this software other than as permitted under 
ARM GAS  C:\Users\Nina\AppData\Local\Temp\cc60vdLY.s 			page 2


  31:Src/lwip.c    ****   *    this license is void and will automatically terminate your rights under 
  32:Src/lwip.c    ****   *    this license. 
  33:Src/lwip.c    ****   *
  34:Src/lwip.c    ****   * THIS SOFTWARE IS PROVIDED BY STMICROELECTRONICS AND CONTRIBUTORS "AS IS" 
  35:Src/lwip.c    ****   * AND ANY EXPRESS, IMPLIED OR STATUTORY WARRANTIES, INCLUDING, BUT NOT 
  36:Src/lwip.c    ****   * LIMITED TO, THE IMPLIED WARRANTIES OF MERCHANTABILITY, FITNESS FOR A 
  37:Src/lwip.c    ****   * PARTICULAR PURPOSE AND NON-INFRINGEMENT OF THIRD PARTY INTELLECTUAL PROPERTY
  38:Src/lwip.c    ****   * RIGHTS ARE DISCLAIMED TO THE FULLEST EXTENT PERMITTED BY LAW. IN NO EVENT 
  39:Src/lwip.c    ****   * SHALL STMICROELECTRONICS OR CONTRIBUTORS BE LIABLE FOR ANY DIRECT, INDIRECT,
  40:Src/lwip.c    ****   * INCIDENTAL, SPECIAL, EXEMPLARY, OR CONSEQUENTIAL DAMAGES (INCLUDING, BUT NOT
  41:Src/lwip.c    ****   * LIMITED TO, PROCUREMENT OF SUBSTITUTE GOODS OR SERVICES; LOSS OF USE, DATA, 
  42:Src/lwip.c    ****   * OR PROFITS; OR BUSINESS INTERRUPTION) HOWEVER CAUSED AND ON ANY THEORY OF 
  43:Src/lwip.c    ****   * LIABILITY, WHETHER IN CONTRACT, STRICT LIABILITY, OR TORT (INCLUDING 
  44:Src/lwip.c    ****   * NEGLIGENCE OR OTHERWISE) ARISING IN ANY WAY OUT OF THE USE OF THIS SOFTWARE,
  45:Src/lwip.c    ****   * EVEN IF ADVISED OF THE POSSIBILITY OF SUCH DAMAGE.
  46:Src/lwip.c    ****   *
  47:Src/lwip.c    ****   ******************************************************************************
  48:Src/lwip.c    ****   */
  49:Src/lwip.c    ****   
  50:Src/lwip.c    **** /* Includes ------------------------------------------------------------------*/
  51:Src/lwip.c    **** #include "lwip.h"
  52:Src/lwip.c    **** #include "lwip/init.h"
  53:Src/lwip.c    **** #include "lwip/netif.h"
  54:Src/lwip.c    **** #if defined ( __CC_ARM )  /* MDK ARM Compiler */
  55:Src/lwip.c    **** #include "lwip/sio.h"
  56:Src/lwip.c    **** #endif /* MDK ARM Compiler */
  57:Src/lwip.c    **** 
  58:Src/lwip.c    **** /* USER CODE BEGIN 0 */
  59:Src/lwip.c    **** 
  60:Src/lwip.c    **** /* USER CODE END 0 */
  61:Src/lwip.c    **** /* Private function prototypes -----------------------------------------------*/
  62:Src/lwip.c    **** /* ETH Variables initialization ----------------------------------------------*/
  63:Src/lwip.c    **** void _Error_Handler(char * file, int line);
  64:Src/lwip.c    **** 
  65:Src/lwip.c    **** /* USER CODE BEGIN 1 */
  66:Src/lwip.c    **** 
  67:Src/lwip.c    **** /* USER CODE END 1 */
  68:Src/lwip.c    **** 
  69:Src/lwip.c    **** /* Variables Initialization */
  70:Src/lwip.c    **** struct netif gnetif;
  71:Src/lwip.c    **** ip4_addr_t ipaddr;
  72:Src/lwip.c    **** ip4_addr_t netmask;
  73:Src/lwip.c    **** ip4_addr_t gw;
  74:Src/lwip.c    **** 
  75:Src/lwip.c    **** /* USER CODE BEGIN 2 */
  76:Src/lwip.c    **** 
  77:Src/lwip.c    **** /* USER CODE END 2 */
  78:Src/lwip.c    **** 
  79:Src/lwip.c    **** /**
  80:Src/lwip.c    ****   * LwIP initialization function
  81:Src/lwip.c    ****   */
  82:Src/lwip.c    **** void MX_LWIP_Init(void)
  83:Src/lwip.c    **** {
  29              		.loc 1 83 1 view -0
  30              		.cfi_startproc
  31              		@ args = 0, pretend = 0, frame = 0
  32              		@ frame_needed = 0, uses_anonymous_args = 0
ARM GAS  C:\Users\Nina\AppData\Local\Temp\cc60vdLY.s 			page 3


  33 0000 30B5     		push	{r4, r5, lr}
  34              	.LCFI0:
  35              		.cfi_def_cfa_offset 12
  36              		.cfi_offset 4, -12
  37              		.cfi_offset 5, -8
  38              		.cfi_offset 14, -4
  39 0002 85B0     		sub	sp, sp, #20
  40              	.LCFI1:
  41              		.cfi_def_cfa_offset 32
  84:Src/lwip.c    ****   /* Initilialize the LwIP stack with RTOS */
  85:Src/lwip.c    ****   tcpip_init( NULL, NULL );
  42              		.loc 1 85 3 view .LVU1
  43 0004 0021     		movs	r1, #0
  44 0006 0846     		mov	r0, r1
  45 0008 FFF7FEFF 		bl	tcpip_init
  46              	.LVL0:
  86:Src/lwip.c    **** 
  87:Src/lwip.c    ****   /* IP addresses initialization with DHCP (IPv4) */
  88:Src/lwip.c    ****   ipaddr.addr = 0;
  47              		.loc 1 88 3 view .LVU2
  48              		.loc 1 88 15 is_stmt 0 view .LVU3
  49 000c 1149     		ldr	r1, .L5
  50 000e 0020     		movs	r0, #0
  51 0010 0860     		str	r0, [r1]
  89:Src/lwip.c    ****   netmask.addr = 0;
  52              		.loc 1 89 3 is_stmt 1 view .LVU4
  53              		.loc 1 89 16 is_stmt 0 view .LVU5
  54 0012 114A     		ldr	r2, .L5+4
  55 0014 1060     		str	r0, [r2]
  90:Src/lwip.c    ****   gw.addr = 0;
  56              		.loc 1 90 3 is_stmt 1 view .LVU6
  57              		.loc 1 90 11 is_stmt 0 view .LVU7
  58 0016 114B     		ldr	r3, .L5+8
  59 0018 1860     		str	r0, [r3]
  91:Src/lwip.c    **** 
  92:Src/lwip.c    ****   /* add the network interface (IPv4/IPv6) with RTOS */
  93:Src/lwip.c    ****   netif_add(&gnetif, &ipaddr, &netmask, &gw, NULL, &ethernetif_init, &tcpip_input);
  60              		.loc 1 93 3 is_stmt 1 view .LVU8
  61 001a 114C     		ldr	r4, .L5+12
  62 001c 114D     		ldr	r5, .L5+16
  63 001e 0295     		str	r5, [sp, #8]
  64 0020 114D     		ldr	r5, .L5+20
  65 0022 0195     		str	r5, [sp, #4]
  66 0024 0090     		str	r0, [sp]
  67 0026 2046     		mov	r0, r4
  68 0028 FFF7FEFF 		bl	netif_add
  69              	.LVL1:
  94:Src/lwip.c    **** 
  95:Src/lwip.c    ****   /* Registers the default network interface */
  96:Src/lwip.c    ****   netif_set_default(&gnetif);
  70              		.loc 1 96 3 view .LVU9
  71 002c 2046     		mov	r0, r4
  72 002e FFF7FEFF 		bl	netif_set_default
  73              	.LVL2:
  97:Src/lwip.c    **** 
  98:Src/lwip.c    ****   if (netif_is_link_up(&gnetif))
  74              		.loc 1 98 3 view .LVU10
ARM GAS  C:\Users\Nina\AppData\Local\Temp\cc60vdLY.s 			page 4


  75              		.loc 1 98 7 is_stmt 0 view .LVU11
  76 0032 94F82F30 		ldrb	r3, [r4, #47]	@ zero_extendqisi2
  77              		.loc 1 98 6 view .LVU12
  78 0036 13F0040F 		tst	r3, #4
  79 003a 07D0     		beq	.L2
  99:Src/lwip.c    ****   {
 100:Src/lwip.c    ****     /* When the netif is fully configured this function must be called */
 101:Src/lwip.c    ****     netif_set_up(&gnetif);
  80              		.loc 1 101 5 is_stmt 1 view .LVU13
  81 003c 2046     		mov	r0, r4
  82 003e FFF7FEFF 		bl	netif_set_up
  83              	.LVL3:
  84              	.L3:
 102:Src/lwip.c    ****   }
 103:Src/lwip.c    ****   else
 104:Src/lwip.c    ****   {
 105:Src/lwip.c    ****     /* When the netif link is down this function must be called */
 106:Src/lwip.c    ****     netif_set_down(&gnetif);
 107:Src/lwip.c    ****   }
 108:Src/lwip.c    **** 
 109:Src/lwip.c    ****   /* Start DHCP negotiation for a network interface (IPv4) */
 110:Src/lwip.c    ****   dhcp_start(&gnetif);
  85              		.loc 1 110 3 view .LVU14
  86 0042 0748     		ldr	r0, .L5+12
  87 0044 FFF7FEFF 		bl	dhcp_start
  88              	.LVL4:
 111:Src/lwip.c    **** 
 112:Src/lwip.c    **** /* USER CODE BEGIN 3 */
 113:Src/lwip.c    **** 
 114:Src/lwip.c    **** /* USER CODE END 3 */
 115:Src/lwip.c    **** }
  89              		.loc 1 115 1 is_stmt 0 view .LVU15
  90 0048 05B0     		add	sp, sp, #20
  91              	.LCFI2:
  92              		.cfi_remember_state
  93              		.cfi_def_cfa_offset 12
  94              		@ sp needed
  95 004a 30BD     		pop	{r4, r5, pc}
  96              	.L2:
  97              	.LCFI3:
  98              		.cfi_restore_state
 106:Src/lwip.c    ****   }
  99              		.loc 1 106 5 is_stmt 1 view .LVU16
 100 004c 0448     		ldr	r0, .L5+12
 101 004e FFF7FEFF 		bl	netif_set_down
 102              	.LVL5:
 103 0052 F6E7     		b	.L3
 104              	.L6:
 105              		.align	2
 106              	.L5:
 107 0054 00000000 		.word	ipaddr
 108 0058 00000000 		.word	netmask
 109 005c 00000000 		.word	gw
 110 0060 00000000 		.word	gnetif
 111 0064 00000000 		.word	tcpip_input
 112 0068 00000000 		.word	ethernetif_init
 113              		.cfi_endproc
ARM GAS  C:\Users\Nina\AppData\Local\Temp\cc60vdLY.s 			page 5


 114              	.LFE165:
 116              		.comm	gw,4,4
 117              		.comm	netmask,4,4
 118              		.comm	ipaddr,4,4
 119              		.comm	gnetif,52,4
 120              		.text
 121              	.Letext0:
 122              		.file 2 "c:\\program files (x86)\\gnu tools arm embedded\\9 2019-q4-major\\arm-none-eabi\\include\
 123              		.file 3 "c:\\program files (x86)\\gnu tools arm embedded\\9 2019-q4-major\\arm-none-eabi\\include\
 124              		.file 4 "Drivers/CMSIS/Include/core_cm7.h"
 125              		.file 5 "Drivers/CMSIS/Device/ST/STM32F7xx/Include/system_stm32f7xx.h"
 126              		.file 6 "Drivers/CMSIS/Device/ST/STM32F7xx/Include/stm32f746xx.h"
 127              		.file 7 "c:\\program files (x86)\\gnu tools arm embedded\\9 2019-q4-major\\arm-none-eabi\\include\
 128              		.file 8 "c:\\program files (x86)\\gnu tools arm embedded\\9 2019-q4-major\\arm-none-eabi\\include\
 129              		.file 9 "c:\\program files (x86)\\gnu tools arm embedded\\9 2019-q4-major\\lib\\gcc\\arm-none-eabi
 130              		.file 10 "c:\\program files (x86)\\gnu tools arm embedded\\9 2019-q4-major\\arm-none-eabi\\include
 131              		.file 11 "Drivers/STM32F7xx_HAL_Driver/Inc/stm32f7xx_hal_def.h"
 132              		.file 12 "Drivers/STM32F7xx_HAL_Driver/Inc/stm32f7xx_hal_eth.h"
 133              		.file 13 "c:\\program files (x86)\\gnu tools arm embedded\\9 2019-q4-major\\arm-none-eabi\\include
 134              		.file 14 "c:\\program files (x86)\\gnu tools arm embedded\\9 2019-q4-major\\arm-none-eabi\\include
 135              		.file 15 "Middlewares/Third_Party/LwIP/src/include/lwip/arch.h"
 136              		.file 16 "Middlewares/Third_Party/LwIP/src/include/lwip/memp.h"
 137              		.file 17 "Middlewares/Third_Party/LwIP/src/include/lwip/priv/memp_priv.h"
 138              		.file 18 "Middlewares/Third_Party/LwIP/src/include/lwip/err.h"
 139              		.file 19 "Middlewares/Third_Party/LwIP/src/include/lwip/pbuf.h"
 140              		.file 20 "Middlewares/Third_Party/LwIP/src/include/lwip/ip4_addr.h"
 141              		.file 21 "Middlewares/Third_Party/LwIP/src/include/lwip/ip_addr.h"
 142              		.file 22 "Middlewares/Third_Party/LwIP/src/include/lwip/netif.h"
 143              		.file 23 "Middlewares/Third_Party/LwIP/src/include/lwip/prot/ip4.h"
 144              		.file 24 "Middlewares/Third_Party/LwIP/src/include/lwip/prot/ethernet.h"
 145              		.file 25 "Middlewares/Third_Party/LwIP/src/include/netif/ethernet.h"
 146              		.file 26 "Middlewares/Third_Party/LwIP/src/include/lwip/ip.h"
 147              		.file 27 "Middlewares/Third_Party/LwIP/src/include/lwip/udp.h"
 148              		.file 28 "Middlewares/Third_Party/FreeRTOS/Source/include/queue.h"
 149              		.file 29 "Middlewares/Third_Party/FreeRTOS/Source/include/semphr.h"
 150              		.file 30 "Middlewares/Third_Party/FreeRTOS/Source/CMSIS_RTOS/cmsis_os.h"
 151              		.file 31 "Middlewares/Third_Party/LwIP/system/arch/sys_arch.h"
 152              		.file 32 "Middlewares/Third_Party/LwIP/src/include/lwip/timeouts.h"
 153              		.file 33 "Middlewares/Third_Party/LwIP/src/include/lwip/tcpip.h"
 154              		.file 34 "Inc/lwip.h"
 155              		.file 35 "Middlewares/Third_Party/LwIP/src/include/lwip/dhcp.h"
ARM GAS  C:\Users\Nina\AppData\Local\Temp\cc60vdLY.s 			page 6


DEFINED SYMBOLS
                            *ABS*:00000000 lwip.c
C:\Users\Nina\AppData\Local\Temp\cc60vdLY.s:18     .text.MX_LWIP_Init:00000000 $t
C:\Users\Nina\AppData\Local\Temp\cc60vdLY.s:26     .text.MX_LWIP_Init:00000000 MX_LWIP_Init
C:\Users\Nina\AppData\Local\Temp\cc60vdLY.s:107    .text.MX_LWIP_Init:00000054 $d
                            *COM*:00000004 ipaddr
                            *COM*:00000004 netmask
                            *COM*:00000004 gw
                            *COM*:00000034 gnetif

UNDEFINED SYMBOLS
tcpip_init
netif_add
netif_set_default
netif_set_up
dhcp_start
netif_set_down
tcpip_input
ethernetif_init
