ARM GAS  C:\Users\Nina\AppData\Local\Temp\cc8VbQ0J.s 			page 1


   1              		.cpu cortex-m7
   2              		.eabi_attribute 27, 1
   3              		.eabi_attribute 28, 1
   4              		.eabi_attribute 20, 1
   5              		.eabi_attribute 21, 1
   6              		.eabi_attribute 23, 3
   7              		.eabi_attribute 24, 1
   8              		.eabi_attribute 25, 1
   9              		.eabi_attribute 26, 1
  10              		.eabi_attribute 30, 1
  11              		.eabi_attribute 34, 1
  12              		.eabi_attribute 18, 4
  13              		.file	"memp.c"
  14              		.text
  15              	.Ltext0:
  16              		.cfi_sections	.debug_frame
  17              		.section	.rodata.do_memp_malloc_pool.str1.4,"aMS",%progbits,1
  18              		.align	2
  19              	.LC0:
  20 0000 4D696464 		.ascii	"Middlewares/Third_Party/LwIP/src/core/memp.c\000"
  20      6C657761 
  20      7265732F 
  20      54686972 
  20      645F5061 
  21 002d 000000   		.align	2
  22              	.LC1:
  23 0030 6D656D70 		.ascii	"memp_malloc: memp properly aligned\000"
  23      5F6D616C 
  23      6C6F633A 
  23      206D656D 
  23      70207072 
  24 0053 00       		.align	2
  25              	.LC2:
  26 0054 41737365 		.ascii	"Assertion \"%s\" failed at line %d in %s\012\000"
  26      7274696F 
  26      6E202225 
  26      73222066 
  26      61696C65 
  27              		.section	.text.do_memp_malloc_pool,"ax",%progbits
  28              		.align	1
  29              		.arch armv7e-m
  30              		.syntax unified
  31              		.thumb
  32              		.thumb_func
  33              		.fpu fpv5-sp-d16
  35              	do_memp_malloc_pool:
  36              	.LVL0:
  37              	.LFB167:
  38              		.file 1 "Middlewares/Third_Party/LwIP/src/core/memp.c"
   1:Middlewares/Third_Party/LwIP/src/core/memp.c **** /**
   2:Middlewares/Third_Party/LwIP/src/core/memp.c ****  * @file
   3:Middlewares/Third_Party/LwIP/src/core/memp.c ****  * Dynamic pool memory manager
   4:Middlewares/Third_Party/LwIP/src/core/memp.c ****  *
   5:Middlewares/Third_Party/LwIP/src/core/memp.c ****  * lwIP has dedicated pools for many structures (netconn, protocol control blocks,
   6:Middlewares/Third_Party/LwIP/src/core/memp.c ****  * packet buffers, ...). All these pools are managed here.
   7:Middlewares/Third_Party/LwIP/src/core/memp.c ****  *
   8:Middlewares/Third_Party/LwIP/src/core/memp.c ****  * @defgroup mempool Memory pools
ARM GAS  C:\Users\Nina\AppData\Local\Temp\cc8VbQ0J.s 			page 2


   9:Middlewares/Third_Party/LwIP/src/core/memp.c ****  * @ingroup infrastructure
  10:Middlewares/Third_Party/LwIP/src/core/memp.c ****  * Custom memory pools
  11:Middlewares/Third_Party/LwIP/src/core/memp.c **** 
  12:Middlewares/Third_Party/LwIP/src/core/memp.c ****  */
  13:Middlewares/Third_Party/LwIP/src/core/memp.c **** 
  14:Middlewares/Third_Party/LwIP/src/core/memp.c **** /*
  15:Middlewares/Third_Party/LwIP/src/core/memp.c ****  * Copyright (c) 2001-2004 Swedish Institute of Computer Science.
  16:Middlewares/Third_Party/LwIP/src/core/memp.c ****  * All rights reserved.
  17:Middlewares/Third_Party/LwIP/src/core/memp.c ****  *
  18:Middlewares/Third_Party/LwIP/src/core/memp.c ****  * Redistribution and use in source and binary forms, with or without modification,
  19:Middlewares/Third_Party/LwIP/src/core/memp.c ****  * are permitted provided that the following conditions are met:
  20:Middlewares/Third_Party/LwIP/src/core/memp.c ****  *
  21:Middlewares/Third_Party/LwIP/src/core/memp.c ****  * 1. Redistributions of source code must retain the above copyright notice,
  22:Middlewares/Third_Party/LwIP/src/core/memp.c ****  *    this list of conditions and the following disclaimer.
  23:Middlewares/Third_Party/LwIP/src/core/memp.c ****  * 2. Redistributions in binary form must reproduce the above copyright notice,
  24:Middlewares/Third_Party/LwIP/src/core/memp.c ****  *    this list of conditions and the following disclaimer in the documentation
  25:Middlewares/Third_Party/LwIP/src/core/memp.c ****  *    and/or other materials provided with the distribution.
  26:Middlewares/Third_Party/LwIP/src/core/memp.c ****  * 3. The name of the author may not be used to endorse or promote products
  27:Middlewares/Third_Party/LwIP/src/core/memp.c ****  *    derived from this software without specific prior written permission.
  28:Middlewares/Third_Party/LwIP/src/core/memp.c ****  *
  29:Middlewares/Third_Party/LwIP/src/core/memp.c ****  * THIS SOFTWARE IS PROVIDED BY THE AUTHOR ``AS IS'' AND ANY EXPRESS OR IMPLIED
  30:Middlewares/Third_Party/LwIP/src/core/memp.c ****  * WARRANTIES, INCLUDING, BUT NOT LIMITED TO, THE IMPLIED WARRANTIES OF
  31:Middlewares/Third_Party/LwIP/src/core/memp.c ****  * MERCHANTABILITY AND FITNESS FOR A PARTICULAR PURPOSE ARE DISCLAIMED. IN NO EVENT
  32:Middlewares/Third_Party/LwIP/src/core/memp.c ****  * SHALL THE AUTHOR BE LIABLE FOR ANY DIRECT, INDIRECT, INCIDENTAL, SPECIAL,
  33:Middlewares/Third_Party/LwIP/src/core/memp.c ****  * EXEMPLARY, OR CONSEQUENTIAL DAMAGES (INCLUDING, BUT NOT LIMITED TO, PROCUREMENT
  34:Middlewares/Third_Party/LwIP/src/core/memp.c ****  * OF SUBSTITUTE GOODS OR SERVICES; LOSS OF USE, DATA, OR PROFITS; OR BUSINESS
  35:Middlewares/Third_Party/LwIP/src/core/memp.c ****  * INTERRUPTION) HOWEVER CAUSED AND ON ANY THEORY OF LIABILITY, WHETHER IN
  36:Middlewares/Third_Party/LwIP/src/core/memp.c ****  * CONTRACT, STRICT LIABILITY, OR TORT (INCLUDING NEGLIGENCE OR OTHERWISE) ARISING
  37:Middlewares/Third_Party/LwIP/src/core/memp.c ****  * IN ANY WAY OUT OF THE USE OF THIS SOFTWARE, EVEN IF ADVISED OF THE POSSIBILITY
  38:Middlewares/Third_Party/LwIP/src/core/memp.c ****  * OF SUCH DAMAGE.
  39:Middlewares/Third_Party/LwIP/src/core/memp.c ****  *
  40:Middlewares/Third_Party/LwIP/src/core/memp.c ****  * This file is part of the lwIP TCP/IP stack.
  41:Middlewares/Third_Party/LwIP/src/core/memp.c ****  *
  42:Middlewares/Third_Party/LwIP/src/core/memp.c ****  * Author: Adam Dunkels <adam@sics.se>
  43:Middlewares/Third_Party/LwIP/src/core/memp.c ****  *
  44:Middlewares/Third_Party/LwIP/src/core/memp.c ****  */
  45:Middlewares/Third_Party/LwIP/src/core/memp.c **** 
  46:Middlewares/Third_Party/LwIP/src/core/memp.c **** #include "lwip/opt.h"
  47:Middlewares/Third_Party/LwIP/src/core/memp.c **** 
  48:Middlewares/Third_Party/LwIP/src/core/memp.c **** #include "lwip/memp.h"
  49:Middlewares/Third_Party/LwIP/src/core/memp.c **** #include "lwip/sys.h"
  50:Middlewares/Third_Party/LwIP/src/core/memp.c **** #include "lwip/stats.h"
  51:Middlewares/Third_Party/LwIP/src/core/memp.c **** 
  52:Middlewares/Third_Party/LwIP/src/core/memp.c **** #include <string.h>
  53:Middlewares/Third_Party/LwIP/src/core/memp.c **** 
  54:Middlewares/Third_Party/LwIP/src/core/memp.c **** /* Make sure we include everything we need for size calculation required by memp_std.h */
  55:Middlewares/Third_Party/LwIP/src/core/memp.c **** #include "lwip/pbuf.h"
  56:Middlewares/Third_Party/LwIP/src/core/memp.c **** #include "lwip/raw.h"
  57:Middlewares/Third_Party/LwIP/src/core/memp.c **** #include "lwip/udp.h"
  58:Middlewares/Third_Party/LwIP/src/core/memp.c **** #include "lwip/tcp.h"
  59:Middlewares/Third_Party/LwIP/src/core/memp.c **** #include "lwip/priv/tcp_priv.h"
  60:Middlewares/Third_Party/LwIP/src/core/memp.c **** #include "lwip/ip4_frag.h"
  61:Middlewares/Third_Party/LwIP/src/core/memp.c **** #include "lwip/netbuf.h"
  62:Middlewares/Third_Party/LwIP/src/core/memp.c **** #include "lwip/api.h"
  63:Middlewares/Third_Party/LwIP/src/core/memp.c **** #include "lwip/priv/tcpip_priv.h"
  64:Middlewares/Third_Party/LwIP/src/core/memp.c **** #include "lwip/priv/api_msg.h"
  65:Middlewares/Third_Party/LwIP/src/core/memp.c **** #include "lwip/sockets.h"
ARM GAS  C:\Users\Nina\AppData\Local\Temp\cc8VbQ0J.s 			page 3


  66:Middlewares/Third_Party/LwIP/src/core/memp.c **** #include "lwip/netifapi.h"
  67:Middlewares/Third_Party/LwIP/src/core/memp.c **** #include "lwip/etharp.h"
  68:Middlewares/Third_Party/LwIP/src/core/memp.c **** #include "lwip/igmp.h"
  69:Middlewares/Third_Party/LwIP/src/core/memp.c **** #include "lwip/timeouts.h"
  70:Middlewares/Third_Party/LwIP/src/core/memp.c **** /* needed by default MEMP_NUM_SYS_TIMEOUT */
  71:Middlewares/Third_Party/LwIP/src/core/memp.c **** #include "netif/ppp/ppp_opts.h"
  72:Middlewares/Third_Party/LwIP/src/core/memp.c **** #include "lwip/netdb.h"
  73:Middlewares/Third_Party/LwIP/src/core/memp.c **** #include "lwip/dns.h"
  74:Middlewares/Third_Party/LwIP/src/core/memp.c **** #include "lwip/priv/nd6_priv.h"
  75:Middlewares/Third_Party/LwIP/src/core/memp.c **** #include "lwip/ip6_frag.h"
  76:Middlewares/Third_Party/LwIP/src/core/memp.c **** #include "lwip/mld6.h"
  77:Middlewares/Third_Party/LwIP/src/core/memp.c **** 
  78:Middlewares/Third_Party/LwIP/src/core/memp.c **** #define LWIP_MEMPOOL(name,num,size,desc) LWIP_MEMPOOL_DECLARE(name,num,size,desc)
  79:Middlewares/Third_Party/LwIP/src/core/memp.c **** #include "lwip/priv/memp_std.h"
  80:Middlewares/Third_Party/LwIP/src/core/memp.c **** 
  81:Middlewares/Third_Party/LwIP/src/core/memp.c **** const struct memp_desc* const memp_pools[MEMP_MAX] = {
  82:Middlewares/Third_Party/LwIP/src/core/memp.c **** #define LWIP_MEMPOOL(name,num,size,desc) &memp_ ## name,
  83:Middlewares/Third_Party/LwIP/src/core/memp.c **** #include "lwip/priv/memp_std.h"
  84:Middlewares/Third_Party/LwIP/src/core/memp.c **** };
  85:Middlewares/Third_Party/LwIP/src/core/memp.c **** 
  86:Middlewares/Third_Party/LwIP/src/core/memp.c **** #ifdef LWIP_HOOK_FILENAME
  87:Middlewares/Third_Party/LwIP/src/core/memp.c **** #include LWIP_HOOK_FILENAME
  88:Middlewares/Third_Party/LwIP/src/core/memp.c **** #endif
  89:Middlewares/Third_Party/LwIP/src/core/memp.c **** 
  90:Middlewares/Third_Party/LwIP/src/core/memp.c **** #if MEMP_MEM_MALLOC && MEMP_OVERFLOW_CHECK >= 2
  91:Middlewares/Third_Party/LwIP/src/core/memp.c **** #undef MEMP_OVERFLOW_CHECK
  92:Middlewares/Third_Party/LwIP/src/core/memp.c **** /* MEMP_OVERFLOW_CHECK >= 2 does not work with MEMP_MEM_MALLOC, use 1 instead */
  93:Middlewares/Third_Party/LwIP/src/core/memp.c **** #define MEMP_OVERFLOW_CHECK 1
  94:Middlewares/Third_Party/LwIP/src/core/memp.c **** #endif
  95:Middlewares/Third_Party/LwIP/src/core/memp.c **** 
  96:Middlewares/Third_Party/LwIP/src/core/memp.c **** #if MEMP_SANITY_CHECK && !MEMP_MEM_MALLOC
  97:Middlewares/Third_Party/LwIP/src/core/memp.c **** /**
  98:Middlewares/Third_Party/LwIP/src/core/memp.c ****  * Check that memp-lists don't form a circle, using "Floyd's cycle-finding algorithm".
  99:Middlewares/Third_Party/LwIP/src/core/memp.c ****  */
 100:Middlewares/Third_Party/LwIP/src/core/memp.c **** static int
 101:Middlewares/Third_Party/LwIP/src/core/memp.c **** memp_sanity(const struct memp_desc *desc)
 102:Middlewares/Third_Party/LwIP/src/core/memp.c **** {
 103:Middlewares/Third_Party/LwIP/src/core/memp.c ****   struct memp *t, *h;
 104:Middlewares/Third_Party/LwIP/src/core/memp.c **** 
 105:Middlewares/Third_Party/LwIP/src/core/memp.c ****   t = *desc->tab;
 106:Middlewares/Third_Party/LwIP/src/core/memp.c ****   if (t != NULL) {
 107:Middlewares/Third_Party/LwIP/src/core/memp.c ****     for (h = t->next; (t != NULL) && (h != NULL); t = t->next,
 108:Middlewares/Third_Party/LwIP/src/core/memp.c ****       h = ((h->next != NULL) ? h->next->next : NULL)) {
 109:Middlewares/Third_Party/LwIP/src/core/memp.c ****       if (t == h) {
 110:Middlewares/Third_Party/LwIP/src/core/memp.c ****         return 0;
 111:Middlewares/Third_Party/LwIP/src/core/memp.c ****       }
 112:Middlewares/Third_Party/LwIP/src/core/memp.c ****     }
 113:Middlewares/Third_Party/LwIP/src/core/memp.c ****   }
 114:Middlewares/Third_Party/LwIP/src/core/memp.c **** 
 115:Middlewares/Third_Party/LwIP/src/core/memp.c ****   return 1;
 116:Middlewares/Third_Party/LwIP/src/core/memp.c **** }
 117:Middlewares/Third_Party/LwIP/src/core/memp.c **** #endif /* MEMP_SANITY_CHECK && !MEMP_MEM_MALLOC */
 118:Middlewares/Third_Party/LwIP/src/core/memp.c **** 
 119:Middlewares/Third_Party/LwIP/src/core/memp.c **** #if MEMP_OVERFLOW_CHECK
 120:Middlewares/Third_Party/LwIP/src/core/memp.c **** /**
 121:Middlewares/Third_Party/LwIP/src/core/memp.c ****  * Check if a memp element was victim of an overflow
 122:Middlewares/Third_Party/LwIP/src/core/memp.c ****  * (e.g. the restricted area after it has been altered)
ARM GAS  C:\Users\Nina\AppData\Local\Temp\cc8VbQ0J.s 			page 4


 123:Middlewares/Third_Party/LwIP/src/core/memp.c ****  *
 124:Middlewares/Third_Party/LwIP/src/core/memp.c ****  * @param p the memp element to check
 125:Middlewares/Third_Party/LwIP/src/core/memp.c ****  * @param desc the pool p comes from
 126:Middlewares/Third_Party/LwIP/src/core/memp.c ****  */
 127:Middlewares/Third_Party/LwIP/src/core/memp.c **** static void
 128:Middlewares/Third_Party/LwIP/src/core/memp.c **** memp_overflow_check_element_overflow(struct memp *p, const struct memp_desc *desc)
 129:Middlewares/Third_Party/LwIP/src/core/memp.c **** {
 130:Middlewares/Third_Party/LwIP/src/core/memp.c **** #if MEMP_SANITY_REGION_AFTER_ALIGNED > 0
 131:Middlewares/Third_Party/LwIP/src/core/memp.c ****   u16_t k;
 132:Middlewares/Third_Party/LwIP/src/core/memp.c ****   u8_t *m;
 133:Middlewares/Third_Party/LwIP/src/core/memp.c ****   m = (u8_t*)p + MEMP_SIZE + desc->size;
 134:Middlewares/Third_Party/LwIP/src/core/memp.c ****   for (k = 0; k < MEMP_SANITY_REGION_AFTER_ALIGNED; k++) {
 135:Middlewares/Third_Party/LwIP/src/core/memp.c ****     if (m[k] != 0xcd) {
 136:Middlewares/Third_Party/LwIP/src/core/memp.c ****       char errstr[128] = "detected memp overflow in pool ";
 137:Middlewares/Third_Party/LwIP/src/core/memp.c ****       strcat(errstr, desc->desc);
 138:Middlewares/Third_Party/LwIP/src/core/memp.c ****       LWIP_ASSERT(errstr, 0);
 139:Middlewares/Third_Party/LwIP/src/core/memp.c ****     }
 140:Middlewares/Third_Party/LwIP/src/core/memp.c ****   }
 141:Middlewares/Third_Party/LwIP/src/core/memp.c **** #else /* MEMP_SANITY_REGION_AFTER_ALIGNED > 0 */
 142:Middlewares/Third_Party/LwIP/src/core/memp.c ****   LWIP_UNUSED_ARG(p);
 143:Middlewares/Third_Party/LwIP/src/core/memp.c ****   LWIP_UNUSED_ARG(desc);
 144:Middlewares/Third_Party/LwIP/src/core/memp.c **** #endif /* MEMP_SANITY_REGION_AFTER_ALIGNED > 0 */
 145:Middlewares/Third_Party/LwIP/src/core/memp.c **** }
 146:Middlewares/Third_Party/LwIP/src/core/memp.c **** 
 147:Middlewares/Third_Party/LwIP/src/core/memp.c **** /**
 148:Middlewares/Third_Party/LwIP/src/core/memp.c ****  * Check if a memp element was victim of an underflow
 149:Middlewares/Third_Party/LwIP/src/core/memp.c ****  * (e.g. the restricted area before it has been altered)
 150:Middlewares/Third_Party/LwIP/src/core/memp.c ****  *
 151:Middlewares/Third_Party/LwIP/src/core/memp.c ****  * @param p the memp element to check
 152:Middlewares/Third_Party/LwIP/src/core/memp.c ****  * @param desc the pool p comes from
 153:Middlewares/Third_Party/LwIP/src/core/memp.c ****  */
 154:Middlewares/Third_Party/LwIP/src/core/memp.c **** static void
 155:Middlewares/Third_Party/LwIP/src/core/memp.c **** memp_overflow_check_element_underflow(struct memp *p, const struct memp_desc *desc)
 156:Middlewares/Third_Party/LwIP/src/core/memp.c **** {
 157:Middlewares/Third_Party/LwIP/src/core/memp.c **** #if MEMP_SANITY_REGION_BEFORE_ALIGNED > 0
 158:Middlewares/Third_Party/LwIP/src/core/memp.c ****   u16_t k;
 159:Middlewares/Third_Party/LwIP/src/core/memp.c ****   u8_t *m;
 160:Middlewares/Third_Party/LwIP/src/core/memp.c ****   m = (u8_t*)p + MEMP_SIZE - MEMP_SANITY_REGION_BEFORE_ALIGNED;
 161:Middlewares/Third_Party/LwIP/src/core/memp.c ****   for (k = 0; k < MEMP_SANITY_REGION_BEFORE_ALIGNED; k++) {
 162:Middlewares/Third_Party/LwIP/src/core/memp.c ****     if (m[k] != 0xcd) {
 163:Middlewares/Third_Party/LwIP/src/core/memp.c ****       char errstr[128] = "detected memp underflow in pool ";
 164:Middlewares/Third_Party/LwIP/src/core/memp.c ****       strcat(errstr, desc->desc);
 165:Middlewares/Third_Party/LwIP/src/core/memp.c ****       LWIP_ASSERT(errstr, 0);
 166:Middlewares/Third_Party/LwIP/src/core/memp.c ****     }
 167:Middlewares/Third_Party/LwIP/src/core/memp.c ****   }
 168:Middlewares/Third_Party/LwIP/src/core/memp.c **** #else /* MEMP_SANITY_REGION_BEFORE_ALIGNED > 0 */
 169:Middlewares/Third_Party/LwIP/src/core/memp.c ****   LWIP_UNUSED_ARG(p);
 170:Middlewares/Third_Party/LwIP/src/core/memp.c ****   LWIP_UNUSED_ARG(desc);
 171:Middlewares/Third_Party/LwIP/src/core/memp.c **** #endif /* MEMP_SANITY_REGION_BEFORE_ALIGNED > 0 */
 172:Middlewares/Third_Party/LwIP/src/core/memp.c **** }
 173:Middlewares/Third_Party/LwIP/src/core/memp.c **** 
 174:Middlewares/Third_Party/LwIP/src/core/memp.c **** /**
 175:Middlewares/Third_Party/LwIP/src/core/memp.c ****  * Initialize the restricted area of on memp element.
 176:Middlewares/Third_Party/LwIP/src/core/memp.c ****  */
 177:Middlewares/Third_Party/LwIP/src/core/memp.c **** static void
 178:Middlewares/Third_Party/LwIP/src/core/memp.c **** memp_overflow_init_element(struct memp *p, const struct memp_desc *desc)
 179:Middlewares/Third_Party/LwIP/src/core/memp.c **** {
ARM GAS  C:\Users\Nina\AppData\Local\Temp\cc8VbQ0J.s 			page 5


 180:Middlewares/Third_Party/LwIP/src/core/memp.c **** #if MEMP_SANITY_REGION_BEFORE_ALIGNED > 0 || MEMP_SANITY_REGION_AFTER_ALIGNED > 0
 181:Middlewares/Third_Party/LwIP/src/core/memp.c ****   u8_t *m;
 182:Middlewares/Third_Party/LwIP/src/core/memp.c **** #if MEMP_SANITY_REGION_BEFORE_ALIGNED > 0
 183:Middlewares/Third_Party/LwIP/src/core/memp.c ****   m = (u8_t*)p + MEMP_SIZE - MEMP_SANITY_REGION_BEFORE_ALIGNED;
 184:Middlewares/Third_Party/LwIP/src/core/memp.c ****   memset(m, 0xcd, MEMP_SANITY_REGION_BEFORE_ALIGNED);
 185:Middlewares/Third_Party/LwIP/src/core/memp.c **** #endif
 186:Middlewares/Third_Party/LwIP/src/core/memp.c **** #if MEMP_SANITY_REGION_AFTER_ALIGNED > 0
 187:Middlewares/Third_Party/LwIP/src/core/memp.c ****   m = (u8_t*)p + MEMP_SIZE + desc->size;
 188:Middlewares/Third_Party/LwIP/src/core/memp.c ****   memset(m, 0xcd, MEMP_SANITY_REGION_AFTER_ALIGNED);
 189:Middlewares/Third_Party/LwIP/src/core/memp.c **** #endif
 190:Middlewares/Third_Party/LwIP/src/core/memp.c **** #else /* MEMP_SANITY_REGION_BEFORE_ALIGNED > 0 || MEMP_SANITY_REGION_AFTER_ALIGNED > 0 */
 191:Middlewares/Third_Party/LwIP/src/core/memp.c ****   LWIP_UNUSED_ARG(p);
 192:Middlewares/Third_Party/LwIP/src/core/memp.c ****   LWIP_UNUSED_ARG(desc);
 193:Middlewares/Third_Party/LwIP/src/core/memp.c **** #endif /* MEMP_SANITY_REGION_BEFORE_ALIGNED > 0 || MEMP_SANITY_REGION_AFTER_ALIGNED > 0 */
 194:Middlewares/Third_Party/LwIP/src/core/memp.c **** }
 195:Middlewares/Third_Party/LwIP/src/core/memp.c **** 
 196:Middlewares/Third_Party/LwIP/src/core/memp.c **** #if MEMP_OVERFLOW_CHECK >= 2
 197:Middlewares/Third_Party/LwIP/src/core/memp.c **** /**
 198:Middlewares/Third_Party/LwIP/src/core/memp.c ****  * Do an overflow check for all elements in every pool.
 199:Middlewares/Third_Party/LwIP/src/core/memp.c ****  *
 200:Middlewares/Third_Party/LwIP/src/core/memp.c ****  * @see memp_overflow_check_element for a description of the check
 201:Middlewares/Third_Party/LwIP/src/core/memp.c ****  */
 202:Middlewares/Third_Party/LwIP/src/core/memp.c **** static void
 203:Middlewares/Third_Party/LwIP/src/core/memp.c **** memp_overflow_check_all(void)
 204:Middlewares/Third_Party/LwIP/src/core/memp.c **** {
 205:Middlewares/Third_Party/LwIP/src/core/memp.c ****   u16_t i, j;
 206:Middlewares/Third_Party/LwIP/src/core/memp.c ****   struct memp *p;
 207:Middlewares/Third_Party/LwIP/src/core/memp.c ****   SYS_ARCH_DECL_PROTECT(old_level);
 208:Middlewares/Third_Party/LwIP/src/core/memp.c ****   SYS_ARCH_PROTECT(old_level);
 209:Middlewares/Third_Party/LwIP/src/core/memp.c **** 
 210:Middlewares/Third_Party/LwIP/src/core/memp.c ****   for (i = 0; i < MEMP_MAX; ++i) {
 211:Middlewares/Third_Party/LwIP/src/core/memp.c ****     p = (struct memp*)LWIP_MEM_ALIGN(memp_pools[i]->base);
 212:Middlewares/Third_Party/LwIP/src/core/memp.c ****     for (j = 0; j < memp_pools[i]->num; ++j) {
 213:Middlewares/Third_Party/LwIP/src/core/memp.c ****       memp_overflow_check_element_overflow(p, memp_pools[i]);
 214:Middlewares/Third_Party/LwIP/src/core/memp.c ****       memp_overflow_check_element_underflow(p, memp_pools[i]);
 215:Middlewares/Third_Party/LwIP/src/core/memp.c ****       p = LWIP_ALIGNMENT_CAST(struct memp*, ((u8_t*)p + MEMP_SIZE + memp_pools[i]->size + MEMP_SANI
 216:Middlewares/Third_Party/LwIP/src/core/memp.c ****     }
 217:Middlewares/Third_Party/LwIP/src/core/memp.c ****   }
 218:Middlewares/Third_Party/LwIP/src/core/memp.c ****   SYS_ARCH_UNPROTECT(old_level);
 219:Middlewares/Third_Party/LwIP/src/core/memp.c **** }
 220:Middlewares/Third_Party/LwIP/src/core/memp.c **** #endif /* MEMP_OVERFLOW_CHECK >= 2 */
 221:Middlewares/Third_Party/LwIP/src/core/memp.c **** #endif /* MEMP_OVERFLOW_CHECK */
 222:Middlewares/Third_Party/LwIP/src/core/memp.c **** 
 223:Middlewares/Third_Party/LwIP/src/core/memp.c **** /**
 224:Middlewares/Third_Party/LwIP/src/core/memp.c ****  * Initialize custom memory pool.
 225:Middlewares/Third_Party/LwIP/src/core/memp.c ****  * Related functions: memp_malloc_pool, memp_free_pool
 226:Middlewares/Third_Party/LwIP/src/core/memp.c ****  *
 227:Middlewares/Third_Party/LwIP/src/core/memp.c ****  * @param desc pool to initialize
 228:Middlewares/Third_Party/LwIP/src/core/memp.c ****  */
 229:Middlewares/Third_Party/LwIP/src/core/memp.c **** void
 230:Middlewares/Third_Party/LwIP/src/core/memp.c **** memp_init_pool(const struct memp_desc *desc)
 231:Middlewares/Third_Party/LwIP/src/core/memp.c **** {
 232:Middlewares/Third_Party/LwIP/src/core/memp.c **** #if MEMP_MEM_MALLOC
 233:Middlewares/Third_Party/LwIP/src/core/memp.c ****   LWIP_UNUSED_ARG(desc);
 234:Middlewares/Third_Party/LwIP/src/core/memp.c **** #else
 235:Middlewares/Third_Party/LwIP/src/core/memp.c ****   int i;
 236:Middlewares/Third_Party/LwIP/src/core/memp.c ****   struct memp *memp;
ARM GAS  C:\Users\Nina\AppData\Local\Temp\cc8VbQ0J.s 			page 6


 237:Middlewares/Third_Party/LwIP/src/core/memp.c **** 
 238:Middlewares/Third_Party/LwIP/src/core/memp.c ****   *desc->tab = NULL;
 239:Middlewares/Third_Party/LwIP/src/core/memp.c ****   memp = (struct memp*)LWIP_MEM_ALIGN(desc->base);
 240:Middlewares/Third_Party/LwIP/src/core/memp.c ****   /* create a linked list of memp elements */
 241:Middlewares/Third_Party/LwIP/src/core/memp.c ****   for (i = 0; i < desc->num; ++i) {
 242:Middlewares/Third_Party/LwIP/src/core/memp.c ****     memp->next = *desc->tab;
 243:Middlewares/Third_Party/LwIP/src/core/memp.c ****     *desc->tab = memp;
 244:Middlewares/Third_Party/LwIP/src/core/memp.c **** #if MEMP_OVERFLOW_CHECK
 245:Middlewares/Third_Party/LwIP/src/core/memp.c ****     memp_overflow_init_element(memp, desc);
 246:Middlewares/Third_Party/LwIP/src/core/memp.c **** #endif /* MEMP_OVERFLOW_CHECK */
 247:Middlewares/Third_Party/LwIP/src/core/memp.c ****    /* cast through void* to get rid of alignment warnings */
 248:Middlewares/Third_Party/LwIP/src/core/memp.c ****    memp = (struct memp *)(void *)((u8_t *)memp + MEMP_SIZE + desc->size
 249:Middlewares/Third_Party/LwIP/src/core/memp.c **** #if MEMP_OVERFLOW_CHECK
 250:Middlewares/Third_Party/LwIP/src/core/memp.c ****       + MEMP_SANITY_REGION_AFTER_ALIGNED
 251:Middlewares/Third_Party/LwIP/src/core/memp.c **** #endif
 252:Middlewares/Third_Party/LwIP/src/core/memp.c ****     );
 253:Middlewares/Third_Party/LwIP/src/core/memp.c ****   }
 254:Middlewares/Third_Party/LwIP/src/core/memp.c **** #if MEMP_STATS
 255:Middlewares/Third_Party/LwIP/src/core/memp.c ****   desc->stats->avail = desc->num;
 256:Middlewares/Third_Party/LwIP/src/core/memp.c **** #endif /* MEMP_STATS */
 257:Middlewares/Third_Party/LwIP/src/core/memp.c **** #endif /* !MEMP_MEM_MALLOC */
 258:Middlewares/Third_Party/LwIP/src/core/memp.c **** 
 259:Middlewares/Third_Party/LwIP/src/core/memp.c **** #if MEMP_STATS && (defined(LWIP_DEBUG) || LWIP_STATS_DISPLAY)
 260:Middlewares/Third_Party/LwIP/src/core/memp.c ****   desc->stats->name  = desc->desc;
 261:Middlewares/Third_Party/LwIP/src/core/memp.c **** #endif /* MEMP_STATS && (defined(LWIP_DEBUG) || LWIP_STATS_DISPLAY) */
 262:Middlewares/Third_Party/LwIP/src/core/memp.c **** }
 263:Middlewares/Third_Party/LwIP/src/core/memp.c **** 
 264:Middlewares/Third_Party/LwIP/src/core/memp.c **** /**
 265:Middlewares/Third_Party/LwIP/src/core/memp.c ****  * Initializes lwIP built-in pools.
 266:Middlewares/Third_Party/LwIP/src/core/memp.c ****  * Related functions: memp_malloc, memp_free
 267:Middlewares/Third_Party/LwIP/src/core/memp.c ****  *
 268:Middlewares/Third_Party/LwIP/src/core/memp.c ****  * Carves out memp_memory into linked lists for each pool-type.
 269:Middlewares/Third_Party/LwIP/src/core/memp.c ****  */
 270:Middlewares/Third_Party/LwIP/src/core/memp.c **** void
 271:Middlewares/Third_Party/LwIP/src/core/memp.c **** memp_init(void)
 272:Middlewares/Third_Party/LwIP/src/core/memp.c **** {
 273:Middlewares/Third_Party/LwIP/src/core/memp.c ****   u16_t i;
 274:Middlewares/Third_Party/LwIP/src/core/memp.c **** 
 275:Middlewares/Third_Party/LwIP/src/core/memp.c ****   /* for every pool: */
 276:Middlewares/Third_Party/LwIP/src/core/memp.c ****   for (i = 0; i < LWIP_ARRAYSIZE(memp_pools); i++) {
 277:Middlewares/Third_Party/LwIP/src/core/memp.c ****     memp_init_pool(memp_pools[i]);
 278:Middlewares/Third_Party/LwIP/src/core/memp.c **** 
 279:Middlewares/Third_Party/LwIP/src/core/memp.c **** #if LWIP_STATS && MEMP_STATS
 280:Middlewares/Third_Party/LwIP/src/core/memp.c ****     lwip_stats.memp[i] = memp_pools[i]->stats;
 281:Middlewares/Third_Party/LwIP/src/core/memp.c **** #endif
 282:Middlewares/Third_Party/LwIP/src/core/memp.c ****   }
 283:Middlewares/Third_Party/LwIP/src/core/memp.c **** 
 284:Middlewares/Third_Party/LwIP/src/core/memp.c **** #if MEMP_OVERFLOW_CHECK >= 2
 285:Middlewares/Third_Party/LwIP/src/core/memp.c ****   /* check everything a first time to see if it worked */
 286:Middlewares/Third_Party/LwIP/src/core/memp.c ****   memp_overflow_check_all();
 287:Middlewares/Third_Party/LwIP/src/core/memp.c **** #endif /* MEMP_OVERFLOW_CHECK >= 2 */
 288:Middlewares/Third_Party/LwIP/src/core/memp.c **** }
 289:Middlewares/Third_Party/LwIP/src/core/memp.c **** 
 290:Middlewares/Third_Party/LwIP/src/core/memp.c **** static void*
 291:Middlewares/Third_Party/LwIP/src/core/memp.c **** #if !MEMP_OVERFLOW_CHECK
 292:Middlewares/Third_Party/LwIP/src/core/memp.c **** do_memp_malloc_pool(const struct memp_desc *desc)
 293:Middlewares/Third_Party/LwIP/src/core/memp.c **** #else
ARM GAS  C:\Users\Nina\AppData\Local\Temp\cc8VbQ0J.s 			page 7


 294:Middlewares/Third_Party/LwIP/src/core/memp.c **** do_memp_malloc_pool_fn(const struct memp_desc *desc, const char* file, const int line)
 295:Middlewares/Third_Party/LwIP/src/core/memp.c **** #endif
 296:Middlewares/Third_Party/LwIP/src/core/memp.c **** {
  39              		.loc 1 296 1 view -0
  40              		.cfi_startproc
  41              		@ args = 0, pretend = 0, frame = 0
  42              		@ frame_needed = 0, uses_anonymous_args = 0
  43              		.loc 1 296 1 is_stmt 0 view .LVU1
  44 0000 38B5     		push	{r3, r4, r5, lr}
  45              	.LCFI0:
  46              		.cfi_def_cfa_offset 16
  47              		.cfi_offset 3, -16
  48              		.cfi_offset 4, -12
  49              		.cfi_offset 5, -8
  50              		.cfi_offset 14, -4
  51 0002 0446     		mov	r4, r0
 297:Middlewares/Third_Party/LwIP/src/core/memp.c ****   struct memp *memp;
  52              		.loc 1 297 3 is_stmt 1 view .LVU2
 298:Middlewares/Third_Party/LwIP/src/core/memp.c ****   SYS_ARCH_DECL_PROTECT(old_level);
  53              		.loc 1 298 3 view .LVU3
 299:Middlewares/Third_Party/LwIP/src/core/memp.c **** 
 300:Middlewares/Third_Party/LwIP/src/core/memp.c **** #if MEMP_MEM_MALLOC
 301:Middlewares/Third_Party/LwIP/src/core/memp.c ****   memp = (struct memp *)mem_malloc(MEMP_SIZE + MEMP_ALIGN_SIZE(desc->size));
 302:Middlewares/Third_Party/LwIP/src/core/memp.c ****   SYS_ARCH_PROTECT(old_level);
 303:Middlewares/Third_Party/LwIP/src/core/memp.c **** #else /* MEMP_MEM_MALLOC */
 304:Middlewares/Third_Party/LwIP/src/core/memp.c ****   SYS_ARCH_PROTECT(old_level);
  54              		.loc 1 304 3 view .LVU4
  55 0004 FFF7FEFF 		bl	sys_arch_protect
  56              	.LVL1:
  57              		.loc 1 304 3 is_stmt 0 view .LVU5
  58 0008 0546     		mov	r5, r0
  59              	.LVL2:
 305:Middlewares/Third_Party/LwIP/src/core/memp.c **** 
 306:Middlewares/Third_Party/LwIP/src/core/memp.c ****   memp = *desc->tab;
  60              		.loc 1 306 3 is_stmt 1 view .LVU6
  61              		.loc 1 306 15 is_stmt 0 view .LVU7
  62 000a A368     		ldr	r3, [r4, #8]
  63              		.loc 1 306 8 view .LVU8
  64 000c 1C68     		ldr	r4, [r3]
  65              	.LVL3:
 307:Middlewares/Third_Party/LwIP/src/core/memp.c **** #endif /* MEMP_MEM_MALLOC */
 308:Middlewares/Third_Party/LwIP/src/core/memp.c **** 
 309:Middlewares/Third_Party/LwIP/src/core/memp.c ****   if (memp != NULL) {
  66              		.loc 1 309 3 is_stmt 1 view .LVU9
  67              		.loc 1 309 6 is_stmt 0 view .LVU10
  68 000e 8CB1     		cbz	r4, .L2
 310:Middlewares/Third_Party/LwIP/src/core/memp.c **** #if !MEMP_MEM_MALLOC
 311:Middlewares/Third_Party/LwIP/src/core/memp.c **** #if MEMP_OVERFLOW_CHECK == 1
 312:Middlewares/Third_Party/LwIP/src/core/memp.c ****     memp_overflow_check_element_overflow(memp, desc);
 313:Middlewares/Third_Party/LwIP/src/core/memp.c ****     memp_overflow_check_element_underflow(memp, desc);
 314:Middlewares/Third_Party/LwIP/src/core/memp.c **** #endif /* MEMP_OVERFLOW_CHECK */
 315:Middlewares/Third_Party/LwIP/src/core/memp.c **** 
 316:Middlewares/Third_Party/LwIP/src/core/memp.c ****     *desc->tab = memp->next;
  69              		.loc 1 316 5 is_stmt 1 view .LVU11
  70              		.loc 1 316 22 is_stmt 0 view .LVU12
  71 0010 2268     		ldr	r2, [r4]
  72              		.loc 1 316 16 view .LVU13
ARM GAS  C:\Users\Nina\AppData\Local\Temp\cc8VbQ0J.s 			page 8


  73 0012 1A60     		str	r2, [r3]
 317:Middlewares/Third_Party/LwIP/src/core/memp.c **** #if MEMP_OVERFLOW_CHECK
 318:Middlewares/Third_Party/LwIP/src/core/memp.c ****     memp->next = NULL;
 319:Middlewares/Third_Party/LwIP/src/core/memp.c **** #endif /* MEMP_OVERFLOW_CHECK */
 320:Middlewares/Third_Party/LwIP/src/core/memp.c **** #endif /* !MEMP_MEM_MALLOC */
 321:Middlewares/Third_Party/LwIP/src/core/memp.c **** #if MEMP_OVERFLOW_CHECK
 322:Middlewares/Third_Party/LwIP/src/core/memp.c ****     memp->file = file;
 323:Middlewares/Third_Party/LwIP/src/core/memp.c ****     memp->line = line;
 324:Middlewares/Third_Party/LwIP/src/core/memp.c **** #if MEMP_MEM_MALLOC
 325:Middlewares/Third_Party/LwIP/src/core/memp.c ****     memp_overflow_init_element(memp, desc);
 326:Middlewares/Third_Party/LwIP/src/core/memp.c **** #endif /* MEMP_MEM_MALLOC */
 327:Middlewares/Third_Party/LwIP/src/core/memp.c **** #endif /* MEMP_OVERFLOW_CHECK */
 328:Middlewares/Third_Party/LwIP/src/core/memp.c ****     LWIP_ASSERT("memp_malloc: memp properly aligned",
  74              		.loc 1 328 5 is_stmt 1 view .LVU14
  75              		.loc 1 328 5 view .LVU15
  76 0014 14F0030F 		tst	r4, #3
  77 0018 04D1     		bne	.L6
  78              	.LVL4:
  79              	.L3:
  80              		.loc 1 328 5 discriminator 3 view .LVU16
  81              		.loc 1 328 5 discriminator 3 view .LVU17
 329:Middlewares/Third_Party/LwIP/src/core/memp.c ****                 ((mem_ptr_t)memp % MEM_ALIGNMENT) == 0);
 330:Middlewares/Third_Party/LwIP/src/core/memp.c **** #if MEMP_STATS
 331:Middlewares/Third_Party/LwIP/src/core/memp.c ****     desc->stats->used++;
 332:Middlewares/Third_Party/LwIP/src/core/memp.c ****     if (desc->stats->used > desc->stats->max) {
 333:Middlewares/Third_Party/LwIP/src/core/memp.c ****       desc->stats->max = desc->stats->used;
 334:Middlewares/Third_Party/LwIP/src/core/memp.c ****     }
 335:Middlewares/Third_Party/LwIP/src/core/memp.c **** #endif
 336:Middlewares/Third_Party/LwIP/src/core/memp.c ****     SYS_ARCH_UNPROTECT(old_level);
  82              		.loc 1 336 5 discriminator 3 view .LVU18
  83 001a 2846     		mov	r0, r5
  84 001c FFF7FEFF 		bl	sys_arch_unprotect
  85              	.LVL5:
 337:Middlewares/Third_Party/LwIP/src/core/memp.c ****     /* cast through u8_t* to get rid of alignment warnings */
 338:Middlewares/Third_Party/LwIP/src/core/memp.c ****     return ((u8_t*)memp + MEMP_SIZE);
  86              		.loc 1 338 5 discriminator 3 view .LVU19
  87              	.L1:
 339:Middlewares/Third_Party/LwIP/src/core/memp.c ****   } else {
 340:Middlewares/Third_Party/LwIP/src/core/memp.c ****     LWIP_DEBUGF(MEMP_DEBUG | LWIP_DBG_LEVEL_SERIOUS, ("memp_malloc: out of memory in pool %s\n", de
 341:Middlewares/Third_Party/LwIP/src/core/memp.c **** #if MEMP_STATS
 342:Middlewares/Third_Party/LwIP/src/core/memp.c ****     desc->stats->err++;
 343:Middlewares/Third_Party/LwIP/src/core/memp.c **** #endif
 344:Middlewares/Third_Party/LwIP/src/core/memp.c ****   }
 345:Middlewares/Third_Party/LwIP/src/core/memp.c **** 
 346:Middlewares/Third_Party/LwIP/src/core/memp.c ****   SYS_ARCH_UNPROTECT(old_level);
 347:Middlewares/Third_Party/LwIP/src/core/memp.c ****   return NULL;
 348:Middlewares/Third_Party/LwIP/src/core/memp.c **** }
  88              		.loc 1 348 1 is_stmt 0 view .LVU20
  89 0020 2046     		mov	r0, r4
  90 0022 38BD     		pop	{r3, r4, r5, pc}
  91              	.LVL6:
  92              	.L6:
 328:Middlewares/Third_Party/LwIP/src/core/memp.c ****                 ((mem_ptr_t)memp % MEM_ALIGNMENT) == 0);
  93              		.loc 1 328 5 is_stmt 1 discriminator 1 view .LVU21
 328:Middlewares/Third_Party/LwIP/src/core/memp.c ****                 ((mem_ptr_t)memp % MEM_ALIGNMENT) == 0);
  94              		.loc 1 328 5 discriminator 1 view .LVU22
  95 0024 054B     		ldr	r3, .L7
ARM GAS  C:\Users\Nina\AppData\Local\Temp\cc8VbQ0J.s 			page 9


  96 0026 4FF4A472 		mov	r2, #328
  97 002a 0549     		ldr	r1, .L7+4
  98 002c 0548     		ldr	r0, .L7+8
  99              	.LVL7:
 328:Middlewares/Third_Party/LwIP/src/core/memp.c ****                 ((mem_ptr_t)memp % MEM_ALIGNMENT) == 0);
 100              		.loc 1 328 5 is_stmt 0 discriminator 1 view .LVU23
 101 002e FFF7FEFF 		bl	printf
 102              	.LVL8:
 103 0032 F2E7     		b	.L3
 104              	.LVL9:
 105              	.L2:
 340:Middlewares/Third_Party/LwIP/src/core/memp.c **** #if MEMP_STATS
 106              		.loc 1 340 110 is_stmt 1 view .LVU24
 346:Middlewares/Third_Party/LwIP/src/core/memp.c ****   return NULL;
 107              		.loc 1 346 3 view .LVU25
 108 0034 FFF7FEFF 		bl	sys_arch_unprotect
 109              	.LVL10:
 347:Middlewares/Third_Party/LwIP/src/core/memp.c **** }
 110              		.loc 1 347 3 view .LVU26
 347:Middlewares/Third_Party/LwIP/src/core/memp.c **** }
 111              		.loc 1 347 10 is_stmt 0 view .LVU27
 112 0038 F2E7     		b	.L1
 113              	.L8:
 114 003a 00BF     		.align	2
 115              	.L7:
 116 003c 00000000 		.word	.LC0
 117 0040 30000000 		.word	.LC1
 118 0044 54000000 		.word	.LC2
 119              		.cfi_endproc
 120              	.LFE167:
 122              		.section	.rodata.do_memp_free_pool.str1.4,"aMS",%progbits,1
 123              		.align	2
 124              	.LC3:
 125 0000 6D656D70 		.ascii	"memp_free: mem properly aligned\000"
 125      5F667265 
 125      653A206D 
 125      656D2070 
 125      726F7065 
 126              		.section	.text.do_memp_free_pool,"ax",%progbits
 127              		.align	1
 128              		.syntax unified
 129              		.thumb
 130              		.thumb_func
 131              		.fpu fpv5-sp-d16
 133              	do_memp_free_pool:
 134              	.LVL11:
 135              	.LFB170:
 349:Middlewares/Third_Party/LwIP/src/core/memp.c **** 
 350:Middlewares/Third_Party/LwIP/src/core/memp.c **** /**
 351:Middlewares/Third_Party/LwIP/src/core/memp.c ****  * Get an element from a custom pool.
 352:Middlewares/Third_Party/LwIP/src/core/memp.c ****  *
 353:Middlewares/Third_Party/LwIP/src/core/memp.c ****  * @param desc the pool to get an element from
 354:Middlewares/Third_Party/LwIP/src/core/memp.c ****  *
 355:Middlewares/Third_Party/LwIP/src/core/memp.c ****  * @return a pointer to the allocated memory or a NULL pointer on error
 356:Middlewares/Third_Party/LwIP/src/core/memp.c ****  */
 357:Middlewares/Third_Party/LwIP/src/core/memp.c **** void *
 358:Middlewares/Third_Party/LwIP/src/core/memp.c **** #if !MEMP_OVERFLOW_CHECK
ARM GAS  C:\Users\Nina\AppData\Local\Temp\cc8VbQ0J.s 			page 10


 359:Middlewares/Third_Party/LwIP/src/core/memp.c **** memp_malloc_pool(const struct memp_desc *desc)
 360:Middlewares/Third_Party/LwIP/src/core/memp.c **** #else
 361:Middlewares/Third_Party/LwIP/src/core/memp.c **** memp_malloc_pool_fn(const struct memp_desc *desc, const char* file, const int line)
 362:Middlewares/Third_Party/LwIP/src/core/memp.c **** #endif
 363:Middlewares/Third_Party/LwIP/src/core/memp.c **** {
 364:Middlewares/Third_Party/LwIP/src/core/memp.c ****   LWIP_ASSERT("invalid pool desc", desc != NULL);
 365:Middlewares/Third_Party/LwIP/src/core/memp.c ****   if (desc == NULL) {
 366:Middlewares/Third_Party/LwIP/src/core/memp.c ****     return NULL;
 367:Middlewares/Third_Party/LwIP/src/core/memp.c ****   }
 368:Middlewares/Third_Party/LwIP/src/core/memp.c **** 
 369:Middlewares/Third_Party/LwIP/src/core/memp.c **** #if !MEMP_OVERFLOW_CHECK
 370:Middlewares/Third_Party/LwIP/src/core/memp.c ****   return do_memp_malloc_pool(desc);
 371:Middlewares/Third_Party/LwIP/src/core/memp.c **** #else
 372:Middlewares/Third_Party/LwIP/src/core/memp.c ****   return do_memp_malloc_pool_fn(desc, file, line);
 373:Middlewares/Third_Party/LwIP/src/core/memp.c **** #endif
 374:Middlewares/Third_Party/LwIP/src/core/memp.c **** }
 375:Middlewares/Third_Party/LwIP/src/core/memp.c **** 
 376:Middlewares/Third_Party/LwIP/src/core/memp.c **** /**
 377:Middlewares/Third_Party/LwIP/src/core/memp.c ****  * Get an element from a specific pool.
 378:Middlewares/Third_Party/LwIP/src/core/memp.c ****  *
 379:Middlewares/Third_Party/LwIP/src/core/memp.c ****  * @param type the pool to get an element from
 380:Middlewares/Third_Party/LwIP/src/core/memp.c ****  *
 381:Middlewares/Third_Party/LwIP/src/core/memp.c ****  * @return a pointer to the allocated memory or a NULL pointer on error
 382:Middlewares/Third_Party/LwIP/src/core/memp.c ****  */
 383:Middlewares/Third_Party/LwIP/src/core/memp.c **** void *
 384:Middlewares/Third_Party/LwIP/src/core/memp.c **** #if !MEMP_OVERFLOW_CHECK
 385:Middlewares/Third_Party/LwIP/src/core/memp.c **** memp_malloc(memp_t type)
 386:Middlewares/Third_Party/LwIP/src/core/memp.c **** #else
 387:Middlewares/Third_Party/LwIP/src/core/memp.c **** memp_malloc_fn(memp_t type, const char* file, const int line)
 388:Middlewares/Third_Party/LwIP/src/core/memp.c **** #endif
 389:Middlewares/Third_Party/LwIP/src/core/memp.c **** {
 390:Middlewares/Third_Party/LwIP/src/core/memp.c ****   void *memp;
 391:Middlewares/Third_Party/LwIP/src/core/memp.c ****   LWIP_ERROR("memp_malloc: type < MEMP_MAX", (type < MEMP_MAX), return NULL;);
 392:Middlewares/Third_Party/LwIP/src/core/memp.c **** 
 393:Middlewares/Third_Party/LwIP/src/core/memp.c **** #if MEMP_OVERFLOW_CHECK >= 2
 394:Middlewares/Third_Party/LwIP/src/core/memp.c ****   memp_overflow_check_all();
 395:Middlewares/Third_Party/LwIP/src/core/memp.c **** #endif /* MEMP_OVERFLOW_CHECK >= 2 */
 396:Middlewares/Third_Party/LwIP/src/core/memp.c **** 
 397:Middlewares/Third_Party/LwIP/src/core/memp.c **** #if !MEMP_OVERFLOW_CHECK
 398:Middlewares/Third_Party/LwIP/src/core/memp.c ****   memp = do_memp_malloc_pool(memp_pools[type]);
 399:Middlewares/Third_Party/LwIP/src/core/memp.c **** #else
 400:Middlewares/Third_Party/LwIP/src/core/memp.c ****   memp = do_memp_malloc_pool_fn(memp_pools[type], file, line);
 401:Middlewares/Third_Party/LwIP/src/core/memp.c **** #endif
 402:Middlewares/Third_Party/LwIP/src/core/memp.c **** 
 403:Middlewares/Third_Party/LwIP/src/core/memp.c ****   return memp;
 404:Middlewares/Third_Party/LwIP/src/core/memp.c **** }
 405:Middlewares/Third_Party/LwIP/src/core/memp.c **** 
 406:Middlewares/Third_Party/LwIP/src/core/memp.c **** static void
 407:Middlewares/Third_Party/LwIP/src/core/memp.c **** do_memp_free_pool(const struct memp_desc* desc, void *mem)
 408:Middlewares/Third_Party/LwIP/src/core/memp.c **** {
 136              		.loc 1 408 1 is_stmt 1 view -0
 137              		.cfi_startproc
 138              		@ args = 0, pretend = 0, frame = 0
 139              		@ frame_needed = 0, uses_anonymous_args = 0
 140              		.loc 1 408 1 is_stmt 0 view .LVU29
 141 0000 38B5     		push	{r3, r4, r5, lr}
 142              	.LCFI1:
ARM GAS  C:\Users\Nina\AppData\Local\Temp\cc8VbQ0J.s 			page 11


 143              		.cfi_def_cfa_offset 16
 144              		.cfi_offset 3, -16
 145              		.cfi_offset 4, -12
 146              		.cfi_offset 5, -8
 147              		.cfi_offset 14, -4
 148 0002 0546     		mov	r5, r0
 149 0004 0C46     		mov	r4, r1
 409:Middlewares/Third_Party/LwIP/src/core/memp.c ****   struct memp *memp;
 150              		.loc 1 409 3 is_stmt 1 view .LVU30
 410:Middlewares/Third_Party/LwIP/src/core/memp.c ****   SYS_ARCH_DECL_PROTECT(old_level);
 151              		.loc 1 410 3 view .LVU31
 411:Middlewares/Third_Party/LwIP/src/core/memp.c **** 
 412:Middlewares/Third_Party/LwIP/src/core/memp.c ****   LWIP_ASSERT("memp_free: mem properly aligned",
 152              		.loc 1 412 3 view .LVU32
 153              		.loc 1 412 3 view .LVU33
 154 0006 11F0030F 		tst	r1, #3
 155 000a 09D1     		bne	.L12
 156              	.LVL12:
 157              	.L10:
 158              		.loc 1 412 3 discriminator 3 view .LVU34
 159              		.loc 1 412 3 discriminator 3 view .LVU35
 413:Middlewares/Third_Party/LwIP/src/core/memp.c ****                 ((mem_ptr_t)mem % MEM_ALIGNMENT) == 0);
 414:Middlewares/Third_Party/LwIP/src/core/memp.c **** 
 415:Middlewares/Third_Party/LwIP/src/core/memp.c ****   /* cast through void* to get rid of alignment warnings */
 416:Middlewares/Third_Party/LwIP/src/core/memp.c ****   memp = (struct memp *)(void *)((u8_t*)mem - MEMP_SIZE);
 160              		.loc 1 416 3 discriminator 3 view .LVU36
 417:Middlewares/Third_Party/LwIP/src/core/memp.c **** 
 418:Middlewares/Third_Party/LwIP/src/core/memp.c ****   SYS_ARCH_PROTECT(old_level);
 161              		.loc 1 418 3 discriminator 3 view .LVU37
 162 000c FFF7FEFF 		bl	sys_arch_protect
 163              	.LVL13:
 419:Middlewares/Third_Party/LwIP/src/core/memp.c **** 
 420:Middlewares/Third_Party/LwIP/src/core/memp.c **** #if MEMP_OVERFLOW_CHECK == 1
 421:Middlewares/Third_Party/LwIP/src/core/memp.c ****   memp_overflow_check_element_overflow(memp, desc);
 422:Middlewares/Third_Party/LwIP/src/core/memp.c ****   memp_overflow_check_element_underflow(memp, desc);
 423:Middlewares/Third_Party/LwIP/src/core/memp.c **** #endif /* MEMP_OVERFLOW_CHECK */
 424:Middlewares/Third_Party/LwIP/src/core/memp.c **** 
 425:Middlewares/Third_Party/LwIP/src/core/memp.c **** #if MEMP_STATS
 426:Middlewares/Third_Party/LwIP/src/core/memp.c ****   desc->stats->used--;
 427:Middlewares/Third_Party/LwIP/src/core/memp.c **** #endif
 428:Middlewares/Third_Party/LwIP/src/core/memp.c **** 
 429:Middlewares/Third_Party/LwIP/src/core/memp.c **** #if MEMP_MEM_MALLOC
 430:Middlewares/Third_Party/LwIP/src/core/memp.c ****   LWIP_UNUSED_ARG(desc);
 431:Middlewares/Third_Party/LwIP/src/core/memp.c ****   SYS_ARCH_UNPROTECT(old_level);
 432:Middlewares/Third_Party/LwIP/src/core/memp.c ****   mem_free(memp);
 433:Middlewares/Third_Party/LwIP/src/core/memp.c **** #else /* MEMP_MEM_MALLOC */
 434:Middlewares/Third_Party/LwIP/src/core/memp.c ****   memp->next = *desc->tab;
 164              		.loc 1 434 3 discriminator 3 view .LVU38
 165              		.loc 1 434 21 is_stmt 0 discriminator 3 view .LVU39
 166 0010 AB68     		ldr	r3, [r5, #8]
 167              		.loc 1 434 16 discriminator 3 view .LVU40
 168 0012 1B68     		ldr	r3, [r3]
 169              		.loc 1 434 14 discriminator 3 view .LVU41
 170 0014 2360     		str	r3, [r4]
 435:Middlewares/Third_Party/LwIP/src/core/memp.c ****   *desc->tab = memp;
 171              		.loc 1 435 3 is_stmt 1 discriminator 3 view .LVU42
 172              		.loc 1 435 8 is_stmt 0 discriminator 3 view .LVU43
ARM GAS  C:\Users\Nina\AppData\Local\Temp\cc8VbQ0J.s 			page 12


 173 0016 AB68     		ldr	r3, [r5, #8]
 174              		.loc 1 435 14 discriminator 3 view .LVU44
 175 0018 1C60     		str	r4, [r3]
 436:Middlewares/Third_Party/LwIP/src/core/memp.c **** 
 437:Middlewares/Third_Party/LwIP/src/core/memp.c **** #if MEMP_SANITY_CHECK
 438:Middlewares/Third_Party/LwIP/src/core/memp.c ****   LWIP_ASSERT("memp sanity", memp_sanity(desc));
 439:Middlewares/Third_Party/LwIP/src/core/memp.c **** #endif /* MEMP_SANITY_CHECK */
 440:Middlewares/Third_Party/LwIP/src/core/memp.c **** 
 441:Middlewares/Third_Party/LwIP/src/core/memp.c ****   SYS_ARCH_UNPROTECT(old_level);
 176              		.loc 1 441 3 is_stmt 1 discriminator 3 view .LVU45
 177 001a FFF7FEFF 		bl	sys_arch_unprotect
 178              	.LVL14:
 442:Middlewares/Third_Party/LwIP/src/core/memp.c **** #endif /* !MEMP_MEM_MALLOC */
 443:Middlewares/Third_Party/LwIP/src/core/memp.c **** }
 179              		.loc 1 443 1 is_stmt 0 discriminator 3 view .LVU46
 180 001e 38BD     		pop	{r3, r4, r5, pc}
 181              	.LVL15:
 182              	.L12:
 412:Middlewares/Third_Party/LwIP/src/core/memp.c ****                 ((mem_ptr_t)mem % MEM_ALIGNMENT) == 0);
 183              		.loc 1 412 3 is_stmt 1 discriminator 1 view .LVU47
 412:Middlewares/Third_Party/LwIP/src/core/memp.c ****                 ((mem_ptr_t)mem % MEM_ALIGNMENT) == 0);
 184              		.loc 1 412 3 discriminator 1 view .LVU48
 185 0020 034B     		ldr	r3, .L13
 186 0022 4FF4CE72 		mov	r2, #412
 187 0026 0349     		ldr	r1, .L13+4
 188              	.LVL16:
 412:Middlewares/Third_Party/LwIP/src/core/memp.c ****                 ((mem_ptr_t)mem % MEM_ALIGNMENT) == 0);
 189              		.loc 1 412 3 is_stmt 0 discriminator 1 view .LVU49
 190 0028 0348     		ldr	r0, .L13+8
 191              	.LVL17:
 412:Middlewares/Third_Party/LwIP/src/core/memp.c ****                 ((mem_ptr_t)mem % MEM_ALIGNMENT) == 0);
 192              		.loc 1 412 3 discriminator 1 view .LVU50
 193 002a FFF7FEFF 		bl	printf
 194              	.LVL18:
 195 002e EDE7     		b	.L10
 196              	.L14:
 197              		.align	2
 198              	.L13:
 199 0030 00000000 		.word	.LC0
 200 0034 00000000 		.word	.LC3
 201 0038 54000000 		.word	.LC2
 202              		.cfi_endproc
 203              	.LFE170:
 205              		.section	.text.memp_init_pool,"ax",%progbits
 206              		.align	1
 207              		.global	memp_init_pool
 208              		.syntax unified
 209              		.thumb
 210              		.thumb_func
 211              		.fpu fpv5-sp-d16
 213              	memp_init_pool:
 214              	.LVL19:
 215              	.LFB165:
 231:Middlewares/Third_Party/LwIP/src/core/memp.c **** #if MEMP_MEM_MALLOC
 216              		.loc 1 231 1 is_stmt 1 view -0
 217              		.cfi_startproc
 218              		@ args = 0, pretend = 0, frame = 0
ARM GAS  C:\Users\Nina\AppData\Local\Temp\cc8VbQ0J.s 			page 13


 219              		@ frame_needed = 0, uses_anonymous_args = 0
 220              		@ link register save eliminated.
 235:Middlewares/Third_Party/LwIP/src/core/memp.c ****   struct memp *memp;
 221              		.loc 1 235 3 view .LVU52
 236:Middlewares/Third_Party/LwIP/src/core/memp.c **** 
 222              		.loc 1 236 3 view .LVU53
 238:Middlewares/Third_Party/LwIP/src/core/memp.c ****   memp = (struct memp*)LWIP_MEM_ALIGN(desc->base);
 223              		.loc 1 238 3 view .LVU54
 238:Middlewares/Third_Party/LwIP/src/core/memp.c ****   memp = (struct memp*)LWIP_MEM_ALIGN(desc->base);
 224              		.loc 1 238 8 is_stmt 0 view .LVU55
 225 0000 8368     		ldr	r3, [r0, #8]
 238:Middlewares/Third_Party/LwIP/src/core/memp.c ****   memp = (struct memp*)LWIP_MEM_ALIGN(desc->base);
 226              		.loc 1 238 14 view .LVU56
 227 0002 0022     		movs	r2, #0
 228 0004 1A60     		str	r2, [r3]
 239:Middlewares/Third_Party/LwIP/src/core/memp.c ****   /* create a linked list of memp elements */
 229              		.loc 1 239 3 is_stmt 1 view .LVU57
 239:Middlewares/Third_Party/LwIP/src/core/memp.c ****   /* create a linked list of memp elements */
 230              		.loc 1 239 24 is_stmt 0 view .LVU58
 231 0006 4368     		ldr	r3, [r0, #4]
 232 0008 0333     		adds	r3, r3, #3
 233 000a 23F00303 		bic	r3, r3, #3
 234              	.LVL20:
 241:Middlewares/Third_Party/LwIP/src/core/memp.c ****     memp->next = *desc->tab;
 235              		.loc 1 241 3 is_stmt 1 view .LVU59
 236              	.L16:
 241:Middlewares/Third_Party/LwIP/src/core/memp.c ****     memp->next = *desc->tab;
 237              		.loc 1 241 15 discriminator 1 view .LVU60
 241:Middlewares/Third_Party/LwIP/src/core/memp.c ****     memp->next = *desc->tab;
 238              		.loc 1 241 23 is_stmt 0 discriminator 1 view .LVU61
 239 000e 4188     		ldrh	r1, [r0, #2]
 241:Middlewares/Third_Party/LwIP/src/core/memp.c ****     memp->next = *desc->tab;
 240              		.loc 1 241 3 discriminator 1 view .LVU62
 241 0010 9142     		cmp	r1, r2
 242 0012 08DD     		ble	.L18
 242:Middlewares/Third_Party/LwIP/src/core/memp.c ****     *desc->tab = memp;
 243              		.loc 1 242 5 is_stmt 1 discriminator 3 view .LVU63
 242:Middlewares/Third_Party/LwIP/src/core/memp.c ****     *desc->tab = memp;
 244              		.loc 1 242 23 is_stmt 0 discriminator 3 view .LVU64
 245 0014 8168     		ldr	r1, [r0, #8]
 242:Middlewares/Third_Party/LwIP/src/core/memp.c ****     *desc->tab = memp;
 246              		.loc 1 242 18 discriminator 3 view .LVU65
 247 0016 0968     		ldr	r1, [r1]
 242:Middlewares/Third_Party/LwIP/src/core/memp.c ****     *desc->tab = memp;
 248              		.loc 1 242 16 discriminator 3 view .LVU66
 249 0018 1960     		str	r1, [r3]
 243:Middlewares/Third_Party/LwIP/src/core/memp.c **** #if MEMP_OVERFLOW_CHECK
 250              		.loc 1 243 5 is_stmt 1 discriminator 3 view .LVU67
 243:Middlewares/Third_Party/LwIP/src/core/memp.c **** #if MEMP_OVERFLOW_CHECK
 251              		.loc 1 243 10 is_stmt 0 discriminator 3 view .LVU68
 252 001a 8168     		ldr	r1, [r0, #8]
 243:Middlewares/Third_Party/LwIP/src/core/memp.c **** #if MEMP_OVERFLOW_CHECK
 253              		.loc 1 243 16 discriminator 3 view .LVU69
 254 001c 0B60     		str	r3, [r1]
 248:Middlewares/Third_Party/LwIP/src/core/memp.c **** #if MEMP_OVERFLOW_CHECK
 255              		.loc 1 248 4 is_stmt 1 discriminator 3 view .LVU70
 248:Middlewares/Third_Party/LwIP/src/core/memp.c **** #if MEMP_OVERFLOW_CHECK
ARM GAS  C:\Users\Nina\AppData\Local\Temp\cc8VbQ0J.s 			page 14


 256              		.loc 1 248 66 is_stmt 0 discriminator 3 view .LVU71
 257 001e 0188     		ldrh	r1, [r0]
 248:Middlewares/Third_Party/LwIP/src/core/memp.c **** #if MEMP_OVERFLOW_CHECK
 258              		.loc 1 248 9 discriminator 3 view .LVU72
 259 0020 0B44     		add	r3, r3, r1
 260              	.LVL21:
 241:Middlewares/Third_Party/LwIP/src/core/memp.c ****     memp->next = *desc->tab;
 261              		.loc 1 241 30 is_stmt 1 discriminator 3 view .LVU73
 262 0022 0132     		adds	r2, r2, #1
 263              	.LVL22:
 241:Middlewares/Third_Party/LwIP/src/core/memp.c ****     memp->next = *desc->tab;
 264              		.loc 1 241 30 is_stmt 0 discriminator 3 view .LVU74
 265 0024 F3E7     		b	.L16
 266              	.L18:
 262:Middlewares/Third_Party/LwIP/src/core/memp.c **** 
 267              		.loc 1 262 1 view .LVU75
 268 0026 7047     		bx	lr
 269              		.cfi_endproc
 270              	.LFE165:
 272              		.section	.text.memp_init,"ax",%progbits
 273              		.align	1
 274              		.global	memp_init
 275              		.syntax unified
 276              		.thumb
 277              		.thumb_func
 278              		.fpu fpv5-sp-d16
 280              	memp_init:
 281              	.LFB166:
 272:Middlewares/Third_Party/LwIP/src/core/memp.c ****   u16_t i;
 282              		.loc 1 272 1 is_stmt 1 view -0
 283              		.cfi_startproc
 284              		@ args = 0, pretend = 0, frame = 0
 285              		@ frame_needed = 0, uses_anonymous_args = 0
 286 0000 10B5     		push	{r4, lr}
 287              	.LCFI2:
 288              		.cfi_def_cfa_offset 8
 289              		.cfi_offset 4, -8
 290              		.cfi_offset 14, -4
 273:Middlewares/Third_Party/LwIP/src/core/memp.c **** 
 291              		.loc 1 273 3 view .LVU77
 276:Middlewares/Third_Party/LwIP/src/core/memp.c ****     memp_init_pool(memp_pools[i]);
 292              		.loc 1 276 3 view .LVU78
 293              	.LVL23:
 276:Middlewares/Third_Party/LwIP/src/core/memp.c ****     memp_init_pool(memp_pools[i]);
 294              		.loc 1 276 10 is_stmt 0 view .LVU79
 295 0002 0024     		movs	r4, #0
 296              	.LVL24:
 297              	.L20:
 276:Middlewares/Third_Party/LwIP/src/core/memp.c ****     memp_init_pool(memp_pools[i]);
 298              		.loc 1 276 15 is_stmt 1 discriminator 1 view .LVU80
 276:Middlewares/Third_Party/LwIP/src/core/memp.c ****     memp_init_pool(memp_pools[i]);
 299              		.loc 1 276 3 is_stmt 0 discriminator 1 view .LVU81
 300 0004 0D2C     		cmp	r4, #13
 301 0006 07D8     		bhi	.L23
 277:Middlewares/Third_Party/LwIP/src/core/memp.c **** 
 302              		.loc 1 277 5 is_stmt 1 discriminator 3 view .LVU82
 303 0008 044B     		ldr	r3, .L24
ARM GAS  C:\Users\Nina\AppData\Local\Temp\cc8VbQ0J.s 			page 15


 304 000a 53F82400 		ldr	r0, [r3, r4, lsl #2]
 305 000e FFF7FEFF 		bl	memp_init_pool
 306              	.LVL25:
 276:Middlewares/Third_Party/LwIP/src/core/memp.c ****     memp_init_pool(memp_pools[i]);
 307              		.loc 1 276 47 discriminator 3 view .LVU83
 276:Middlewares/Third_Party/LwIP/src/core/memp.c ****     memp_init_pool(memp_pools[i]);
 308              		.loc 1 276 48 is_stmt 0 discriminator 3 view .LVU84
 309 0012 0134     		adds	r4, r4, #1
 310              	.LVL26:
 276:Middlewares/Third_Party/LwIP/src/core/memp.c ****     memp_init_pool(memp_pools[i]);
 311              		.loc 1 276 48 discriminator 3 view .LVU85
 312 0014 A4B2     		uxth	r4, r4
 313              	.LVL27:
 276:Middlewares/Third_Party/LwIP/src/core/memp.c ****     memp_init_pool(memp_pools[i]);
 314              		.loc 1 276 48 discriminator 3 view .LVU86
 315 0016 F5E7     		b	.L20
 316              	.L23:
 288:Middlewares/Third_Party/LwIP/src/core/memp.c **** 
 317              		.loc 1 288 1 view .LVU87
 318 0018 10BD     		pop	{r4, pc}
 319              	.LVL28:
 320              	.L25:
 288:Middlewares/Third_Party/LwIP/src/core/memp.c **** 
 321              		.loc 1 288 1 view .LVU88
 322 001a 00BF     		.align	2
 323              	.L24:
 324 001c 00000000 		.word	.LANCHOR0
 325              		.cfi_endproc
 326              	.LFE166:
 328              		.section	.rodata.memp_malloc_pool.str1.4,"aMS",%progbits,1
 329              		.align	2
 330              	.LC4:
 331 0000 696E7661 		.ascii	"invalid pool desc\000"
 331      6C696420 
 331      706F6F6C 
 331      20646573 
 331      6300
 332              		.section	.text.memp_malloc_pool,"ax",%progbits
 333              		.align	1
 334              		.global	memp_malloc_pool
 335              		.syntax unified
 336              		.thumb
 337              		.thumb_func
 338              		.fpu fpv5-sp-d16
 340              	memp_malloc_pool:
 341              	.LVL29:
 342              	.LFB168:
 363:Middlewares/Third_Party/LwIP/src/core/memp.c ****   LWIP_ASSERT("invalid pool desc", desc != NULL);
 343              		.loc 1 363 1 is_stmt 1 view -0
 344              		.cfi_startproc
 345              		@ args = 0, pretend = 0, frame = 0
 346              		@ frame_needed = 0, uses_anonymous_args = 0
 363:Middlewares/Third_Party/LwIP/src/core/memp.c ****   LWIP_ASSERT("invalid pool desc", desc != NULL);
 347              		.loc 1 363 1 is_stmt 0 view .LVU90
 348 0000 10B5     		push	{r4, lr}
 349              	.LCFI3:
 350              		.cfi_def_cfa_offset 8
ARM GAS  C:\Users\Nina\AppData\Local\Temp\cc8VbQ0J.s 			page 16


 351              		.cfi_offset 4, -8
 352              		.cfi_offset 14, -4
 364:Middlewares/Third_Party/LwIP/src/core/memp.c ****   if (desc == NULL) {
 353              		.loc 1 364 3 is_stmt 1 view .LVU91
 364:Middlewares/Third_Party/LwIP/src/core/memp.c ****   if (desc == NULL) {
 354              		.loc 1 364 3 view .LVU92
 355 0002 0446     		mov	r4, r0
 356 0004 20B1     		cbz	r0, .L31
 357              	.LVL30:
 358              	.L27:
 364:Middlewares/Third_Party/LwIP/src/core/memp.c ****   if (desc == NULL) {
 359              		.loc 1 364 3 discriminator 3 view .LVU93
 364:Middlewares/Third_Party/LwIP/src/core/memp.c ****   if (desc == NULL) {
 360              		.loc 1 364 3 discriminator 3 view .LVU94
 365:Middlewares/Third_Party/LwIP/src/core/memp.c ****     return NULL;
 361              		.loc 1 365 3 discriminator 3 view .LVU95
 365:Middlewares/Third_Party/LwIP/src/core/memp.c ****     return NULL;
 362              		.loc 1 365 6 is_stmt 0 discriminator 3 view .LVU96
 363 0006 5CB1     		cbz	r4, .L29
 370:Middlewares/Third_Party/LwIP/src/core/memp.c **** #else
 364              		.loc 1 370 3 is_stmt 1 view .LVU97
 370:Middlewares/Third_Party/LwIP/src/core/memp.c **** #else
 365              		.loc 1 370 10 is_stmt 0 view .LVU98
 366 0008 2046     		mov	r0, r4
 367 000a FFF7FEFF 		bl	do_memp_malloc_pool
 368              	.LVL31:
 369              	.L26:
 374:Middlewares/Third_Party/LwIP/src/core/memp.c **** 
 370              		.loc 1 374 1 view .LVU99
 371 000e 10BD     		pop	{r4, pc}
 372              	.LVL32:
 373              	.L31:
 364:Middlewares/Third_Party/LwIP/src/core/memp.c ****   if (desc == NULL) {
 374              		.loc 1 364 3 is_stmt 1 discriminator 1 view .LVU100
 364:Middlewares/Third_Party/LwIP/src/core/memp.c ****   if (desc == NULL) {
 375              		.loc 1 364 3 discriminator 1 view .LVU101
 376 0010 044B     		ldr	r3, .L32
 377 0012 4FF4B672 		mov	r2, #364
 378 0016 0449     		ldr	r1, .L32+4
 379 0018 0448     		ldr	r0, .L32+8
 380              	.LVL33:
 364:Middlewares/Third_Party/LwIP/src/core/memp.c ****   if (desc == NULL) {
 381              		.loc 1 364 3 is_stmt 0 discriminator 1 view .LVU102
 382 001a FFF7FEFF 		bl	printf
 383              	.LVL34:
 384 001e F2E7     		b	.L27
 385              	.L29:
 366:Middlewares/Third_Party/LwIP/src/core/memp.c ****   }
 386              		.loc 1 366 12 view .LVU103
 387 0020 2046     		mov	r0, r4
 388 0022 F4E7     		b	.L26
 389              	.L33:
 390              		.align	2
 391              	.L32:
 392 0024 00000000 		.word	.LC0
 393 0028 00000000 		.word	.LC4
 394 002c 54000000 		.word	.LC2
ARM GAS  C:\Users\Nina\AppData\Local\Temp\cc8VbQ0J.s 			page 17


 395              		.cfi_endproc
 396              	.LFE168:
 398              		.section	.rodata.memp_malloc.str1.4,"aMS",%progbits,1
 399              		.align	2
 400              	.LC5:
 401 0000 6D656D70 		.ascii	"memp_malloc: type < MEMP_MAX\000"
 401      5F6D616C 
 401      6C6F633A 
 401      20747970 
 401      65203C20 
 402              		.section	.text.memp_malloc,"ax",%progbits
 403              		.align	1
 404              		.global	memp_malloc
 405              		.syntax unified
 406              		.thumb
 407              		.thumb_func
 408              		.fpu fpv5-sp-d16
 410              	memp_malloc:
 411              	.LVL35:
 412              	.LFB169:
 389:Middlewares/Third_Party/LwIP/src/core/memp.c ****   void *memp;
 413              		.loc 1 389 1 is_stmt 1 view -0
 414              		.cfi_startproc
 415              		@ args = 0, pretend = 0, frame = 0
 416              		@ frame_needed = 0, uses_anonymous_args = 0
 389:Middlewares/Third_Party/LwIP/src/core/memp.c ****   void *memp;
 417              		.loc 1 389 1 is_stmt 0 view .LVU105
 418 0000 08B5     		push	{r3, lr}
 419              	.LCFI4:
 420              		.cfi_def_cfa_offset 8
 421              		.cfi_offset 3, -8
 422              		.cfi_offset 14, -4
 390:Middlewares/Third_Party/LwIP/src/core/memp.c ****   LWIP_ERROR("memp_malloc: type < MEMP_MAX", (type < MEMP_MAX), return NULL;);
 423              		.loc 1 390 3 is_stmt 1 view .LVU106
 391:Middlewares/Third_Party/LwIP/src/core/memp.c **** 
 424              		.loc 1 391 3 view .LVU107
 391:Middlewares/Third_Party/LwIP/src/core/memp.c **** 
 425              		.loc 1 391 3 view .LVU108
 426 0002 0D28     		cmp	r0, #13
 427 0004 05D8     		bhi	.L38
 391:Middlewares/Third_Party/LwIP/src/core/memp.c **** 
 428              		.loc 1 391 3 discriminator 2 view .LVU109
 391:Middlewares/Third_Party/LwIP/src/core/memp.c **** 
 429              		.loc 1 391 3 discriminator 2 view .LVU110
 398:Middlewares/Third_Party/LwIP/src/core/memp.c **** #else
 430              		.loc 1 398 3 discriminator 2 view .LVU111
 398:Middlewares/Third_Party/LwIP/src/core/memp.c **** #else
 431              		.loc 1 398 10 is_stmt 0 discriminator 2 view .LVU112
 432 0006 074B     		ldr	r3, .L39
 433 0008 53F82000 		ldr	r0, [r3, r0, lsl #2]
 434              	.LVL36:
 398:Middlewares/Third_Party/LwIP/src/core/memp.c **** #else
 435              		.loc 1 398 10 discriminator 2 view .LVU113
 436 000c FFF7FEFF 		bl	do_memp_malloc_pool
 437              	.LVL37:
 403:Middlewares/Third_Party/LwIP/src/core/memp.c **** }
 438              		.loc 1 403 3 is_stmt 1 discriminator 2 view .LVU114
ARM GAS  C:\Users\Nina\AppData\Local\Temp\cc8VbQ0J.s 			page 18


 439              	.L34:
 404:Middlewares/Third_Party/LwIP/src/core/memp.c **** 
 440              		.loc 1 404 1 is_stmt 0 view .LVU115
 441 0010 08BD     		pop	{r3, pc}
 442              	.LVL38:
 443              	.L38:
 391:Middlewares/Third_Party/LwIP/src/core/memp.c **** 
 444              		.loc 1 391 3 is_stmt 1 discriminator 1 view .LVU116
 391:Middlewares/Third_Party/LwIP/src/core/memp.c **** 
 445              		.loc 1 391 3 discriminator 1 view .LVU117
 446 0012 054B     		ldr	r3, .L39+4
 447 0014 40F28712 		movw	r2, #391
 448 0018 0449     		ldr	r1, .L39+8
 449 001a 0548     		ldr	r0, .L39+12
 450              	.LVL39:
 391:Middlewares/Third_Party/LwIP/src/core/memp.c **** 
 451              		.loc 1 391 3 is_stmt 0 discriminator 1 view .LVU118
 452 001c FFF7FEFF 		bl	printf
 453              	.LVL40:
 391:Middlewares/Third_Party/LwIP/src/core/memp.c **** 
 454              		.loc 1 391 3 is_stmt 1 discriminator 1 view .LVU119
 391:Middlewares/Third_Party/LwIP/src/core/memp.c **** 
 455              		.loc 1 391 3 discriminator 1 view .LVU120
 456 0020 0020     		movs	r0, #0
 457 0022 F5E7     		b	.L34
 458              	.L40:
 459              		.align	2
 460              	.L39:
 461 0024 00000000 		.word	.LANCHOR0
 462 0028 00000000 		.word	.LC0
 463 002c 00000000 		.word	.LC5
 464 0030 54000000 		.word	.LC2
 465              		.cfi_endproc
 466              	.LFE169:
 468              		.section	.text.memp_free_pool,"ax",%progbits
 469              		.align	1
 470              		.global	memp_free_pool
 471              		.syntax unified
 472              		.thumb
 473              		.thumb_func
 474              		.fpu fpv5-sp-d16
 476              	memp_free_pool:
 477              	.LVL41:
 478              	.LFB171:
 444:Middlewares/Third_Party/LwIP/src/core/memp.c **** 
 445:Middlewares/Third_Party/LwIP/src/core/memp.c **** /**
 446:Middlewares/Third_Party/LwIP/src/core/memp.c ****  * Put a custom pool element back into its pool.
 447:Middlewares/Third_Party/LwIP/src/core/memp.c ****  *
 448:Middlewares/Third_Party/LwIP/src/core/memp.c ****  * @param desc the pool where to put mem
 449:Middlewares/Third_Party/LwIP/src/core/memp.c ****  * @param mem the memp element to free
 450:Middlewares/Third_Party/LwIP/src/core/memp.c ****  */
 451:Middlewares/Third_Party/LwIP/src/core/memp.c **** void
 452:Middlewares/Third_Party/LwIP/src/core/memp.c **** memp_free_pool(const struct memp_desc* desc, void *mem)
 453:Middlewares/Third_Party/LwIP/src/core/memp.c **** {
 479              		.loc 1 453 1 view -0
 480              		.cfi_startproc
 481              		@ args = 0, pretend = 0, frame = 0
ARM GAS  C:\Users\Nina\AppData\Local\Temp\cc8VbQ0J.s 			page 19


 482              		@ frame_needed = 0, uses_anonymous_args = 0
 483              		.loc 1 453 1 is_stmt 0 view .LVU122
 484 0000 38B5     		push	{r3, r4, r5, lr}
 485              	.LCFI5:
 486              		.cfi_def_cfa_offset 16
 487              		.cfi_offset 3, -16
 488              		.cfi_offset 4, -12
 489              		.cfi_offset 5, -8
 490              		.cfi_offset 14, -4
 491 0002 0C46     		mov	r4, r1
 454:Middlewares/Third_Party/LwIP/src/core/memp.c ****   LWIP_ASSERT("invalid pool desc", desc != NULL);
 492              		.loc 1 454 3 is_stmt 1 view .LVU123
 493              		.loc 1 454 3 view .LVU124
 494 0004 0546     		mov	r5, r0
 495 0006 38B1     		cbz	r0, .L45
 496              	.LVL42:
 497              	.L42:
 498              		.loc 1 454 3 discriminator 3 view .LVU125
 499              		.loc 1 454 3 discriminator 3 view .LVU126
 455:Middlewares/Third_Party/LwIP/src/core/memp.c ****   if ((desc == NULL) || (mem == NULL)) {
 500              		.loc 1 455 3 discriminator 3 view .LVU127
 501              		.loc 1 455 30 is_stmt 0 discriminator 3 view .LVU128
 502 0008 B4FA84F3 		clz	r3, r4
 503 000c 5B09     		lsrs	r3, r3, #5
 504              		.loc 1 455 22 discriminator 3 view .LVU129
 505 000e 002D     		cmp	r5, #0
 506 0010 08BF     		it	eq
 507 0012 0123     		moveq	r3, #1
 508              		.loc 1 455 6 discriminator 3 view .LVU130
 509 0014 43B1     		cbz	r3, .L46
 510              	.L41:
 456:Middlewares/Third_Party/LwIP/src/core/memp.c ****     return;
 457:Middlewares/Third_Party/LwIP/src/core/memp.c ****   }
 458:Middlewares/Third_Party/LwIP/src/core/memp.c **** 
 459:Middlewares/Third_Party/LwIP/src/core/memp.c ****   do_memp_free_pool(desc, mem);
 460:Middlewares/Third_Party/LwIP/src/core/memp.c **** }
 511              		.loc 1 460 1 view .LVU131
 512 0016 38BD     		pop	{r3, r4, r5, pc}
 513              	.LVL43:
 514              	.L45:
 454:Middlewares/Third_Party/LwIP/src/core/memp.c ****   if ((desc == NULL) || (mem == NULL)) {
 515              		.loc 1 454 3 is_stmt 1 discriminator 1 view .LVU132
 454:Middlewares/Third_Party/LwIP/src/core/memp.c ****   if ((desc == NULL) || (mem == NULL)) {
 516              		.loc 1 454 3 discriminator 1 view .LVU133
 517 0018 064B     		ldr	r3, .L47
 518 001a 4FF4E372 		mov	r2, #454
 519 001e 0649     		ldr	r1, .L47+4
 520              	.LVL44:
 454:Middlewares/Third_Party/LwIP/src/core/memp.c ****   if ((desc == NULL) || (mem == NULL)) {
 521              		.loc 1 454 3 is_stmt 0 discriminator 1 view .LVU134
 522 0020 0648     		ldr	r0, .L47+8
 523              	.LVL45:
 454:Middlewares/Third_Party/LwIP/src/core/memp.c ****   if ((desc == NULL) || (mem == NULL)) {
 524              		.loc 1 454 3 discriminator 1 view .LVU135
 525 0022 FFF7FEFF 		bl	printf
 526              	.LVL46:
 527 0026 EFE7     		b	.L42
ARM GAS  C:\Users\Nina\AppData\Local\Temp\cc8VbQ0J.s 			page 20


 528              	.L46:
 459:Middlewares/Third_Party/LwIP/src/core/memp.c **** }
 529              		.loc 1 459 3 is_stmt 1 view .LVU136
 530 0028 2146     		mov	r1, r4
 531 002a 2846     		mov	r0, r5
 532 002c FFF7FEFF 		bl	do_memp_free_pool
 533              	.LVL47:
 534 0030 F1E7     		b	.L41
 535              	.L48:
 536 0032 00BF     		.align	2
 537              	.L47:
 538 0034 00000000 		.word	.LC0
 539 0038 00000000 		.word	.LC4
 540 003c 54000000 		.word	.LC2
 541              		.cfi_endproc
 542              	.LFE171:
 544              		.section	.rodata.memp_free.str1.4,"aMS",%progbits,1
 545              		.align	2
 546              	.LC6:
 547 0000 6D656D70 		.ascii	"memp_free: type < MEMP_MAX\000"
 547      5F667265 
 547      653A2074 
 547      79706520 
 547      3C204D45 
 548              		.section	.text.memp_free,"ax",%progbits
 549              		.align	1
 550              		.global	memp_free
 551              		.syntax unified
 552              		.thumb
 553              		.thumb_func
 554              		.fpu fpv5-sp-d16
 556              	memp_free:
 557              	.LVL48:
 558              	.LFB172:
 461:Middlewares/Third_Party/LwIP/src/core/memp.c **** 
 462:Middlewares/Third_Party/LwIP/src/core/memp.c **** /**
 463:Middlewares/Third_Party/LwIP/src/core/memp.c ****  * Put an element back into its pool.
 464:Middlewares/Third_Party/LwIP/src/core/memp.c ****  *
 465:Middlewares/Third_Party/LwIP/src/core/memp.c ****  * @param type the pool where to put mem
 466:Middlewares/Third_Party/LwIP/src/core/memp.c ****  * @param mem the memp element to free
 467:Middlewares/Third_Party/LwIP/src/core/memp.c ****  */
 468:Middlewares/Third_Party/LwIP/src/core/memp.c **** void
 469:Middlewares/Third_Party/LwIP/src/core/memp.c **** memp_free(memp_t type, void *mem)
 470:Middlewares/Third_Party/LwIP/src/core/memp.c **** {
 559              		.loc 1 470 1 view -0
 560              		.cfi_startproc
 561              		@ args = 0, pretend = 0, frame = 0
 562              		@ frame_needed = 0, uses_anonymous_args = 0
 563              		.loc 1 470 1 is_stmt 0 view .LVU138
 564 0000 08B5     		push	{r3, lr}
 565              	.LCFI6:
 566              		.cfi_def_cfa_offset 8
 567              		.cfi_offset 3, -8
 568              		.cfi_offset 14, -4
 471:Middlewares/Third_Party/LwIP/src/core/memp.c **** #ifdef LWIP_HOOK_MEMP_AVAILABLE
 472:Middlewares/Third_Party/LwIP/src/core/memp.c ****   struct memp *old_first;
 473:Middlewares/Third_Party/LwIP/src/core/memp.c **** #endif
ARM GAS  C:\Users\Nina\AppData\Local\Temp\cc8VbQ0J.s 			page 21


 474:Middlewares/Third_Party/LwIP/src/core/memp.c **** 
 475:Middlewares/Third_Party/LwIP/src/core/memp.c ****   LWIP_ERROR("memp_free: type < MEMP_MAX", (type < MEMP_MAX), return;);
 569              		.loc 1 475 3 is_stmt 1 view .LVU139
 570              		.loc 1 475 3 view .LVU140
 571 0002 0D28     		cmp	r0, #13
 572 0004 06D8     		bhi	.L53
 573              		.loc 1 475 3 discriminator 2 view .LVU141
 574              		.loc 1 475 3 discriminator 2 view .LVU142
 476:Middlewares/Third_Party/LwIP/src/core/memp.c **** 
 477:Middlewares/Third_Party/LwIP/src/core/memp.c ****   if (mem == NULL) {
 575              		.loc 1 477 3 discriminator 2 view .LVU143
 576              		.loc 1 477 6 is_stmt 0 discriminator 2 view .LVU144
 577 0006 21B1     		cbz	r1, .L49
 478:Middlewares/Third_Party/LwIP/src/core/memp.c ****     return;
 479:Middlewares/Third_Party/LwIP/src/core/memp.c ****   }
 480:Middlewares/Third_Party/LwIP/src/core/memp.c **** 
 481:Middlewares/Third_Party/LwIP/src/core/memp.c **** #if MEMP_OVERFLOW_CHECK >= 2
 482:Middlewares/Third_Party/LwIP/src/core/memp.c ****   memp_overflow_check_all();
 483:Middlewares/Third_Party/LwIP/src/core/memp.c **** #endif /* MEMP_OVERFLOW_CHECK >= 2 */
 484:Middlewares/Third_Party/LwIP/src/core/memp.c **** 
 485:Middlewares/Third_Party/LwIP/src/core/memp.c **** #ifdef LWIP_HOOK_MEMP_AVAILABLE
 486:Middlewares/Third_Party/LwIP/src/core/memp.c ****   old_first = *memp_pools[type]->tab;
 487:Middlewares/Third_Party/LwIP/src/core/memp.c **** #endif
 488:Middlewares/Third_Party/LwIP/src/core/memp.c **** 
 489:Middlewares/Third_Party/LwIP/src/core/memp.c ****   do_memp_free_pool(memp_pools[type], mem);
 578              		.loc 1 489 3 is_stmt 1 view .LVU145
 579 0008 064B     		ldr	r3, .L54
 580 000a 53F82000 		ldr	r0, [r3, r0, lsl #2]
 581              	.LVL49:
 582              		.loc 1 489 3 is_stmt 0 view .LVU146
 583 000e FFF7FEFF 		bl	do_memp_free_pool
 584              	.LVL50:
 585              	.L49:
 490:Middlewares/Third_Party/LwIP/src/core/memp.c **** 
 491:Middlewares/Third_Party/LwIP/src/core/memp.c **** #ifdef LWIP_HOOK_MEMP_AVAILABLE
 492:Middlewares/Third_Party/LwIP/src/core/memp.c ****   if (old_first == NULL) {
 493:Middlewares/Third_Party/LwIP/src/core/memp.c ****     LWIP_HOOK_MEMP_AVAILABLE(type);
 494:Middlewares/Third_Party/LwIP/src/core/memp.c ****   }
 495:Middlewares/Third_Party/LwIP/src/core/memp.c **** #endif
 496:Middlewares/Third_Party/LwIP/src/core/memp.c **** }
 586              		.loc 1 496 1 view .LVU147
 587 0012 08BD     		pop	{r3, pc}
 588              	.LVL51:
 589              	.L53:
 475:Middlewares/Third_Party/LwIP/src/core/memp.c **** 
 590              		.loc 1 475 3 is_stmt 1 discriminator 1 view .LVU148
 475:Middlewares/Third_Party/LwIP/src/core/memp.c **** 
 591              		.loc 1 475 3 discriminator 1 view .LVU149
 592 0014 044B     		ldr	r3, .L54+4
 593 0016 40F2DB12 		movw	r2, #475
 594 001a 0449     		ldr	r1, .L54+8
 595              	.LVL52:
 475:Middlewares/Third_Party/LwIP/src/core/memp.c **** 
 596              		.loc 1 475 3 is_stmt 0 discriminator 1 view .LVU150
 597 001c 0448     		ldr	r0, .L54+12
 598              	.LVL53:
 475:Middlewares/Third_Party/LwIP/src/core/memp.c **** 
ARM GAS  C:\Users\Nina\AppData\Local\Temp\cc8VbQ0J.s 			page 22


 599              		.loc 1 475 3 discriminator 1 view .LVU151
 600 001e FFF7FEFF 		bl	printf
 601              	.LVL54:
 475:Middlewares/Third_Party/LwIP/src/core/memp.c **** 
 602              		.loc 1 475 3 is_stmt 1 discriminator 1 view .LVU152
 475:Middlewares/Third_Party/LwIP/src/core/memp.c **** 
 603              		.loc 1 475 3 discriminator 1 view .LVU153
 604 0022 F6E7     		b	.L49
 605              	.L55:
 606              		.align	2
 607              	.L54:
 608 0024 00000000 		.word	.LANCHOR0
 609 0028 00000000 		.word	.LC0
 610 002c 00000000 		.word	.LC6
 611 0030 54000000 		.word	.LC2
 612              		.cfi_endproc
 613              	.LFE172:
 615              		.global	memp_pools
 616              		.global	memp_PBUF_POOL
 617              		.comm	memp_memory_PBUF_POOL_base,9731,4
 618              		.global	memp_PBUF
 619              		.comm	memp_memory_PBUF_base,259,4
 620              		.global	memp_NETDB
 621              		.comm	memp_memory_NETDB_base,311,4
 622              		.global	memp_SYS_TIMEOUT
 623              		.comm	memp_memory_SYS_TIMEOUT_base,99,4
 624              		.global	memp_TCPIP_MSG_INPKT
 625              		.comm	memp_memory_TCPIP_MSG_INPKT_base,131,4
 626              		.global	memp_TCPIP_MSG_API
 627              		.comm	memp_memory_TCPIP_MSG_API_base,131,4
 628              		.global	memp_NETCONN
 629              		.comm	memp_memory_NETCONN_base,179,4
 630              		.global	memp_NETBUF
 631              		.comm	memp_memory_NETBUF_base,35,4
 632              		.global	memp_FRAG_PBUF
 633              		.comm	memp_memory_FRAG_PBUF_base,363,4
 634              		.global	memp_REASSDATA
 635              		.comm	memp_memory_REASSDATA_base,163,4
 636              		.global	memp_TCP_SEG
 637              		.comm	memp_memory_TCP_SEG_base,259,4
 638              		.global	memp_TCP_PCB_LISTEN
 639              		.comm	memp_memory_TCP_PCB_LISTEN_base,227,4
 640              		.global	memp_TCP_PCB
 641              		.comm	memp_memory_TCP_PCB_base,763,4
 642              		.global	memp_UDP_PCB
 643              		.comm	memp_memory_UDP_PCB_base,131,4
 644              		.section	.bss.memp_tab_FRAG_PBUF,"aw",%nobits
 645              		.align	2
 648              	memp_tab_FRAG_PBUF:
 649 0000 00000000 		.space	4
 650              		.section	.bss.memp_tab_NETBUF,"aw",%nobits
 651              		.align	2
 654              	memp_tab_NETBUF:
 655 0000 00000000 		.space	4
 656              		.section	.bss.memp_tab_NETCONN,"aw",%nobits
 657              		.align	2
 660              	memp_tab_NETCONN:
ARM GAS  C:\Users\Nina\AppData\Local\Temp\cc8VbQ0J.s 			page 23


 661 0000 00000000 		.space	4
 662              		.section	.bss.memp_tab_NETDB,"aw",%nobits
 663              		.align	2
 666              	memp_tab_NETDB:
 667 0000 00000000 		.space	4
 668              		.section	.bss.memp_tab_PBUF,"aw",%nobits
 669              		.align	2
 672              	memp_tab_PBUF:
 673 0000 00000000 		.space	4
 674              		.section	.bss.memp_tab_PBUF_POOL,"aw",%nobits
 675              		.align	2
 678              	memp_tab_PBUF_POOL:
 679 0000 00000000 		.space	4
 680              		.section	.bss.memp_tab_REASSDATA,"aw",%nobits
 681              		.align	2
 684              	memp_tab_REASSDATA:
 685 0000 00000000 		.space	4
 686              		.section	.bss.memp_tab_SYS_TIMEOUT,"aw",%nobits
 687              		.align	2
 690              	memp_tab_SYS_TIMEOUT:
 691 0000 00000000 		.space	4
 692              		.section	.bss.memp_tab_TCPIP_MSG_API,"aw",%nobits
 693              		.align	2
 696              	memp_tab_TCPIP_MSG_API:
 697 0000 00000000 		.space	4
 698              		.section	.bss.memp_tab_TCPIP_MSG_INPKT,"aw",%nobits
 699              		.align	2
 702              	memp_tab_TCPIP_MSG_INPKT:
 703 0000 00000000 		.space	4
 704              		.section	.bss.memp_tab_TCP_PCB,"aw",%nobits
 705              		.align	2
 708              	memp_tab_TCP_PCB:
 709 0000 00000000 		.space	4
 710              		.section	.bss.memp_tab_TCP_PCB_LISTEN,"aw",%nobits
 711              		.align	2
 714              	memp_tab_TCP_PCB_LISTEN:
 715 0000 00000000 		.space	4
 716              		.section	.bss.memp_tab_TCP_SEG,"aw",%nobits
 717              		.align	2
 720              	memp_tab_TCP_SEG:
 721 0000 00000000 		.space	4
 722              		.section	.bss.memp_tab_UDP_PCB,"aw",%nobits
 723              		.align	2
 726              	memp_tab_UDP_PCB:
 727 0000 00000000 		.space	4
 728              		.section	.rodata.memp_FRAG_PBUF,"a"
 729              		.align	2
 732              	memp_FRAG_PBUF:
 733 0000 1800     		.short	24
 734 0002 0F00     		.short	15
 735 0004 00000000 		.word	memp_memory_FRAG_PBUF_base
 736 0008 00000000 		.word	memp_tab_FRAG_PBUF
 737              		.section	.rodata.memp_NETBUF,"a"
 738              		.align	2
 741              	memp_NETBUF:
 742 0000 1000     		.short	16
 743 0002 0200     		.short	2
ARM GAS  C:\Users\Nina\AppData\Local\Temp\cc8VbQ0J.s 			page 24


 744 0004 00000000 		.word	memp_memory_NETBUF_base
 745 0008 00000000 		.word	memp_tab_NETBUF
 746              		.section	.rodata.memp_NETCONN,"a"
 747              		.align	2
 750              	memp_NETCONN:
 751 0000 2C00     		.short	44
 752 0002 0400     		.short	4
 753 0004 00000000 		.word	memp_memory_NETCONN_base
 754 0008 00000000 		.word	memp_tab_NETCONN
 755              		.section	.rodata.memp_NETDB,"a"
 756              		.align	2
 759              	memp_NETDB:
 760 0000 3401     		.short	308
 761 0002 0100     		.short	1
 762 0004 00000000 		.word	memp_memory_NETDB_base
 763 0008 00000000 		.word	memp_tab_NETDB
 764              		.section	.rodata.memp_PBUF,"a"
 765              		.align	2
 768              	memp_PBUF:
 769 0000 1000     		.short	16
 770 0002 1000     		.short	16
 771 0004 00000000 		.word	memp_memory_PBUF_base
 772 0008 00000000 		.word	memp_tab_PBUF
 773              		.section	.rodata.memp_PBUF_POOL,"a"
 774              		.align	2
 777              	memp_PBUF_POOL:
 778 0000 6002     		.short	608
 779 0002 1000     		.short	16
 780 0004 00000000 		.word	memp_memory_PBUF_POOL_base
 781 0008 00000000 		.word	memp_tab_PBUF_POOL
 782              		.section	.rodata.memp_REASSDATA,"a"
 783              		.align	2
 786              	memp_REASSDATA:
 787 0000 2000     		.short	32
 788 0002 0500     		.short	5
 789 0004 00000000 		.word	memp_memory_REASSDATA_base
 790 0008 00000000 		.word	memp_tab_REASSDATA
 791              		.section	.rodata.memp_SYS_TIMEOUT,"a"
 792              		.align	2
 795              	memp_SYS_TIMEOUT:
 796 0000 1000     		.short	16
 797 0002 0600     		.short	6
 798 0004 00000000 		.word	memp_memory_SYS_TIMEOUT_base
 799 0008 00000000 		.word	memp_tab_SYS_TIMEOUT
 800              		.section	.rodata.memp_TCPIP_MSG_API,"a"
 801              		.align	2
 804              	memp_TCPIP_MSG_API:
 805 0000 1000     		.short	16
 806 0002 0800     		.short	8
 807 0004 00000000 		.word	memp_memory_TCPIP_MSG_API_base
 808 0008 00000000 		.word	memp_tab_TCPIP_MSG_API
 809              		.section	.rodata.memp_TCPIP_MSG_INPKT,"a"
 810              		.align	2
 813              	memp_TCPIP_MSG_INPKT:
 814 0000 1000     		.short	16
 815 0002 0800     		.short	8
 816 0004 00000000 		.word	memp_memory_TCPIP_MSG_INPKT_base
ARM GAS  C:\Users\Nina\AppData\Local\Temp\cc8VbQ0J.s 			page 25


 817 0008 00000000 		.word	memp_tab_TCPIP_MSG_INPKT
 818              		.section	.rodata.memp_TCP_PCB,"a"
 819              		.align	2
 822              	memp_TCP_PCB:
 823 0000 9800     		.short	152
 824 0002 0500     		.short	5
 825 0004 00000000 		.word	memp_memory_TCP_PCB_base
 826 0008 00000000 		.word	memp_tab_TCP_PCB
 827              		.section	.rodata.memp_TCP_PCB_LISTEN,"a"
 828              		.align	2
 831              	memp_TCP_PCB_LISTEN:
 832 0000 1C00     		.short	28
 833 0002 0800     		.short	8
 834 0004 00000000 		.word	memp_memory_TCP_PCB_LISTEN_base
 835 0008 00000000 		.word	memp_tab_TCP_PCB_LISTEN
 836              		.section	.rodata.memp_TCP_SEG,"a"
 837              		.align	2
 840              	memp_TCP_SEG:
 841 0000 1000     		.short	16
 842 0002 1000     		.short	16
 843 0004 00000000 		.word	memp_memory_TCP_SEG_base
 844 0008 00000000 		.word	memp_tab_TCP_SEG
 845              		.section	.rodata.memp_UDP_PCB,"a"
 846              		.align	2
 849              	memp_UDP_PCB:
 850 0000 2000     		.short	32
 851 0002 0400     		.short	4
 852 0004 00000000 		.word	memp_memory_UDP_PCB_base
 853 0008 00000000 		.word	memp_tab_UDP_PCB
 854              		.section	.rodata.memp_pools,"a"
 855              		.align	2
 856              		.set	.LANCHOR0,. + 0
 859              	memp_pools:
 860 0000 00000000 		.word	memp_UDP_PCB
 861 0004 00000000 		.word	memp_TCP_PCB
 862 0008 00000000 		.word	memp_TCP_PCB_LISTEN
 863 000c 00000000 		.word	memp_TCP_SEG
 864 0010 00000000 		.word	memp_REASSDATA
 865 0014 00000000 		.word	memp_FRAG_PBUF
 866 0018 00000000 		.word	memp_NETBUF
 867 001c 00000000 		.word	memp_NETCONN
 868 0020 00000000 		.word	memp_TCPIP_MSG_API
 869 0024 00000000 		.word	memp_TCPIP_MSG_INPKT
 870 0028 00000000 		.word	memp_SYS_TIMEOUT
 871 002c 00000000 		.word	memp_NETDB
 872 0030 00000000 		.word	memp_PBUF
 873 0034 00000000 		.word	memp_PBUF_POOL
 874              		.text
 875              	.Letext0:
 876              		.file 2 "c:\\program files (x86)\\gnu tools arm embedded\\9 2019-q4-major\\arm-none-eabi\\include\
 877              		.file 3 "c:\\program files (x86)\\gnu tools arm embedded\\9 2019-q4-major\\arm-none-eabi\\include\
 878              		.file 4 "Drivers/CMSIS/Include/core_cm7.h"
 879              		.file 5 "Drivers/CMSIS/Device/ST/STM32F7xx/Include/system_stm32f7xx.h"
 880              		.file 6 "c:\\program files (x86)\\gnu tools arm embedded\\9 2019-q4-major\\arm-none-eabi\\include\
 881              		.file 7 "c:\\program files (x86)\\gnu tools arm embedded\\9 2019-q4-major\\arm-none-eabi\\include\
 882              		.file 8 "c:\\program files (x86)\\gnu tools arm embedded\\9 2019-q4-major\\lib\\gcc\\arm-none-eabi
 883              		.file 9 "c:\\program files (x86)\\gnu tools arm embedded\\9 2019-q4-major\\arm-none-eabi\\include\
ARM GAS  C:\Users\Nina\AppData\Local\Temp\cc8VbQ0J.s 			page 26


 884              		.file 10 "c:\\program files (x86)\\gnu tools arm embedded\\9 2019-q4-major\\arm-none-eabi\\include
 885              		.file 11 "Middlewares/Third_Party/LwIP/system/arch/cc.h"
 886              		.file 12 "c:\\program files (x86)\\gnu tools arm embedded\\9 2019-q4-major\\arm-none-eabi\\include
 887              		.file 13 "Middlewares/Third_Party/LwIP/src/include/lwip/arch.h"
 888              		.file 14 "Middlewares/Third_Party/LwIP/src/include/lwip/memp.h"
 889              		.file 15 "Middlewares/Third_Party/LwIP/src/include/lwip/priv/memp_priv.h"
 890              		.file 16 "Middlewares/Third_Party/LwIP/src/include/lwip/err.h"
 891              		.file 17 "Middlewares/Third_Party/FreeRTOS/Source/include/queue.h"
 892              		.file 18 "Middlewares/Third_Party/FreeRTOS/Source/include/semphr.h"
 893              		.file 19 "Middlewares/Third_Party/FreeRTOS/Source/CMSIS_RTOS/cmsis_os.h"
 894              		.file 20 "Middlewares/Third_Party/LwIP/system/arch/sys_arch.h"
 895              		.file 21 "Middlewares/Third_Party/LwIP/src/include/lwip/pbuf.h"
 896              		.file 22 "Middlewares/Third_Party/LwIP/src/include/lwip/ip4_addr.h"
 897              		.file 23 "Middlewares/Third_Party/LwIP/src/include/lwip/ip_addr.h"
 898              		.file 24 "Middlewares/Third_Party/LwIP/src/include/lwip/netif.h"
 899              		.file 25 "Middlewares/Third_Party/LwIP/src/include/lwip/prot/ip4.h"
 900              		.file 26 "Middlewares/Third_Party/LwIP/src/include/lwip/ip.h"
 901              		.file 27 "Middlewares/Third_Party/LwIP/src/include/lwip/udp.h"
 902              		.file 28 "Middlewares/Third_Party/LwIP/src/include/lwip/tcp.h"
 903              		.file 29 "Middlewares/Third_Party/LwIP/src/include/lwip/priv/tcp_priv.h"
 904              		.file 30 "Middlewares/Third_Party/LwIP/src/include/lwip/prot/tcp.h"
 905              		.file 31 "Middlewares/Third_Party/LwIP/src/include/lwip/timeouts.h"
 906              		.file 32 "Middlewares/Third_Party/LwIP/src/include/lwip/tcpip.h"
 907              		.file 33 "Middlewares/Third_Party/LwIP/src/include/lwip/priv/api_msg.h"
 908              		.file 34 "Middlewares/Third_Party/LwIP/src/include/lwip/inet.h"
 909              		.file 35 "Middlewares/Third_Party/LwIP/src/include/lwip/errno.h"
 910              		.file 36 "Middlewares/Third_Party/LwIP/src/include/lwip/netdb.h"
 911              		.file 37 "Middlewares/Third_Party/LwIP/src/include/lwip/dns.h"
 912              		.file 38 "Middlewares/Third_Party/LwIP/src/include/lwip/priv/memp_std.h"
 913              		.file 39 "c:\\program files (x86)\\gnu tools arm embedded\\9 2019-q4-major\\arm-none-eabi\\include
 914              		.file 40 "Middlewares/Third_Party/LwIP/src/include/lwip/sys.h"
ARM GAS  C:\Users\Nina\AppData\Local\Temp\cc8VbQ0J.s 			page 27


DEFINED SYMBOLS
                            *ABS*:00000000 memp.c
C:\Users\Nina\AppData\Local\Temp\cc8VbQ0J.s:18     .rodata.do_memp_malloc_pool.str1.4:00000000 $d
C:\Users\Nina\AppData\Local\Temp\cc8VbQ0J.s:28     .text.do_memp_malloc_pool:00000000 $t
C:\Users\Nina\AppData\Local\Temp\cc8VbQ0J.s:35     .text.do_memp_malloc_pool:00000000 do_memp_malloc_pool
C:\Users\Nina\AppData\Local\Temp\cc8VbQ0J.s:116    .text.do_memp_malloc_pool:0000003c $d
C:\Users\Nina\AppData\Local\Temp\cc8VbQ0J.s:123    .rodata.do_memp_free_pool.str1.4:00000000 $d
C:\Users\Nina\AppData\Local\Temp\cc8VbQ0J.s:127    .text.do_memp_free_pool:00000000 $t
C:\Users\Nina\AppData\Local\Temp\cc8VbQ0J.s:133    .text.do_memp_free_pool:00000000 do_memp_free_pool
C:\Users\Nina\AppData\Local\Temp\cc8VbQ0J.s:199    .text.do_memp_free_pool:00000030 $d
C:\Users\Nina\AppData\Local\Temp\cc8VbQ0J.s:206    .text.memp_init_pool:00000000 $t
C:\Users\Nina\AppData\Local\Temp\cc8VbQ0J.s:213    .text.memp_init_pool:00000000 memp_init_pool
C:\Users\Nina\AppData\Local\Temp\cc8VbQ0J.s:273    .text.memp_init:00000000 $t
C:\Users\Nina\AppData\Local\Temp\cc8VbQ0J.s:280    .text.memp_init:00000000 memp_init
C:\Users\Nina\AppData\Local\Temp\cc8VbQ0J.s:324    .text.memp_init:0000001c $d
C:\Users\Nina\AppData\Local\Temp\cc8VbQ0J.s:329    .rodata.memp_malloc_pool.str1.4:00000000 $d
C:\Users\Nina\AppData\Local\Temp\cc8VbQ0J.s:333    .text.memp_malloc_pool:00000000 $t
C:\Users\Nina\AppData\Local\Temp\cc8VbQ0J.s:340    .text.memp_malloc_pool:00000000 memp_malloc_pool
C:\Users\Nina\AppData\Local\Temp\cc8VbQ0J.s:392    .text.memp_malloc_pool:00000024 $d
C:\Users\Nina\AppData\Local\Temp\cc8VbQ0J.s:399    .rodata.memp_malloc.str1.4:00000000 $d
C:\Users\Nina\AppData\Local\Temp\cc8VbQ0J.s:403    .text.memp_malloc:00000000 $t
C:\Users\Nina\AppData\Local\Temp\cc8VbQ0J.s:410    .text.memp_malloc:00000000 memp_malloc
C:\Users\Nina\AppData\Local\Temp\cc8VbQ0J.s:461    .text.memp_malloc:00000024 $d
C:\Users\Nina\AppData\Local\Temp\cc8VbQ0J.s:469    .text.memp_free_pool:00000000 $t
C:\Users\Nina\AppData\Local\Temp\cc8VbQ0J.s:476    .text.memp_free_pool:00000000 memp_free_pool
C:\Users\Nina\AppData\Local\Temp\cc8VbQ0J.s:538    .text.memp_free_pool:00000034 $d
C:\Users\Nina\AppData\Local\Temp\cc8VbQ0J.s:545    .rodata.memp_free.str1.4:00000000 $d
C:\Users\Nina\AppData\Local\Temp\cc8VbQ0J.s:549    .text.memp_free:00000000 $t
C:\Users\Nina\AppData\Local\Temp\cc8VbQ0J.s:556    .text.memp_free:00000000 memp_free
C:\Users\Nina\AppData\Local\Temp\cc8VbQ0J.s:608    .text.memp_free:00000024 $d
C:\Users\Nina\AppData\Local\Temp\cc8VbQ0J.s:859    .rodata.memp_pools:00000000 memp_pools
C:\Users\Nina\AppData\Local\Temp\cc8VbQ0J.s:777    .rodata.memp_PBUF_POOL:00000000 memp_PBUF_POOL
                            *COM*:00002603 memp_memory_PBUF_POOL_base
C:\Users\Nina\AppData\Local\Temp\cc8VbQ0J.s:768    .rodata.memp_PBUF:00000000 memp_PBUF
                            *COM*:00000103 memp_memory_PBUF_base
C:\Users\Nina\AppData\Local\Temp\cc8VbQ0J.s:759    .rodata.memp_NETDB:00000000 memp_NETDB
                            *COM*:00000137 memp_memory_NETDB_base
C:\Users\Nina\AppData\Local\Temp\cc8VbQ0J.s:795    .rodata.memp_SYS_TIMEOUT:00000000 memp_SYS_TIMEOUT
                            *COM*:00000063 memp_memory_SYS_TIMEOUT_base
C:\Users\Nina\AppData\Local\Temp\cc8VbQ0J.s:813    .rodata.memp_TCPIP_MSG_INPKT:00000000 memp_TCPIP_MSG_INPKT
                            *COM*:00000083 memp_memory_TCPIP_MSG_INPKT_base
C:\Users\Nina\AppData\Local\Temp\cc8VbQ0J.s:804    .rodata.memp_TCPIP_MSG_API:00000000 memp_TCPIP_MSG_API
                            *COM*:00000083 memp_memory_TCPIP_MSG_API_base
C:\Users\Nina\AppData\Local\Temp\cc8VbQ0J.s:750    .rodata.memp_NETCONN:00000000 memp_NETCONN
                            *COM*:000000b3 memp_memory_NETCONN_base
C:\Users\Nina\AppData\Local\Temp\cc8VbQ0J.s:741    .rodata.memp_NETBUF:00000000 memp_NETBUF
                            *COM*:00000023 memp_memory_NETBUF_base
C:\Users\Nina\AppData\Local\Temp\cc8VbQ0J.s:732    .rodata.memp_FRAG_PBUF:00000000 memp_FRAG_PBUF
                            *COM*:0000016b memp_memory_FRAG_PBUF_base
C:\Users\Nina\AppData\Local\Temp\cc8VbQ0J.s:786    .rodata.memp_REASSDATA:00000000 memp_REASSDATA
                            *COM*:000000a3 memp_memory_REASSDATA_base
C:\Users\Nina\AppData\Local\Temp\cc8VbQ0J.s:840    .rodata.memp_TCP_SEG:00000000 memp_TCP_SEG
                            *COM*:00000103 memp_memory_TCP_SEG_base
C:\Users\Nina\AppData\Local\Temp\cc8VbQ0J.s:831    .rodata.memp_TCP_PCB_LISTEN:00000000 memp_TCP_PCB_LISTEN
                            *COM*:000000e3 memp_memory_TCP_PCB_LISTEN_base
C:\Users\Nina\AppData\Local\Temp\cc8VbQ0J.s:822    .rodata.memp_TCP_PCB:00000000 memp_TCP_PCB
                            *COM*:000002fb memp_memory_TCP_PCB_base
ARM GAS  C:\Users\Nina\AppData\Local\Temp\cc8VbQ0J.s 			page 28


C:\Users\Nina\AppData\Local\Temp\cc8VbQ0J.s:849    .rodata.memp_UDP_PCB:00000000 memp_UDP_PCB
                            *COM*:00000083 memp_memory_UDP_PCB_base
C:\Users\Nina\AppData\Local\Temp\cc8VbQ0J.s:645    .bss.memp_tab_FRAG_PBUF:00000000 $d
C:\Users\Nina\AppData\Local\Temp\cc8VbQ0J.s:648    .bss.memp_tab_FRAG_PBUF:00000000 memp_tab_FRAG_PBUF
C:\Users\Nina\AppData\Local\Temp\cc8VbQ0J.s:651    .bss.memp_tab_NETBUF:00000000 $d
C:\Users\Nina\AppData\Local\Temp\cc8VbQ0J.s:654    .bss.memp_tab_NETBUF:00000000 memp_tab_NETBUF
C:\Users\Nina\AppData\Local\Temp\cc8VbQ0J.s:657    .bss.memp_tab_NETCONN:00000000 $d
C:\Users\Nina\AppData\Local\Temp\cc8VbQ0J.s:660    .bss.memp_tab_NETCONN:00000000 memp_tab_NETCONN
C:\Users\Nina\AppData\Local\Temp\cc8VbQ0J.s:663    .bss.memp_tab_NETDB:00000000 $d
C:\Users\Nina\AppData\Local\Temp\cc8VbQ0J.s:666    .bss.memp_tab_NETDB:00000000 memp_tab_NETDB
C:\Users\Nina\AppData\Local\Temp\cc8VbQ0J.s:669    .bss.memp_tab_PBUF:00000000 $d
C:\Users\Nina\AppData\Local\Temp\cc8VbQ0J.s:672    .bss.memp_tab_PBUF:00000000 memp_tab_PBUF
C:\Users\Nina\AppData\Local\Temp\cc8VbQ0J.s:675    .bss.memp_tab_PBUF_POOL:00000000 $d
C:\Users\Nina\AppData\Local\Temp\cc8VbQ0J.s:678    .bss.memp_tab_PBUF_POOL:00000000 memp_tab_PBUF_POOL
C:\Users\Nina\AppData\Local\Temp\cc8VbQ0J.s:681    .bss.memp_tab_REASSDATA:00000000 $d
C:\Users\Nina\AppData\Local\Temp\cc8VbQ0J.s:684    .bss.memp_tab_REASSDATA:00000000 memp_tab_REASSDATA
C:\Users\Nina\AppData\Local\Temp\cc8VbQ0J.s:687    .bss.memp_tab_SYS_TIMEOUT:00000000 $d
C:\Users\Nina\AppData\Local\Temp\cc8VbQ0J.s:690    .bss.memp_tab_SYS_TIMEOUT:00000000 memp_tab_SYS_TIMEOUT
C:\Users\Nina\AppData\Local\Temp\cc8VbQ0J.s:693    .bss.memp_tab_TCPIP_MSG_API:00000000 $d
C:\Users\Nina\AppData\Local\Temp\cc8VbQ0J.s:696    .bss.memp_tab_TCPIP_MSG_API:00000000 memp_tab_TCPIP_MSG_API
C:\Users\Nina\AppData\Local\Temp\cc8VbQ0J.s:699    .bss.memp_tab_TCPIP_MSG_INPKT:00000000 $d
C:\Users\Nina\AppData\Local\Temp\cc8VbQ0J.s:702    .bss.memp_tab_TCPIP_MSG_INPKT:00000000 memp_tab_TCPIP_MSG_INPKT
C:\Users\Nina\AppData\Local\Temp\cc8VbQ0J.s:705    .bss.memp_tab_TCP_PCB:00000000 $d
C:\Users\Nina\AppData\Local\Temp\cc8VbQ0J.s:708    .bss.memp_tab_TCP_PCB:00000000 memp_tab_TCP_PCB
C:\Users\Nina\AppData\Local\Temp\cc8VbQ0J.s:711    .bss.memp_tab_TCP_PCB_LISTEN:00000000 $d
C:\Users\Nina\AppData\Local\Temp\cc8VbQ0J.s:714    .bss.memp_tab_TCP_PCB_LISTEN:00000000 memp_tab_TCP_PCB_LISTEN
C:\Users\Nina\AppData\Local\Temp\cc8VbQ0J.s:717    .bss.memp_tab_TCP_SEG:00000000 $d
C:\Users\Nina\AppData\Local\Temp\cc8VbQ0J.s:720    .bss.memp_tab_TCP_SEG:00000000 memp_tab_TCP_SEG
C:\Users\Nina\AppData\Local\Temp\cc8VbQ0J.s:723    .bss.memp_tab_UDP_PCB:00000000 $d
C:\Users\Nina\AppData\Local\Temp\cc8VbQ0J.s:726    .bss.memp_tab_UDP_PCB:00000000 memp_tab_UDP_PCB
C:\Users\Nina\AppData\Local\Temp\cc8VbQ0J.s:729    .rodata.memp_FRAG_PBUF:00000000 $d
C:\Users\Nina\AppData\Local\Temp\cc8VbQ0J.s:738    .rodata.memp_NETBUF:00000000 $d
C:\Users\Nina\AppData\Local\Temp\cc8VbQ0J.s:747    .rodata.memp_NETCONN:00000000 $d
C:\Users\Nina\AppData\Local\Temp\cc8VbQ0J.s:756    .rodata.memp_NETDB:00000000 $d
C:\Users\Nina\AppData\Local\Temp\cc8VbQ0J.s:765    .rodata.memp_PBUF:00000000 $d
C:\Users\Nina\AppData\Local\Temp\cc8VbQ0J.s:774    .rodata.memp_PBUF_POOL:00000000 $d
C:\Users\Nina\AppData\Local\Temp\cc8VbQ0J.s:783    .rodata.memp_REASSDATA:00000000 $d
C:\Users\Nina\AppData\Local\Temp\cc8VbQ0J.s:792    .rodata.memp_SYS_TIMEOUT:00000000 $d
C:\Users\Nina\AppData\Local\Temp\cc8VbQ0J.s:801    .rodata.memp_TCPIP_MSG_API:00000000 $d
C:\Users\Nina\AppData\Local\Temp\cc8VbQ0J.s:810    .rodata.memp_TCPIP_MSG_INPKT:00000000 $d
C:\Users\Nina\AppData\Local\Temp\cc8VbQ0J.s:819    .rodata.memp_TCP_PCB:00000000 $d
C:\Users\Nina\AppData\Local\Temp\cc8VbQ0J.s:828    .rodata.memp_TCP_PCB_LISTEN:00000000 $d
C:\Users\Nina\AppData\Local\Temp\cc8VbQ0J.s:837    .rodata.memp_TCP_SEG:00000000 $d
C:\Users\Nina\AppData\Local\Temp\cc8VbQ0J.s:846    .rodata.memp_UDP_PCB:00000000 $d
C:\Users\Nina\AppData\Local\Temp\cc8VbQ0J.s:855    .rodata.memp_pools:00000000 $d

UNDEFINED SYMBOLS
sys_arch_protect
sys_arch_unprotect
printf
