ARM GAS  C:\Users\Nina\AppData\Local\Temp\ccNNjV2G.s 			page 1


   1              		.cpu cortex-m7
   2              		.eabi_attribute 27, 1
   3              		.eabi_attribute 28, 1
   4              		.eabi_attribute 20, 1
   5              		.eabi_attribute 21, 1
   6              		.eabi_attribute 23, 3
   7              		.eabi_attribute 24, 1
   8              		.eabi_attribute 25, 1
   9              		.eabi_attribute 26, 1
  10              		.eabi_attribute 30, 1
  11              		.eabi_attribute 34, 1
  12              		.eabi_attribute 18, 4
  13              		.file	"netdb.c"
  14              		.text
  15              	.Ltext0:
  16              		.cfi_sections	.debug_frame
  17              		.section	.text.lwip_gethostbyname,"ax",%progbits
  18              		.align	1
  19              		.global	lwip_gethostbyname
  20              		.arch armv7e-m
  21              		.syntax unified
  22              		.thumb
  23              		.thumb_func
  24              		.fpu fpv5-sp-d16
  26              	lwip_gethostbyname:
  27              	.LVL0:
  28              	.LFB165:
  29              		.file 1 "Middlewares/Third_Party/LwIP/src/api/netdb.c"
   1:Middlewares/Third_Party/LwIP/src/api/netdb.c **** /**
   2:Middlewares/Third_Party/LwIP/src/api/netdb.c ****  * @file
   3:Middlewares/Third_Party/LwIP/src/api/netdb.c ****  * API functions for name resolving
   4:Middlewares/Third_Party/LwIP/src/api/netdb.c ****  *
   5:Middlewares/Third_Party/LwIP/src/api/netdb.c ****  * @defgroup netdbapi NETDB API
   6:Middlewares/Third_Party/LwIP/src/api/netdb.c ****  * @ingroup socket
   7:Middlewares/Third_Party/LwIP/src/api/netdb.c ****  */
   8:Middlewares/Third_Party/LwIP/src/api/netdb.c **** 
   9:Middlewares/Third_Party/LwIP/src/api/netdb.c **** /*
  10:Middlewares/Third_Party/LwIP/src/api/netdb.c ****  * Redistribution and use in source and binary forms, with or without modification,
  11:Middlewares/Third_Party/LwIP/src/api/netdb.c ****  * are permitted provided that the following conditions are met:
  12:Middlewares/Third_Party/LwIP/src/api/netdb.c ****  *
  13:Middlewares/Third_Party/LwIP/src/api/netdb.c ****  * 1. Redistributions of source code must retain the above copyright notice,
  14:Middlewares/Third_Party/LwIP/src/api/netdb.c ****  *    this list of conditions and the following disclaimer.
  15:Middlewares/Third_Party/LwIP/src/api/netdb.c ****  * 2. Redistributions in binary form must reproduce the above copyright notice,
  16:Middlewares/Third_Party/LwIP/src/api/netdb.c ****  *    this list of conditions and the following disclaimer in the documentation
  17:Middlewares/Third_Party/LwIP/src/api/netdb.c ****  *    and/or other materials provided with the distribution.
  18:Middlewares/Third_Party/LwIP/src/api/netdb.c ****  * 3. The name of the author may not be used to endorse or promote products
  19:Middlewares/Third_Party/LwIP/src/api/netdb.c ****  *    derived from this software without specific prior written permission.
  20:Middlewares/Third_Party/LwIP/src/api/netdb.c ****  *
  21:Middlewares/Third_Party/LwIP/src/api/netdb.c ****  * THIS SOFTWARE IS PROVIDED BY THE AUTHOR ``AS IS'' AND ANY EXPRESS OR IMPLIED
  22:Middlewares/Third_Party/LwIP/src/api/netdb.c ****  * WARRANTIES, INCLUDING, BUT NOT LIMITED TO, THE IMPLIED WARRANTIES OF
  23:Middlewares/Third_Party/LwIP/src/api/netdb.c ****  * MERCHANTABILITY AND FITNESS FOR A PARTICULAR PURPOSE ARE DISCLAIMED. IN NO EVENT
  24:Middlewares/Third_Party/LwIP/src/api/netdb.c ****  * SHALL THE AUTHOR BE LIABLE FOR ANY DIRECT, INDIRECT, INCIDENTAL, SPECIAL,
  25:Middlewares/Third_Party/LwIP/src/api/netdb.c ****  * EXEMPLARY, OR CONSEQUENTIAL DAMAGES (INCLUDING, BUT NOT LIMITED TO, PROCUREMENT
  26:Middlewares/Third_Party/LwIP/src/api/netdb.c ****  * OF SUBSTITUTE GOODS OR SERVICES; LOSS OF USE, DATA, OR PROFITS; OR BUSINESS
  27:Middlewares/Third_Party/LwIP/src/api/netdb.c ****  * INTERRUPTION) HOWEVER CAUSED AND ON ANY THEORY OF LIABILITY, WHETHER IN
  28:Middlewares/Third_Party/LwIP/src/api/netdb.c ****  * CONTRACT, STRICT LIABILITY, OR TORT (INCLUDING NEGLIGENCE OR OTHERWISE) ARISING
  29:Middlewares/Third_Party/LwIP/src/api/netdb.c ****  * IN ANY WAY OUT OF THE USE OF THIS SOFTWARE, EVEN IF ADVISED OF THE POSSIBILITY
ARM GAS  C:\Users\Nina\AppData\Local\Temp\ccNNjV2G.s 			page 2


  30:Middlewares/Third_Party/LwIP/src/api/netdb.c ****  * OF SUCH DAMAGE.
  31:Middlewares/Third_Party/LwIP/src/api/netdb.c ****  *
  32:Middlewares/Third_Party/LwIP/src/api/netdb.c ****  * This file is part of the lwIP TCP/IP stack.
  33:Middlewares/Third_Party/LwIP/src/api/netdb.c ****  *
  34:Middlewares/Third_Party/LwIP/src/api/netdb.c ****  * Author: Simon Goldschmidt
  35:Middlewares/Third_Party/LwIP/src/api/netdb.c ****  *
  36:Middlewares/Third_Party/LwIP/src/api/netdb.c ****  */
  37:Middlewares/Third_Party/LwIP/src/api/netdb.c **** 
  38:Middlewares/Third_Party/LwIP/src/api/netdb.c **** #include "lwip/netdb.h"
  39:Middlewares/Third_Party/LwIP/src/api/netdb.c **** 
  40:Middlewares/Third_Party/LwIP/src/api/netdb.c **** #if LWIP_DNS && LWIP_SOCKET
  41:Middlewares/Third_Party/LwIP/src/api/netdb.c **** 
  42:Middlewares/Third_Party/LwIP/src/api/netdb.c **** #include "lwip/err.h"
  43:Middlewares/Third_Party/LwIP/src/api/netdb.c **** #include "lwip/mem.h"
  44:Middlewares/Third_Party/LwIP/src/api/netdb.c **** #include "lwip/memp.h"
  45:Middlewares/Third_Party/LwIP/src/api/netdb.c **** #include "lwip/ip_addr.h"
  46:Middlewares/Third_Party/LwIP/src/api/netdb.c **** #include "lwip/api.h"
  47:Middlewares/Third_Party/LwIP/src/api/netdb.c **** #include "lwip/dns.h"
  48:Middlewares/Third_Party/LwIP/src/api/netdb.c **** 
  49:Middlewares/Third_Party/LwIP/src/api/netdb.c **** #include <string.h> /* memset */
  50:Middlewares/Third_Party/LwIP/src/api/netdb.c **** #include <stdlib.h> /* atoi */
  51:Middlewares/Third_Party/LwIP/src/api/netdb.c **** 
  52:Middlewares/Third_Party/LwIP/src/api/netdb.c **** /** helper struct for gethostbyname_r to access the char* buffer */
  53:Middlewares/Third_Party/LwIP/src/api/netdb.c **** struct gethostbyname_r_helper {
  54:Middlewares/Third_Party/LwIP/src/api/netdb.c ****   ip_addr_t *addr_list[2];
  55:Middlewares/Third_Party/LwIP/src/api/netdb.c ****   ip_addr_t addr;
  56:Middlewares/Third_Party/LwIP/src/api/netdb.c ****   char *aliases;
  57:Middlewares/Third_Party/LwIP/src/api/netdb.c **** };
  58:Middlewares/Third_Party/LwIP/src/api/netdb.c **** 
  59:Middlewares/Third_Party/LwIP/src/api/netdb.c **** /** h_errno is exported in netdb.h for access by applications. */
  60:Middlewares/Third_Party/LwIP/src/api/netdb.c **** #if LWIP_DNS_API_DECLARE_H_ERRNO
  61:Middlewares/Third_Party/LwIP/src/api/netdb.c **** int h_errno;
  62:Middlewares/Third_Party/LwIP/src/api/netdb.c **** #endif /* LWIP_DNS_API_DECLARE_H_ERRNO */
  63:Middlewares/Third_Party/LwIP/src/api/netdb.c **** 
  64:Middlewares/Third_Party/LwIP/src/api/netdb.c **** /** define "hostent" variables storage: 0 if we use a static (but unprotected)
  65:Middlewares/Third_Party/LwIP/src/api/netdb.c ****  * set of variables for lwip_gethostbyname, 1 if we use a local storage */
  66:Middlewares/Third_Party/LwIP/src/api/netdb.c **** #ifndef LWIP_DNS_API_HOSTENT_STORAGE
  67:Middlewares/Third_Party/LwIP/src/api/netdb.c **** #define LWIP_DNS_API_HOSTENT_STORAGE 0
  68:Middlewares/Third_Party/LwIP/src/api/netdb.c **** #endif
  69:Middlewares/Third_Party/LwIP/src/api/netdb.c **** 
  70:Middlewares/Third_Party/LwIP/src/api/netdb.c **** /** define "hostent" variables storage */
  71:Middlewares/Third_Party/LwIP/src/api/netdb.c **** #if LWIP_DNS_API_HOSTENT_STORAGE
  72:Middlewares/Third_Party/LwIP/src/api/netdb.c **** #define HOSTENT_STORAGE
  73:Middlewares/Third_Party/LwIP/src/api/netdb.c **** #else
  74:Middlewares/Third_Party/LwIP/src/api/netdb.c **** #define HOSTENT_STORAGE static
  75:Middlewares/Third_Party/LwIP/src/api/netdb.c **** #endif /* LWIP_DNS_API_STATIC_HOSTENT */
  76:Middlewares/Third_Party/LwIP/src/api/netdb.c **** 
  77:Middlewares/Third_Party/LwIP/src/api/netdb.c **** /**
  78:Middlewares/Third_Party/LwIP/src/api/netdb.c ****  * Returns an entry containing addresses of address family AF_INET
  79:Middlewares/Third_Party/LwIP/src/api/netdb.c ****  * for the host with name name.
  80:Middlewares/Third_Party/LwIP/src/api/netdb.c ****  * Due to dns_gethostbyname limitations, only one address is returned.
  81:Middlewares/Third_Party/LwIP/src/api/netdb.c ****  *
  82:Middlewares/Third_Party/LwIP/src/api/netdb.c ****  * @param name the hostname to resolve
  83:Middlewares/Third_Party/LwIP/src/api/netdb.c ****  * @return an entry containing addresses of address family AF_INET
  84:Middlewares/Third_Party/LwIP/src/api/netdb.c ****  *         for the host with name name
  85:Middlewares/Third_Party/LwIP/src/api/netdb.c ****  */
  86:Middlewares/Third_Party/LwIP/src/api/netdb.c **** struct hostent*
ARM GAS  C:\Users\Nina\AppData\Local\Temp\ccNNjV2G.s 			page 3


  87:Middlewares/Third_Party/LwIP/src/api/netdb.c **** lwip_gethostbyname(const char *name)
  88:Middlewares/Third_Party/LwIP/src/api/netdb.c **** {
  30              		.loc 1 88 1 view -0
  31              		.cfi_startproc
  32              		@ args = 0, pretend = 0, frame = 8
  33              		@ frame_needed = 0, uses_anonymous_args = 0
  34              		.loc 1 88 1 is_stmt 0 view .LVU1
  35 0000 F0B5     		push	{r4, r5, r6, r7, lr}
  36              	.LCFI0:
  37              		.cfi_def_cfa_offset 20
  38              		.cfi_offset 4, -20
  39              		.cfi_offset 5, -16
  40              		.cfi_offset 6, -12
  41              		.cfi_offset 7, -8
  42              		.cfi_offset 14, -4
  43 0002 83B0     		sub	sp, sp, #12
  44              	.LCFI1:
  45              		.cfi_def_cfa_offset 32
  46 0004 0446     		mov	r4, r0
  89:Middlewares/Third_Party/LwIP/src/api/netdb.c ****   err_t err;
  47              		.loc 1 89 3 is_stmt 1 view .LVU2
  90:Middlewares/Third_Party/LwIP/src/api/netdb.c ****   ip_addr_t addr;
  48              		.loc 1 90 3 view .LVU3
  91:Middlewares/Third_Party/LwIP/src/api/netdb.c **** 
  92:Middlewares/Third_Party/LwIP/src/api/netdb.c ****   /* buffer variables for lwip_gethostbyname() */
  93:Middlewares/Third_Party/LwIP/src/api/netdb.c ****   HOSTENT_STORAGE struct hostent s_hostent;
  49              		.loc 1 93 3 view .LVU4
  94:Middlewares/Third_Party/LwIP/src/api/netdb.c ****   HOSTENT_STORAGE char *s_aliases;
  50              		.loc 1 94 3 view .LVU5
  95:Middlewares/Third_Party/LwIP/src/api/netdb.c ****   HOSTENT_STORAGE ip_addr_t s_hostent_addr;
  51              		.loc 1 95 3 view .LVU6
  96:Middlewares/Third_Party/LwIP/src/api/netdb.c ****   HOSTENT_STORAGE ip_addr_t *s_phostent_addr[2];
  52              		.loc 1 96 3 view .LVU7
  97:Middlewares/Third_Party/LwIP/src/api/netdb.c ****   HOSTENT_STORAGE char s_hostname[DNS_MAX_NAME_LENGTH + 1];
  53              		.loc 1 97 3 view .LVU8
  98:Middlewares/Third_Party/LwIP/src/api/netdb.c **** 
  99:Middlewares/Third_Party/LwIP/src/api/netdb.c ****   /* query host IP address */
 100:Middlewares/Third_Party/LwIP/src/api/netdb.c ****   err = netconn_gethostbyname(name, &addr);
  54              		.loc 1 100 3 view .LVU9
  55              		.loc 1 100 9 is_stmt 0 view .LVU10
  56 0006 01A9     		add	r1, sp, #4
  57 0008 FFF7FEFF 		bl	netconn_gethostbyname
  58              	.LVL1:
 101:Middlewares/Third_Party/LwIP/src/api/netdb.c ****   if (err != ERR_OK) {
  59              		.loc 1 101 3 is_stmt 1 view .LVU11
  60              		.loc 1 101 6 is_stmt 0 view .LVU12
  61 000c D8B9     		cbnz	r0, .L5
 102:Middlewares/Third_Party/LwIP/src/api/netdb.c ****     LWIP_DEBUGF(DNS_DEBUG, ("lwip_gethostbyname(%s) failed, err=%d\n", name, err));
 103:Middlewares/Third_Party/LwIP/src/api/netdb.c ****     h_errno = HOST_NOT_FOUND;
 104:Middlewares/Third_Party/LwIP/src/api/netdb.c ****     return NULL;
 105:Middlewares/Third_Party/LwIP/src/api/netdb.c ****   }
 106:Middlewares/Third_Party/LwIP/src/api/netdb.c **** 
 107:Middlewares/Third_Party/LwIP/src/api/netdb.c ****   /* fill hostent */
 108:Middlewares/Third_Party/LwIP/src/api/netdb.c ****   s_hostent_addr = addr;
  62              		.loc 1 108 3 is_stmt 1 view .LVU13
  63              		.loc 1 108 18 is_stmt 0 view .LVU14
  64 000e 104B     		ldr	r3, .L6
ARM GAS  C:\Users\Nina\AppData\Local\Temp\ccNNjV2G.s 			page 4


  65 0010 019A     		ldr	r2, [sp, #4]
  66 0012 1A60     		str	r2, [r3]
 109:Middlewares/Third_Party/LwIP/src/api/netdb.c ****   s_phostent_addr[0] = &s_hostent_addr;
  67              		.loc 1 109 3 is_stmt 1 view .LVU15
  68              		.loc 1 109 22 is_stmt 0 view .LVU16
  69 0014 0F4D     		ldr	r5, .L6+4
  70 0016 2B60     		str	r3, [r5]
 110:Middlewares/Third_Party/LwIP/src/api/netdb.c ****   s_phostent_addr[1] = NULL;
  71              		.loc 1 110 3 is_stmt 1 view .LVU17
  72              		.loc 1 110 22 is_stmt 0 view .LVU18
  73 0018 0026     		movs	r6, #0
  74 001a 6E60     		str	r6, [r5, #4]
 111:Middlewares/Third_Party/LwIP/src/api/netdb.c ****   strncpy(s_hostname, name, DNS_MAX_NAME_LENGTH);
  75              		.loc 1 111 3 is_stmt 1 view .LVU19
  76 001c 0E4F     		ldr	r7, .L6+8
  77 001e 4FF48072 		mov	r2, #256
  78 0022 2146     		mov	r1, r4
  79 0024 3846     		mov	r0, r7
  80              	.LVL2:
  81              		.loc 1 111 3 is_stmt 0 view .LVU20
  82 0026 FFF7FEFF 		bl	strncpy
  83              	.LVL3:
 112:Middlewares/Third_Party/LwIP/src/api/netdb.c ****   s_hostname[DNS_MAX_NAME_LENGTH] = 0;
  84              		.loc 1 112 3 is_stmt 1 view .LVU21
  85              		.loc 1 112 35 is_stmt 0 view .LVU22
  86 002a 87F80061 		strb	r6, [r7, #256]
 113:Middlewares/Third_Party/LwIP/src/api/netdb.c ****   s_hostent.h_name = s_hostname;
  87              		.loc 1 113 3 is_stmt 1 view .LVU23
  88              		.loc 1 113 20 is_stmt 0 view .LVU24
  89 002e 0B48     		ldr	r0, .L6+12
  90 0030 0760     		str	r7, [r0]
 114:Middlewares/Third_Party/LwIP/src/api/netdb.c ****   s_aliases = NULL;
  91              		.loc 1 114 3 is_stmt 1 view .LVU25
  92              		.loc 1 114 13 is_stmt 0 view .LVU26
  93 0032 0B4B     		ldr	r3, .L6+16
  94 0034 1E60     		str	r6, [r3]
 115:Middlewares/Third_Party/LwIP/src/api/netdb.c ****   s_hostent.h_aliases = &s_aliases;
  95              		.loc 1 115 3 is_stmt 1 view .LVU27
  96              		.loc 1 115 23 is_stmt 0 view .LVU28
  97 0036 4360     		str	r3, [r0, #4]
 116:Middlewares/Third_Party/LwIP/src/api/netdb.c ****   s_hostent.h_addrtype = AF_INET;
  98              		.loc 1 116 3 is_stmt 1 view .LVU29
  99              		.loc 1 116 24 is_stmt 0 view .LVU30
 100 0038 0223     		movs	r3, #2
 101 003a 8360     		str	r3, [r0, #8]
 117:Middlewares/Third_Party/LwIP/src/api/netdb.c ****   s_hostent.h_length = sizeof(ip_addr_t);
 102              		.loc 1 117 3 is_stmt 1 view .LVU31
 103              		.loc 1 117 22 is_stmt 0 view .LVU32
 104 003c 0423     		movs	r3, #4
 105 003e C360     		str	r3, [r0, #12]
 118:Middlewares/Third_Party/LwIP/src/api/netdb.c ****   s_hostent.h_addr_list = (char**)&s_phostent_addr;
 106              		.loc 1 118 3 is_stmt 1 view .LVU33
 107              		.loc 1 118 25 is_stmt 0 view .LVU34
 108 0040 0561     		str	r5, [r0, #16]
 119:Middlewares/Third_Party/LwIP/src/api/netdb.c **** 
 120:Middlewares/Third_Party/LwIP/src/api/netdb.c **** #if DNS_DEBUG
 121:Middlewares/Third_Party/LwIP/src/api/netdb.c ****   /* dump hostent */
ARM GAS  C:\Users\Nina\AppData\Local\Temp\ccNNjV2G.s 			page 5


 122:Middlewares/Third_Party/LwIP/src/api/netdb.c ****   LWIP_DEBUGF(DNS_DEBUG, ("hostent.h_name           == %s\n", s_hostent.h_name));
 123:Middlewares/Third_Party/LwIP/src/api/netdb.c ****   LWIP_DEBUGF(DNS_DEBUG, ("hostent.h_aliases        == %p\n", (void*)s_hostent.h_aliases));
 124:Middlewares/Third_Party/LwIP/src/api/netdb.c ****   /* h_aliases are always empty */
 125:Middlewares/Third_Party/LwIP/src/api/netdb.c ****   LWIP_DEBUGF(DNS_DEBUG, ("hostent.h_addrtype       == %d\n", s_hostent.h_addrtype));
 126:Middlewares/Third_Party/LwIP/src/api/netdb.c ****   LWIP_DEBUGF(DNS_DEBUG, ("hostent.h_length         == %d\n", s_hostent.h_length));
 127:Middlewares/Third_Party/LwIP/src/api/netdb.c ****   LWIP_DEBUGF(DNS_DEBUG, ("hostent.h_addr_list      == %p\n", (void*)s_hostent.h_addr_list));
 128:Middlewares/Third_Party/LwIP/src/api/netdb.c ****   if (s_hostent.h_addr_list != NULL) {
 129:Middlewares/Third_Party/LwIP/src/api/netdb.c ****     u8_t idx;
 130:Middlewares/Third_Party/LwIP/src/api/netdb.c ****     for (idx=0; s_hostent.h_addr_list[idx]; idx++) {
 131:Middlewares/Third_Party/LwIP/src/api/netdb.c ****       LWIP_DEBUGF(DNS_DEBUG, ("hostent.h_addr_list[%i]   == %p\n", idx, s_hostent.h_addr_list[idx])
 132:Middlewares/Third_Party/LwIP/src/api/netdb.c ****       LWIP_DEBUGF(DNS_DEBUG, ("hostent.h_addr_list[%i]-> == %s\n", idx, ipaddr_ntoa((ip_addr_t*)s_h
 133:Middlewares/Third_Party/LwIP/src/api/netdb.c ****     }
 134:Middlewares/Third_Party/LwIP/src/api/netdb.c ****   }
 135:Middlewares/Third_Party/LwIP/src/api/netdb.c **** #endif /* DNS_DEBUG */
 136:Middlewares/Third_Party/LwIP/src/api/netdb.c **** 
 137:Middlewares/Third_Party/LwIP/src/api/netdb.c **** #if LWIP_DNS_API_HOSTENT_STORAGE
 138:Middlewares/Third_Party/LwIP/src/api/netdb.c ****   /* this function should return the "per-thread" hostent after copy from s_hostent */
 139:Middlewares/Third_Party/LwIP/src/api/netdb.c ****   return sys_thread_hostent(&s_hostent);
 140:Middlewares/Third_Party/LwIP/src/api/netdb.c **** #else
 141:Middlewares/Third_Party/LwIP/src/api/netdb.c ****   return &s_hostent;
 109              		.loc 1 141 3 is_stmt 1 view .LVU35
 110              	.L1:
 142:Middlewares/Third_Party/LwIP/src/api/netdb.c **** #endif /* LWIP_DNS_API_HOSTENT_STORAGE */
 143:Middlewares/Third_Party/LwIP/src/api/netdb.c **** }
 111              		.loc 1 143 1 is_stmt 0 view .LVU36
 112 0042 03B0     		add	sp, sp, #12
 113              	.LCFI2:
 114              		.cfi_remember_state
 115              		.cfi_def_cfa_offset 20
 116              		@ sp needed
 117 0044 F0BD     		pop	{r4, r5, r6, r7, pc}
 118              	.LVL4:
 119              	.L5:
 120              	.LCFI3:
 121              		.cfi_restore_state
 102:Middlewares/Third_Party/LwIP/src/api/netdb.c ****     h_errno = HOST_NOT_FOUND;
 122              		.loc 1 102 83 is_stmt 1 view .LVU37
 103:Middlewares/Third_Party/LwIP/src/api/netdb.c ****     return NULL;
 123              		.loc 1 103 5 view .LVU38
 103:Middlewares/Third_Party/LwIP/src/api/netdb.c ****     return NULL;
 124              		.loc 1 103 13 is_stmt 0 view .LVU39
 125 0046 074B     		ldr	r3, .L6+20
 126 0048 D222     		movs	r2, #210
 127 004a 1A60     		str	r2, [r3]
 104:Middlewares/Third_Party/LwIP/src/api/netdb.c ****   }
 128              		.loc 1 104 5 is_stmt 1 view .LVU40
 104:Middlewares/Third_Party/LwIP/src/api/netdb.c ****   }
 129              		.loc 1 104 12 is_stmt 0 view .LVU41
 130 004c 0020     		movs	r0, #0
 131              	.LVL5:
 104:Middlewares/Third_Party/LwIP/src/api/netdb.c ****   }
 132              		.loc 1 104 12 view .LVU42
 133 004e F8E7     		b	.L1
 134              	.L7:
 135              		.align	2
 136              	.L6:
 137 0050 00000000 		.word	.LANCHOR1
ARM GAS  C:\Users\Nina\AppData\Local\Temp\ccNNjV2G.s 			page 6


 138 0054 00000000 		.word	.LANCHOR2
 139 0058 00000000 		.word	.LANCHOR3
 140 005c 00000000 		.word	.LANCHOR0
 141 0060 00000000 		.word	.LANCHOR4
 142 0064 00000000 		.word	h_errno
 143              		.cfi_endproc
 144              	.LFE165:
 146              		.section	.text.lwip_gethostbyname_r,"ax",%progbits
 147              		.align	1
 148              		.global	lwip_gethostbyname_r
 149              		.syntax unified
 150              		.thumb
 151              		.thumb_func
 152              		.fpu fpv5-sp-d16
 154              	lwip_gethostbyname_r:
 155              	.LVL6:
 156              	.LFB166:
 144:Middlewares/Third_Party/LwIP/src/api/netdb.c **** 
 145:Middlewares/Third_Party/LwIP/src/api/netdb.c **** /**
 146:Middlewares/Third_Party/LwIP/src/api/netdb.c ****  * Thread-safe variant of lwip_gethostbyname: instead of using a static
 147:Middlewares/Third_Party/LwIP/src/api/netdb.c ****  * buffer, this function takes buffer and errno pointers as arguments
 148:Middlewares/Third_Party/LwIP/src/api/netdb.c ****  * and uses these for the result.
 149:Middlewares/Third_Party/LwIP/src/api/netdb.c ****  *
 150:Middlewares/Third_Party/LwIP/src/api/netdb.c ****  * @param name the hostname to resolve
 151:Middlewares/Third_Party/LwIP/src/api/netdb.c ****  * @param ret pre-allocated struct where to store the result
 152:Middlewares/Third_Party/LwIP/src/api/netdb.c ****  * @param buf pre-allocated buffer where to store additional data
 153:Middlewares/Third_Party/LwIP/src/api/netdb.c ****  * @param buflen the size of buf
 154:Middlewares/Third_Party/LwIP/src/api/netdb.c ****  * @param result pointer to a hostent pointer that is set to ret on success
 155:Middlewares/Third_Party/LwIP/src/api/netdb.c ****  *               and set to zero on error
 156:Middlewares/Third_Party/LwIP/src/api/netdb.c ****  * @param h_errnop pointer to an int where to store errors (instead of modifying
 157:Middlewares/Third_Party/LwIP/src/api/netdb.c ****  *                 the global h_errno)
 158:Middlewares/Third_Party/LwIP/src/api/netdb.c ****  * @return 0 on success, non-zero on error, additional error information
 159:Middlewares/Third_Party/LwIP/src/api/netdb.c ****  *         is stored in *h_errnop instead of h_errno to be thread-safe
 160:Middlewares/Third_Party/LwIP/src/api/netdb.c ****  */
 161:Middlewares/Third_Party/LwIP/src/api/netdb.c **** int
 162:Middlewares/Third_Party/LwIP/src/api/netdb.c **** lwip_gethostbyname_r(const char *name, struct hostent *ret, char *buf,
 163:Middlewares/Third_Party/LwIP/src/api/netdb.c ****                 size_t buflen, struct hostent **result, int *h_errnop)
 164:Middlewares/Third_Party/LwIP/src/api/netdb.c **** {
 157              		.loc 1 164 1 is_stmt 1 view -0
 158              		.cfi_startproc
 159              		@ args = 8, pretend = 0, frame = 8
 160              		@ frame_needed = 0, uses_anonymous_args = 0
 161              		.loc 1 164 1 is_stmt 0 view .LVU44
 162 0000 2DE9F04D 		push	{r4, r5, r6, r7, r8, r10, fp, lr}
 163              	.LCFI4:
 164              		.cfi_def_cfa_offset 32
 165              		.cfi_offset 4, -32
 166              		.cfi_offset 5, -28
 167              		.cfi_offset 6, -24
 168              		.cfi_offset 7, -20
 169              		.cfi_offset 8, -16
 170              		.cfi_offset 10, -12
 171              		.cfi_offset 11, -8
 172              		.cfi_offset 14, -4
 173 0004 82B0     		sub	sp, sp, #8
 174              	.LCFI5:
 175              		.cfi_def_cfa_offset 40
ARM GAS  C:\Users\Nina\AppData\Local\Temp\ccNNjV2G.s 			page 7


 176 0006 0746     		mov	r7, r0
 177 0008 0D46     		mov	r5, r1
 178 000a 1446     		mov	r4, r2
 179 000c 9A46     		mov	r10, r3
 180 000e 0A9E     		ldr	r6, [sp, #40]
 165:Middlewares/Third_Party/LwIP/src/api/netdb.c ****   err_t err;
 181              		.loc 1 165 3 is_stmt 1 view .LVU45
 166:Middlewares/Third_Party/LwIP/src/api/netdb.c ****   struct gethostbyname_r_helper *h;
 182              		.loc 1 166 3 view .LVU46
 167:Middlewares/Third_Party/LwIP/src/api/netdb.c ****   char *hostname;
 183              		.loc 1 167 3 view .LVU47
 168:Middlewares/Third_Party/LwIP/src/api/netdb.c ****   size_t namelen;
 184              		.loc 1 168 3 view .LVU48
 169:Middlewares/Third_Party/LwIP/src/api/netdb.c ****   int lh_errno;
 185              		.loc 1 169 3 view .LVU49
 170:Middlewares/Third_Party/LwIP/src/api/netdb.c **** 
 171:Middlewares/Third_Party/LwIP/src/api/netdb.c ****   if (h_errnop == NULL) {
 186              		.loc 1 171 3 view .LVU50
 187              		.loc 1 171 6 is_stmt 0 view .LVU51
 188 0010 0B9B     		ldr	r3, [sp, #44]
 189              	.LVL7:
 190              		.loc 1 171 6 view .LVU52
 191 0012 002B     		cmp	r3, #0
 192 0014 3BD0     		beq	.L18
 193              	.LVL8:
 194              	.L9:
 172:Middlewares/Third_Party/LwIP/src/api/netdb.c ****     /* ensure h_errnop is never NULL */
 173:Middlewares/Third_Party/LwIP/src/api/netdb.c ****     h_errnop = &lh_errno;
 174:Middlewares/Third_Party/LwIP/src/api/netdb.c ****   }
 175:Middlewares/Third_Party/LwIP/src/api/netdb.c **** 
 176:Middlewares/Third_Party/LwIP/src/api/netdb.c ****   if (result == NULL) {
 195              		.loc 1 176 3 is_stmt 1 view .LVU53
 196              		.loc 1 176 6 is_stmt 0 view .LVU54
 197 0016 002E     		cmp	r6, #0
 198 0018 3CD0     		beq	.L19
 177:Middlewares/Third_Party/LwIP/src/api/netdb.c ****     /* not all arguments given */
 178:Middlewares/Third_Party/LwIP/src/api/netdb.c ****     *h_errnop = EINVAL;
 179:Middlewares/Third_Party/LwIP/src/api/netdb.c ****     return -1;
 180:Middlewares/Third_Party/LwIP/src/api/netdb.c ****   }
 181:Middlewares/Third_Party/LwIP/src/api/netdb.c ****   /* first thing to do: set *result to nothing */
 182:Middlewares/Third_Party/LwIP/src/api/netdb.c ****   *result = NULL;
 199              		.loc 1 182 3 is_stmt 1 view .LVU55
 200              		.loc 1 182 11 is_stmt 0 view .LVU56
 201 001a 0023     		movs	r3, #0
 202 001c 3360     		str	r3, [r6]
 183:Middlewares/Third_Party/LwIP/src/api/netdb.c ****   if ((name == NULL) || (ret == NULL) || (buf == NULL)) {
 203              		.loc 1 183 3 is_stmt 1 view .LVU57
 204              		.loc 1 183 30 is_stmt 0 view .LVU58
 205 001e B5FA85F2 		clz	r2, r5
 206              	.LVL9:
 207              		.loc 1 183 30 view .LVU59
 208 0022 5209     		lsrs	r2, r2, #5
 209              		.loc 1 183 22 view .LVU60
 210 0024 9F42     		cmp	r7, r3
 211 0026 08BF     		it	eq
 212 0028 0122     		moveq	r2, #1
 213              		.loc 1 183 6 view .LVU61
ARM GAS  C:\Users\Nina\AppData\Local\Temp\ccNNjV2G.s 			page 8


 214 002a 002A     		cmp	r2, #0
 215 002c 38D1     		bne	.L12
 216              		.loc 1 183 39 discriminator 1 view .LVU62
 217 002e 002C     		cmp	r4, #0
 218 0030 36D0     		beq	.L12
 184:Middlewares/Third_Party/LwIP/src/api/netdb.c ****     /* not all arguments given */
 185:Middlewares/Third_Party/LwIP/src/api/netdb.c ****     *h_errnop = EINVAL;
 186:Middlewares/Third_Party/LwIP/src/api/netdb.c ****     return -1;
 187:Middlewares/Third_Party/LwIP/src/api/netdb.c ****   }
 188:Middlewares/Third_Party/LwIP/src/api/netdb.c **** 
 189:Middlewares/Third_Party/LwIP/src/api/netdb.c ****   namelen = strlen(name);
 219              		.loc 1 189 3 is_stmt 1 view .LVU63
 220              		.loc 1 189 13 is_stmt 0 view .LVU64
 221 0032 3846     		mov	r0, r7
 222              	.LVL10:
 223              		.loc 1 189 13 view .LVU65
 224 0034 FFF7FEFF 		bl	strlen
 225              	.LVL11:
 226              		.loc 1 189 13 view .LVU66
 227 0038 8046     		mov	r8, r0
 228              	.LVL12:
 190:Middlewares/Third_Party/LwIP/src/api/netdb.c ****   if (buflen < (sizeof(struct gethostbyname_r_helper) + namelen + 1 + (MEM_ALIGNMENT - 1))) {
 229              		.loc 1 190 3 is_stmt 1 view .LVU67
 230              		.loc 1 190 69 is_stmt 0 view .LVU68
 231 003a 00F11403 		add	r3, r0, #20
 232              		.loc 1 190 6 view .LVU69
 233 003e 5345     		cmp	r3, r10
 234 0040 34D8     		bhi	.L20
 191:Middlewares/Third_Party/LwIP/src/api/netdb.c ****     /* buf can't hold the data needed + a copy of name */
 192:Middlewares/Third_Party/LwIP/src/api/netdb.c ****     *h_errnop = ERANGE;
 193:Middlewares/Third_Party/LwIP/src/api/netdb.c ****     return -1;
 194:Middlewares/Third_Party/LwIP/src/api/netdb.c ****   }
 195:Middlewares/Third_Party/LwIP/src/api/netdb.c **** 
 196:Middlewares/Third_Party/LwIP/src/api/netdb.c ****   h = (struct gethostbyname_r_helper*)LWIP_MEM_ALIGN(buf);
 235              		.loc 1 196 3 is_stmt 1 view .LVU70
 236              		.loc 1 196 39 is_stmt 0 view .LVU71
 237 0042 0334     		adds	r4, r4, #3
 238              	.LVL13:
 239              		.loc 1 196 39 view .LVU72
 240 0044 24F00304 		bic	r4, r4, #3
 241              	.LVL14:
 197:Middlewares/Third_Party/LwIP/src/api/netdb.c ****   hostname = ((char*)h) + sizeof(struct gethostbyname_r_helper);
 242              		.loc 1 197 3 is_stmt 1 view .LVU73
 243              		.loc 1 197 12 is_stmt 0 view .LVU74
 244 0048 04F1100A 		add	r10, r4, #16
 245              	.LVL15:
 198:Middlewares/Third_Party/LwIP/src/api/netdb.c **** 
 199:Middlewares/Third_Party/LwIP/src/api/netdb.c ****   /* query host IP address */
 200:Middlewares/Third_Party/LwIP/src/api/netdb.c ****   err = netconn_gethostbyname(name, &h->addr);
 246              		.loc 1 200 3 is_stmt 1 view .LVU75
 247              		.loc 1 200 9 is_stmt 0 view .LVU76
 248 004c 04F1080B 		add	fp, r4, #8
 249 0050 5946     		mov	r1, fp
 250 0052 3846     		mov	r0, r7
 251              	.LVL16:
 252              		.loc 1 200 9 view .LVU77
 253 0054 FFF7FEFF 		bl	netconn_gethostbyname
ARM GAS  C:\Users\Nina\AppData\Local\Temp\ccNNjV2G.s 			page 9


 254              	.LVL17:
 201:Middlewares/Third_Party/LwIP/src/api/netdb.c ****   if (err != ERR_OK) {
 255              		.loc 1 201 3 is_stmt 1 view .LVU78
 256              		.loc 1 201 6 is_stmt 0 view .LVU79
 257 0058 70BB     		cbnz	r0, .L21
 202:Middlewares/Third_Party/LwIP/src/api/netdb.c ****     LWIP_DEBUGF(DNS_DEBUG, ("lwip_gethostbyname(%s) failed, err=%d\n", name, err));
 203:Middlewares/Third_Party/LwIP/src/api/netdb.c ****     *h_errnop = HOST_NOT_FOUND;
 204:Middlewares/Third_Party/LwIP/src/api/netdb.c ****     return -1;
 205:Middlewares/Third_Party/LwIP/src/api/netdb.c ****   }
 206:Middlewares/Third_Party/LwIP/src/api/netdb.c **** 
 207:Middlewares/Third_Party/LwIP/src/api/netdb.c ****   /* copy the hostname into buf */
 208:Middlewares/Third_Party/LwIP/src/api/netdb.c ****   MEMCPY(hostname, name, namelen);
 258              		.loc 1 208 3 is_stmt 1 view .LVU80
 259 005a 4246     		mov	r2, r8
 260 005c 3946     		mov	r1, r7
 261 005e 5046     		mov	r0, r10
 262              	.LVL18:
 263              		.loc 1 208 3 is_stmt 0 view .LVU81
 264 0060 FFF7FEFF 		bl	memcpy
 265              	.LVL19:
 209:Middlewares/Third_Party/LwIP/src/api/netdb.c ****   hostname[namelen] = 0;
 266              		.loc 1 209 3 is_stmt 1 view .LVU82
 267              		.loc 1 209 21 is_stmt 0 view .LVU83
 268 0064 0020     		movs	r0, #0
 269 0066 0AF80800 		strb	r0, [r10, r8]
 210:Middlewares/Third_Party/LwIP/src/api/netdb.c **** 
 211:Middlewares/Third_Party/LwIP/src/api/netdb.c ****   /* fill hostent */
 212:Middlewares/Third_Party/LwIP/src/api/netdb.c ****   h->addr_list[0] = &h->addr;
 270              		.loc 1 212 3 is_stmt 1 view .LVU84
 271              		.loc 1 212 19 is_stmt 0 view .LVU85
 272 006a C4F800B0 		str	fp, [r4]
 213:Middlewares/Third_Party/LwIP/src/api/netdb.c ****   h->addr_list[1] = NULL;
 273              		.loc 1 213 3 is_stmt 1 view .LVU86
 274              		.loc 1 213 19 is_stmt 0 view .LVU87
 275 006e 6060     		str	r0, [r4, #4]
 214:Middlewares/Third_Party/LwIP/src/api/netdb.c ****   h->aliases = NULL;
 276              		.loc 1 214 3 is_stmt 1 view .LVU88
 277              		.loc 1 214 14 is_stmt 0 view .LVU89
 278 0070 2346     		mov	r3, r4
 279 0072 43F80C0F 		str	r0, [r3, #12]!
 215:Middlewares/Third_Party/LwIP/src/api/netdb.c ****   ret->h_name = hostname;
 280              		.loc 1 215 3 is_stmt 1 view .LVU90
 281              		.loc 1 215 15 is_stmt 0 view .LVU91
 282 0076 C5F800A0 		str	r10, [r5]
 216:Middlewares/Third_Party/LwIP/src/api/netdb.c ****   ret->h_aliases = &h->aliases;
 283              		.loc 1 216 3 is_stmt 1 view .LVU92
 284              		.loc 1 216 18 is_stmt 0 view .LVU93
 285 007a 6B60     		str	r3, [r5, #4]
 217:Middlewares/Third_Party/LwIP/src/api/netdb.c ****   ret->h_addrtype = AF_INET;
 286              		.loc 1 217 3 is_stmt 1 view .LVU94
 287              		.loc 1 217 19 is_stmt 0 view .LVU95
 288 007c 0223     		movs	r3, #2
 289 007e AB60     		str	r3, [r5, #8]
 218:Middlewares/Third_Party/LwIP/src/api/netdb.c ****   ret->h_length = sizeof(ip_addr_t);
 290              		.loc 1 218 3 is_stmt 1 view .LVU96
 291              		.loc 1 218 17 is_stmt 0 view .LVU97
 292 0080 0423     		movs	r3, #4
ARM GAS  C:\Users\Nina\AppData\Local\Temp\ccNNjV2G.s 			page 10


 293 0082 EB60     		str	r3, [r5, #12]
 219:Middlewares/Third_Party/LwIP/src/api/netdb.c ****   ret->h_addr_list = (char**)&h->addr_list;
 294              		.loc 1 219 3 is_stmt 1 view .LVU98
 295              		.loc 1 219 20 is_stmt 0 view .LVU99
 296 0084 2C61     		str	r4, [r5, #16]
 220:Middlewares/Third_Party/LwIP/src/api/netdb.c **** 
 221:Middlewares/Third_Party/LwIP/src/api/netdb.c ****   /* set result != NULL */
 222:Middlewares/Third_Party/LwIP/src/api/netdb.c ****   *result = ret;
 297              		.loc 1 222 3 is_stmt 1 view .LVU100
 298              		.loc 1 222 11 is_stmt 0 view .LVU101
 299 0086 3560     		str	r5, [r6]
 223:Middlewares/Third_Party/LwIP/src/api/netdb.c **** 
 224:Middlewares/Third_Party/LwIP/src/api/netdb.c ****   /* return success */
 225:Middlewares/Third_Party/LwIP/src/api/netdb.c ****   return 0;
 300              		.loc 1 225 3 is_stmt 1 view .LVU102
 301              	.LVL20:
 302              	.L8:
 226:Middlewares/Third_Party/LwIP/src/api/netdb.c **** }
 303              		.loc 1 226 1 is_stmt 0 view .LVU103
 304 0088 02B0     		add	sp, sp, #8
 305              	.LCFI6:
 306              		.cfi_remember_state
 307              		.cfi_def_cfa_offset 32
 308              		@ sp needed
 309 008a BDE8F08D 		pop	{r4, r5, r6, r7, r8, r10, fp, pc}
 310              	.LVL21:
 311              	.L18:
 312              	.LCFI7:
 313              		.cfi_restore_state
 173:Middlewares/Third_Party/LwIP/src/api/netdb.c ****   }
 314              		.loc 1 173 14 view .LVU104
 315 008e 01AB     		add	r3, sp, #4
 316 0090 0B93     		str	r3, [sp, #44]
 317              	.LVL22:
 173:Middlewares/Third_Party/LwIP/src/api/netdb.c ****   }
 318              		.loc 1 173 14 view .LVU105
 319 0092 C0E7     		b	.L9
 320              	.LVL23:
 321              	.L19:
 178:Middlewares/Third_Party/LwIP/src/api/netdb.c ****     return -1;
 322              		.loc 1 178 5 is_stmt 1 view .LVU106
 178:Middlewares/Third_Party/LwIP/src/api/netdb.c ****     return -1;
 323              		.loc 1 178 15 is_stmt 0 view .LVU107
 324 0094 1623     		movs	r3, #22
 325 0096 0B9A     		ldr	r2, [sp, #44]
 326              	.LVL24:
 178:Middlewares/Third_Party/LwIP/src/api/netdb.c ****     return -1;
 327              		.loc 1 178 15 view .LVU108
 328 0098 1360     		str	r3, [r2]
 179:Middlewares/Third_Party/LwIP/src/api/netdb.c ****   }
 329              		.loc 1 179 5 is_stmt 1 view .LVU109
 179:Middlewares/Third_Party/LwIP/src/api/netdb.c ****   }
 330              		.loc 1 179 12 is_stmt 0 view .LVU110
 331 009a 4FF0FF30 		mov	r0, #-1
 332              	.LVL25:
 179:Middlewares/Third_Party/LwIP/src/api/netdb.c ****   }
 333              		.loc 1 179 12 view .LVU111
ARM GAS  C:\Users\Nina\AppData\Local\Temp\ccNNjV2G.s 			page 11


 334 009e F3E7     		b	.L8
 335              	.LVL26:
 336              	.L12:
 185:Middlewares/Third_Party/LwIP/src/api/netdb.c ****     return -1;
 337              		.loc 1 185 5 is_stmt 1 view .LVU112
 185:Middlewares/Third_Party/LwIP/src/api/netdb.c ****     return -1;
 338              		.loc 1 185 15 is_stmt 0 view .LVU113
 339 00a0 1623     		movs	r3, #22
 340 00a2 0B9A     		ldr	r2, [sp, #44]
 341 00a4 1360     		str	r3, [r2]
 186:Middlewares/Third_Party/LwIP/src/api/netdb.c ****   }
 342              		.loc 1 186 5 is_stmt 1 view .LVU114
 186:Middlewares/Third_Party/LwIP/src/api/netdb.c ****   }
 343              		.loc 1 186 12 is_stmt 0 view .LVU115
 344 00a6 4FF0FF30 		mov	r0, #-1
 345              	.LVL27:
 186:Middlewares/Third_Party/LwIP/src/api/netdb.c ****   }
 346              		.loc 1 186 12 view .LVU116
 347 00aa EDE7     		b	.L8
 348              	.LVL28:
 349              	.L20:
 192:Middlewares/Third_Party/LwIP/src/api/netdb.c ****     return -1;
 350              		.loc 1 192 5 is_stmt 1 view .LVU117
 192:Middlewares/Third_Party/LwIP/src/api/netdb.c ****     return -1;
 351              		.loc 1 192 15 is_stmt 0 view .LVU118
 352 00ac 2223     		movs	r3, #34
 353 00ae 0B9A     		ldr	r2, [sp, #44]
 354 00b0 1360     		str	r3, [r2]
 193:Middlewares/Third_Party/LwIP/src/api/netdb.c ****   }
 355              		.loc 1 193 5 is_stmt 1 view .LVU119
 193:Middlewares/Third_Party/LwIP/src/api/netdb.c ****   }
 356              		.loc 1 193 12 is_stmt 0 view .LVU120
 357 00b2 4FF0FF30 		mov	r0, #-1
 358              	.LVL29:
 193:Middlewares/Third_Party/LwIP/src/api/netdb.c ****   }
 359              		.loc 1 193 12 view .LVU121
 360 00b6 E7E7     		b	.L8
 361              	.LVL30:
 362              	.L21:
 202:Middlewares/Third_Party/LwIP/src/api/netdb.c ****     *h_errnop = HOST_NOT_FOUND;
 363              		.loc 1 202 83 is_stmt 1 view .LVU122
 203:Middlewares/Third_Party/LwIP/src/api/netdb.c ****     return -1;
 364              		.loc 1 203 5 view .LVU123
 203:Middlewares/Third_Party/LwIP/src/api/netdb.c ****     return -1;
 365              		.loc 1 203 15 is_stmt 0 view .LVU124
 366 00b8 D223     		movs	r3, #210
 367 00ba 0B9A     		ldr	r2, [sp, #44]
 368 00bc 1360     		str	r3, [r2]
 204:Middlewares/Third_Party/LwIP/src/api/netdb.c ****   }
 369              		.loc 1 204 5 is_stmt 1 view .LVU125
 204:Middlewares/Third_Party/LwIP/src/api/netdb.c ****   }
 370              		.loc 1 204 12 is_stmt 0 view .LVU126
 371 00be 4FF0FF30 		mov	r0, #-1
 372              	.LVL31:
 204:Middlewares/Third_Party/LwIP/src/api/netdb.c ****   }
 373              		.loc 1 204 12 view .LVU127
 374 00c2 E1E7     		b	.L8
ARM GAS  C:\Users\Nina\AppData\Local\Temp\ccNNjV2G.s 			page 12


 375              		.cfi_endproc
 376              	.LFE166:
 378              		.section	.text.lwip_freeaddrinfo,"ax",%progbits
 379              		.align	1
 380              		.global	lwip_freeaddrinfo
 381              		.syntax unified
 382              		.thumb
 383              		.thumb_func
 384              		.fpu fpv5-sp-d16
 386              	lwip_freeaddrinfo:
 387              	.LVL32:
 388              	.LFB167:
 227:Middlewares/Third_Party/LwIP/src/api/netdb.c **** 
 228:Middlewares/Third_Party/LwIP/src/api/netdb.c **** /**
 229:Middlewares/Third_Party/LwIP/src/api/netdb.c ****  * Frees one or more addrinfo structures returned by getaddrinfo(), along with
 230:Middlewares/Third_Party/LwIP/src/api/netdb.c ****  * any additional storage associated with those structures. If the ai_next field
 231:Middlewares/Third_Party/LwIP/src/api/netdb.c ****  * of the structure is not null, the entire list of structures is freed.
 232:Middlewares/Third_Party/LwIP/src/api/netdb.c ****  *
 233:Middlewares/Third_Party/LwIP/src/api/netdb.c ****  * @param ai struct addrinfo to free
 234:Middlewares/Third_Party/LwIP/src/api/netdb.c ****  */
 235:Middlewares/Third_Party/LwIP/src/api/netdb.c **** void
 236:Middlewares/Third_Party/LwIP/src/api/netdb.c **** lwip_freeaddrinfo(struct addrinfo *ai)
 237:Middlewares/Third_Party/LwIP/src/api/netdb.c **** {
 389              		.loc 1 237 1 is_stmt 1 view -0
 390              		.cfi_startproc
 391              		@ args = 0, pretend = 0, frame = 0
 392              		@ frame_needed = 0, uses_anonymous_args = 0
 393              		.loc 1 237 1 is_stmt 0 view .LVU129
 394 0000 0146     		mov	r1, r0
 238:Middlewares/Third_Party/LwIP/src/api/netdb.c ****   struct addrinfo *next;
 395              		.loc 1 238 3 is_stmt 1 view .LVU130
 239:Middlewares/Third_Party/LwIP/src/api/netdb.c **** 
 240:Middlewares/Third_Party/LwIP/src/api/netdb.c ****   while (ai != NULL) {
 396              		.loc 1 240 3 view .LVU131
 397              		.loc 1 240 9 view .LVU132
 398 0002 40B1     		cbz	r0, .L28
 237:Middlewares/Third_Party/LwIP/src/api/netdb.c ****   struct addrinfo *next;
 399              		.loc 1 237 1 is_stmt 0 view .LVU133
 400 0004 10B5     		push	{r4, lr}
 401              	.LCFI8:
 402              		.cfi_def_cfa_offset 8
 403              		.cfi_offset 4, -8
 404              		.cfi_offset 14, -4
 405              	.LVL33:
 406              	.L24:
 241:Middlewares/Third_Party/LwIP/src/api/netdb.c ****     next = ai->ai_next;
 407              		.loc 1 241 5 is_stmt 1 view .LVU134
 408              		.loc 1 241 10 is_stmt 0 view .LVU135
 409 0006 CC69     		ldr	r4, [r1, #28]
 410              	.LVL34:
 242:Middlewares/Third_Party/LwIP/src/api/netdb.c ****     memp_free(MEMP_NETDB, ai);
 411              		.loc 1 242 5 is_stmt 1 view .LVU136
 412 0008 0B20     		movs	r0, #11
 413 000a FFF7FEFF 		bl	memp_free
 414              	.LVL35:
 243:Middlewares/Third_Party/LwIP/src/api/netdb.c ****     ai = next;
 415              		.loc 1 243 5 view .LVU137
ARM GAS  C:\Users\Nina\AppData\Local\Temp\ccNNjV2G.s 			page 13


 416              		.loc 1 243 8 is_stmt 0 view .LVU138
 417 000e 2146     		mov	r1, r4
 240:Middlewares/Third_Party/LwIP/src/api/netdb.c ****     next = ai->ai_next;
 418              		.loc 1 240 9 is_stmt 1 view .LVU139
 419 0010 002C     		cmp	r4, #0
 420 0012 F8D1     		bne	.L24
 244:Middlewares/Third_Party/LwIP/src/api/netdb.c ****   }
 245:Middlewares/Third_Party/LwIP/src/api/netdb.c **** }
 421              		.loc 1 245 1 is_stmt 0 view .LVU140
 422 0014 10BD     		pop	{r4, pc}
 423              	.LVL36:
 424              	.L28:
 425              	.LCFI9:
 426              		.cfi_def_cfa_offset 0
 427              		.cfi_restore 4
 428              		.cfi_restore 14
 429              		.loc 1 245 1 view .LVU141
 430 0016 7047     		bx	lr
 431              		.cfi_endproc
 432              	.LFE167:
 434              		.section	.rodata.lwip_getaddrinfo.str1.4,"aMS",%progbits,1
 435              		.align	2
 436              	.LC0:
 437 0000 4D696464 		.ascii	"Middlewares/Third_Party/LwIP/src/api/netdb.c\000"
 437      6C657761 
 437      7265732F 
 437      54686972 
 437      645F5061 
 438 002d 000000   		.align	2
 439              	.LC1:
 440 0030 6E616D65 		.ascii	"namelen is too long\000"
 440      6C656E20 
 440      69732074 
 440      6F6F206C 
 440      6F6E6700 
 441              		.align	2
 442              	.LC2:
 443 0044 41737365 		.ascii	"Assertion \"%s\" failed at line %d in %s\012\000"
 443      7274696F 
 443      6E202225 
 443      73222066 
 443      61696C65 
 444              		.align	2
 445              	.LC3:
 446 006c 746F7461 		.ascii	"total_size <= NETDB_ELEM_SIZE: please report this!\000"
 446      6C5F7369 
 446      7A65203C 
 446      3D204E45 
 446      5444425F 
 447              		.section	.text.lwip_getaddrinfo,"ax",%progbits
 448              		.align	1
 449              		.global	lwip_getaddrinfo
 450              		.syntax unified
 451              		.thumb
 452              		.thumb_func
 453              		.fpu fpv5-sp-d16
 455              	lwip_getaddrinfo:
ARM GAS  C:\Users\Nina\AppData\Local\Temp\ccNNjV2G.s 			page 14


 456              	.LVL37:
 457              	.LFB168:
 246:Middlewares/Third_Party/LwIP/src/api/netdb.c **** 
 247:Middlewares/Third_Party/LwIP/src/api/netdb.c **** /**
 248:Middlewares/Third_Party/LwIP/src/api/netdb.c ****  * Translates the name of a service location (for example, a host name) and/or
 249:Middlewares/Third_Party/LwIP/src/api/netdb.c ****  * a service name and returns a set of socket addresses and associated
 250:Middlewares/Third_Party/LwIP/src/api/netdb.c ****  * information to be used in creating a socket with which to address the
 251:Middlewares/Third_Party/LwIP/src/api/netdb.c ****  * specified service.
 252:Middlewares/Third_Party/LwIP/src/api/netdb.c ****  * Memory for the result is allocated internally and must be freed by calling
 253:Middlewares/Third_Party/LwIP/src/api/netdb.c ****  * lwip_freeaddrinfo()!
 254:Middlewares/Third_Party/LwIP/src/api/netdb.c ****  *
 255:Middlewares/Third_Party/LwIP/src/api/netdb.c ****  * Due to a limitation in dns_gethostbyname, only the first address of a
 256:Middlewares/Third_Party/LwIP/src/api/netdb.c ****  * host is returned.
 257:Middlewares/Third_Party/LwIP/src/api/netdb.c ****  * Also, service names are not supported (only port numbers)!
 258:Middlewares/Third_Party/LwIP/src/api/netdb.c ****  *
 259:Middlewares/Third_Party/LwIP/src/api/netdb.c ****  * @param nodename descriptive name or address string of the host
 260:Middlewares/Third_Party/LwIP/src/api/netdb.c ****  *                 (may be NULL -> local address)
 261:Middlewares/Third_Party/LwIP/src/api/netdb.c ****  * @param servname port number as string of NULL
 262:Middlewares/Third_Party/LwIP/src/api/netdb.c ****  * @param hints structure containing input values that set socktype and protocol
 263:Middlewares/Third_Party/LwIP/src/api/netdb.c ****  * @param res pointer to a pointer where to store the result (set to NULL on failure)
 264:Middlewares/Third_Party/LwIP/src/api/netdb.c ****  * @return 0 on success, non-zero on failure
 265:Middlewares/Third_Party/LwIP/src/api/netdb.c ****  *
 266:Middlewares/Third_Party/LwIP/src/api/netdb.c ****  * @todo: implement AI_V4MAPPED, AI_ADDRCONFIG
 267:Middlewares/Third_Party/LwIP/src/api/netdb.c ****  */
 268:Middlewares/Third_Party/LwIP/src/api/netdb.c **** int
 269:Middlewares/Third_Party/LwIP/src/api/netdb.c **** lwip_getaddrinfo(const char *nodename, const char *servname,
 270:Middlewares/Third_Party/LwIP/src/api/netdb.c ****        const struct addrinfo *hints, struct addrinfo **res)
 271:Middlewares/Third_Party/LwIP/src/api/netdb.c **** {
 458              		.loc 1 271 1 is_stmt 1 view -0
 459              		.cfi_startproc
 460              		@ args = 0, pretend = 0, frame = 8
 461              		@ frame_needed = 0, uses_anonymous_args = 0
 272:Middlewares/Third_Party/LwIP/src/api/netdb.c ****   err_t err;
 462              		.loc 1 272 3 view .LVU143
 273:Middlewares/Third_Party/LwIP/src/api/netdb.c ****   ip_addr_t addr;
 463              		.loc 1 273 3 view .LVU144
 274:Middlewares/Third_Party/LwIP/src/api/netdb.c ****   struct addrinfo *ai;
 464              		.loc 1 274 3 view .LVU145
 275:Middlewares/Third_Party/LwIP/src/api/netdb.c ****   struct sockaddr_storage *sa = NULL;
 465              		.loc 1 275 3 view .LVU146
 276:Middlewares/Third_Party/LwIP/src/api/netdb.c ****   int port_nr = 0;
 466              		.loc 1 276 3 view .LVU147
 277:Middlewares/Third_Party/LwIP/src/api/netdb.c ****   size_t total_size;
 467              		.loc 1 277 3 view .LVU148
 278:Middlewares/Third_Party/LwIP/src/api/netdb.c ****   size_t namelen = 0;
 468              		.loc 1 278 3 view .LVU149
 279:Middlewares/Third_Party/LwIP/src/api/netdb.c ****   int ai_family;
 469              		.loc 1 279 3 view .LVU150
 280:Middlewares/Third_Party/LwIP/src/api/netdb.c **** 
 281:Middlewares/Third_Party/LwIP/src/api/netdb.c ****   if (res == NULL) {
 470              		.loc 1 281 3 view .LVU151
 471              		.loc 1 281 6 is_stmt 0 view .LVU152
 472 0000 002B     		cmp	r3, #0
 473 0002 00F0A480 		beq	.L41
 271:Middlewares/Third_Party/LwIP/src/api/netdb.c ****   err_t err;
 474              		.loc 1 271 1 view .LVU153
 475 0006 2DE9F04F 		push	{r4, r5, r6, r7, r8, r9, r10, fp, lr}
ARM GAS  C:\Users\Nina\AppData\Local\Temp\ccNNjV2G.s 			page 15


 476              	.LCFI10:
 477              		.cfi_def_cfa_offset 36
 478              		.cfi_offset 4, -36
 479              		.cfi_offset 5, -32
 480              		.cfi_offset 6, -28
 481              		.cfi_offset 7, -24
 482              		.cfi_offset 8, -20
 483              		.cfi_offset 9, -16
 484              		.cfi_offset 10, -12
 485              		.cfi_offset 11, -8
 486              		.cfi_offset 14, -4
 487 000a 83B0     		sub	sp, sp, #12
 488              	.LCFI11:
 489              		.cfi_def_cfa_offset 48
 490 000c 0446     		mov	r4, r0
 491 000e 1546     		mov	r5, r2
 492 0010 1F46     		mov	r7, r3
 282:Middlewares/Third_Party/LwIP/src/api/netdb.c ****     return EAI_FAIL;
 283:Middlewares/Third_Party/LwIP/src/api/netdb.c ****   }
 284:Middlewares/Third_Party/LwIP/src/api/netdb.c ****   *res = NULL;
 493              		.loc 1 284 3 is_stmt 1 view .LVU154
 494              		.loc 1 284 8 is_stmt 0 view .LVU155
 495 0012 0023     		movs	r3, #0
 496              	.LVL38:
 497              		.loc 1 284 8 view .LVU156
 498 0014 3B60     		str	r3, [r7]
 285:Middlewares/Third_Party/LwIP/src/api/netdb.c ****   if ((nodename == NULL) && (servname == NULL)) {
 499              		.loc 1 285 3 is_stmt 1 view .LVU157
 500              		.loc 1 285 39 is_stmt 0 view .LVU158
 501 0016 B1FA81F3 		clz	r3, r1
 502 001a 5B09     		lsrs	r3, r3, #5
 503              		.loc 1 285 26 view .LVU159
 504 001c 0028     		cmp	r0, #0
 505 001e 18BF     		it	ne
 506 0020 0023     		movne	r3, #0
 507              		.loc 1 285 6 view .LVU160
 508 0022 002B     		cmp	r3, #0
 509 0024 40F09580 		bne	.L42
 286:Middlewares/Third_Party/LwIP/src/api/netdb.c ****     return EAI_NONAME;
 287:Middlewares/Third_Party/LwIP/src/api/netdb.c ****   }
 288:Middlewares/Third_Party/LwIP/src/api/netdb.c **** 
 289:Middlewares/Third_Party/LwIP/src/api/netdb.c ****   if (hints != NULL) {
 510              		.loc 1 289 3 is_stmt 1 view .LVU161
 511              		.loc 1 289 6 is_stmt 0 view .LVU162
 512 0028 4AB1     		cbz	r2, .L31
 290:Middlewares/Third_Party/LwIP/src/api/netdb.c ****     ai_family = hints->ai_family;
 513              		.loc 1 290 5 is_stmt 1 view .LVU163
 514              		.loc 1 290 15 is_stmt 0 view .LVU164
 515 002a 5268     		ldr	r2, [r2, #4]
 516              	.LVL39:
 291:Middlewares/Third_Party/LwIP/src/api/netdb.c ****     if ((ai_family != AF_UNSPEC)
 517              		.loc 1 291 5 is_stmt 1 view .LVU165
 292:Middlewares/Third_Party/LwIP/src/api/netdb.c **** #if LWIP_IPV4
 293:Middlewares/Third_Party/LwIP/src/api/netdb.c ****       && (ai_family != AF_INET)
 518              		.loc 1 293 21 is_stmt 0 view .LVU166
 519 002c 931E     		subs	r3, r2, #2
 520 002e 18BF     		it	ne
ARM GAS  C:\Users\Nina\AppData\Local\Temp\ccNNjV2G.s 			page 16


 521 0030 0123     		movne	r3, #1
 522              		.loc 1 293 7 view .LVU167
 523 0032 002A     		cmp	r2, #0
 524 0034 08BF     		it	eq
 525 0036 0023     		moveq	r3, #0
 291:Middlewares/Third_Party/LwIP/src/api/netdb.c ****     if ((ai_family != AF_UNSPEC)
 526              		.loc 1 291 8 view .LVU168
 527 0038 002B     		cmp	r3, #0
 528 003a 40F08C80 		bne	.L43
 529              	.LVL40:
 530              	.L31:
 294:Middlewares/Third_Party/LwIP/src/api/netdb.c **** #endif /* LWIP_IPV4 */
 295:Middlewares/Third_Party/LwIP/src/api/netdb.c **** #if LWIP_IPV6
 296:Middlewares/Third_Party/LwIP/src/api/netdb.c ****       && (ai_family != AF_INET6)
 297:Middlewares/Third_Party/LwIP/src/api/netdb.c **** #endif /* LWIP_IPV6 */
 298:Middlewares/Third_Party/LwIP/src/api/netdb.c ****       ) {
 299:Middlewares/Third_Party/LwIP/src/api/netdb.c ****       return EAI_FAMILY;
 300:Middlewares/Third_Party/LwIP/src/api/netdb.c ****     }
 301:Middlewares/Third_Party/LwIP/src/api/netdb.c ****   } else {
 302:Middlewares/Third_Party/LwIP/src/api/netdb.c ****     ai_family = AF_UNSPEC;
 303:Middlewares/Third_Party/LwIP/src/api/netdb.c ****   }
 304:Middlewares/Third_Party/LwIP/src/api/netdb.c **** 
 305:Middlewares/Third_Party/LwIP/src/api/netdb.c ****   if (servname != NULL) {
 531              		.loc 1 305 3 is_stmt 1 view .LVU169
 532              		.loc 1 305 6 is_stmt 0 view .LVU170
 533 003e 51B1     		cbz	r1, .L44
 306:Middlewares/Third_Party/LwIP/src/api/netdb.c ****     /* service name specified: convert to port number
 307:Middlewares/Third_Party/LwIP/src/api/netdb.c ****      * @todo?: currently, only ASCII integers (port numbers) are supported (AI_NUMERICSERV)! */
 308:Middlewares/Third_Party/LwIP/src/api/netdb.c ****     port_nr = atoi(servname);
 534              		.loc 1 308 5 is_stmt 1 view .LVU171
 535              		.loc 1 308 15 is_stmt 0 view .LVU172
 536 0040 0846     		mov	r0, r1
 537              	.LVL41:
 538              		.loc 1 308 15 view .LVU173
 539 0042 FFF7FEFF 		bl	atoi
 540              	.LVL42:
 541              		.loc 1 308 15 view .LVU174
 542 0046 8146     		mov	r9, r0
 543              	.LVL43:
 309:Middlewares/Third_Party/LwIP/src/api/netdb.c ****     if ((port_nr <= 0) || (port_nr > 0xffff)) {
 544              		.loc 1 309 5 is_stmt 1 view .LVU175
 545              		.loc 1 309 24 is_stmt 0 view .LVU176
 546 0048 421E     		subs	r2, r0, #1
 547              		.loc 1 309 8 view .LVU177
 548 004a 4FF6FE73 		movw	r3, #65534
 549 004e 9A42     		cmp	r2, r3
 550 0050 03D9     		bls	.L32
 310:Middlewares/Third_Party/LwIP/src/api/netdb.c ****       return EAI_SERVICE;
 551              		.loc 1 310 14 view .LVU178
 552 0052 C920     		movs	r0, #201
 553              	.LVL44:
 554              		.loc 1 310 14 view .LVU179
 555 0054 50E0     		b	.L29
 556              	.LVL45:
 557              	.L44:
 276:Middlewares/Third_Party/LwIP/src/api/netdb.c ****   size_t total_size;
 558              		.loc 1 276 7 view .LVU180
ARM GAS  C:\Users\Nina\AppData\Local\Temp\ccNNjV2G.s 			page 17


 559 0056 4FF00009 		mov	r9, #0
 560              	.LVL46:
 561              	.L32:
 311:Middlewares/Third_Party/LwIP/src/api/netdb.c ****     }
 312:Middlewares/Third_Party/LwIP/src/api/netdb.c ****   }
 313:Middlewares/Third_Party/LwIP/src/api/netdb.c **** 
 314:Middlewares/Third_Party/LwIP/src/api/netdb.c ****   if (nodename != NULL) {
 562              		.loc 1 314 3 is_stmt 1 view .LVU181
 563              		.loc 1 314 6 is_stmt 0 view .LVU182
 564 005a 002C     		cmp	r4, #0
 565 005c 57D0     		beq	.L33
 315:Middlewares/Third_Party/LwIP/src/api/netdb.c ****     /* service location specified, try to resolve */
 316:Middlewares/Third_Party/LwIP/src/api/netdb.c ****     if ((hints != NULL) && (hints->ai_flags & AI_NUMERICHOST)) {
 566              		.loc 1 316 5 is_stmt 1 view .LVU183
 567              		.loc 1 316 8 is_stmt 0 view .LVU184
 568 005e 1DB1     		cbz	r5, .L34
 569              		.loc 1 316 34 discriminator 1 view .LVU185
 570 0060 2B68     		ldr	r3, [r5]
 571              		.loc 1 316 25 discriminator 1 view .LVU186
 572 0062 13F0040F 		tst	r3, #4
 573 0066 4AD1     		bne	.L55
 574              	.L34:
 317:Middlewares/Third_Party/LwIP/src/api/netdb.c ****       /* no DNS lookup, just parse for an address string */
 318:Middlewares/Third_Party/LwIP/src/api/netdb.c ****       if (!ipaddr_aton(nodename, &addr)) {
 319:Middlewares/Third_Party/LwIP/src/api/netdb.c ****         return EAI_NONAME;
 320:Middlewares/Third_Party/LwIP/src/api/netdb.c ****       }
 321:Middlewares/Third_Party/LwIP/src/api/netdb.c **** #if LWIP_IPV4 && LWIP_IPV6
 322:Middlewares/Third_Party/LwIP/src/api/netdb.c ****       if ((IP_IS_V6_VAL(addr) && ai_family == AF_INET) ||
 323:Middlewares/Third_Party/LwIP/src/api/netdb.c ****           (IP_IS_V4_VAL(addr) && ai_family == AF_INET6)) {
 324:Middlewares/Third_Party/LwIP/src/api/netdb.c ****         return EAI_NONAME;
 325:Middlewares/Third_Party/LwIP/src/api/netdb.c ****       }
 326:Middlewares/Third_Party/LwIP/src/api/netdb.c **** #endif /* LWIP_IPV4 && LWIP_IPV6 */
 327:Middlewares/Third_Party/LwIP/src/api/netdb.c ****     } else {
 328:Middlewares/Third_Party/LwIP/src/api/netdb.c **** #if LWIP_IPV4 && LWIP_IPV6
 329:Middlewares/Third_Party/LwIP/src/api/netdb.c ****       /* AF_UNSPEC: prefer IPv4 */
 330:Middlewares/Third_Party/LwIP/src/api/netdb.c ****       u8_t type = NETCONN_DNS_IPV4_IPV6;
 331:Middlewares/Third_Party/LwIP/src/api/netdb.c ****       if (ai_family == AF_INET) {
 332:Middlewares/Third_Party/LwIP/src/api/netdb.c ****         type = NETCONN_DNS_IPV4;
 333:Middlewares/Third_Party/LwIP/src/api/netdb.c ****       } else if (ai_family == AF_INET6) {
 334:Middlewares/Third_Party/LwIP/src/api/netdb.c ****         type = NETCONN_DNS_IPV6;
 335:Middlewares/Third_Party/LwIP/src/api/netdb.c ****       }
 336:Middlewares/Third_Party/LwIP/src/api/netdb.c **** #endif /* LWIP_IPV4 && LWIP_IPV6 */
 337:Middlewares/Third_Party/LwIP/src/api/netdb.c ****       err = netconn_gethostbyname_addrtype(nodename, &addr, type);
 575              		.loc 1 337 7 is_stmt 1 view .LVU187
 576              		.loc 1 337 13 is_stmt 0 view .LVU188
 577 0068 01A9     		add	r1, sp, #4
 578 006a 2046     		mov	r0, r4
 579 006c FFF7FEFF 		bl	netconn_gethostbyname
 580              	.LVL47:
 338:Middlewares/Third_Party/LwIP/src/api/netdb.c ****       if (err != ERR_OK) {
 581              		.loc 1 338 7 is_stmt 1 view .LVU189
 582              		.loc 1 338 10 is_stmt 0 view .LVU190
 583 0070 0028     		cmp	r0, #0
 584 0072 72D1     		bne	.L56
 585              	.LVL48:
 586              	.L35:
 339:Middlewares/Third_Party/LwIP/src/api/netdb.c ****         return EAI_FAIL;
ARM GAS  C:\Users\Nina\AppData\Local\Temp\ccNNjV2G.s 			page 18


 340:Middlewares/Third_Party/LwIP/src/api/netdb.c ****       }
 341:Middlewares/Third_Party/LwIP/src/api/netdb.c ****     }
 342:Middlewares/Third_Party/LwIP/src/api/netdb.c ****   } else {
 343:Middlewares/Third_Party/LwIP/src/api/netdb.c ****     /* service location specified, use loopback address */
 344:Middlewares/Third_Party/LwIP/src/api/netdb.c ****     if ((hints != NULL) && (hints->ai_flags & AI_PASSIVE)) {
 345:Middlewares/Third_Party/LwIP/src/api/netdb.c ****       ip_addr_set_any(ai_family == AF_INET6, &addr);
 346:Middlewares/Third_Party/LwIP/src/api/netdb.c ****     } else {
 347:Middlewares/Third_Party/LwIP/src/api/netdb.c ****       ip_addr_set_loopback(ai_family == AF_INET6, &addr);
 348:Middlewares/Third_Party/LwIP/src/api/netdb.c ****     }
 349:Middlewares/Third_Party/LwIP/src/api/netdb.c ****   }
 350:Middlewares/Third_Party/LwIP/src/api/netdb.c **** 
 351:Middlewares/Third_Party/LwIP/src/api/netdb.c ****   total_size = sizeof(struct addrinfo) + sizeof(struct sockaddr_storage);
 587              		.loc 1 351 3 is_stmt 1 view .LVU191
 352:Middlewares/Third_Party/LwIP/src/api/netdb.c ****   if (nodename != NULL) {
 588              		.loc 1 352 3 view .LVU192
 589              		.loc 1 352 6 is_stmt 0 view .LVU193
 590 0074 002C     		cmp	r4, #0
 591 0076 65D0     		beq	.L48
 353:Middlewares/Third_Party/LwIP/src/api/netdb.c ****     namelen = strlen(nodename);
 592              		.loc 1 353 5 is_stmt 1 view .LVU194
 593              		.loc 1 353 15 is_stmt 0 view .LVU195
 594 0078 2046     		mov	r0, r4
 595 007a FFF7FEFF 		bl	strlen
 596              	.LVL49:
 597 007e 8046     		mov	r8, r0
 598              	.LVL50:
 354:Middlewares/Third_Party/LwIP/src/api/netdb.c ****     if (namelen > DNS_MAX_NAME_LENGTH) {
 599              		.loc 1 354 5 is_stmt 1 view .LVU196
 600              		.loc 1 354 8 is_stmt 0 view .LVU197
 601 0080 B0F5807F 		cmp	r0, #256
 602 0084 6BD8     		bhi	.L49
 355:Middlewares/Third_Party/LwIP/src/api/netdb.c ****       /* invalid name length */
 356:Middlewares/Third_Party/LwIP/src/api/netdb.c ****       return EAI_FAIL;
 357:Middlewares/Third_Party/LwIP/src/api/netdb.c ****     }
 358:Middlewares/Third_Party/LwIP/src/api/netdb.c ****     LWIP_ASSERT("namelen is too long", total_size + namelen + 1 > total_size);
 603              		.loc 1 358 5 is_stmt 1 view .LVU198
 604              		.loc 1 358 5 view .LVU199
 605 0086 10F1310A 		adds	r10, r0, #49
 606 008a 4BD2     		bcs	.L57
 607              	.LVL51:
 608              	.L38:
 609              		.loc 1 358 5 discriminator 3 view .LVU200
 610              		.loc 1 358 5 discriminator 3 view .LVU201
 359:Middlewares/Third_Party/LwIP/src/api/netdb.c ****     total_size += namelen + 1;
 611              		.loc 1 359 5 discriminator 3 view .LVU202
 360:Middlewares/Third_Party/LwIP/src/api/netdb.c ****   }
 361:Middlewares/Third_Party/LwIP/src/api/netdb.c ****   /* If this fails, please report to lwip-devel! :-) */
 362:Middlewares/Third_Party/LwIP/src/api/netdb.c ****   LWIP_ASSERT("total_size <= NETDB_ELEM_SIZE: please report this!",
 612              		.loc 1 362 3 discriminator 3 view .LVU203
 613              		.loc 1 362 3 discriminator 3 view .LVU204
 614 008c BAF5997F 		cmp	r10, #306
 615 0090 50D2     		bcs	.L58
 616              	.LVL52:
 617              	.L37:
 618              		.loc 1 362 3 discriminator 3 view .LVU205
 619              		.loc 1 362 3 discriminator 3 view .LVU206
 363:Middlewares/Third_Party/LwIP/src/api/netdb.c ****     total_size <= NETDB_ELEM_SIZE);
ARM GAS  C:\Users\Nina\AppData\Local\Temp\ccNNjV2G.s 			page 19


 364:Middlewares/Third_Party/LwIP/src/api/netdb.c ****   ai = (struct addrinfo *)memp_malloc(MEMP_NETDB);
 620              		.loc 1 364 3 discriminator 3 view .LVU207
 621              		.loc 1 364 27 is_stmt 0 discriminator 3 view .LVU208
 622 0092 0B20     		movs	r0, #11
 623 0094 FFF7FEFF 		bl	memp_malloc
 624              	.LVL53:
 365:Middlewares/Third_Party/LwIP/src/api/netdb.c ****   if (ai == NULL) {
 625              		.loc 1 365 3 is_stmt 1 discriminator 3 view .LVU209
 626              		.loc 1 365 6 is_stmt 0 discriminator 3 view .LVU210
 627 0098 0646     		mov	r6, r0
 628 009a 0028     		cmp	r0, #0
 629 009c 61D0     		beq	.L50
 366:Middlewares/Third_Party/LwIP/src/api/netdb.c ****     return EAI_MEMORY;
 367:Middlewares/Third_Party/LwIP/src/api/netdb.c ****   }
 368:Middlewares/Third_Party/LwIP/src/api/netdb.c ****   memset(ai, 0, total_size);
 630              		.loc 1 368 3 is_stmt 1 view .LVU211
 631 009e 5246     		mov	r2, r10
 632 00a0 0021     		movs	r1, #0
 633 00a2 FFF7FEFF 		bl	memset
 634              	.LVL54:
 369:Middlewares/Third_Party/LwIP/src/api/netdb.c ****   /* cast through void* to get rid of alignment warnings */
 370:Middlewares/Third_Party/LwIP/src/api/netdb.c ****   sa = (struct sockaddr_storage *)(void*)((u8_t*)ai + sizeof(struct addrinfo));
 635              		.loc 1 370 3 view .LVU212
 636              		.loc 1 370 6 is_stmt 0 view .LVU213
 637 00a6 06F1200B 		add	fp, r6, #32
 638              	.LVL55:
 371:Middlewares/Third_Party/LwIP/src/api/netdb.c ****   if (IP_IS_V6_VAL(addr)) {
 639              		.loc 1 371 3 is_stmt 1 view .LVU214
 640              	.LBB2:
 372:Middlewares/Third_Party/LwIP/src/api/netdb.c **** #if LWIP_IPV6
 373:Middlewares/Third_Party/LwIP/src/api/netdb.c ****     struct sockaddr_in6 *sa6 = (struct sockaddr_in6*)sa;
 374:Middlewares/Third_Party/LwIP/src/api/netdb.c ****     /* set up sockaddr */
 375:Middlewares/Third_Party/LwIP/src/api/netdb.c ****     inet6_addr_from_ip6addr(&sa6->sin6_addr, ip_2_ip6(&addr));
 376:Middlewares/Third_Party/LwIP/src/api/netdb.c ****     sa6->sin6_family = AF_INET6;
 377:Middlewares/Third_Party/LwIP/src/api/netdb.c ****     sa6->sin6_len = sizeof(struct sockaddr_in6);
 378:Middlewares/Third_Party/LwIP/src/api/netdb.c ****     sa6->sin6_port = lwip_htons((u16_t)port_nr);
 379:Middlewares/Third_Party/LwIP/src/api/netdb.c ****     ai->ai_family = AF_INET6;
 380:Middlewares/Third_Party/LwIP/src/api/netdb.c **** #endif /* LWIP_IPV6 */
 381:Middlewares/Third_Party/LwIP/src/api/netdb.c ****   } else {
 382:Middlewares/Third_Party/LwIP/src/api/netdb.c **** #if LWIP_IPV4
 383:Middlewares/Third_Party/LwIP/src/api/netdb.c ****     struct sockaddr_in *sa4 = (struct sockaddr_in*)sa;
 641              		.loc 1 383 5 view .LVU215
 384:Middlewares/Third_Party/LwIP/src/api/netdb.c ****     /* set up sockaddr */
 385:Middlewares/Third_Party/LwIP/src/api/netdb.c ****     inet_addr_from_ip4addr(&sa4->sin_addr, ip_2_ip4(&addr));
 642              		.loc 1 385 5 view .LVU216
 643 00aa 019B     		ldr	r3, [sp, #4]
 644 00ac 7362     		str	r3, [r6, #36]
 386:Middlewares/Third_Party/LwIP/src/api/netdb.c ****     sa4->sin_family = AF_INET;
 645              		.loc 1 386 5 view .LVU217
 646              		.loc 1 386 21 is_stmt 0 view .LVU218
 647 00ae 4FF0020A 		mov	r10, #2
 648 00b2 86F821A0 		strb	r10, [r6, #33]
 387:Middlewares/Third_Party/LwIP/src/api/netdb.c ****     sa4->sin_len = sizeof(struct sockaddr_in);
 649              		.loc 1 387 5 is_stmt 1 view .LVU219
 650              		.loc 1 387 18 is_stmt 0 view .LVU220
 651 00b6 1023     		movs	r3, #16
 652 00b8 86F82030 		strb	r3, [r6, #32]
ARM GAS  C:\Users\Nina\AppData\Local\Temp\ccNNjV2G.s 			page 20


 388:Middlewares/Third_Party/LwIP/src/api/netdb.c ****     sa4->sin_port = lwip_htons((u16_t)port_nr);
 653              		.loc 1 388 5 is_stmt 1 view .LVU221
 654              		.loc 1 388 21 is_stmt 0 view .LVU222
 655 00bc 1FFA89F0 		uxth	r0, r9
 656 00c0 FFF7FEFF 		bl	lwip_htons
 657              	.LVL56:
 658              		.loc 1 388 19 view .LVU223
 659 00c4 7084     		strh	r0, [r6, #34]	@ movhi
 389:Middlewares/Third_Party/LwIP/src/api/netdb.c ****     ai->ai_family = AF_INET;
 660              		.loc 1 389 5 is_stmt 1 view .LVU224
 661              		.loc 1 389 19 is_stmt 0 view .LVU225
 662 00c6 C6F804A0 		str	r10, [r6, #4]
 663              	.LBE2:
 390:Middlewares/Third_Party/LwIP/src/api/netdb.c **** #endif /* LWIP_IPV4 */
 391:Middlewares/Third_Party/LwIP/src/api/netdb.c ****   }
 392:Middlewares/Third_Party/LwIP/src/api/netdb.c **** 
 393:Middlewares/Third_Party/LwIP/src/api/netdb.c ****   /* set up addrinfo */
 394:Middlewares/Third_Party/LwIP/src/api/netdb.c ****   if (hints != NULL) {
 664              		.loc 1 394 3 is_stmt 1 view .LVU226
 665              		.loc 1 394 6 is_stmt 0 view .LVU227
 666 00ca 1DB1     		cbz	r5, .L39
 395:Middlewares/Third_Party/LwIP/src/api/netdb.c ****     /* copy socktype & protocol from hints if specified */
 396:Middlewares/Third_Party/LwIP/src/api/netdb.c ****     ai->ai_socktype = hints->ai_socktype;
 667              		.loc 1 396 5 is_stmt 1 view .LVU228
 668              		.loc 1 396 28 is_stmt 0 view .LVU229
 669 00cc AB68     		ldr	r3, [r5, #8]
 670              		.loc 1 396 21 view .LVU230
 671 00ce B360     		str	r3, [r6, #8]
 397:Middlewares/Third_Party/LwIP/src/api/netdb.c ****     ai->ai_protocol = hints->ai_protocol;
 672              		.loc 1 397 5 is_stmt 1 view .LVU231
 673              		.loc 1 397 28 is_stmt 0 view .LVU232
 674 00d0 EB68     		ldr	r3, [r5, #12]
 675              		.loc 1 397 21 view .LVU233
 676 00d2 F360     		str	r3, [r6, #12]
 677              	.L39:
 398:Middlewares/Third_Party/LwIP/src/api/netdb.c ****   }
 399:Middlewares/Third_Party/LwIP/src/api/netdb.c ****   if (nodename != NULL) {
 678              		.loc 1 399 3 is_stmt 1 view .LVU234
 679              		.loc 1 399 6 is_stmt 0 view .LVU235
 680 00d4 54B1     		cbz	r4, .L40
 400:Middlewares/Third_Party/LwIP/src/api/netdb.c ****     /* copy nodename to canonname if specified */
 401:Middlewares/Third_Party/LwIP/src/api/netdb.c ****     ai->ai_canonname = ((char*)ai + sizeof(struct addrinfo) + sizeof(struct sockaddr_storage));
 681              		.loc 1 401 5 is_stmt 1 view .LVU236
 682              		.loc 1 401 61 is_stmt 0 view .LVU237
 683 00d6 06F13005 		add	r5, r6, #48
 684              	.LVL57:
 685              		.loc 1 401 22 view .LVU238
 686 00da B561     		str	r5, [r6, #24]
 402:Middlewares/Third_Party/LwIP/src/api/netdb.c ****     MEMCPY(ai->ai_canonname, nodename, namelen);
 687              		.loc 1 402 5 is_stmt 1 view .LVU239
 688 00dc 4246     		mov	r2, r8
 689 00de 2146     		mov	r1, r4
 690 00e0 2846     		mov	r0, r5
 691 00e2 FFF7FEFF 		bl	memcpy
 692              	.LVL58:
 403:Middlewares/Third_Party/LwIP/src/api/netdb.c ****     ai->ai_canonname[namelen] = 0;
 693              		.loc 1 403 5 view .LVU240
ARM GAS  C:\Users\Nina\AppData\Local\Temp\ccNNjV2G.s 			page 21


 694              		.loc 1 403 31 is_stmt 0 view .LVU241
 695 00e6 0023     		movs	r3, #0
 696 00e8 05F80830 		strb	r3, [r5, r8]
 697              	.L40:
 404:Middlewares/Third_Party/LwIP/src/api/netdb.c ****   }
 405:Middlewares/Third_Party/LwIP/src/api/netdb.c ****   ai->ai_addrlen = sizeof(struct sockaddr_storage);
 698              		.loc 1 405 3 is_stmt 1 view .LVU242
 699              		.loc 1 405 18 is_stmt 0 view .LVU243
 700 00ec 1023     		movs	r3, #16
 701 00ee 3361     		str	r3, [r6, #16]
 406:Middlewares/Third_Party/LwIP/src/api/netdb.c ****   ai->ai_addr = (struct sockaddr*)sa;
 702              		.loc 1 406 3 is_stmt 1 view .LVU244
 703              		.loc 1 406 15 is_stmt 0 view .LVU245
 704 00f0 C6F814B0 		str	fp, [r6, #20]
 407:Middlewares/Third_Party/LwIP/src/api/netdb.c **** 
 408:Middlewares/Third_Party/LwIP/src/api/netdb.c ****   *res = ai;
 705              		.loc 1 408 3 is_stmt 1 view .LVU246
 706              		.loc 1 408 8 is_stmt 0 view .LVU247
 707 00f4 3E60     		str	r6, [r7]
 409:Middlewares/Third_Party/LwIP/src/api/netdb.c **** 
 410:Middlewares/Third_Party/LwIP/src/api/netdb.c ****   return 0;
 708              		.loc 1 410 3 is_stmt 1 view .LVU248
 709              		.loc 1 410 10 is_stmt 0 view .LVU249
 710 00f6 0020     		movs	r0, #0
 711              	.LVL59:
 712              	.L29:
 411:Middlewares/Third_Party/LwIP/src/api/netdb.c **** }
 713              		.loc 1 411 1 view .LVU250
 714 00f8 03B0     		add	sp, sp, #12
 715              	.LCFI12:
 716              		.cfi_remember_state
 717              		.cfi_def_cfa_offset 36
 718              		@ sp needed
 719 00fa BDE8F08F 		pop	{r4, r5, r6, r7, r8, r9, r10, fp, pc}
 720              	.LVL60:
 721              	.L55:
 722              	.LCFI13:
 723              		.cfi_restore_state
 318:Middlewares/Third_Party/LwIP/src/api/netdb.c ****         return EAI_NONAME;
 724              		.loc 1 318 7 is_stmt 1 view .LVU251
 318:Middlewares/Third_Party/LwIP/src/api/netdb.c ****         return EAI_NONAME;
 725              		.loc 1 318 12 is_stmt 0 view .LVU252
 726 00fe 01A9     		add	r1, sp, #4
 727 0100 2046     		mov	r0, r4
 728 0102 FFF7FEFF 		bl	ip4addr_aton
 729              	.LVL61:
 318:Middlewares/Third_Party/LwIP/src/api/netdb.c ****         return EAI_NONAME;
 730              		.loc 1 318 10 view .LVU253
 731 0106 0028     		cmp	r0, #0
 732 0108 B4D1     		bne	.L35
 319:Middlewares/Third_Party/LwIP/src/api/netdb.c ****       }
 733              		.loc 1 319 16 view .LVU254
 734 010a C820     		movs	r0, #200
 735 010c F4E7     		b	.L29
 736              	.L33:
 344:Middlewares/Third_Party/LwIP/src/api/netdb.c ****       ip_addr_set_any(ai_family == AF_INET6, &addr);
 737              		.loc 1 344 5 is_stmt 1 view .LVU255
ARM GAS  C:\Users\Nina\AppData\Local\Temp\ccNNjV2G.s 			page 22


 344:Middlewares/Third_Party/LwIP/src/api/netdb.c ****       ip_addr_set_any(ai_family == AF_INET6, &addr);
 738              		.loc 1 344 8 is_stmt 0 view .LVU256
 739 010e 35B1     		cbz	r5, .L36
 344:Middlewares/Third_Party/LwIP/src/api/netdb.c ****       ip_addr_set_any(ai_family == AF_INET6, &addr);
 740              		.loc 1 344 34 discriminator 1 view .LVU257
 741 0110 2B68     		ldr	r3, [r5]
 344:Middlewares/Third_Party/LwIP/src/api/netdb.c ****       ip_addr_set_any(ai_family == AF_INET6, &addr);
 742              		.loc 1 344 25 discriminator 1 view .LVU258
 743 0112 13F0010F 		tst	r3, #1
 744 0116 02D0     		beq	.L36
 345:Middlewares/Third_Party/LwIP/src/api/netdb.c ****     } else {
 745              		.loc 1 345 7 is_stmt 1 view .LVU259
 746 0118 0023     		movs	r3, #0
 747 011a 0193     		str	r3, [sp, #4]
 748 011c AAE7     		b	.L35
 749              	.L36:
 347:Middlewares/Third_Party/LwIP/src/api/netdb.c ****     }
 750              		.loc 1 347 7 view .LVU260
 751 011e 124B     		ldr	r3, .L59
 752 0120 0193     		str	r3, [sp, #4]
 753 0122 A7E7     		b	.L35
 754              	.LVL62:
 755              	.L57:
 358:Middlewares/Third_Party/LwIP/src/api/netdb.c ****     total_size += namelen + 1;
 756              		.loc 1 358 5 discriminator 1 view .LVU261
 358:Middlewares/Third_Party/LwIP/src/api/netdb.c ****     total_size += namelen + 1;
 757              		.loc 1 358 5 discriminator 1 view .LVU262
 758 0124 114B     		ldr	r3, .L59+4
 759 0126 4FF4B372 		mov	r2, #358
 760 012a 1149     		ldr	r1, .L59+8
 761 012c 1148     		ldr	r0, .L59+12
 762              	.LVL63:
 358:Middlewares/Third_Party/LwIP/src/api/netdb.c ****     total_size += namelen + 1;
 763              		.loc 1 358 5 is_stmt 0 discriminator 1 view .LVU263
 764 012e FFF7FEFF 		bl	printf
 765              	.LVL64:
 766 0132 ABE7     		b	.L38
 767              	.LVL65:
 768              	.L58:
 362:Middlewares/Third_Party/LwIP/src/api/netdb.c ****     total_size <= NETDB_ELEM_SIZE);
 769              		.loc 1 362 3 is_stmt 1 discriminator 1 view .LVU264
 362:Middlewares/Third_Party/LwIP/src/api/netdb.c ****     total_size <= NETDB_ELEM_SIZE);
 770              		.loc 1 362 3 discriminator 1 view .LVU265
 771 0134 0D4B     		ldr	r3, .L59+4
 772 0136 4FF4B572 		mov	r2, #362
 773 013a 0F49     		ldr	r1, .L59+16
 774 013c 0D48     		ldr	r0, .L59+12
 775 013e FFF7FEFF 		bl	printf
 776              	.LVL66:
 777 0142 A6E7     		b	.L37
 778              	.LVL67:
 779              	.L48:
 278:Middlewares/Third_Party/LwIP/src/api/netdb.c ****   int ai_family;
 780              		.loc 1 278 10 is_stmt 0 view .LVU266
 781 0144 4FF00008 		mov	r8, #0
 351:Middlewares/Third_Party/LwIP/src/api/netdb.c ****   if (nodename != NULL) {
 782              		.loc 1 351 14 view .LVU267
ARM GAS  C:\Users\Nina\AppData\Local\Temp\ccNNjV2G.s 			page 23


 783 0148 4FF0300A 		mov	r10, #48
 784 014c A1E7     		b	.L37
 785              	.LVL68:
 786              	.L41:
 787              	.LCFI14:
 788              		.cfi_def_cfa_offset 0
 789              		.cfi_restore 4
 790              		.cfi_restore 5
 791              		.cfi_restore 6
 792              		.cfi_restore 7
 793              		.cfi_restore 8
 794              		.cfi_restore 9
 795              		.cfi_restore 10
 796              		.cfi_restore 11
 797              		.cfi_restore 14
 282:Middlewares/Third_Party/LwIP/src/api/netdb.c ****   }
 798              		.loc 1 282 12 view .LVU268
 799 014e CA20     		movs	r0, #202
 800              	.LVL69:
 801              		.loc 1 411 1 view .LVU269
 802 0150 7047     		bx	lr
 803              	.LVL70:
 804              	.L42:
 805              	.LCFI15:
 806              		.cfi_def_cfa_offset 48
 807              		.cfi_offset 4, -36
 808              		.cfi_offset 5, -32
 809              		.cfi_offset 6, -28
 810              		.cfi_offset 7, -24
 811              		.cfi_offset 8, -20
 812              		.cfi_offset 9, -16
 813              		.cfi_offset 10, -12
 814              		.cfi_offset 11, -8
 815              		.cfi_offset 14, -4
 286:Middlewares/Third_Party/LwIP/src/api/netdb.c ****   }
 816              		.loc 1 286 12 view .LVU270
 817 0152 C820     		movs	r0, #200
 818              	.LVL71:
 286:Middlewares/Third_Party/LwIP/src/api/netdb.c ****   }
 819              		.loc 1 286 12 view .LVU271
 820 0154 D0E7     		b	.L29
 821              	.LVL72:
 822              	.L43:
 299:Middlewares/Third_Party/LwIP/src/api/netdb.c ****     }
 823              		.loc 1 299 14 view .LVU272
 824 0156 CC20     		movs	r0, #204
 825              	.LVL73:
 299:Middlewares/Third_Party/LwIP/src/api/netdb.c ****     }
 826              		.loc 1 299 14 view .LVU273
 827 0158 CEE7     		b	.L29
 828              	.LVL74:
 829              	.L56:
 339:Middlewares/Third_Party/LwIP/src/api/netdb.c ****       }
 830              		.loc 1 339 16 view .LVU274
 831 015a CA20     		movs	r0, #202
 832              	.LVL75:
 339:Middlewares/Third_Party/LwIP/src/api/netdb.c ****       }
ARM GAS  C:\Users\Nina\AppData\Local\Temp\ccNNjV2G.s 			page 24


 833              		.loc 1 339 16 view .LVU275
 834 015c CCE7     		b	.L29
 835              	.LVL76:
 836              	.L49:
 356:Middlewares/Third_Party/LwIP/src/api/netdb.c ****     }
 837              		.loc 1 356 14 view .LVU276
 838 015e CA20     		movs	r0, #202
 839              	.LVL77:
 356:Middlewares/Third_Party/LwIP/src/api/netdb.c ****     }
 840              		.loc 1 356 14 view .LVU277
 841 0160 CAE7     		b	.L29
 842              	.LVL78:
 843              	.L50:
 366:Middlewares/Third_Party/LwIP/src/api/netdb.c ****   }
 844              		.loc 1 366 12 view .LVU278
 845 0162 CB20     		movs	r0, #203
 846              	.LVL79:
 366:Middlewares/Third_Party/LwIP/src/api/netdb.c ****   }
 847              		.loc 1 366 12 view .LVU279
 848 0164 C8E7     		b	.L29
 849              	.L60:
 850 0166 00BF     		.align	2
 851              	.L59:
 852 0168 7F000001 		.word	16777343
 853 016c 00000000 		.word	.LC0
 854 0170 30000000 		.word	.LC1
 855 0174 44000000 		.word	.LC2
 856 0178 6C000000 		.word	.LC3
 857              		.cfi_endproc
 858              	.LFE168:
 860              		.comm	h_errno,4,4
 861              		.section	.bss.s_aliases.14234,"aw",%nobits
 862              		.align	2
 863              		.set	.LANCHOR4,. + 0
 866              	s_aliases.14234:
 867 0000 00000000 		.space	4
 868              		.section	.bss.s_hostent.14233,"aw",%nobits
 869              		.align	2
 870              		.set	.LANCHOR0,. + 0
 873              	s_hostent.14233:
 874 0000 00000000 		.space	20
 874      00000000 
 874      00000000 
 874      00000000 
 874      00000000 
 875              		.section	.bss.s_hostent_addr.14235,"aw",%nobits
 876              		.align	2
 877              		.set	.LANCHOR1,. + 0
 880              	s_hostent_addr.14235:
 881 0000 00000000 		.space	4
 882              		.section	.bss.s_hostname.14237,"aw",%nobits
 883              		.align	2
 884              		.set	.LANCHOR3,. + 0
 887              	s_hostname.14237:
 888 0000 00000000 		.space	257
 888      00000000 
 888      00000000 
ARM GAS  C:\Users\Nina\AppData\Local\Temp\ccNNjV2G.s 			page 25


 888      00000000 
 888      00000000 
 889              		.section	.bss.s_phostent_addr.14236,"aw",%nobits
 890              		.align	2
 891              		.set	.LANCHOR2,. + 0
 894              	s_phostent_addr.14236:
 895 0000 00000000 		.space	8
 895      00000000 
 896              		.text
 897              	.Letext0:
 898              		.file 2 "c:\\program files (x86)\\gnu tools arm embedded\\9 2019-q4-major\\arm-none-eabi\\include\
 899              		.file 3 "c:\\program files (x86)\\gnu tools arm embedded\\9 2019-q4-major\\arm-none-eabi\\include\
 900              		.file 4 "Drivers/CMSIS/Include/core_cm7.h"
 901              		.file 5 "Drivers/CMSIS/Device/ST/STM32F7xx/Include/system_stm32f7xx.h"
 902              		.file 6 "c:\\program files (x86)\\gnu tools arm embedded\\9 2019-q4-major\\lib\\gcc\\arm-none-eabi
 903              		.file 7 "c:\\program files (x86)\\gnu tools arm embedded\\9 2019-q4-major\\arm-none-eabi\\include\
 904              		.file 8 "c:\\program files (x86)\\gnu tools arm embedded\\9 2019-q4-major\\arm-none-eabi\\include\
 905              		.file 9 "c:\\program files (x86)\\gnu tools arm embedded\\9 2019-q4-major\\arm-none-eabi\\include\
 906              		.file 10 "c:\\program files (x86)\\gnu tools arm embedded\\9 2019-q4-major\\arm-none-eabi\\include
 907              		.file 11 "c:\\program files (x86)\\gnu tools arm embedded\\9 2019-q4-major\\arm-none-eabi\\include
 908              		.file 12 "c:\\program files (x86)\\gnu tools arm embedded\\9 2019-q4-major\\arm-none-eabi\\include
 909              		.file 13 "Middlewares/Third_Party/LwIP/src/include/lwip/arch.h"
 910              		.file 14 "Middlewares/Third_Party/LwIP/src/include/lwip/ip4_addr.h"
 911              		.file 15 "Middlewares/Third_Party/LwIP/src/include/lwip/ip_addr.h"
 912              		.file 16 "Middlewares/Third_Party/LwIP/src/include/lwip/inet.h"
 913              		.file 17 "Middlewares/Third_Party/LwIP/src/include/lwip/err.h"
 914              		.file 18 "Middlewares/Third_Party/LwIP/src/include/lwip/errno.h"
 915              		.file 19 "Middlewares/Third_Party/LwIP/src/include/lwip/sockets.h"
 916              		.file 20 "Middlewares/Third_Party/LwIP/src/include/lwip/netdb.h"
 917              		.file 21 "Middlewares/Third_Party/LwIP/src/include/lwip/memp.h"
 918              		.file 22 "Middlewares/Third_Party/LwIP/src/include/lwip/priv/memp_priv.h"
 919              		.file 23 "Middlewares/Third_Party/LwIP/src/include/lwip/dns.h"
 920              		.file 24 "Middlewares/Third_Party/LwIP/src/include/lwip/def.h"
 921              		.file 25 "Middlewares/Third_Party/LwIP/src/include/lwip/api.h"
 922              		.file 26 "c:\\program files (x86)\\gnu tools arm embedded\\9 2019-q4-major\\arm-none-eabi\\include
 923              		.file 27 "<built-in>"
 924              		.file 28 "c:\\program files (x86)\\gnu tools arm embedded\\9 2019-q4-major\\arm-none-eabi\\include
ARM GAS  C:\Users\Nina\AppData\Local\Temp\ccNNjV2G.s 			page 26


DEFINED SYMBOLS
                            *ABS*:00000000 netdb.c
C:\Users\Nina\AppData\Local\Temp\ccNNjV2G.s:18     .text.lwip_gethostbyname:00000000 $t
C:\Users\Nina\AppData\Local\Temp\ccNNjV2G.s:26     .text.lwip_gethostbyname:00000000 lwip_gethostbyname
C:\Users\Nina\AppData\Local\Temp\ccNNjV2G.s:137    .text.lwip_gethostbyname:00000050 $d
                            *COM*:00000004 h_errno
C:\Users\Nina\AppData\Local\Temp\ccNNjV2G.s:147    .text.lwip_gethostbyname_r:00000000 $t
C:\Users\Nina\AppData\Local\Temp\ccNNjV2G.s:154    .text.lwip_gethostbyname_r:00000000 lwip_gethostbyname_r
C:\Users\Nina\AppData\Local\Temp\ccNNjV2G.s:379    .text.lwip_freeaddrinfo:00000000 $t
C:\Users\Nina\AppData\Local\Temp\ccNNjV2G.s:386    .text.lwip_freeaddrinfo:00000000 lwip_freeaddrinfo
C:\Users\Nina\AppData\Local\Temp\ccNNjV2G.s:435    .rodata.lwip_getaddrinfo.str1.4:00000000 $d
C:\Users\Nina\AppData\Local\Temp\ccNNjV2G.s:448    .text.lwip_getaddrinfo:00000000 $t
C:\Users\Nina\AppData\Local\Temp\ccNNjV2G.s:455    .text.lwip_getaddrinfo:00000000 lwip_getaddrinfo
C:\Users\Nina\AppData\Local\Temp\ccNNjV2G.s:852    .text.lwip_getaddrinfo:00000168 $d
C:\Users\Nina\AppData\Local\Temp\ccNNjV2G.s:862    .bss.s_aliases.14234:00000000 $d
C:\Users\Nina\AppData\Local\Temp\ccNNjV2G.s:866    .bss.s_aliases.14234:00000000 s_aliases.14234
C:\Users\Nina\AppData\Local\Temp\ccNNjV2G.s:869    .bss.s_hostent.14233:00000000 $d
C:\Users\Nina\AppData\Local\Temp\ccNNjV2G.s:873    .bss.s_hostent.14233:00000000 s_hostent.14233
C:\Users\Nina\AppData\Local\Temp\ccNNjV2G.s:876    .bss.s_hostent_addr.14235:00000000 $d
C:\Users\Nina\AppData\Local\Temp\ccNNjV2G.s:880    .bss.s_hostent_addr.14235:00000000 s_hostent_addr.14235
C:\Users\Nina\AppData\Local\Temp\ccNNjV2G.s:883    .bss.s_hostname.14237:00000000 $d
C:\Users\Nina\AppData\Local\Temp\ccNNjV2G.s:887    .bss.s_hostname.14237:00000000 s_hostname.14237
C:\Users\Nina\AppData\Local\Temp\ccNNjV2G.s:890    .bss.s_phostent_addr.14236:00000000 $d
C:\Users\Nina\AppData\Local\Temp\ccNNjV2G.s:894    .bss.s_phostent_addr.14236:00000000 s_phostent_addr.14236

UNDEFINED SYMBOLS
netconn_gethostbyname
strncpy
strlen
memcpy
memp_free
atoi
memp_malloc
memset
lwip_htons
ip4addr_aton
printf
