ARM GAS  C:\Users\Nina\AppData\Local\Temp\ccs14gB1.s 			page 1


   1              		.cpu cortex-m7
   2              		.eabi_attribute 27, 1
   3              		.eabi_attribute 28, 1
   4              		.eabi_attribute 20, 1
   5              		.eabi_attribute 21, 1
   6              		.eabi_attribute 23, 3
   7              		.eabi_attribute 24, 1
   8              		.eabi_attribute 25, 1
   9              		.eabi_attribute 26, 1
  10              		.eabi_attribute 30, 1
  11              		.eabi_attribute 34, 1
  12              		.eabi_attribute 18, 4
  13              		.file	"slipif.c"
  14              		.text
  15              	.Ltext0:
  16              		.cfi_sections	.debug_frame
  17              		.section	.rodata.slipif_rxbyte.str1.4,"aMS",%progbits,1
  18              		.align	2
  19              	.LC0:
  20 0000 4D696464 		.ascii	"Middlewares/Third_Party/LwIP/src/netif/slipif.c\000"
  20      6C657761 
  20      7265732F 
  20      54686972 
  20      645F5061 
  21              		.align	2
  22              	.LC1:
  23 0030 6E657469 		.ascii	"netif != NULL\000"
  23      6620213D 
  23      204E554C 
  23      4C00
  24 003e 0000     		.align	2
  25              	.LC2:
  26 0040 41737365 		.ascii	"Assertion \"%s\" failed at line %d in %s\012\000"
  26      7274696F 
  26      6E202225 
  26      73222066 
  26      61696C65 
  27              		.align	2
  28              	.LC3:
  29 0068 6E657469 		.ascii	"netif->state != NULL\000"
  29      662D3E73 
  29      74617465 
  29      20213D20 
  29      4E554C4C 
  30              		.section	.text.slipif_rxbyte,"ax",%progbits
  31              		.align	1
  32              		.arch armv7e-m
  33              		.syntax unified
  34              		.thumb
  35              		.thumb_func
  36              		.fpu fpv5-sp-d16
  38              	slipif_rxbyte:
  39              	.LVL0:
  40              	.LFB167:
  41              		.file 1 "Middlewares/Third_Party/LwIP/src/netif/slipif.c"
   1:Middlewares/Third_Party/LwIP/src/netif/slipif.c **** /**
   2:Middlewares/Third_Party/LwIP/src/netif/slipif.c ****  * @file
ARM GAS  C:\Users\Nina\AppData\Local\Temp\ccs14gB1.s 			page 2


   3:Middlewares/Third_Party/LwIP/src/netif/slipif.c ****  * SLIP Interface
   4:Middlewares/Third_Party/LwIP/src/netif/slipif.c ****  *
   5:Middlewares/Third_Party/LwIP/src/netif/slipif.c ****  */
   6:Middlewares/Third_Party/LwIP/src/netif/slipif.c **** 
   7:Middlewares/Third_Party/LwIP/src/netif/slipif.c **** /*
   8:Middlewares/Third_Party/LwIP/src/netif/slipif.c ****  * Copyright (c) 2001-2004 Swedish Institute of Computer Science.
   9:Middlewares/Third_Party/LwIP/src/netif/slipif.c ****  * All rights reserved.
  10:Middlewares/Third_Party/LwIP/src/netif/slipif.c ****  *
  11:Middlewares/Third_Party/LwIP/src/netif/slipif.c ****  * Redistribution and use in source and binary forms, with or without
  12:Middlewares/Third_Party/LwIP/src/netif/slipif.c ****  * modification, are permitted provided that the following conditions
  13:Middlewares/Third_Party/LwIP/src/netif/slipif.c ****  * are met:
  14:Middlewares/Third_Party/LwIP/src/netif/slipif.c ****  * 1. Redistributions of source code must retain the above copyright
  15:Middlewares/Third_Party/LwIP/src/netif/slipif.c ****  *    notice, this list of conditions and the following disclaimer.
  16:Middlewares/Third_Party/LwIP/src/netif/slipif.c ****  * 2. Redistributions in binary form must reproduce the above copyright
  17:Middlewares/Third_Party/LwIP/src/netif/slipif.c ****  *    notice, this list of conditions and the following disclaimer in the
  18:Middlewares/Third_Party/LwIP/src/netif/slipif.c ****  *    documentation and/or other materials provided with the distribution.
  19:Middlewares/Third_Party/LwIP/src/netif/slipif.c ****  * 3. Neither the name of the Institute nor the names of its contributors
  20:Middlewares/Third_Party/LwIP/src/netif/slipif.c ****  *    may be used to endorse or promote products derived from this software
  21:Middlewares/Third_Party/LwIP/src/netif/slipif.c ****  *    without specific prior written permission.
  22:Middlewares/Third_Party/LwIP/src/netif/slipif.c ****  *
  23:Middlewares/Third_Party/LwIP/src/netif/slipif.c ****  * THIS SOFTWARE IS PROVIDED BY THE INSTITUTE AND CONTRIBUTORS ``AS IS'' AND
  24:Middlewares/Third_Party/LwIP/src/netif/slipif.c ****  * ANY EXPRESS OR IMPLIED WARRANTIES, INCLUDING, BUT NOT LIMITED TO, THE
  25:Middlewares/Third_Party/LwIP/src/netif/slipif.c ****  * IMPLIED WARRANTIES OF MERCHANTABILITY AND FITNESS FOR A PARTICULAR PURPOSE
  26:Middlewares/Third_Party/LwIP/src/netif/slipif.c ****  * ARE DISCLAIMED.  IN NO EVENT SHALL THE INSTITUTE OR CONTRIBUTORS BE LIABLE
  27:Middlewares/Third_Party/LwIP/src/netif/slipif.c ****  * FOR ANY DIRECT, INDIRECT, INCIDENTAL, SPECIAL, EXEMPLARY, OR CONSEQUENTIAL
  28:Middlewares/Third_Party/LwIP/src/netif/slipif.c ****  * DAMAGES (INCLUDING, BUT NOT LIMITED TO, PROCUREMENT OF SUBSTITUTE GOODS
  29:Middlewares/Third_Party/LwIP/src/netif/slipif.c ****  * OR SERVICES; LOSS OF USE, DATA, OR PROFITS; OR BUSINESS INTERRUPTION)
  30:Middlewares/Third_Party/LwIP/src/netif/slipif.c ****  * HOWEVER CAUSED AND ON ANY THEORY OF LIABILITY, WHETHER IN CONTRACT, STRICT
  31:Middlewares/Third_Party/LwIP/src/netif/slipif.c ****  * LIABILITY, OR TORT (INCLUDING NEGLIGENCE OR OTHERWISE) ARISING IN ANY WAY
  32:Middlewares/Third_Party/LwIP/src/netif/slipif.c ****  * OUT OF THE USE OF THIS SOFTWARE, EVEN IF ADVISED OF THE POSSIBILITY OF
  33:Middlewares/Third_Party/LwIP/src/netif/slipif.c ****  * SUCH DAMAGE.
  34:Middlewares/Third_Party/LwIP/src/netif/slipif.c ****  *
  35:Middlewares/Third_Party/LwIP/src/netif/slipif.c ****  * This file is built upon the file: src/arch/rtxc/netif/sioslip.c
  36:Middlewares/Third_Party/LwIP/src/netif/slipif.c ****  *
  37:Middlewares/Third_Party/LwIP/src/netif/slipif.c ****  * Author: Magnus Ivarsson <magnus.ivarsson(at)volvo.com>
  38:Middlewares/Third_Party/LwIP/src/netif/slipif.c ****  *         Simon Goldschmidt
  39:Middlewares/Third_Party/LwIP/src/netif/slipif.c ****  */
  40:Middlewares/Third_Party/LwIP/src/netif/slipif.c **** 
  41:Middlewares/Third_Party/LwIP/src/netif/slipif.c **** 
  42:Middlewares/Third_Party/LwIP/src/netif/slipif.c **** /**
  43:Middlewares/Third_Party/LwIP/src/netif/slipif.c ****  * @defgroup slipif SLIP netif
  44:Middlewares/Third_Party/LwIP/src/netif/slipif.c ****  * @ingroup addons
  45:Middlewares/Third_Party/LwIP/src/netif/slipif.c ****  *
  46:Middlewares/Third_Party/LwIP/src/netif/slipif.c ****  * This is an arch independent SLIP netif. The specific serial hooks must be
  47:Middlewares/Third_Party/LwIP/src/netif/slipif.c ****  * provided by another file. They are sio_open, sio_read/sio_tryread and sio_send
  48:Middlewares/Third_Party/LwIP/src/netif/slipif.c ****  *
  49:Middlewares/Third_Party/LwIP/src/netif/slipif.c ****  * Usage: This netif can be used in three ways:\n
  50:Middlewares/Third_Party/LwIP/src/netif/slipif.c ****  *        1) For NO_SYS==0, an RX thread can be used which blocks on sio_read()
  51:Middlewares/Third_Party/LwIP/src/netif/slipif.c ****  *           until data is received.\n
  52:Middlewares/Third_Party/LwIP/src/netif/slipif.c ****  *        2) In your main loop, call slipif_poll() to check for new RX bytes,
  53:Middlewares/Third_Party/LwIP/src/netif/slipif.c ****  *           completed packets are fed into netif->input().\n
  54:Middlewares/Third_Party/LwIP/src/netif/slipif.c ****  *        3) Call slipif_received_byte[s]() from your serial RX ISR and
  55:Middlewares/Third_Party/LwIP/src/netif/slipif.c ****  *           slipif_process_rxqueue() from your main loop. ISR level decodes
  56:Middlewares/Third_Party/LwIP/src/netif/slipif.c ****  *           packets and puts completed packets on a queue which is fed into
  57:Middlewares/Third_Party/LwIP/src/netif/slipif.c ****  *           the stack from the main loop (needs SYS_LIGHTWEIGHT_PROT for
  58:Middlewares/Third_Party/LwIP/src/netif/slipif.c ****  *           pbuf_alloc to work on ISR level!).
  59:Middlewares/Third_Party/LwIP/src/netif/slipif.c ****  *
ARM GAS  C:\Users\Nina\AppData\Local\Temp\ccs14gB1.s 			page 3


  60:Middlewares/Third_Party/LwIP/src/netif/slipif.c ****  */
  61:Middlewares/Third_Party/LwIP/src/netif/slipif.c **** 
  62:Middlewares/Third_Party/LwIP/src/netif/slipif.c **** #include "netif/slipif.h"
  63:Middlewares/Third_Party/LwIP/src/netif/slipif.c **** #include "lwip/opt.h"
  64:Middlewares/Third_Party/LwIP/src/netif/slipif.c **** 
  65:Middlewares/Third_Party/LwIP/src/netif/slipif.c **** #include "lwip/def.h"
  66:Middlewares/Third_Party/LwIP/src/netif/slipif.c **** #include "lwip/pbuf.h"
  67:Middlewares/Third_Party/LwIP/src/netif/slipif.c **** #include "lwip/stats.h"
  68:Middlewares/Third_Party/LwIP/src/netif/slipif.c **** #include "lwip/snmp.h"
  69:Middlewares/Third_Party/LwIP/src/netif/slipif.c **** #include "lwip/sys.h"
  70:Middlewares/Third_Party/LwIP/src/netif/slipif.c **** #include "lwip/sio.h"
  71:Middlewares/Third_Party/LwIP/src/netif/slipif.c **** 
  72:Middlewares/Third_Party/LwIP/src/netif/slipif.c **** #define SLIP_END     0xC0 /* 0300: start and end of every packet */
  73:Middlewares/Third_Party/LwIP/src/netif/slipif.c **** #define SLIP_ESC     0xDB /* 0333: escape start (one byte escaped data follows) */
  74:Middlewares/Third_Party/LwIP/src/netif/slipif.c **** #define SLIP_ESC_END 0xDC /* 0334: following escape: original byte is 0xC0 (END) */
  75:Middlewares/Third_Party/LwIP/src/netif/slipif.c **** #define SLIP_ESC_ESC 0xDD /* 0335: following escape: original byte is 0xDB (ESC) */
  76:Middlewares/Third_Party/LwIP/src/netif/slipif.c **** 
  77:Middlewares/Third_Party/LwIP/src/netif/slipif.c **** /** Maximum packet size that is received by this netif */
  78:Middlewares/Third_Party/LwIP/src/netif/slipif.c **** #ifndef SLIP_MAX_SIZE
  79:Middlewares/Third_Party/LwIP/src/netif/slipif.c **** #define SLIP_MAX_SIZE 1500
  80:Middlewares/Third_Party/LwIP/src/netif/slipif.c **** #endif
  81:Middlewares/Third_Party/LwIP/src/netif/slipif.c **** 
  82:Middlewares/Third_Party/LwIP/src/netif/slipif.c **** /** Define this to the interface speed for SNMP
  83:Middlewares/Third_Party/LwIP/src/netif/slipif.c ****  * (sio_fd is the sio_fd_t returned by sio_open).
  84:Middlewares/Third_Party/LwIP/src/netif/slipif.c ****  * The default value of zero means 'unknown'.
  85:Middlewares/Third_Party/LwIP/src/netif/slipif.c ****  */
  86:Middlewares/Third_Party/LwIP/src/netif/slipif.c **** #ifndef SLIP_SIO_SPEED
  87:Middlewares/Third_Party/LwIP/src/netif/slipif.c **** #define SLIP_SIO_SPEED(sio_fd) 0
  88:Middlewares/Third_Party/LwIP/src/netif/slipif.c **** #endif
  89:Middlewares/Third_Party/LwIP/src/netif/slipif.c **** 
  90:Middlewares/Third_Party/LwIP/src/netif/slipif.c **** enum slipif_recv_state {
  91:Middlewares/Third_Party/LwIP/src/netif/slipif.c ****     SLIP_RECV_NORMAL,
  92:Middlewares/Third_Party/LwIP/src/netif/slipif.c ****     SLIP_RECV_ESCAPE
  93:Middlewares/Third_Party/LwIP/src/netif/slipif.c **** };
  94:Middlewares/Third_Party/LwIP/src/netif/slipif.c **** 
  95:Middlewares/Third_Party/LwIP/src/netif/slipif.c **** struct slipif_priv {
  96:Middlewares/Third_Party/LwIP/src/netif/slipif.c ****   sio_fd_t sd;
  97:Middlewares/Third_Party/LwIP/src/netif/slipif.c ****   /* q is the whole pbuf chain for a packet, p is the current pbuf in the chain */
  98:Middlewares/Third_Party/LwIP/src/netif/slipif.c ****   struct pbuf *p, *q;
  99:Middlewares/Third_Party/LwIP/src/netif/slipif.c ****   u8_t state;
 100:Middlewares/Third_Party/LwIP/src/netif/slipif.c ****   u16_t i, recved;
 101:Middlewares/Third_Party/LwIP/src/netif/slipif.c **** #if SLIP_RX_FROM_ISR
 102:Middlewares/Third_Party/LwIP/src/netif/slipif.c ****   struct pbuf *rxpackets;
 103:Middlewares/Third_Party/LwIP/src/netif/slipif.c **** #endif
 104:Middlewares/Third_Party/LwIP/src/netif/slipif.c **** };
 105:Middlewares/Third_Party/LwIP/src/netif/slipif.c **** 
 106:Middlewares/Third_Party/LwIP/src/netif/slipif.c **** /**
 107:Middlewares/Third_Party/LwIP/src/netif/slipif.c ****  * Send a pbuf doing the necessary SLIP encapsulation
 108:Middlewares/Third_Party/LwIP/src/netif/slipif.c ****  *
 109:Middlewares/Third_Party/LwIP/src/netif/slipif.c ****  * Uses the serial layer's sio_send()
 110:Middlewares/Third_Party/LwIP/src/netif/slipif.c ****  *
 111:Middlewares/Third_Party/LwIP/src/netif/slipif.c ****  * @param netif the lwip network interface structure for this slipif
 112:Middlewares/Third_Party/LwIP/src/netif/slipif.c ****  * @param p the pbuf chain packet to send
 113:Middlewares/Third_Party/LwIP/src/netif/slipif.c ****  * @return always returns ERR_OK since the serial layer does not provide return values
 114:Middlewares/Third_Party/LwIP/src/netif/slipif.c ****  */
 115:Middlewares/Third_Party/LwIP/src/netif/slipif.c **** static err_t
 116:Middlewares/Third_Party/LwIP/src/netif/slipif.c **** slipif_output(struct netif *netif, struct pbuf *p)
ARM GAS  C:\Users\Nina\AppData\Local\Temp\ccs14gB1.s 			page 4


 117:Middlewares/Third_Party/LwIP/src/netif/slipif.c **** {
 118:Middlewares/Third_Party/LwIP/src/netif/slipif.c ****   struct slipif_priv *priv;
 119:Middlewares/Third_Party/LwIP/src/netif/slipif.c ****   struct pbuf *q;
 120:Middlewares/Third_Party/LwIP/src/netif/slipif.c ****   u16_t i;
 121:Middlewares/Third_Party/LwIP/src/netif/slipif.c ****   u8_t c;
 122:Middlewares/Third_Party/LwIP/src/netif/slipif.c **** 
 123:Middlewares/Third_Party/LwIP/src/netif/slipif.c ****   LWIP_ASSERT("netif != NULL", (netif != NULL));
 124:Middlewares/Third_Party/LwIP/src/netif/slipif.c ****   LWIP_ASSERT("netif->state != NULL", (netif->state != NULL));
 125:Middlewares/Third_Party/LwIP/src/netif/slipif.c ****   LWIP_ASSERT("p != NULL", (p != NULL));
 126:Middlewares/Third_Party/LwIP/src/netif/slipif.c **** 
 127:Middlewares/Third_Party/LwIP/src/netif/slipif.c ****   LWIP_DEBUGF(SLIP_DEBUG, ("slipif_output(%"U16_F"): sending %"U16_F" bytes\n", (u16_t)netif->num, 
 128:Middlewares/Third_Party/LwIP/src/netif/slipif.c ****   priv = (struct slipif_priv *)netif->state;
 129:Middlewares/Third_Party/LwIP/src/netif/slipif.c **** 
 130:Middlewares/Third_Party/LwIP/src/netif/slipif.c ****   /* Send pbuf out on the serial I/O device. */
 131:Middlewares/Third_Party/LwIP/src/netif/slipif.c ****   /* Start with packet delimiter. */
 132:Middlewares/Third_Party/LwIP/src/netif/slipif.c ****   sio_send(SLIP_END, priv->sd);
 133:Middlewares/Third_Party/LwIP/src/netif/slipif.c **** 
 134:Middlewares/Third_Party/LwIP/src/netif/slipif.c ****   for (q = p; q != NULL; q = q->next) {
 135:Middlewares/Third_Party/LwIP/src/netif/slipif.c ****     for (i = 0; i < q->len; i++) {
 136:Middlewares/Third_Party/LwIP/src/netif/slipif.c ****       c = ((u8_t *)q->payload)[i];
 137:Middlewares/Third_Party/LwIP/src/netif/slipif.c ****       switch (c) {
 138:Middlewares/Third_Party/LwIP/src/netif/slipif.c ****       case SLIP_END:
 139:Middlewares/Third_Party/LwIP/src/netif/slipif.c ****         /* need to escape this byte (0xC0 -> 0xDB, 0xDC) */
 140:Middlewares/Third_Party/LwIP/src/netif/slipif.c ****         sio_send(SLIP_ESC, priv->sd);
 141:Middlewares/Third_Party/LwIP/src/netif/slipif.c ****         sio_send(SLIP_ESC_END, priv->sd);
 142:Middlewares/Third_Party/LwIP/src/netif/slipif.c ****         break;
 143:Middlewares/Third_Party/LwIP/src/netif/slipif.c ****       case SLIP_ESC:
 144:Middlewares/Third_Party/LwIP/src/netif/slipif.c ****         /* need to escape this byte (0xDB -> 0xDB, 0xDD) */
 145:Middlewares/Third_Party/LwIP/src/netif/slipif.c ****         sio_send(SLIP_ESC, priv->sd);
 146:Middlewares/Third_Party/LwIP/src/netif/slipif.c ****         sio_send(SLIP_ESC_ESC, priv->sd);
 147:Middlewares/Third_Party/LwIP/src/netif/slipif.c ****         break;
 148:Middlewares/Third_Party/LwIP/src/netif/slipif.c ****       default:
 149:Middlewares/Third_Party/LwIP/src/netif/slipif.c ****         /* normal byte - no need for escaping */
 150:Middlewares/Third_Party/LwIP/src/netif/slipif.c ****         sio_send(c, priv->sd);
 151:Middlewares/Third_Party/LwIP/src/netif/slipif.c ****         break;
 152:Middlewares/Third_Party/LwIP/src/netif/slipif.c ****       }
 153:Middlewares/Third_Party/LwIP/src/netif/slipif.c ****     }
 154:Middlewares/Third_Party/LwIP/src/netif/slipif.c ****   }
 155:Middlewares/Third_Party/LwIP/src/netif/slipif.c ****   /* End with packet delimiter. */
 156:Middlewares/Third_Party/LwIP/src/netif/slipif.c ****   sio_send(SLIP_END, priv->sd);
 157:Middlewares/Third_Party/LwIP/src/netif/slipif.c ****   return ERR_OK;
 158:Middlewares/Third_Party/LwIP/src/netif/slipif.c **** }
 159:Middlewares/Third_Party/LwIP/src/netif/slipif.c **** 
 160:Middlewares/Third_Party/LwIP/src/netif/slipif.c **** #if LWIP_IPV4
 161:Middlewares/Third_Party/LwIP/src/netif/slipif.c **** /**
 162:Middlewares/Third_Party/LwIP/src/netif/slipif.c ****  * Send a pbuf doing the necessary SLIP encapsulation
 163:Middlewares/Third_Party/LwIP/src/netif/slipif.c ****  *
 164:Middlewares/Third_Party/LwIP/src/netif/slipif.c ****  * Uses the serial layer's sio_send()
 165:Middlewares/Third_Party/LwIP/src/netif/slipif.c ****  *
 166:Middlewares/Third_Party/LwIP/src/netif/slipif.c ****  * @param netif the lwip network interface structure for this slipif
 167:Middlewares/Third_Party/LwIP/src/netif/slipif.c ****  * @param p the pbuf chain packet to send
 168:Middlewares/Third_Party/LwIP/src/netif/slipif.c ****  * @param ipaddr the ip address to send the packet to (not used for slipif)
 169:Middlewares/Third_Party/LwIP/src/netif/slipif.c ****  * @return always returns ERR_OK since the serial layer does not provide return values
 170:Middlewares/Third_Party/LwIP/src/netif/slipif.c ****  */
 171:Middlewares/Third_Party/LwIP/src/netif/slipif.c **** static err_t
 172:Middlewares/Third_Party/LwIP/src/netif/slipif.c **** slipif_output_v4(struct netif *netif, struct pbuf *p, const ip4_addr_t *ipaddr)
 173:Middlewares/Third_Party/LwIP/src/netif/slipif.c **** {
ARM GAS  C:\Users\Nina\AppData\Local\Temp\ccs14gB1.s 			page 5


 174:Middlewares/Third_Party/LwIP/src/netif/slipif.c ****   LWIP_UNUSED_ARG(ipaddr);
 175:Middlewares/Third_Party/LwIP/src/netif/slipif.c ****   return slipif_output(netif, p);
 176:Middlewares/Third_Party/LwIP/src/netif/slipif.c **** }
 177:Middlewares/Third_Party/LwIP/src/netif/slipif.c **** #endif /* LWIP_IPV4 */
 178:Middlewares/Third_Party/LwIP/src/netif/slipif.c **** 
 179:Middlewares/Third_Party/LwIP/src/netif/slipif.c **** #if LWIP_IPV6
 180:Middlewares/Third_Party/LwIP/src/netif/slipif.c **** /**
 181:Middlewares/Third_Party/LwIP/src/netif/slipif.c ****  * Send a pbuf doing the necessary SLIP encapsulation
 182:Middlewares/Third_Party/LwIP/src/netif/slipif.c ****  *
 183:Middlewares/Third_Party/LwIP/src/netif/slipif.c ****  * Uses the serial layer's sio_send()
 184:Middlewares/Third_Party/LwIP/src/netif/slipif.c ****  *
 185:Middlewares/Third_Party/LwIP/src/netif/slipif.c ****  * @param netif the lwip network interface structure for this slipif
 186:Middlewares/Third_Party/LwIP/src/netif/slipif.c ****  * @param p the pbuf chain packet to send
 187:Middlewares/Third_Party/LwIP/src/netif/slipif.c ****  * @param ipaddr the ip address to send the packet to (not used for slipif)
 188:Middlewares/Third_Party/LwIP/src/netif/slipif.c ****  * @return always returns ERR_OK since the serial layer does not provide return values
 189:Middlewares/Third_Party/LwIP/src/netif/slipif.c ****  */
 190:Middlewares/Third_Party/LwIP/src/netif/slipif.c **** static err_t
 191:Middlewares/Third_Party/LwIP/src/netif/slipif.c **** slipif_output_v6(struct netif *netif, struct pbuf *p, const ip6_addr_t *ipaddr)
 192:Middlewares/Third_Party/LwIP/src/netif/slipif.c **** {
 193:Middlewares/Third_Party/LwIP/src/netif/slipif.c ****   LWIP_UNUSED_ARG(ipaddr);
 194:Middlewares/Third_Party/LwIP/src/netif/slipif.c ****   return slipif_output(netif, p);
 195:Middlewares/Third_Party/LwIP/src/netif/slipif.c **** }
 196:Middlewares/Third_Party/LwIP/src/netif/slipif.c **** #endif /* LWIP_IPV6 */
 197:Middlewares/Third_Party/LwIP/src/netif/slipif.c **** 
 198:Middlewares/Third_Party/LwIP/src/netif/slipif.c **** /**
 199:Middlewares/Third_Party/LwIP/src/netif/slipif.c ****  * Handle the incoming SLIP stream character by character
 200:Middlewares/Third_Party/LwIP/src/netif/slipif.c ****  *
 201:Middlewares/Third_Party/LwIP/src/netif/slipif.c ****  * @param netif the lwip network interface structure for this slipif
 202:Middlewares/Third_Party/LwIP/src/netif/slipif.c ****  * @param c received character (multiple calls to this function will
 203:Middlewares/Third_Party/LwIP/src/netif/slipif.c ****  *        return a complete packet, NULL is returned before - used for polling)
 204:Middlewares/Third_Party/LwIP/src/netif/slipif.c ****  * @return The IP packet when SLIP_END is received
 205:Middlewares/Third_Party/LwIP/src/netif/slipif.c ****  */
 206:Middlewares/Third_Party/LwIP/src/netif/slipif.c **** static struct pbuf*
 207:Middlewares/Third_Party/LwIP/src/netif/slipif.c **** slipif_rxbyte(struct netif *netif, u8_t c)
 208:Middlewares/Third_Party/LwIP/src/netif/slipif.c **** {
  42              		.loc 1 208 1 view -0
  43              		.cfi_startproc
  44              		@ args = 0, pretend = 0, frame = 0
  45              		@ frame_needed = 0, uses_anonymous_args = 0
  46              		.loc 1 208 1 is_stmt 0 view .LVU1
  47 0000 38B5     		push	{r3, r4, r5, lr}
  48              	.LCFI0:
  49              		.cfi_def_cfa_offset 16
  50              		.cfi_offset 3, -16
  51              		.cfi_offset 4, -12
  52              		.cfi_offset 5, -8
  53              		.cfi_offset 14, -4
  54 0002 0D46     		mov	r5, r1
 209:Middlewares/Third_Party/LwIP/src/netif/slipif.c ****   struct slipif_priv *priv;
  55              		.loc 1 209 3 is_stmt 1 view .LVU2
 210:Middlewares/Third_Party/LwIP/src/netif/slipif.c ****   struct pbuf *t;
  56              		.loc 1 210 3 view .LVU3
 211:Middlewares/Third_Party/LwIP/src/netif/slipif.c **** 
 212:Middlewares/Third_Party/LwIP/src/netif/slipif.c ****   LWIP_ASSERT("netif != NULL", (netif != NULL));
  57              		.loc 1 212 3 view .LVU4
  58              		.loc 1 212 3 view .LVU5
  59 0004 0446     		mov	r4, r0
ARM GAS  C:\Users\Nina\AppData\Local\Temp\ccs14gB1.s 			page 6


  60 0006 0028     		cmp	r0, #0
  61 0008 2CD0     		beq	.L19
  62              	.LVL1:
  63              	.L2:
  64              		.loc 1 212 3 discriminator 3 view .LVU6
  65              		.loc 1 212 3 discriminator 3 view .LVU7
 213:Middlewares/Third_Party/LwIP/src/netif/slipif.c ****   LWIP_ASSERT("netif->state != NULL", (netif->state != NULL));
  66              		.loc 1 213 3 discriminator 3 view .LVU8
  67              		.loc 1 213 3 discriminator 3 view .LVU9
  68 000a E369     		ldr	r3, [r4, #28]
  69 000c 002B     		cmp	r3, #0
  70 000e 30D0     		beq	.L20
  71              	.L3:
  72              		.loc 1 213 3 discriminator 3 view .LVU10
  73              		.loc 1 213 3 discriminator 3 view .LVU11
 214:Middlewares/Third_Party/LwIP/src/netif/slipif.c **** 
 215:Middlewares/Third_Party/LwIP/src/netif/slipif.c ****   priv = (struct slipif_priv *)netif->state;
  74              		.loc 1 215 3 discriminator 3 view .LVU12
  75              		.loc 1 215 8 is_stmt 0 discriminator 3 view .LVU13
  76 0010 E469     		ldr	r4, [r4, #28]
  77              	.LVL2:
 216:Middlewares/Third_Party/LwIP/src/netif/slipif.c **** 
 217:Middlewares/Third_Party/LwIP/src/netif/slipif.c ****   switch (priv->state) {
  78              		.loc 1 217 3 is_stmt 1 discriminator 3 view .LVU14
  79              		.loc 1 217 15 is_stmt 0 discriminator 3 view .LVU15
  80 0012 237B     		ldrb	r3, [r4, #12]	@ zero_extendqisi2
  81              		.loc 1 217 3 discriminator 3 view .LVU16
  82 0014 002B     		cmp	r3, #0
  83 0016 33D0     		beq	.L4
  84              		.loc 1 217 3 view .LVU17
  85 0018 012B     		cmp	r3, #1
  86 001a 47D0     		beq	.L5
  87              	.LVL3:
  88              	.L6:
 218:Middlewares/Third_Party/LwIP/src/netif/slipif.c ****   case SLIP_RECV_NORMAL:
 219:Middlewares/Third_Party/LwIP/src/netif/slipif.c ****     switch (c) {
 220:Middlewares/Third_Party/LwIP/src/netif/slipif.c ****     case SLIP_END:
 221:Middlewares/Third_Party/LwIP/src/netif/slipif.c ****       if (priv->recved > 0) {
 222:Middlewares/Third_Party/LwIP/src/netif/slipif.c ****         /* Received whole packet. */
 223:Middlewares/Third_Party/LwIP/src/netif/slipif.c ****         /* Trim the pbuf to the size of the received packet. */
 224:Middlewares/Third_Party/LwIP/src/netif/slipif.c ****         pbuf_realloc(priv->q, priv->recved);
 225:Middlewares/Third_Party/LwIP/src/netif/slipif.c **** 
 226:Middlewares/Third_Party/LwIP/src/netif/slipif.c ****         LINK_STATS_INC(link.recv);
 227:Middlewares/Third_Party/LwIP/src/netif/slipif.c **** 
 228:Middlewares/Third_Party/LwIP/src/netif/slipif.c ****         LWIP_DEBUGF(SLIP_DEBUG, ("slipif: Got packet (%"U16_F" bytes)\n", priv->recved));
 229:Middlewares/Third_Party/LwIP/src/netif/slipif.c ****         t = priv->q;
 230:Middlewares/Third_Party/LwIP/src/netif/slipif.c ****         priv->p = priv->q = NULL;
 231:Middlewares/Third_Party/LwIP/src/netif/slipif.c ****         priv->i = priv->recved = 0;
 232:Middlewares/Third_Party/LwIP/src/netif/slipif.c ****         return t;
 233:Middlewares/Third_Party/LwIP/src/netif/slipif.c ****       }
 234:Middlewares/Third_Party/LwIP/src/netif/slipif.c ****       return NULL;
 235:Middlewares/Third_Party/LwIP/src/netif/slipif.c ****     case SLIP_ESC:
 236:Middlewares/Third_Party/LwIP/src/netif/slipif.c ****       priv->state = SLIP_RECV_ESCAPE;
 237:Middlewares/Third_Party/LwIP/src/netif/slipif.c ****       return NULL;
 238:Middlewares/Third_Party/LwIP/src/netif/slipif.c ****     default:
 239:Middlewares/Third_Party/LwIP/src/netif/slipif.c ****       break;
 240:Middlewares/Third_Party/LwIP/src/netif/slipif.c ****     } /* end switch (c) */
ARM GAS  C:\Users\Nina\AppData\Local\Temp\ccs14gB1.s 			page 7


 241:Middlewares/Third_Party/LwIP/src/netif/slipif.c ****     break;
 242:Middlewares/Third_Party/LwIP/src/netif/slipif.c ****   case SLIP_RECV_ESCAPE:
 243:Middlewares/Third_Party/LwIP/src/netif/slipif.c ****     /* un-escape END or ESC bytes, leave other bytes
 244:Middlewares/Third_Party/LwIP/src/netif/slipif.c ****        (although that would be a protocol error) */
 245:Middlewares/Third_Party/LwIP/src/netif/slipif.c ****     switch (c) {
 246:Middlewares/Third_Party/LwIP/src/netif/slipif.c ****     case SLIP_ESC_END:
 247:Middlewares/Third_Party/LwIP/src/netif/slipif.c ****       c = SLIP_END;
 248:Middlewares/Third_Party/LwIP/src/netif/slipif.c ****       break;
 249:Middlewares/Third_Party/LwIP/src/netif/slipif.c ****     case SLIP_ESC_ESC:
 250:Middlewares/Third_Party/LwIP/src/netif/slipif.c ****       c = SLIP_ESC;
 251:Middlewares/Third_Party/LwIP/src/netif/slipif.c ****       break;
 252:Middlewares/Third_Party/LwIP/src/netif/slipif.c ****     default:
 253:Middlewares/Third_Party/LwIP/src/netif/slipif.c ****       break;
 254:Middlewares/Third_Party/LwIP/src/netif/slipif.c ****     }
 255:Middlewares/Third_Party/LwIP/src/netif/slipif.c ****     priv->state = SLIP_RECV_NORMAL;
 256:Middlewares/Third_Party/LwIP/src/netif/slipif.c ****     break;
 257:Middlewares/Third_Party/LwIP/src/netif/slipif.c ****   default:
 258:Middlewares/Third_Party/LwIP/src/netif/slipif.c ****     break;
 259:Middlewares/Third_Party/LwIP/src/netif/slipif.c ****   } /* end switch (priv->state) */
 260:Middlewares/Third_Party/LwIP/src/netif/slipif.c **** 
 261:Middlewares/Third_Party/LwIP/src/netif/slipif.c ****   /* byte received, packet not yet completely received */
 262:Middlewares/Third_Party/LwIP/src/netif/slipif.c ****   if (priv->p == NULL) {
  89              		.loc 1 262 3 is_stmt 1 view .LVU18
  90              		.loc 1 262 11 is_stmt 0 view .LVU19
  91 001c 6368     		ldr	r3, [r4, #4]
  92              		.loc 1 262 6 view .LVU20
  93 001e 002B     		cmp	r3, #0
  94 0020 4ED0     		beq	.L21
  95              	.L11:
 263:Middlewares/Third_Party/LwIP/src/netif/slipif.c ****     /* allocate a new pbuf */
 264:Middlewares/Third_Party/LwIP/src/netif/slipif.c ****     LWIP_DEBUGF(SLIP_DEBUG, ("slipif_input: alloc\n"));
 265:Middlewares/Third_Party/LwIP/src/netif/slipif.c ****     priv->p = pbuf_alloc(PBUF_LINK, (PBUF_POOL_BUFSIZE - PBUF_LINK_HLEN - PBUF_LINK_ENCAPSULATION_H
 266:Middlewares/Third_Party/LwIP/src/netif/slipif.c **** 
 267:Middlewares/Third_Party/LwIP/src/netif/slipif.c ****     if (priv->p == NULL) {
 268:Middlewares/Third_Party/LwIP/src/netif/slipif.c ****       LINK_STATS_INC(link.drop);
 269:Middlewares/Third_Party/LwIP/src/netif/slipif.c ****       LWIP_DEBUGF(SLIP_DEBUG, ("slipif_input: no new pbuf! (DROP)\n"));
 270:Middlewares/Third_Party/LwIP/src/netif/slipif.c ****       /* don't process any further since we got no pbuf to receive to */
 271:Middlewares/Third_Party/LwIP/src/netif/slipif.c ****       return NULL;
 272:Middlewares/Third_Party/LwIP/src/netif/slipif.c ****     }
 273:Middlewares/Third_Party/LwIP/src/netif/slipif.c **** 
 274:Middlewares/Third_Party/LwIP/src/netif/slipif.c ****     if (priv->q != NULL) {
 275:Middlewares/Third_Party/LwIP/src/netif/slipif.c ****       /* 'chain' the pbuf to the existing chain */
 276:Middlewares/Third_Party/LwIP/src/netif/slipif.c ****       pbuf_cat(priv->q, priv->p);
 277:Middlewares/Third_Party/LwIP/src/netif/slipif.c ****     } else {
 278:Middlewares/Third_Party/LwIP/src/netif/slipif.c ****       /* p is the first pbuf in the chain */
 279:Middlewares/Third_Party/LwIP/src/netif/slipif.c ****       priv->q = priv->p;
 280:Middlewares/Third_Party/LwIP/src/netif/slipif.c ****     }
 281:Middlewares/Third_Party/LwIP/src/netif/slipif.c ****   }
 282:Middlewares/Third_Party/LwIP/src/netif/slipif.c **** 
 283:Middlewares/Third_Party/LwIP/src/netif/slipif.c ****   /* this automatically drops bytes if > SLIP_MAX_SIZE */
 284:Middlewares/Third_Party/LwIP/src/netif/slipif.c ****   if ((priv->p != NULL) && (priv->recved <= SLIP_MAX_SIZE)) {
  96              		.loc 1 284 3 is_stmt 1 view .LVU21
  97              		.loc 1 284 12 is_stmt 0 view .LVU22
  98 0022 6068     		ldr	r0, [r4, #4]
  99              		.loc 1 284 6 view .LVU23
 100 0024 0028     		cmp	r0, #0
 101 0026 60D0     		beq	.L1
ARM GAS  C:\Users\Nina\AppData\Local\Temp\ccs14gB1.s 			page 8


 102              		.loc 1 284 33 discriminator 1 view .LVU24
 103 0028 228A     		ldrh	r2, [r4, #16]
 104              		.loc 1 284 25 discriminator 1 view .LVU25
 105 002a 40F2DC53 		movw	r3, #1500
 106 002e 9A42     		cmp	r2, r3
 107 0030 5AD8     		bhi	.L16
 285:Middlewares/Third_Party/LwIP/src/netif/slipif.c ****     ((u8_t *)priv->p->payload)[priv->i] = c;
 108              		.loc 1 285 5 is_stmt 1 view .LVU26
 109              		.loc 1 285 21 is_stmt 0 view .LVU27
 110 0032 4268     		ldr	r2, [r0, #4]
 111              		.loc 1 285 36 view .LVU28
 112 0034 E389     		ldrh	r3, [r4, #14]
 113              		.loc 1 285 41 view .LVU29
 114 0036 D554     		strb	r5, [r2, r3]
 286:Middlewares/Third_Party/LwIP/src/netif/slipif.c ****     priv->recved++;
 115              		.loc 1 286 5 is_stmt 1 view .LVU30
 116              		.loc 1 286 9 is_stmt 0 view .LVU31
 117 0038 238A     		ldrh	r3, [r4, #16]
 118              		.loc 1 286 17 view .LVU32
 119 003a 0133     		adds	r3, r3, #1
 120 003c 2382     		strh	r3, [r4, #16]	@ movhi
 287:Middlewares/Third_Party/LwIP/src/netif/slipif.c ****     priv->i++;
 121              		.loc 1 287 5 is_stmt 1 view .LVU33
 122              		.loc 1 287 9 is_stmt 0 view .LVU34
 123 003e E389     		ldrh	r3, [r4, #14]
 124              		.loc 1 287 12 view .LVU35
 125 0040 0133     		adds	r3, r3, #1
 126 0042 9BB2     		uxth	r3, r3
 127 0044 E381     		strh	r3, [r4, #14]	@ movhi
 288:Middlewares/Third_Party/LwIP/src/netif/slipif.c ****     if (priv->i >= priv->p->len) {
 128              		.loc 1 288 5 is_stmt 1 view .LVU36
 129              		.loc 1 288 24 is_stmt 0 view .LVU37
 130 0046 6268     		ldr	r2, [r4, #4]
 131              		.loc 1 288 27 view .LVU38
 132 0048 5189     		ldrh	r1, [r2, #10]
 133              		.loc 1 288 8 view .LVU39
 134 004a 8B42     		cmp	r3, r1
 135 004c 4ED3     		bcc	.L17
 289:Middlewares/Third_Party/LwIP/src/netif/slipif.c ****       /* on to the next pbuf */
 290:Middlewares/Third_Party/LwIP/src/netif/slipif.c ****       priv->i = 0;
 136              		.loc 1 290 7 is_stmt 1 view .LVU40
 137              		.loc 1 290 15 is_stmt 0 view .LVU41
 138 004e 0023     		movs	r3, #0
 139 0050 E381     		strh	r3, [r4, #14]	@ movhi
 291:Middlewares/Third_Party/LwIP/src/netif/slipif.c ****       if (priv->p->next != NULL && priv->p->next->len > 0) {
 140              		.loc 1 291 7 is_stmt 1 view .LVU42
 141              		.loc 1 291 18 is_stmt 0 view .LVU43
 142 0052 1368     		ldr	r3, [r2]
 143              		.loc 1 291 10 view .LVU44
 144 0054 002B     		cmp	r3, #0
 145 0056 44D0     		beq	.L13
 146              		.loc 1 291 49 discriminator 1 view .LVU45
 147 0058 5A89     		ldrh	r2, [r3, #10]
 148              		.loc 1 291 33 discriminator 1 view .LVU46
 149 005a 002A     		cmp	r2, #0
 150 005c 41D0     		beq	.L13
 292:Middlewares/Third_Party/LwIP/src/netif/slipif.c ****         /* p is a chain, on to the next in the chain */
ARM GAS  C:\Users\Nina\AppData\Local\Temp\ccs14gB1.s 			page 9


 293:Middlewares/Third_Party/LwIP/src/netif/slipif.c ****           priv->p = priv->p->next;
 151              		.loc 1 293 11 is_stmt 1 view .LVU47
 152              		.loc 1 293 19 is_stmt 0 view .LVU48
 153 005e 6360     		str	r3, [r4, #4]
 294:Middlewares/Third_Party/LwIP/src/netif/slipif.c ****       } else {
 295:Middlewares/Third_Party/LwIP/src/netif/slipif.c ****         /* p is a single pbuf, set it to NULL so next time a new
 296:Middlewares/Third_Party/LwIP/src/netif/slipif.c ****          * pbuf is allocated */
 297:Middlewares/Third_Party/LwIP/src/netif/slipif.c ****           priv->p = NULL;
 298:Middlewares/Third_Party/LwIP/src/netif/slipif.c ****       }
 299:Middlewares/Third_Party/LwIP/src/netif/slipif.c ****     }
 300:Middlewares/Third_Party/LwIP/src/netif/slipif.c ****   }
 301:Middlewares/Third_Party/LwIP/src/netif/slipif.c ****   return NULL;
 154              		.loc 1 301 10 view .LVU49
 155 0060 0020     		movs	r0, #0
 293:Middlewares/Third_Party/LwIP/src/netif/slipif.c ****       } else {
 156              		.loc 1 293 19 view .LVU50
 157 0062 42E0     		b	.L1
 158              	.LVL4:
 159              	.L19:
 212:Middlewares/Third_Party/LwIP/src/netif/slipif.c ****   LWIP_ASSERT("netif->state != NULL", (netif->state != NULL));
 160              		.loc 1 212 3 is_stmt 1 discriminator 1 view .LVU51
 212:Middlewares/Third_Party/LwIP/src/netif/slipif.c ****   LWIP_ASSERT("netif->state != NULL", (netif->state != NULL));
 161              		.loc 1 212 3 discriminator 1 view .LVU52
 162 0064 224B     		ldr	r3, .L23
 163 0066 D422     		movs	r2, #212
 164 0068 2249     		ldr	r1, .L23+4
 165              	.LVL5:
 212:Middlewares/Third_Party/LwIP/src/netif/slipif.c ****   LWIP_ASSERT("netif->state != NULL", (netif->state != NULL));
 166              		.loc 1 212 3 is_stmt 0 discriminator 1 view .LVU53
 167 006a 2348     		ldr	r0, .L23+8
 168              	.LVL6:
 212:Middlewares/Third_Party/LwIP/src/netif/slipif.c ****   LWIP_ASSERT("netif->state != NULL", (netif->state != NULL));
 169              		.loc 1 212 3 discriminator 1 view .LVU54
 170 006c FFF7FEFF 		bl	printf
 171              	.LVL7:
 172 0070 CBE7     		b	.L2
 173              	.L20:
 213:Middlewares/Third_Party/LwIP/src/netif/slipif.c **** 
 174              		.loc 1 213 3 is_stmt 1 discriminator 1 view .LVU55
 213:Middlewares/Third_Party/LwIP/src/netif/slipif.c **** 
 175              		.loc 1 213 3 discriminator 1 view .LVU56
 176 0072 1F4B     		ldr	r3, .L23
 177 0074 D522     		movs	r2, #213
 178 0076 2149     		ldr	r1, .L23+12
 179 0078 1F48     		ldr	r0, .L23+8
 180 007a FFF7FEFF 		bl	printf
 181              	.LVL8:
 182 007e C7E7     		b	.L3
 183              	.LVL9:
 184              	.L4:
 219:Middlewares/Third_Party/LwIP/src/netif/slipif.c ****     case SLIP_END:
 185              		.loc 1 219 5 view .LVU57
 186 0080 C02D     		cmp	r5, #192
 187 0082 05D0     		beq	.L7
 188 0084 DB2D     		cmp	r5, #219
 189 0086 C9D1     		bne	.L6
 236:Middlewares/Third_Party/LwIP/src/netif/slipif.c ****       return NULL;
ARM GAS  C:\Users\Nina\AppData\Local\Temp\ccs14gB1.s 			page 10


 190              		.loc 1 236 7 view .LVU58
 236:Middlewares/Third_Party/LwIP/src/netif/slipif.c ****       return NULL;
 191              		.loc 1 236 19 is_stmt 0 view .LVU59
 192 0088 0123     		movs	r3, #1
 193 008a 2373     		strb	r3, [r4, #12]
 237:Middlewares/Third_Party/LwIP/src/netif/slipif.c ****     default:
 194              		.loc 1 237 7 is_stmt 1 view .LVU60
 237:Middlewares/Third_Party/LwIP/src/netif/slipif.c ****     default:
 195              		.loc 1 237 14 is_stmt 0 view .LVU61
 196 008c 0020     		movs	r0, #0
 197 008e 2CE0     		b	.L1
 198              	.L7:
 221:Middlewares/Third_Party/LwIP/src/netif/slipif.c ****         /* Received whole packet. */
 199              		.loc 1 221 7 is_stmt 1 view .LVU62
 221:Middlewares/Third_Party/LwIP/src/netif/slipif.c ****         /* Received whole packet. */
 200              		.loc 1 221 15 is_stmt 0 view .LVU63
 201 0090 218A     		ldrh	r1, [r4, #16]
 221:Middlewares/Third_Party/LwIP/src/netif/slipif.c ****         /* Received whole packet. */
 202              		.loc 1 221 10 view .LVU64
 203 0092 09B9     		cbnz	r1, .L22
 234:Middlewares/Third_Party/LwIP/src/netif/slipif.c ****     case SLIP_ESC:
 204              		.loc 1 234 14 view .LVU65
 205 0094 0020     		movs	r0, #0
 206 0096 28E0     		b	.L1
 207              	.L22:
 224:Middlewares/Third_Party/LwIP/src/netif/slipif.c **** 
 208              		.loc 1 224 9 is_stmt 1 view .LVU66
 209 0098 A068     		ldr	r0, [r4, #8]
 210 009a FFF7FEFF 		bl	pbuf_realloc
 211              	.LVL10:
 226:Middlewares/Third_Party/LwIP/src/netif/slipif.c **** 
 212              		.loc 1 226 34 view .LVU67
 228:Middlewares/Third_Party/LwIP/src/netif/slipif.c ****         t = priv->q;
 213              		.loc 1 228 89 view .LVU68
 229:Middlewares/Third_Party/LwIP/src/netif/slipif.c ****         priv->p = priv->q = NULL;
 214              		.loc 1 229 9 view .LVU69
 229:Middlewares/Third_Party/LwIP/src/netif/slipif.c ****         priv->p = priv->q = NULL;
 215              		.loc 1 229 11 is_stmt 0 view .LVU70
 216 009e A068     		ldr	r0, [r4, #8]
 217              	.LVL11:
 230:Middlewares/Third_Party/LwIP/src/netif/slipif.c ****         priv->i = priv->recved = 0;
 218              		.loc 1 230 9 is_stmt 1 view .LVU71
 230:Middlewares/Third_Party/LwIP/src/netif/slipif.c ****         priv->i = priv->recved = 0;
 219              		.loc 1 230 27 is_stmt 0 view .LVU72
 220 00a0 0023     		movs	r3, #0
 221 00a2 A360     		str	r3, [r4, #8]
 230:Middlewares/Third_Party/LwIP/src/netif/slipif.c ****         priv->i = priv->recved = 0;
 222              		.loc 1 230 17 view .LVU73
 223 00a4 6360     		str	r3, [r4, #4]
 231:Middlewares/Third_Party/LwIP/src/netif/slipif.c ****         return t;
 224              		.loc 1 231 9 is_stmt 1 view .LVU74
 231:Middlewares/Third_Party/LwIP/src/netif/slipif.c ****         return t;
 225              		.loc 1 231 32 is_stmt 0 view .LVU75
 226 00a6 2382     		strh	r3, [r4, #16]	@ movhi
 231:Middlewares/Third_Party/LwIP/src/netif/slipif.c ****         return t;
 227              		.loc 1 231 17 view .LVU76
 228 00a8 E381     		strh	r3, [r4, #14]	@ movhi
ARM GAS  C:\Users\Nina\AppData\Local\Temp\ccs14gB1.s 			page 11


 232:Middlewares/Third_Party/LwIP/src/netif/slipif.c ****       }
 229              		.loc 1 232 9 is_stmt 1 view .LVU77
 232:Middlewares/Third_Party/LwIP/src/netif/slipif.c ****       }
 230              		.loc 1 232 16 is_stmt 0 view .LVU78
 231 00aa 1EE0     		b	.L1
 232              	.LVL12:
 233              	.L5:
 245:Middlewares/Third_Party/LwIP/src/netif/slipif.c ****     case SLIP_ESC_END:
 234              		.loc 1 245 5 is_stmt 1 view .LVU79
 235 00ac DC2D     		cmp	r5, #220
 236 00ae 05D0     		beq	.L15
 237 00b0 DD2D     		cmp	r5, #221
 238 00b2 00D1     		bne	.L10
 250:Middlewares/Third_Party/LwIP/src/netif/slipif.c ****       break;
 239              		.loc 1 250 9 is_stmt 0 view .LVU80
 240 00b4 DB25     		movs	r5, #219
 241              	.L10:
 242              	.LVL13:
 255:Middlewares/Third_Party/LwIP/src/netif/slipif.c ****     break;
 243              		.loc 1 255 5 is_stmt 1 view .LVU81
 255:Middlewares/Third_Party/LwIP/src/netif/slipif.c ****     break;
 244              		.loc 1 255 17 is_stmt 0 view .LVU82
 245 00b6 0023     		movs	r3, #0
 246 00b8 2373     		strb	r3, [r4, #12]
 256:Middlewares/Third_Party/LwIP/src/netif/slipif.c ****   default:
 247              		.loc 1 256 5 is_stmt 1 view .LVU83
 248 00ba AFE7     		b	.L6
 249              	.LVL14:
 250              	.L15:
 247:Middlewares/Third_Party/LwIP/src/netif/slipif.c ****       break;
 251              		.loc 1 247 9 is_stmt 0 view .LVU84
 252 00bc C025     		movs	r5, #192
 253 00be FAE7     		b	.L10
 254              	.LVL15:
 255              	.L21:
 264:Middlewares/Third_Party/LwIP/src/netif/slipif.c ****     priv->p = pbuf_alloc(PBUF_LINK, (PBUF_POOL_BUFSIZE - PBUF_LINK_HLEN - PBUF_LINK_ENCAPSULATION_H
 256              		.loc 1 264 55 is_stmt 1 view .LVU85
 265:Middlewares/Third_Party/LwIP/src/netif/slipif.c **** 
 257              		.loc 1 265 5 view .LVU86
 265:Middlewares/Third_Party/LwIP/src/netif/slipif.c **** 
 258              		.loc 1 265 15 is_stmt 0 view .LVU87
 259 00c0 0322     		movs	r2, #3
 260 00c2 40F24221 		movw	r1, #578
 261 00c6 0220     		movs	r0, #2
 262 00c8 FFF7FEFF 		bl	pbuf_alloc
 263              	.LVL16:
 265:Middlewares/Third_Party/LwIP/src/netif/slipif.c **** 
 264              		.loc 1 265 13 view .LVU88
 265 00cc 6060     		str	r0, [r4, #4]
 267:Middlewares/Third_Party/LwIP/src/netif/slipif.c ****       LINK_STATS_INC(link.drop);
 266              		.loc 1 267 5 is_stmt 1 view .LVU89
 267:Middlewares/Third_Party/LwIP/src/netif/slipif.c ****       LINK_STATS_INC(link.drop);
 267              		.loc 1 267 8 is_stmt 0 view .LVU90
 268 00ce 60B1     		cbz	r0, .L1
 274:Middlewares/Third_Party/LwIP/src/netif/slipif.c ****       /* 'chain' the pbuf to the existing chain */
 269              		.loc 1 274 5 is_stmt 1 view .LVU91
 274:Middlewares/Third_Party/LwIP/src/netif/slipif.c ****       /* 'chain' the pbuf to the existing chain */
ARM GAS  C:\Users\Nina\AppData\Local\Temp\ccs14gB1.s 			page 12


 270              		.loc 1 274 13 is_stmt 0 view .LVU92
 271 00d0 A368     		ldr	r3, [r4, #8]
 274:Middlewares/Third_Party/LwIP/src/netif/slipif.c ****       /* 'chain' the pbuf to the existing chain */
 272              		.loc 1 274 8 view .LVU93
 273 00d2 23B1     		cbz	r3, .L12
 276:Middlewares/Third_Party/LwIP/src/netif/slipif.c ****     } else {
 274              		.loc 1 276 7 is_stmt 1 view .LVU94
 275 00d4 0146     		mov	r1, r0
 276 00d6 1846     		mov	r0, r3
 277 00d8 FFF7FEFF 		bl	pbuf_cat
 278              	.LVL17:
 279 00dc A1E7     		b	.L11
 280              	.L12:
 279:Middlewares/Third_Party/LwIP/src/netif/slipif.c ****     }
 281              		.loc 1 279 7 view .LVU95
 279:Middlewares/Third_Party/LwIP/src/netif/slipif.c ****     }
 282              		.loc 1 279 15 is_stmt 0 view .LVU96
 283 00de A060     		str	r0, [r4, #8]
 284 00e0 9FE7     		b	.L11
 285              	.L13:
 297:Middlewares/Third_Party/LwIP/src/netif/slipif.c ****       }
 286              		.loc 1 297 11 is_stmt 1 view .LVU97
 297:Middlewares/Third_Party/LwIP/src/netif/slipif.c ****       }
 287              		.loc 1 297 19 is_stmt 0 view .LVU98
 288 00e2 0020     		movs	r0, #0
 289 00e4 6060     		str	r0, [r4, #4]
 290 00e6 00E0     		b	.L1
 291              	.L16:
 292              		.loc 1 301 10 view .LVU99
 293 00e8 0020     		movs	r0, #0
 294              	.LVL18:
 295              	.L1:
 302:Middlewares/Third_Party/LwIP/src/netif/slipif.c **** }
 296              		.loc 1 302 1 view .LVU100
 297 00ea 38BD     		pop	{r3, r4, r5, pc}
 298              	.LVL19:
 299              	.L17:
 301:Middlewares/Third_Party/LwIP/src/netif/slipif.c **** }
 300              		.loc 1 301 10 view .LVU101
 301 00ec 0020     		movs	r0, #0
 302 00ee FCE7     		b	.L1
 303              	.L24:
 304              		.align	2
 305              	.L23:
 306 00f0 00000000 		.word	.LC0
 307 00f4 30000000 		.word	.LC1
 308 00f8 40000000 		.word	.LC2
 309 00fc 68000000 		.word	.LC3
 310              		.cfi_endproc
 311              	.LFE167:
 313              		.section	.text.slipif_rxbyte_input,"ax",%progbits
 314              		.align	1
 315              		.syntax unified
 316              		.thumb
 317              		.thumb_func
 318              		.fpu fpv5-sp-d16
 320              	slipif_rxbyte_input:
ARM GAS  C:\Users\Nina\AppData\Local\Temp\ccs14gB1.s 			page 13


 321              	.LVL20:
 322              	.LFB168:
 303:Middlewares/Third_Party/LwIP/src/netif/slipif.c **** 
 304:Middlewares/Third_Party/LwIP/src/netif/slipif.c **** /** Like slipif_rxbyte, but passes completed packets to netif->input
 305:Middlewares/Third_Party/LwIP/src/netif/slipif.c ****  *
 306:Middlewares/Third_Party/LwIP/src/netif/slipif.c ****  * @param netif The lwip network interface structure for this slipif
 307:Middlewares/Third_Party/LwIP/src/netif/slipif.c ****  * @param c received character
 308:Middlewares/Third_Party/LwIP/src/netif/slipif.c ****  */
 309:Middlewares/Third_Party/LwIP/src/netif/slipif.c **** static void
 310:Middlewares/Third_Party/LwIP/src/netif/slipif.c **** slipif_rxbyte_input(struct netif *netif, u8_t c)
 311:Middlewares/Third_Party/LwIP/src/netif/slipif.c **** {
 323              		.loc 1 311 1 is_stmt 1 view -0
 324              		.cfi_startproc
 325              		@ args = 0, pretend = 0, frame = 0
 326              		@ frame_needed = 0, uses_anonymous_args = 0
 327              		.loc 1 311 1 is_stmt 0 view .LVU103
 328 0000 38B5     		push	{r3, r4, r5, lr}
 329              	.LCFI1:
 330              		.cfi_def_cfa_offset 16
 331              		.cfi_offset 3, -16
 332              		.cfi_offset 4, -12
 333              		.cfi_offset 5, -8
 334              		.cfi_offset 14, -4
 335 0002 0446     		mov	r4, r0
 312:Middlewares/Third_Party/LwIP/src/netif/slipif.c ****   struct pbuf *p;
 336              		.loc 1 312 3 is_stmt 1 view .LVU104
 313:Middlewares/Third_Party/LwIP/src/netif/slipif.c ****   p = slipif_rxbyte(netif, c);
 337              		.loc 1 313 3 view .LVU105
 338              		.loc 1 313 7 is_stmt 0 view .LVU106
 339 0004 FFF7FEFF 		bl	slipif_rxbyte
 340              	.LVL21:
 314:Middlewares/Third_Party/LwIP/src/netif/slipif.c ****   if (p != NULL) {
 341              		.loc 1 314 3 is_stmt 1 view .LVU107
 342              		.loc 1 314 6 is_stmt 0 view .LVU108
 343 0008 20B1     		cbz	r0, .L25
 344 000a 0546     		mov	r5, r0
 315:Middlewares/Third_Party/LwIP/src/netif/slipif.c ****     if (netif->input(p, netif) != ERR_OK) {
 345              		.loc 1 315 5 is_stmt 1 view .LVU109
 346              		.loc 1 315 14 is_stmt 0 view .LVU110
 347 000c 2369     		ldr	r3, [r4, #16]
 348              		.loc 1 315 9 view .LVU111
 349 000e 2146     		mov	r1, r4
 350 0010 9847     		blx	r3
 351              	.LVL22:
 352              		.loc 1 315 8 view .LVU112
 353 0012 00B9     		cbnz	r0, .L28
 354              	.LVL23:
 355              	.L25:
 316:Middlewares/Third_Party/LwIP/src/netif/slipif.c ****       pbuf_free(p);
 317:Middlewares/Third_Party/LwIP/src/netif/slipif.c ****     }
 318:Middlewares/Third_Party/LwIP/src/netif/slipif.c ****   }
 319:Middlewares/Third_Party/LwIP/src/netif/slipif.c **** }
 356              		.loc 1 319 1 view .LVU113
 357 0014 38BD     		pop	{r3, r4, r5, pc}
 358              	.LVL24:
 359              	.L28:
 316:Middlewares/Third_Party/LwIP/src/netif/slipif.c ****       pbuf_free(p);
ARM GAS  C:\Users\Nina\AppData\Local\Temp\ccs14gB1.s 			page 14


 360              		.loc 1 316 7 is_stmt 1 view .LVU114
 361 0016 2846     		mov	r0, r5
 362 0018 FFF7FEFF 		bl	pbuf_free
 363              	.LVL25:
 364              		.loc 1 319 1 is_stmt 0 view .LVU115
 365 001c FAE7     		b	.L25
 366              		.cfi_endproc
 367              	.LFE168:
 369              		.section	.text.slipif_loop_thread,"ax",%progbits
 370              		.align	1
 371              		.syntax unified
 372              		.thumb
 373              		.thumb_func
 374              		.fpu fpv5-sp-d16
 376              	slipif_loop_thread:
 377              	.LVL26:
 378              	.LFB169:
 320:Middlewares/Third_Party/LwIP/src/netif/slipif.c **** 
 321:Middlewares/Third_Party/LwIP/src/netif/slipif.c **** #if SLIP_USE_RX_THREAD
 322:Middlewares/Third_Party/LwIP/src/netif/slipif.c **** /**
 323:Middlewares/Third_Party/LwIP/src/netif/slipif.c ****  * The SLIP input thread.
 324:Middlewares/Third_Party/LwIP/src/netif/slipif.c ****  *
 325:Middlewares/Third_Party/LwIP/src/netif/slipif.c ****  * Feed the IP layer with incoming packets
 326:Middlewares/Third_Party/LwIP/src/netif/slipif.c ****  *
 327:Middlewares/Third_Party/LwIP/src/netif/slipif.c ****  * @param nf the lwip network interface structure for this slipif
 328:Middlewares/Third_Party/LwIP/src/netif/slipif.c ****  */
 329:Middlewares/Third_Party/LwIP/src/netif/slipif.c **** static void
 330:Middlewares/Third_Party/LwIP/src/netif/slipif.c **** slipif_loop_thread(void *nf)
 331:Middlewares/Third_Party/LwIP/src/netif/slipif.c **** {
 379              		.loc 1 331 1 is_stmt 1 view -0
 380              		.cfi_startproc
 381              		@ args = 0, pretend = 0, frame = 8
 382              		@ frame_needed = 0, uses_anonymous_args = 0
 383              		.loc 1 331 1 is_stmt 0 view .LVU117
 384 0000 30B5     		push	{r4, r5, lr}
 385              	.LCFI2:
 386              		.cfi_def_cfa_offset 12
 387              		.cfi_offset 4, -12
 388              		.cfi_offset 5, -8
 389              		.cfi_offset 14, -4
 390 0002 83B0     		sub	sp, sp, #12
 391              	.LCFI3:
 392              		.cfi_def_cfa_offset 24
 393 0004 0546     		mov	r5, r0
 332:Middlewares/Third_Party/LwIP/src/netif/slipif.c ****   u8_t c;
 394              		.loc 1 332 3 is_stmt 1 view .LVU118
 333:Middlewares/Third_Party/LwIP/src/netif/slipif.c ****   struct netif *netif = (struct netif *)nf;
 395              		.loc 1 333 3 view .LVU119
 396              	.LVL27:
 334:Middlewares/Third_Party/LwIP/src/netif/slipif.c ****   struct slipif_priv *priv = (struct slipif_priv *)netif->state;
 397              		.loc 1 334 3 view .LVU120
 398              		.loc 1 334 23 is_stmt 0 view .LVU121
 399 0006 C469     		ldr	r4, [r0, #28]
 400              	.LVL28:
 401              		.loc 1 334 23 view .LVU122
 402 0008 04E0     		b	.L30
 403              	.LVL29:
ARM GAS  C:\Users\Nina\AppData\Local\Temp\ccs14gB1.s 			page 15


 404              	.L33:
 335:Middlewares/Third_Party/LwIP/src/netif/slipif.c **** 
 336:Middlewares/Third_Party/LwIP/src/netif/slipif.c ****   while (1) {
 337:Middlewares/Third_Party/LwIP/src/netif/slipif.c ****     if (sio_read(priv->sd, &c, 1) > 0) {
 338:Middlewares/Third_Party/LwIP/src/netif/slipif.c ****       slipif_rxbyte_input(netif, c);
 405              		.loc 1 338 7 is_stmt 1 view .LVU123
 406 000a 9DF80710 		ldrb	r1, [sp, #7]	@ zero_extendqisi2
 407 000e 2846     		mov	r0, r5
 408 0010 FFF7FEFF 		bl	slipif_rxbyte_input
 409              	.LVL30:
 410              	.L30:
 336:Middlewares/Third_Party/LwIP/src/netif/slipif.c ****     if (sio_read(priv->sd, &c, 1) > 0) {
 411              		.loc 1 336 3 view .LVU124
 337:Middlewares/Third_Party/LwIP/src/netif/slipif.c ****       slipif_rxbyte_input(netif, c);
 412              		.loc 1 337 5 view .LVU125
 337:Middlewares/Third_Party/LwIP/src/netif/slipif.c ****       slipif_rxbyte_input(netif, c);
 413              		.loc 1 337 9 is_stmt 0 view .LVU126
 414 0014 0122     		movs	r2, #1
 415 0016 0DF10701 		add	r1, sp, #7
 416 001a 2068     		ldr	r0, [r4]
 417 001c FFF7FEFF 		bl	sio_read
 418              	.LVL31:
 337:Middlewares/Third_Party/LwIP/src/netif/slipif.c ****       slipif_rxbyte_input(netif, c);
 419              		.loc 1 337 8 view .LVU127
 420 0020 0028     		cmp	r0, #0
 421 0022 F7D0     		beq	.L30
 422 0024 F1E7     		b	.L33
 423              		.cfi_endproc
 424              	.LFE169:
 426              		.section	.rodata.slipif_output.str1.4,"aMS",%progbits,1
 427              		.align	2
 428              	.LC4:
 429 0000 7020213D 		.ascii	"p != NULL\000"
 429      204E554C 
 429      4C00
 430              		.section	.text.slipif_output,"ax",%progbits
 431              		.align	1
 432              		.syntax unified
 433              		.thumb
 434              		.thumb_func
 435              		.fpu fpv5-sp-d16
 437              	slipif_output:
 438              	.LVL32:
 439              	.LFB165:
 117:Middlewares/Third_Party/LwIP/src/netif/slipif.c ****   struct slipif_priv *priv;
 440              		.loc 1 117 1 is_stmt 1 view -0
 441              		.cfi_startproc
 442              		@ args = 0, pretend = 0, frame = 0
 443              		@ frame_needed = 0, uses_anonymous_args = 0
 117:Middlewares/Third_Party/LwIP/src/netif/slipif.c ****   struct slipif_priv *priv;
 444              		.loc 1 117 1 is_stmt 0 view .LVU129
 445 0000 70B5     		push	{r4, r5, r6, lr}
 446              	.LCFI4:
 447              		.cfi_def_cfa_offset 16
 448              		.cfi_offset 4, -16
 449              		.cfi_offset 5, -12
 450              		.cfi_offset 6, -8
ARM GAS  C:\Users\Nina\AppData\Local\Temp\ccs14gB1.s 			page 16


 451              		.cfi_offset 14, -4
 452 0002 0D46     		mov	r5, r1
 118:Middlewares/Third_Party/LwIP/src/netif/slipif.c ****   struct pbuf *q;
 453              		.loc 1 118 3 is_stmt 1 view .LVU130
 119:Middlewares/Third_Party/LwIP/src/netif/slipif.c ****   u16_t i;
 454              		.loc 1 119 3 view .LVU131
 120:Middlewares/Third_Party/LwIP/src/netif/slipif.c ****   u8_t c;
 455              		.loc 1 120 3 view .LVU132
 121:Middlewares/Third_Party/LwIP/src/netif/slipif.c **** 
 456              		.loc 1 121 3 view .LVU133
 123:Middlewares/Third_Party/LwIP/src/netif/slipif.c ****   LWIP_ASSERT("netif->state != NULL", (netif->state != NULL));
 457              		.loc 1 123 3 view .LVU134
 123:Middlewares/Third_Party/LwIP/src/netif/slipif.c ****   LWIP_ASSERT("netif->state != NULL", (netif->state != NULL));
 458              		.loc 1 123 3 view .LVU135
 459 0004 0446     		mov	r4, r0
 460 0006 40B1     		cbz	r0, .L48
 461              	.LVL33:
 462              	.L35:
 123:Middlewares/Third_Party/LwIP/src/netif/slipif.c ****   LWIP_ASSERT("netif->state != NULL", (netif->state != NULL));
 463              		.loc 1 123 3 discriminator 3 view .LVU136
 123:Middlewares/Third_Party/LwIP/src/netif/slipif.c ****   LWIP_ASSERT("netif->state != NULL", (netif->state != NULL));
 464              		.loc 1 123 3 discriminator 3 view .LVU137
 124:Middlewares/Third_Party/LwIP/src/netif/slipif.c ****   LWIP_ASSERT("p != NULL", (p != NULL));
 465              		.loc 1 124 3 discriminator 3 view .LVU138
 124:Middlewares/Third_Party/LwIP/src/netif/slipif.c ****   LWIP_ASSERT("p != NULL", (p != NULL));
 466              		.loc 1 124 3 discriminator 3 view .LVU139
 467 0008 E369     		ldr	r3, [r4, #28]
 468 000a 6BB1     		cbz	r3, .L49
 469              	.L36:
 124:Middlewares/Third_Party/LwIP/src/netif/slipif.c ****   LWIP_ASSERT("p != NULL", (p != NULL));
 470              		.loc 1 124 3 discriminator 3 view .LVU140
 124:Middlewares/Third_Party/LwIP/src/netif/slipif.c ****   LWIP_ASSERT("p != NULL", (p != NULL));
 471              		.loc 1 124 3 discriminator 3 view .LVU141
 125:Middlewares/Third_Party/LwIP/src/netif/slipif.c **** 
 472              		.loc 1 125 3 discriminator 3 view .LVU142
 125:Middlewares/Third_Party/LwIP/src/netif/slipif.c **** 
 473              		.loc 1 125 3 discriminator 3 view .LVU143
 474 000c 9DB1     		cbz	r5, .L50
 475              	.L37:
 125:Middlewares/Third_Party/LwIP/src/netif/slipif.c **** 
 476              		.loc 1 125 3 discriminator 3 view .LVU144
 125:Middlewares/Third_Party/LwIP/src/netif/slipif.c **** 
 477              		.loc 1 125 3 discriminator 3 view .LVU145
 127:Middlewares/Third_Party/LwIP/src/netif/slipif.c ****   priv = (struct slipif_priv *)netif->state;
 478              		.loc 1 127 112 discriminator 3 view .LVU146
 128:Middlewares/Third_Party/LwIP/src/netif/slipif.c **** 
 479              		.loc 1 128 3 discriminator 3 view .LVU147
 128:Middlewares/Third_Party/LwIP/src/netif/slipif.c **** 
 480              		.loc 1 128 8 is_stmt 0 discriminator 3 view .LVU148
 481 000e E669     		ldr	r6, [r4, #28]
 482              	.LVL34:
 132:Middlewares/Third_Party/LwIP/src/netif/slipif.c **** 
 483              		.loc 1 132 3 is_stmt 1 discriminator 3 view .LVU149
 484 0010 3168     		ldr	r1, [r6]
 485 0012 C020     		movs	r0, #192
 486 0014 FFF7FEFF 		bl	sio_send
 487              	.LVL35:
ARM GAS  C:\Users\Nina\AppData\Local\Temp\ccs14gB1.s 			page 17


 134:Middlewares/Third_Party/LwIP/src/netif/slipif.c ****     for (i = 0; i < q->len; i++) {
 488              		.loc 1 134 3 discriminator 3 view .LVU150
 134:Middlewares/Third_Party/LwIP/src/netif/slipif.c ****     for (i = 0; i < q->len; i++) {
 489              		.loc 1 134 3 is_stmt 0 discriminator 3 view .LVU151
 490 0018 35E0     		b	.L38
 491              	.LVL36:
 492              	.L48:
 123:Middlewares/Third_Party/LwIP/src/netif/slipif.c ****   LWIP_ASSERT("netif->state != NULL", (netif->state != NULL));
 493              		.loc 1 123 3 is_stmt 1 discriminator 1 view .LVU152
 123:Middlewares/Third_Party/LwIP/src/netif/slipif.c ****   LWIP_ASSERT("netif->state != NULL", (netif->state != NULL));
 494              		.loc 1 123 3 discriminator 1 view .LVU153
 495 001a 1F4B     		ldr	r3, .L53
 496 001c 7B22     		movs	r2, #123
 497 001e 1F49     		ldr	r1, .L53+4
 498              	.LVL37:
 123:Middlewares/Third_Party/LwIP/src/netif/slipif.c ****   LWIP_ASSERT("netif->state != NULL", (netif->state != NULL));
 499              		.loc 1 123 3 is_stmt 0 discriminator 1 view .LVU154
 500 0020 1F48     		ldr	r0, .L53+8
 501              	.LVL38:
 123:Middlewares/Third_Party/LwIP/src/netif/slipif.c ****   LWIP_ASSERT("netif->state != NULL", (netif->state != NULL));
 502              		.loc 1 123 3 discriminator 1 view .LVU155
 503 0022 FFF7FEFF 		bl	printf
 504              	.LVL39:
 505 0026 EFE7     		b	.L35
 506              	.L49:
 124:Middlewares/Third_Party/LwIP/src/netif/slipif.c ****   LWIP_ASSERT("p != NULL", (p != NULL));
 507              		.loc 1 124 3 is_stmt 1 discriminator 1 view .LVU156
 124:Middlewares/Third_Party/LwIP/src/netif/slipif.c ****   LWIP_ASSERT("p != NULL", (p != NULL));
 508              		.loc 1 124 3 discriminator 1 view .LVU157
 509 0028 1B4B     		ldr	r3, .L53
 510 002a 7C22     		movs	r2, #124
 511 002c 1D49     		ldr	r1, .L53+12
 512 002e 1C48     		ldr	r0, .L53+8
 513 0030 FFF7FEFF 		bl	printf
 514              	.LVL40:
 515 0034 EAE7     		b	.L36
 516              	.L50:
 125:Middlewares/Third_Party/LwIP/src/netif/slipif.c **** 
 517              		.loc 1 125 3 discriminator 1 view .LVU158
 125:Middlewares/Third_Party/LwIP/src/netif/slipif.c **** 
 518              		.loc 1 125 3 discriminator 1 view .LVU159
 519 0036 184B     		ldr	r3, .L53
 520 0038 7D22     		movs	r2, #125
 521 003a 1B49     		ldr	r1, .L53+16
 522 003c 1848     		ldr	r0, .L53+8
 523 003e FFF7FEFF 		bl	printf
 524              	.LVL41:
 525 0042 E4E7     		b	.L37
 526              	.LVL42:
 527              	.L39:
 140:Middlewares/Third_Party/LwIP/src/netif/slipif.c ****         sio_send(SLIP_ESC_END, priv->sd);
 528              		.loc 1 140 9 view .LVU160
 529 0044 3168     		ldr	r1, [r6]
 530 0046 DB20     		movs	r0, #219
 531              	.LVL43:
 140:Middlewares/Third_Party/LwIP/src/netif/slipif.c ****         sio_send(SLIP_ESC_END, priv->sd);
 532              		.loc 1 140 9 is_stmt 0 view .LVU161
ARM GAS  C:\Users\Nina\AppData\Local\Temp\ccs14gB1.s 			page 18


 533 0048 FFF7FEFF 		bl	sio_send
 534              	.LVL44:
 141:Middlewares/Third_Party/LwIP/src/netif/slipif.c ****         break;
 535              		.loc 1 141 9 is_stmt 1 view .LVU162
 536 004c 3168     		ldr	r1, [r6]
 537 004e DC20     		movs	r0, #220
 538 0050 FFF7FEFF 		bl	sio_send
 539              	.LVL45:
 142:Middlewares/Third_Party/LwIP/src/netif/slipif.c ****       case SLIP_ESC:
 540              		.loc 1 142 9 view .LVU163
 541              	.L42:
 135:Middlewares/Third_Party/LwIP/src/netif/slipif.c ****       c = ((u8_t *)q->payload)[i];
 542              		.loc 1 135 29 discriminator 2 view .LVU164
 135:Middlewares/Third_Party/LwIP/src/netif/slipif.c ****       c = ((u8_t *)q->payload)[i];
 543              		.loc 1 135 30 is_stmt 0 discriminator 2 view .LVU165
 544 0054 0134     		adds	r4, r4, #1
 545              	.LVL46:
 135:Middlewares/Third_Party/LwIP/src/netif/slipif.c ****       c = ((u8_t *)q->payload)[i];
 546              		.loc 1 135 30 discriminator 2 view .LVU166
 547 0056 A4B2     		uxth	r4, r4
 548              	.LVL47:
 549              	.L44:
 135:Middlewares/Third_Party/LwIP/src/netif/slipif.c ****       c = ((u8_t *)q->payload)[i];
 550              		.loc 1 135 17 is_stmt 1 discriminator 1 view .LVU167
 135:Middlewares/Third_Party/LwIP/src/netif/slipif.c ****       c = ((u8_t *)q->payload)[i];
 551              		.loc 1 135 22 is_stmt 0 discriminator 1 view .LVU168
 552 0058 6B89     		ldrh	r3, [r5, #10]
 135:Middlewares/Third_Party/LwIP/src/netif/slipif.c ****       c = ((u8_t *)q->payload)[i];
 553              		.loc 1 135 5 discriminator 1 view .LVU169
 554 005a A342     		cmp	r3, r4
 555 005c 12D9     		bls	.L51
 136:Middlewares/Third_Party/LwIP/src/netif/slipif.c ****       switch (c) {
 556              		.loc 1 136 7 is_stmt 1 view .LVU170
 136:Middlewares/Third_Party/LwIP/src/netif/slipif.c ****       switch (c) {
 557              		.loc 1 136 21 is_stmt 0 view .LVU171
 558 005e 6B68     		ldr	r3, [r5, #4]
 136:Middlewares/Third_Party/LwIP/src/netif/slipif.c ****       switch (c) {
 559              		.loc 1 136 9 view .LVU172
 560 0060 185D     		ldrb	r0, [r3, r4]	@ zero_extendqisi2
 561              	.LVL48:
 137:Middlewares/Third_Party/LwIP/src/netif/slipif.c ****       case SLIP_END:
 562              		.loc 1 137 7 is_stmt 1 view .LVU173
 563 0062 C028     		cmp	r0, #192
 564 0064 EED0     		beq	.L39
 565 0066 DB28     		cmp	r0, #219
 566 0068 03D0     		beq	.L40
 150:Middlewares/Third_Party/LwIP/src/netif/slipif.c ****         break;
 567              		.loc 1 150 9 view .LVU174
 568 006a 3168     		ldr	r1, [r6]
 569 006c FFF7FEFF 		bl	sio_send
 570              	.LVL49:
 151:Middlewares/Third_Party/LwIP/src/netif/slipif.c ****       }
 571              		.loc 1 151 9 view .LVU175
 572 0070 F0E7     		b	.L42
 573              	.LVL50:
 574              	.L40:
 145:Middlewares/Third_Party/LwIP/src/netif/slipif.c ****         sio_send(SLIP_ESC_ESC, priv->sd);
ARM GAS  C:\Users\Nina\AppData\Local\Temp\ccs14gB1.s 			page 19


 575              		.loc 1 145 9 view .LVU176
 576 0072 3168     		ldr	r1, [r6]
 577 0074 DB20     		movs	r0, #219
 578              	.LVL51:
 145:Middlewares/Third_Party/LwIP/src/netif/slipif.c ****         sio_send(SLIP_ESC_ESC, priv->sd);
 579              		.loc 1 145 9 is_stmt 0 view .LVU177
 580 0076 FFF7FEFF 		bl	sio_send
 581              	.LVL52:
 146:Middlewares/Third_Party/LwIP/src/netif/slipif.c ****         break;
 582              		.loc 1 146 9 is_stmt 1 view .LVU178
 583 007a 3168     		ldr	r1, [r6]
 584 007c DD20     		movs	r0, #221
 585 007e FFF7FEFF 		bl	sio_send
 586              	.LVL53:
 147:Middlewares/Third_Party/LwIP/src/netif/slipif.c ****       default:
 587              		.loc 1 147 9 view .LVU179
 588 0082 E7E7     		b	.L42
 589              	.L51:
 134:Middlewares/Third_Party/LwIP/src/netif/slipif.c ****     for (i = 0; i < q->len; i++) {
 590              		.loc 1 134 26 discriminator 2 view .LVU180
 134:Middlewares/Third_Party/LwIP/src/netif/slipif.c ****     for (i = 0; i < q->len; i++) {
 591              		.loc 1 134 28 is_stmt 0 discriminator 2 view .LVU181
 592 0084 2D68     		ldr	r5, [r5]
 593              	.LVL54:
 594              	.L38:
 134:Middlewares/Third_Party/LwIP/src/netif/slipif.c ****     for (i = 0; i < q->len; i++) {
 595              		.loc 1 134 15 is_stmt 1 discriminator 1 view .LVU182
 134:Middlewares/Third_Party/LwIP/src/netif/slipif.c ****     for (i = 0; i < q->len; i++) {
 596              		.loc 1 134 3 is_stmt 0 discriminator 1 view .LVU183
 597 0086 0DB1     		cbz	r5, .L52
 135:Middlewares/Third_Party/LwIP/src/netif/slipif.c ****       c = ((u8_t *)q->payload)[i];
 598              		.loc 1 135 12 view .LVU184
 599 0088 0024     		movs	r4, #0
 600 008a E5E7     		b	.L44
 601              	.L52:
 156:Middlewares/Third_Party/LwIP/src/netif/slipif.c ****   return ERR_OK;
 602              		.loc 1 156 3 is_stmt 1 view .LVU185
 603 008c 3168     		ldr	r1, [r6]
 604 008e C020     		movs	r0, #192
 605 0090 FFF7FEFF 		bl	sio_send
 606              	.LVL55:
 157:Middlewares/Third_Party/LwIP/src/netif/slipif.c **** }
 607              		.loc 1 157 3 view .LVU186
 158:Middlewares/Third_Party/LwIP/src/netif/slipif.c **** 
 608              		.loc 1 158 1 is_stmt 0 view .LVU187
 609 0094 0020     		movs	r0, #0
 610 0096 70BD     		pop	{r4, r5, r6, pc}
 611              	.LVL56:
 612              	.L54:
 158:Middlewares/Third_Party/LwIP/src/netif/slipif.c **** 
 613              		.loc 1 158 1 view .LVU188
 614              		.align	2
 615              	.L53:
 616 0098 00000000 		.word	.LC0
 617 009c 30000000 		.word	.LC1
 618 00a0 40000000 		.word	.LC2
 619 00a4 68000000 		.word	.LC3
ARM GAS  C:\Users\Nina\AppData\Local\Temp\ccs14gB1.s 			page 20


 620 00a8 00000000 		.word	.LC4
 621              		.cfi_endproc
 622              	.LFE165:
 624              		.section	.text.slipif_output_v4,"ax",%progbits
 625              		.align	1
 626              		.syntax unified
 627              		.thumb
 628              		.thumb_func
 629              		.fpu fpv5-sp-d16
 631              	slipif_output_v4:
 632              	.LVL57:
 633              	.LFB166:
 173:Middlewares/Third_Party/LwIP/src/netif/slipif.c ****   LWIP_UNUSED_ARG(ipaddr);
 634              		.loc 1 173 1 is_stmt 1 view -0
 635              		.cfi_startproc
 636              		@ args = 0, pretend = 0, frame = 0
 637              		@ frame_needed = 0, uses_anonymous_args = 0
 173:Middlewares/Third_Party/LwIP/src/netif/slipif.c ****   LWIP_UNUSED_ARG(ipaddr);
 638              		.loc 1 173 1 is_stmt 0 view .LVU190
 639 0000 08B5     		push	{r3, lr}
 640              	.LCFI5:
 641              		.cfi_def_cfa_offset 8
 642              		.cfi_offset 3, -8
 643              		.cfi_offset 14, -4
 174:Middlewares/Third_Party/LwIP/src/netif/slipif.c ****   return slipif_output(netif, p);
 644              		.loc 1 174 3 is_stmt 1 view .LVU191
 175:Middlewares/Third_Party/LwIP/src/netif/slipif.c **** }
 645              		.loc 1 175 3 view .LVU192
 175:Middlewares/Third_Party/LwIP/src/netif/slipif.c **** }
 646              		.loc 1 175 10 is_stmt 0 view .LVU193
 647 0002 FFF7FEFF 		bl	slipif_output
 648              	.LVL58:
 176:Middlewares/Third_Party/LwIP/src/netif/slipif.c **** #endif /* LWIP_IPV4 */
 649              		.loc 1 176 1 view .LVU194
 650 0006 08BD     		pop	{r3, pc}
 651              		.cfi_endproc
 652              	.LFE166:
 654              		.section	.rodata.slipif_init.str1.4,"aMS",%progbits,1
 655              		.align	2
 656              	.LC5:
 657 0000 736C6970 		.ascii	"slipif_loop\000"
 657      69665F6C 
 657      6F6F7000 
 658              		.section	.text.slipif_init,"ax",%progbits
 659              		.align	1
 660              		.global	slipif_init
 661              		.syntax unified
 662              		.thumb
 663              		.thumb_func
 664              		.fpu fpv5-sp-d16
 666              	slipif_init:
 667              	.LVL59:
 668              	.LFB170:
 339:Middlewares/Third_Party/LwIP/src/netif/slipif.c ****     }
 340:Middlewares/Third_Party/LwIP/src/netif/slipif.c ****   }
 341:Middlewares/Third_Party/LwIP/src/netif/slipif.c **** }
 342:Middlewares/Third_Party/LwIP/src/netif/slipif.c **** #endif /* SLIP_USE_RX_THREAD */
ARM GAS  C:\Users\Nina\AppData\Local\Temp\ccs14gB1.s 			page 21


 343:Middlewares/Third_Party/LwIP/src/netif/slipif.c **** 
 344:Middlewares/Third_Party/LwIP/src/netif/slipif.c **** /**
 345:Middlewares/Third_Party/LwIP/src/netif/slipif.c ****  * SLIP netif initialization
 346:Middlewares/Third_Party/LwIP/src/netif/slipif.c ****  *
 347:Middlewares/Third_Party/LwIP/src/netif/slipif.c ****  * Call the arch specific sio_open and remember
 348:Middlewares/Third_Party/LwIP/src/netif/slipif.c ****  * the opened device in the state field of the netif.
 349:Middlewares/Third_Party/LwIP/src/netif/slipif.c ****  *
 350:Middlewares/Third_Party/LwIP/src/netif/slipif.c ****  * @param netif the lwip network interface structure for this slipif
 351:Middlewares/Third_Party/LwIP/src/netif/slipif.c ****  * @return ERR_OK if serial line could be opened,
 352:Middlewares/Third_Party/LwIP/src/netif/slipif.c ****  *         ERR_MEM if no memory could be allocated,
 353:Middlewares/Third_Party/LwIP/src/netif/slipif.c ****  *         ERR_IF is serial line couldn't be opened
 354:Middlewares/Third_Party/LwIP/src/netif/slipif.c ****  *
 355:Middlewares/Third_Party/LwIP/src/netif/slipif.c ****  * @note netif->num must contain the number of the serial port to open
 356:Middlewares/Third_Party/LwIP/src/netif/slipif.c ****  *       (0 by default). If netif->state is != NULL, it is interpreted as an
 357:Middlewares/Third_Party/LwIP/src/netif/slipif.c ****  *       u8_t pointer pointing to the serial port number instead of netif->num.
 358:Middlewares/Third_Party/LwIP/src/netif/slipif.c ****  *
 359:Middlewares/Third_Party/LwIP/src/netif/slipif.c ****  */
 360:Middlewares/Third_Party/LwIP/src/netif/slipif.c **** err_t
 361:Middlewares/Third_Party/LwIP/src/netif/slipif.c **** slipif_init(struct netif *netif)
 362:Middlewares/Third_Party/LwIP/src/netif/slipif.c **** {
 669              		.loc 1 362 1 is_stmt 1 view -0
 670              		.cfi_startproc
 671              		@ args = 0, pretend = 0, frame = 0
 672              		@ frame_needed = 0, uses_anonymous_args = 0
 673              		.loc 1 362 1 is_stmt 0 view .LVU196
 674 0000 70B5     		push	{r4, r5, r6, lr}
 675              	.LCFI6:
 676              		.cfi_def_cfa_offset 16
 677              		.cfi_offset 4, -16
 678              		.cfi_offset 5, -12
 679              		.cfi_offset 6, -8
 680              		.cfi_offset 14, -4
 681 0002 82B0     		sub	sp, sp, #8
 682              	.LCFI7:
 683              		.cfi_def_cfa_offset 24
 684 0004 0446     		mov	r4, r0
 363:Middlewares/Third_Party/LwIP/src/netif/slipif.c ****   struct slipif_priv *priv;
 685              		.loc 1 363 3 is_stmt 1 view .LVU197
 364:Middlewares/Third_Party/LwIP/src/netif/slipif.c ****   u8_t sio_num;
 686              		.loc 1 364 3 view .LVU198
 365:Middlewares/Third_Party/LwIP/src/netif/slipif.c **** 
 366:Middlewares/Third_Party/LwIP/src/netif/slipif.c ****   LWIP_DEBUGF(SLIP_DEBUG, ("slipif_init: netif->num=%"U16_F"\n", (u16_t)netif->num));
 687              		.loc 1 366 85 view .LVU199
 367:Middlewares/Third_Party/LwIP/src/netif/slipif.c **** 
 368:Middlewares/Third_Party/LwIP/src/netif/slipif.c ****   /* Allocate private data */
 369:Middlewares/Third_Party/LwIP/src/netif/slipif.c ****   priv = (struct slipif_priv *)mem_malloc(sizeof(struct slipif_priv));
 688              		.loc 1 369 3 view .LVU200
 689              		.loc 1 369 32 is_stmt 0 view .LVU201
 690 0006 1420     		movs	r0, #20
 691              	.LVL60:
 692              		.loc 1 369 32 view .LVU202
 693 0008 FFF7FEFF 		bl	mem_malloc
 694              	.LVL61:
 370:Middlewares/Third_Party/LwIP/src/netif/slipif.c ****   if (!priv) {
 695              		.loc 1 370 3 is_stmt 1 view .LVU203
 696              		.loc 1 370 6 is_stmt 0 view .LVU204
 697 000c 70B3     		cbz	r0, .L62
ARM GAS  C:\Users\Nina\AppData\Local\Temp\ccs14gB1.s 			page 22


 698 000e 0646     		mov	r6, r0
 371:Middlewares/Third_Party/LwIP/src/netif/slipif.c ****     return ERR_MEM;
 372:Middlewares/Third_Party/LwIP/src/netif/slipif.c ****   }
 373:Middlewares/Third_Party/LwIP/src/netif/slipif.c **** 
 374:Middlewares/Third_Party/LwIP/src/netif/slipif.c ****   netif->name[0] = 's';
 699              		.loc 1 374 3 is_stmt 1 view .LVU205
 700              		.loc 1 374 18 is_stmt 0 view .LVU206
 701 0010 7323     		movs	r3, #115
 702 0012 84F83030 		strb	r3, [r4, #48]
 375:Middlewares/Third_Party/LwIP/src/netif/slipif.c ****   netif->name[1] = 'l';
 703              		.loc 1 375 3 is_stmt 1 view .LVU207
 704              		.loc 1 375 18 is_stmt 0 view .LVU208
 705 0016 6C23     		movs	r3, #108
 706 0018 84F83130 		strb	r3, [r4, #49]
 376:Middlewares/Third_Party/LwIP/src/netif/slipif.c **** #if LWIP_IPV4
 377:Middlewares/Third_Party/LwIP/src/netif/slipif.c ****   netif->output = slipif_output_v4;
 707              		.loc 1 377 3 is_stmt 1 view .LVU209
 708              		.loc 1 377 17 is_stmt 0 view .LVU210
 709 001c 154B     		ldr	r3, .L65
 710 001e 6361     		str	r3, [r4, #20]
 378:Middlewares/Third_Party/LwIP/src/netif/slipif.c **** #endif /* LWIP_IPV4 */
 379:Middlewares/Third_Party/LwIP/src/netif/slipif.c **** #if LWIP_IPV6
 380:Middlewares/Third_Party/LwIP/src/netif/slipif.c ****   netif->output_ip6 = slipif_output_v6;
 381:Middlewares/Third_Party/LwIP/src/netif/slipif.c **** #endif /* LWIP_IPV6 */
 382:Middlewares/Third_Party/LwIP/src/netif/slipif.c ****   netif->mtu = SLIP_MAX_SIZE;
 711              		.loc 1 382 3 is_stmt 1 view .LVU211
 712              		.loc 1 382 14 is_stmt 0 view .LVU212
 713 0020 40F2DC53 		movw	r3, #1500
 714 0024 E384     		strh	r3, [r4, #38]	@ movhi
 383:Middlewares/Third_Party/LwIP/src/netif/slipif.c **** 
 384:Middlewares/Third_Party/LwIP/src/netif/slipif.c ****   /* netif->state or netif->num contain the port number */
 385:Middlewares/Third_Party/LwIP/src/netif/slipif.c ****   if (netif->state != NULL) {
 715              		.loc 1 385 3 is_stmt 1 view .LVU213
 716              		.loc 1 385 12 is_stmt 0 view .LVU214
 717 0026 E369     		ldr	r3, [r4, #28]
 718              		.loc 1 385 6 view .LVU215
 719 0028 BBB1     		cbz	r3, .L59
 386:Middlewares/Third_Party/LwIP/src/netif/slipif.c ****     sio_num = *(u8_t*)netif->state;
 720              		.loc 1 386 5 is_stmt 1 view .LVU216
 721              		.loc 1 386 13 is_stmt 0 view .LVU217
 722 002a 1878     		ldrb	r0, [r3]	@ zero_extendqisi2
 723              	.LVL62:
 724              	.L60:
 387:Middlewares/Third_Party/LwIP/src/netif/slipif.c ****   } else {
 388:Middlewares/Third_Party/LwIP/src/netif/slipif.c ****     sio_num = netif->num;
 389:Middlewares/Third_Party/LwIP/src/netif/slipif.c ****   }
 390:Middlewares/Third_Party/LwIP/src/netif/slipif.c ****   /* Try to open the serial port. */
 391:Middlewares/Third_Party/LwIP/src/netif/slipif.c ****   priv->sd = sio_open(sio_num);
 725              		.loc 1 391 3 is_stmt 1 view .LVU218
 726              		.loc 1 391 14 is_stmt 0 view .LVU219
 727 002c FFF7FEFF 		bl	sio_open
 728              	.LVL63:
 729              		.loc 1 391 12 view .LVU220
 730 0030 3060     		str	r0, [r6]
 392:Middlewares/Third_Party/LwIP/src/netif/slipif.c ****   if (!priv->sd) {
 731              		.loc 1 392 3 is_stmt 1 view .LVU221
 732              		.loc 1 392 6 is_stmt 0 view .LVU222
ARM GAS  C:\Users\Nina\AppData\Local\Temp\ccs14gB1.s 			page 23


 733 0032 A8B1     		cbz	r0, .L64
 393:Middlewares/Third_Party/LwIP/src/netif/slipif.c ****     /* Opening the serial port failed. */
 394:Middlewares/Third_Party/LwIP/src/netif/slipif.c ****     mem_free(priv);
 395:Middlewares/Third_Party/LwIP/src/netif/slipif.c ****     return ERR_IF;
 396:Middlewares/Third_Party/LwIP/src/netif/slipif.c ****   }
 397:Middlewares/Third_Party/LwIP/src/netif/slipif.c **** 
 398:Middlewares/Third_Party/LwIP/src/netif/slipif.c ****   /* Initialize private data */
 399:Middlewares/Third_Party/LwIP/src/netif/slipif.c ****   priv->p = NULL;
 734              		.loc 1 399 3 is_stmt 1 view .LVU223
 735              		.loc 1 399 11 is_stmt 0 view .LVU224
 736 0034 0025     		movs	r5, #0
 737 0036 7560     		str	r5, [r6, #4]
 400:Middlewares/Third_Party/LwIP/src/netif/slipif.c ****   priv->q = NULL;
 738              		.loc 1 400 3 is_stmt 1 view .LVU225
 739              		.loc 1 400 11 is_stmt 0 view .LVU226
 740 0038 B560     		str	r5, [r6, #8]
 401:Middlewares/Third_Party/LwIP/src/netif/slipif.c ****   priv->state = SLIP_RECV_NORMAL;
 741              		.loc 1 401 3 is_stmt 1 view .LVU227
 742              		.loc 1 401 15 is_stmt 0 view .LVU228
 743 003a 3573     		strb	r5, [r6, #12]
 402:Middlewares/Third_Party/LwIP/src/netif/slipif.c ****   priv->i = 0;
 744              		.loc 1 402 3 is_stmt 1 view .LVU229
 745              		.loc 1 402 11 is_stmt 0 view .LVU230
 746 003c F581     		strh	r5, [r6, #14]	@ movhi
 403:Middlewares/Third_Party/LwIP/src/netif/slipif.c ****   priv->recved = 0;
 747              		.loc 1 403 3 is_stmt 1 view .LVU231
 748              		.loc 1 403 16 is_stmt 0 view .LVU232
 749 003e 3582     		strh	r5, [r6, #16]	@ movhi
 404:Middlewares/Third_Party/LwIP/src/netif/slipif.c **** #if SLIP_RX_FROM_ISR
 405:Middlewares/Third_Party/LwIP/src/netif/slipif.c ****   priv->rxpackets = NULL;
 406:Middlewares/Third_Party/LwIP/src/netif/slipif.c **** #endif
 407:Middlewares/Third_Party/LwIP/src/netif/slipif.c **** 
 408:Middlewares/Third_Party/LwIP/src/netif/slipif.c ****   netif->state = priv;
 750              		.loc 1 408 3 is_stmt 1 view .LVU233
 751              		.loc 1 408 16 is_stmt 0 view .LVU234
 752 0040 E661     		str	r6, [r4, #28]
 409:Middlewares/Third_Party/LwIP/src/netif/slipif.c **** 
 410:Middlewares/Third_Party/LwIP/src/netif/slipif.c ****   /* initialize the snmp variables and counters inside the struct netif */
 411:Middlewares/Third_Party/LwIP/src/netif/slipif.c ****   MIB2_INIT_NETIF(netif, snmp_ifType_slip, SLIP_SIO_SPEED(priv->sd));
 753              		.loc 1 411 69 is_stmt 1 view .LVU235
 412:Middlewares/Third_Party/LwIP/src/netif/slipif.c **** 
 413:Middlewares/Third_Party/LwIP/src/netif/slipif.c **** #if SLIP_USE_RX_THREAD
 414:Middlewares/Third_Party/LwIP/src/netif/slipif.c ****   /* Create a thread to poll the serial line. */
 415:Middlewares/Third_Party/LwIP/src/netif/slipif.c ****   sys_thread_new(SLIPIF_THREAD_NAME, slipif_loop_thread, netif,
 754              		.loc 1 415 3 view .LVU236
 755 0042 0323     		movs	r3, #3
 756 0044 0093     		str	r3, [sp]
 757 0046 4FF48063 		mov	r3, #1024
 758 004a 2246     		mov	r2, r4
 759 004c 0A49     		ldr	r1, .L65+4
 760 004e 0B48     		ldr	r0, .L65+8
 761 0050 FFF7FEFF 		bl	sys_thread_new
 762              	.LVL64:
 416:Middlewares/Third_Party/LwIP/src/netif/slipif.c ****     SLIPIF_THREAD_STACKSIZE, SLIPIF_THREAD_PRIO);
 417:Middlewares/Third_Party/LwIP/src/netif/slipif.c **** #endif /* SLIP_USE_RX_THREAD */
 418:Middlewares/Third_Party/LwIP/src/netif/slipif.c ****   return ERR_OK;
 763              		.loc 1 418 3 view .LVU237
ARM GAS  C:\Users\Nina\AppData\Local\Temp\ccs14gB1.s 			page 24


 764              		.loc 1 418 10 is_stmt 0 view .LVU238
 765 0054 2846     		mov	r0, r5
 766              	.LVL65:
 767              	.L58:
 419:Middlewares/Third_Party/LwIP/src/netif/slipif.c **** }
 768              		.loc 1 419 1 view .LVU239
 769 0056 02B0     		add	sp, sp, #8
 770              	.LCFI8:
 771              		.cfi_remember_state
 772              		.cfi_def_cfa_offset 16
 773              		@ sp needed
 774 0058 70BD     		pop	{r4, r5, r6, pc}
 775              	.LVL66:
 776              	.L59:
 777              	.LCFI9:
 778              		.cfi_restore_state
 388:Middlewares/Third_Party/LwIP/src/netif/slipif.c ****   }
 779              		.loc 1 388 5 is_stmt 1 view .LVU240
 388:Middlewares/Third_Party/LwIP/src/netif/slipif.c ****   }
 780              		.loc 1 388 13 is_stmt 0 view .LVU241
 781 005a 94F83200 		ldrb	r0, [r4, #50]	@ zero_extendqisi2
 782              	.LVL67:
 388:Middlewares/Third_Party/LwIP/src/netif/slipif.c ****   }
 783              		.loc 1 388 13 view .LVU242
 784 005e E5E7     		b	.L60
 785              	.LVL68:
 786              	.L64:
 394:Middlewares/Third_Party/LwIP/src/netif/slipif.c ****     return ERR_IF;
 787              		.loc 1 394 5 is_stmt 1 view .LVU243
 788 0060 3046     		mov	r0, r6
 789 0062 FFF7FEFF 		bl	mem_free
 790              	.LVL69:
 395:Middlewares/Third_Party/LwIP/src/netif/slipif.c ****   }
 791              		.loc 1 395 5 view .LVU244
 395:Middlewares/Third_Party/LwIP/src/netif/slipif.c ****   }
 792              		.loc 1 395 12 is_stmt 0 view .LVU245
 793 0066 6FF00B00 		mvn	r0, #11
 794 006a F4E7     		b	.L58
 795              	.LVL70:
 796              	.L62:
 371:Middlewares/Third_Party/LwIP/src/netif/slipif.c ****   }
 797              		.loc 1 371 12 view .LVU246
 798 006c 4FF0FF30 		mov	r0, #-1
 799              	.LVL71:
 371:Middlewares/Third_Party/LwIP/src/netif/slipif.c ****   }
 800              		.loc 1 371 12 view .LVU247
 801 0070 F1E7     		b	.L58
 802              	.L66:
 803 0072 00BF     		.align	2
 804              	.L65:
 805 0074 00000000 		.word	slipif_output_v4
 806 0078 00000000 		.word	slipif_loop_thread
 807 007c 00000000 		.word	.LC5
 808              		.cfi_endproc
 809              	.LFE170:
 811              		.section	.text.slipif_poll,"ax",%progbits
 812              		.align	1
ARM GAS  C:\Users\Nina\AppData\Local\Temp\ccs14gB1.s 			page 25


 813              		.global	slipif_poll
 814              		.syntax unified
 815              		.thumb
 816              		.thumb_func
 817              		.fpu fpv5-sp-d16
 819              	slipif_poll:
 820              	.LVL72:
 821              	.LFB171:
 420:Middlewares/Third_Party/LwIP/src/netif/slipif.c **** 
 421:Middlewares/Third_Party/LwIP/src/netif/slipif.c **** /**
 422:Middlewares/Third_Party/LwIP/src/netif/slipif.c ****  * Polls the serial device and feeds the IP layer with incoming packets.
 423:Middlewares/Third_Party/LwIP/src/netif/slipif.c ****  *
 424:Middlewares/Third_Party/LwIP/src/netif/slipif.c ****  * @param netif The lwip network interface structure for this slipif
 425:Middlewares/Third_Party/LwIP/src/netif/slipif.c ****  */
 426:Middlewares/Third_Party/LwIP/src/netif/slipif.c **** void
 427:Middlewares/Third_Party/LwIP/src/netif/slipif.c **** slipif_poll(struct netif *netif)
 428:Middlewares/Third_Party/LwIP/src/netif/slipif.c **** {
 822              		.loc 1 428 1 is_stmt 1 view -0
 823              		.cfi_startproc
 824              		@ args = 0, pretend = 0, frame = 8
 825              		@ frame_needed = 0, uses_anonymous_args = 0
 826              		.loc 1 428 1 is_stmt 0 view .LVU249
 827 0000 30B5     		push	{r4, r5, lr}
 828              	.LCFI10:
 829              		.cfi_def_cfa_offset 12
 830              		.cfi_offset 4, -12
 831              		.cfi_offset 5, -8
 832              		.cfi_offset 14, -4
 833 0002 83B0     		sub	sp, sp, #12
 834              	.LCFI11:
 835              		.cfi_def_cfa_offset 24
 429:Middlewares/Third_Party/LwIP/src/netif/slipif.c ****   u8_t c;
 836              		.loc 1 429 3 is_stmt 1 view .LVU250
 430:Middlewares/Third_Party/LwIP/src/netif/slipif.c ****   struct slipif_priv *priv;
 837              		.loc 1 430 3 view .LVU251
 431:Middlewares/Third_Party/LwIP/src/netif/slipif.c **** 
 432:Middlewares/Third_Party/LwIP/src/netif/slipif.c ****   LWIP_ASSERT("netif != NULL", (netif != NULL));
 838              		.loc 1 432 3 view .LVU252
 839              		.loc 1 432 3 view .LVU253
 840 0004 0446     		mov	r4, r0
 841 0006 78B1     		cbz	r0, .L73
 842              	.LVL73:
 843              	.L68:
 844              		.loc 1 432 3 discriminator 3 view .LVU254
 845              		.loc 1 432 3 discriminator 3 view .LVU255
 433:Middlewares/Third_Party/LwIP/src/netif/slipif.c ****   LWIP_ASSERT("netif->state != NULL", (netif->state != NULL));
 846              		.loc 1 433 3 discriminator 3 view .LVU256
 847              		.loc 1 433 3 discriminator 3 view .LVU257
 848 0008 E369     		ldr	r3, [r4, #28]
 849 000a ABB1     		cbz	r3, .L74
 850              	.L69:
 851              		.loc 1 433 3 discriminator 3 view .LVU258
 852              		.loc 1 433 3 discriminator 3 view .LVU259
 434:Middlewares/Third_Party/LwIP/src/netif/slipif.c **** 
 435:Middlewares/Third_Party/LwIP/src/netif/slipif.c ****   priv = (struct slipif_priv *)netif->state;
 853              		.loc 1 435 3 discriminator 3 view .LVU260
 854              		.loc 1 435 8 is_stmt 0 discriminator 3 view .LVU261
ARM GAS  C:\Users\Nina\AppData\Local\Temp\ccs14gB1.s 			page 26


 855 000c E569     		ldr	r5, [r4, #28]
 856              	.LVL74:
 436:Middlewares/Third_Party/LwIP/src/netif/slipif.c **** 
 437:Middlewares/Third_Party/LwIP/src/netif/slipif.c ****   while (sio_tryread(priv->sd, &c, 1) > 0) {
 857              		.loc 1 437 3 is_stmt 1 discriminator 3 view .LVU262
 858              	.L70:
 859              		.loc 1 437 9 view .LVU263
 860              		.loc 1 437 10 is_stmt 0 view .LVU264
 861 000e 0122     		movs	r2, #1
 862 0010 0DF10701 		add	r1, sp, #7
 863 0014 2868     		ldr	r0, [r5]
 864 0016 FFF7FEFF 		bl	sio_tryread
 865              	.LVL75:
 866              		.loc 1 437 9 view .LVU265
 867 001a A8B1     		cbz	r0, .L75
 438:Middlewares/Third_Party/LwIP/src/netif/slipif.c ****     slipif_rxbyte_input(netif, c);
 868              		.loc 1 438 5 is_stmt 1 view .LVU266
 869 001c 9DF80710 		ldrb	r1, [sp, #7]	@ zero_extendqisi2
 870 0020 2046     		mov	r0, r4
 871 0022 FFF7FEFF 		bl	slipif_rxbyte_input
 872              	.LVL76:
 873 0026 F2E7     		b	.L70
 874              	.LVL77:
 875              	.L73:
 432:Middlewares/Third_Party/LwIP/src/netif/slipif.c ****   LWIP_ASSERT("netif->state != NULL", (netif->state != NULL));
 876              		.loc 1 432 3 discriminator 1 view .LVU267
 432:Middlewares/Third_Party/LwIP/src/netif/slipif.c ****   LWIP_ASSERT("netif->state != NULL", (netif->state != NULL));
 877              		.loc 1 432 3 discriminator 1 view .LVU268
 878 0028 084B     		ldr	r3, .L76
 879 002a 4FF4D872 		mov	r2, #432
 880 002e 0849     		ldr	r1, .L76+4
 881 0030 0848     		ldr	r0, .L76+8
 882              	.LVL78:
 432:Middlewares/Third_Party/LwIP/src/netif/slipif.c ****   LWIP_ASSERT("netif->state != NULL", (netif->state != NULL));
 883              		.loc 1 432 3 is_stmt 0 discriminator 1 view .LVU269
 884 0032 FFF7FEFF 		bl	printf
 885              	.LVL79:
 886 0036 E7E7     		b	.L68
 887              	.L74:
 433:Middlewares/Third_Party/LwIP/src/netif/slipif.c **** 
 888              		.loc 1 433 3 is_stmt 1 discriminator 1 view .LVU270
 433:Middlewares/Third_Party/LwIP/src/netif/slipif.c **** 
 889              		.loc 1 433 3 discriminator 1 view .LVU271
 890 0038 044B     		ldr	r3, .L76
 891 003a 40F2B112 		movw	r2, #433
 892 003e 0649     		ldr	r1, .L76+12
 893 0040 0448     		ldr	r0, .L76+8
 894 0042 FFF7FEFF 		bl	printf
 895              	.LVL80:
 896 0046 E1E7     		b	.L69
 897              	.LVL81:
 898              	.L75:
 439:Middlewares/Third_Party/LwIP/src/netif/slipif.c ****   }
 440:Middlewares/Third_Party/LwIP/src/netif/slipif.c **** }
 899              		.loc 1 440 1 is_stmt 0 view .LVU272
 900 0048 03B0     		add	sp, sp, #12
 901              	.LCFI12:
ARM GAS  C:\Users\Nina\AppData\Local\Temp\ccs14gB1.s 			page 27


 902              		.cfi_def_cfa_offset 12
 903              		@ sp needed
 904 004a 30BD     		pop	{r4, r5, pc}
 905              	.LVL82:
 906              	.L77:
 907              		.loc 1 440 1 view .LVU273
 908              		.align	2
 909              	.L76:
 910 004c 00000000 		.word	.LC0
 911 0050 30000000 		.word	.LC1
 912 0054 40000000 		.word	.LC2
 913 0058 68000000 		.word	.LC3
 914              		.cfi_endproc
 915              	.LFE171:
 917              		.text
 918              	.Letext0:
 919              		.file 2 "c:\\program files (x86)\\gnu tools arm embedded\\9 2019-q4-major\\arm-none-eabi\\include\
 920              		.file 3 "c:\\program files (x86)\\gnu tools arm embedded\\9 2019-q4-major\\arm-none-eabi\\include\
 921              		.file 4 "Drivers/CMSIS/Include/core_cm7.h"
 922              		.file 5 "Drivers/CMSIS/Device/ST/STM32F7xx/Include/system_stm32f7xx.h"
 923              		.file 6 "c:\\program files (x86)\\gnu tools arm embedded\\9 2019-q4-major\\arm-none-eabi\\include\
 924              		.file 7 "c:\\program files (x86)\\gnu tools arm embedded\\9 2019-q4-major\\arm-none-eabi\\include\
 925              		.file 8 "c:\\program files (x86)\\gnu tools arm embedded\\9 2019-q4-major\\lib\\gcc\\arm-none-eabi
 926              		.file 9 "c:\\program files (x86)\\gnu tools arm embedded\\9 2019-q4-major\\arm-none-eabi\\include\
 927              		.file 10 "c:\\program files (x86)\\gnu tools arm embedded\\9 2019-q4-major\\arm-none-eabi\\include
 928              		.file 11 "c:\\program files (x86)\\gnu tools arm embedded\\9 2019-q4-major\\arm-none-eabi\\include
 929              		.file 12 "Middlewares/Third_Party/LwIP/src/include/lwip/arch.h"
 930              		.file 13 "Middlewares/Third_Party/LwIP/src/include/lwip/err.h"
 931              		.file 14 "Middlewares/Third_Party/LwIP/src/include/lwip/ip4_addr.h"
 932              		.file 15 "Middlewares/Third_Party/LwIP/src/include/lwip/ip_addr.h"
 933              		.file 16 "Middlewares/Third_Party/LwIP/src/include/lwip/pbuf.h"
 934              		.file 17 "Middlewares/Third_Party/LwIP/src/include/lwip/priv/memp_priv.h"
 935              		.file 18 "Middlewares/Third_Party/LwIP/src/include/lwip/memp.h"
 936              		.file 19 "Middlewares/Third_Party/LwIP/src/include/lwip/netif.h"
 937              		.file 20 "Middlewares/Third_Party/LwIP/src/include/lwip/sio.h"
 938              		.file 21 "c:\\program files (x86)\\gnu tools arm embedded\\9 2019-q4-major\\arm-none-eabi\\include
 939              		.file 22 "Middlewares/Third_Party/LwIP/src/include/lwip/mem.h"
 940              		.file 23 "Middlewares/Third_Party/LwIP/src/include/lwip/sys.h"
ARM GAS  C:\Users\Nina\AppData\Local\Temp\ccs14gB1.s 			page 28


DEFINED SYMBOLS
                            *ABS*:00000000 slipif.c
C:\Users\Nina\AppData\Local\Temp\ccs14gB1.s:18     .rodata.slipif_rxbyte.str1.4:00000000 $d
C:\Users\Nina\AppData\Local\Temp\ccs14gB1.s:31     .text.slipif_rxbyte:00000000 $t
C:\Users\Nina\AppData\Local\Temp\ccs14gB1.s:38     .text.slipif_rxbyte:00000000 slipif_rxbyte
C:\Users\Nina\AppData\Local\Temp\ccs14gB1.s:306    .text.slipif_rxbyte:000000f0 $d
C:\Users\Nina\AppData\Local\Temp\ccs14gB1.s:314    .text.slipif_rxbyte_input:00000000 $t
C:\Users\Nina\AppData\Local\Temp\ccs14gB1.s:320    .text.slipif_rxbyte_input:00000000 slipif_rxbyte_input
C:\Users\Nina\AppData\Local\Temp\ccs14gB1.s:370    .text.slipif_loop_thread:00000000 $t
C:\Users\Nina\AppData\Local\Temp\ccs14gB1.s:376    .text.slipif_loop_thread:00000000 slipif_loop_thread
C:\Users\Nina\AppData\Local\Temp\ccs14gB1.s:427    .rodata.slipif_output.str1.4:00000000 $d
C:\Users\Nina\AppData\Local\Temp\ccs14gB1.s:431    .text.slipif_output:00000000 $t
C:\Users\Nina\AppData\Local\Temp\ccs14gB1.s:437    .text.slipif_output:00000000 slipif_output
C:\Users\Nina\AppData\Local\Temp\ccs14gB1.s:616    .text.slipif_output:00000098 $d
C:\Users\Nina\AppData\Local\Temp\ccs14gB1.s:625    .text.slipif_output_v4:00000000 $t
C:\Users\Nina\AppData\Local\Temp\ccs14gB1.s:631    .text.slipif_output_v4:00000000 slipif_output_v4
C:\Users\Nina\AppData\Local\Temp\ccs14gB1.s:655    .rodata.slipif_init.str1.4:00000000 $d
C:\Users\Nina\AppData\Local\Temp\ccs14gB1.s:659    .text.slipif_init:00000000 $t
C:\Users\Nina\AppData\Local\Temp\ccs14gB1.s:666    .text.slipif_init:00000000 slipif_init
C:\Users\Nina\AppData\Local\Temp\ccs14gB1.s:805    .text.slipif_init:00000074 $d
C:\Users\Nina\AppData\Local\Temp\ccs14gB1.s:812    .text.slipif_poll:00000000 $t
C:\Users\Nina\AppData\Local\Temp\ccs14gB1.s:819    .text.slipif_poll:00000000 slipif_poll
C:\Users\Nina\AppData\Local\Temp\ccs14gB1.s:910    .text.slipif_poll:0000004c $d

UNDEFINED SYMBOLS
printf
pbuf_realloc
pbuf_alloc
pbuf_cat
pbuf_free
sio_read
sio_send
mem_malloc
sio_open
sys_thread_new
mem_free
sio_tryread
