ARM GAS  C:\Users\Nina\AppData\Local\Temp\ccLMO3rv.s 			page 1


   1              		.cpu cortex-m7
   2              		.eabi_attribute 27, 1
   3              		.eabi_attribute 28, 1
   4              		.eabi_attribute 20, 1
   5              		.eabi_attribute 21, 1
   6              		.eabi_attribute 23, 3
   7              		.eabi_attribute 24, 1
   8              		.eabi_attribute 25, 1
   9              		.eabi_attribute 26, 1
  10              		.eabi_attribute 30, 1
  11              		.eabi_attribute 34, 1
  12              		.eabi_attribute 18, 4
  13              		.file	"stm32f7xx_hal_timebase_TIM.c"
  14              		.text
  15              	.Ltext0:
  16              		.cfi_sections	.debug_frame
  17              		.section	.text.HAL_InitTick,"ax",%progbits
  18              		.align	1
  19              		.global	HAL_InitTick
  20              		.arch armv7e-m
  21              		.syntax unified
  22              		.thumb
  23              		.thumb_func
  24              		.fpu fpv5-sp-d16
  26              	HAL_InitTick:
  27              	.LVL0:
  28              	.LFB138:
  29              		.file 1 "Src/stm32f7xx_hal_timebase_TIM.c"
   1:Src/stm32f7xx_hal_timebase_TIM.c **** /**
   2:Src/stm32f7xx_hal_timebase_TIM.c ****   ******************************************************************************
   3:Src/stm32f7xx_hal_timebase_TIM.c ****   * @file    stm32f7xx_hal_timebase_TIM.c 
   4:Src/stm32f7xx_hal_timebase_TIM.c ****   * @brief   HAL time base based on the hardware TIM.
   5:Src/stm32f7xx_hal_timebase_TIM.c ****   ******************************************************************************
   6:Src/stm32f7xx_hal_timebase_TIM.c ****   * This notice applies to any and all portions of this file
   7:Src/stm32f7xx_hal_timebase_TIM.c ****   * that are not between comment pairs USER CODE BEGIN and
   8:Src/stm32f7xx_hal_timebase_TIM.c ****   * USER CODE END. Other portions of this file, whether 
   9:Src/stm32f7xx_hal_timebase_TIM.c ****   * inserted by the user or by software development tools
  10:Src/stm32f7xx_hal_timebase_TIM.c ****   * are owned by their respective copyright owners.
  11:Src/stm32f7xx_hal_timebase_TIM.c ****   *
  12:Src/stm32f7xx_hal_timebase_TIM.c ****   * Copyright (c) 2018 STMicroelectronics International N.V. 
  13:Src/stm32f7xx_hal_timebase_TIM.c ****   * All rights reserved.
  14:Src/stm32f7xx_hal_timebase_TIM.c ****   *
  15:Src/stm32f7xx_hal_timebase_TIM.c ****   * Redistribution and use in source and binary forms, with or without 
  16:Src/stm32f7xx_hal_timebase_TIM.c ****   * modification, are permitted, provided that the following conditions are met:
  17:Src/stm32f7xx_hal_timebase_TIM.c ****   *
  18:Src/stm32f7xx_hal_timebase_TIM.c ****   * 1. Redistribution of source code must retain the above copyright notice, 
  19:Src/stm32f7xx_hal_timebase_TIM.c ****   *    this list of conditions and the following disclaimer.
  20:Src/stm32f7xx_hal_timebase_TIM.c ****   * 2. Redistributions in binary form must reproduce the above copyright notice,
  21:Src/stm32f7xx_hal_timebase_TIM.c ****   *    this list of conditions and the following disclaimer in the documentation
  22:Src/stm32f7xx_hal_timebase_TIM.c ****   *    and/or other materials provided with the distribution.
  23:Src/stm32f7xx_hal_timebase_TIM.c ****   * 3. Neither the name of STMicroelectronics nor the names of other 
  24:Src/stm32f7xx_hal_timebase_TIM.c ****   *    contributors to this software may be used to endorse or promote products 
  25:Src/stm32f7xx_hal_timebase_TIM.c ****   *    derived from this software without specific written permission.
  26:Src/stm32f7xx_hal_timebase_TIM.c ****   * 4. This software, including modifications and/or derivative works of this 
  27:Src/stm32f7xx_hal_timebase_TIM.c ****   *    software, must execute solely and exclusively on microcontroller or
  28:Src/stm32f7xx_hal_timebase_TIM.c ****   *    microprocessor devices manufactured by or for STMicroelectronics.
  29:Src/stm32f7xx_hal_timebase_TIM.c ****   * 5. Redistribution and use of this software other than as permitted under 
ARM GAS  C:\Users\Nina\AppData\Local\Temp\ccLMO3rv.s 			page 2


  30:Src/stm32f7xx_hal_timebase_TIM.c ****   *    this license is void and will automatically terminate your rights under 
  31:Src/stm32f7xx_hal_timebase_TIM.c ****   *    this license. 
  32:Src/stm32f7xx_hal_timebase_TIM.c ****   *
  33:Src/stm32f7xx_hal_timebase_TIM.c ****   * THIS SOFTWARE IS PROVIDED BY STMICROELECTRONICS AND CONTRIBUTORS "AS IS" 
  34:Src/stm32f7xx_hal_timebase_TIM.c ****   * AND ANY EXPRESS, IMPLIED OR STATUTORY WARRANTIES, INCLUDING, BUT NOT 
  35:Src/stm32f7xx_hal_timebase_TIM.c ****   * LIMITED TO, THE IMPLIED WARRANTIES OF MERCHANTABILITY, FITNESS FOR A 
  36:Src/stm32f7xx_hal_timebase_TIM.c ****   * PARTICULAR PURPOSE AND NON-INFRINGEMENT OF THIRD PARTY INTELLECTUAL PROPERTY
  37:Src/stm32f7xx_hal_timebase_TIM.c ****   * RIGHTS ARE DISCLAIMED TO THE FULLEST EXTENT PERMITTED BY LAW. IN NO EVENT 
  38:Src/stm32f7xx_hal_timebase_TIM.c ****   * SHALL STMICROELECTRONICS OR CONTRIBUTORS BE LIABLE FOR ANY DIRECT, INDIRECT,
  39:Src/stm32f7xx_hal_timebase_TIM.c ****   * INCIDENTAL, SPECIAL, EXEMPLARY, OR CONSEQUENTIAL DAMAGES (INCLUDING, BUT NOT
  40:Src/stm32f7xx_hal_timebase_TIM.c ****   * LIMITED TO, PROCUREMENT OF SUBSTITUTE GOODS OR SERVICES; LOSS OF USE, DATA, 
  41:Src/stm32f7xx_hal_timebase_TIM.c ****   * OR PROFITS; OR BUSINESS INTERRUPTION) HOWEVER CAUSED AND ON ANY THEORY OF 
  42:Src/stm32f7xx_hal_timebase_TIM.c ****   * LIABILITY, WHETHER IN CONTRACT, STRICT LIABILITY, OR TORT (INCLUDING 
  43:Src/stm32f7xx_hal_timebase_TIM.c ****   * NEGLIGENCE OR OTHERWISE) ARISING IN ANY WAY OUT OF THE USE OF THIS SOFTWARE,
  44:Src/stm32f7xx_hal_timebase_TIM.c ****   * EVEN IF ADVISED OF THE POSSIBILITY OF SUCH DAMAGE.
  45:Src/stm32f7xx_hal_timebase_TIM.c ****   *
  46:Src/stm32f7xx_hal_timebase_TIM.c ****   ******************************************************************************
  47:Src/stm32f7xx_hal_timebase_TIM.c ****   */
  48:Src/stm32f7xx_hal_timebase_TIM.c **** 
  49:Src/stm32f7xx_hal_timebase_TIM.c **** /* Includes ------------------------------------------------------------------*/
  50:Src/stm32f7xx_hal_timebase_TIM.c **** #include "stm32f7xx_hal.h"
  51:Src/stm32f7xx_hal_timebase_TIM.c **** #include "stm32f7xx_hal_tim.h"
  52:Src/stm32f7xx_hal_timebase_TIM.c **** /** @addtogroup STM32F7xx_HAL_Examples
  53:Src/stm32f7xx_hal_timebase_TIM.c ****   * @{
  54:Src/stm32f7xx_hal_timebase_TIM.c ****   */
  55:Src/stm32f7xx_hal_timebase_TIM.c **** 
  56:Src/stm32f7xx_hal_timebase_TIM.c **** /** @addtogroup HAL_TimeBase
  57:Src/stm32f7xx_hal_timebase_TIM.c ****   * @{
  58:Src/stm32f7xx_hal_timebase_TIM.c ****   */ 
  59:Src/stm32f7xx_hal_timebase_TIM.c **** 
  60:Src/stm32f7xx_hal_timebase_TIM.c **** /* Private typedef -----------------------------------------------------------*/
  61:Src/stm32f7xx_hal_timebase_TIM.c **** /* Private define ------------------------------------------------------------*/
  62:Src/stm32f7xx_hal_timebase_TIM.c **** /* Private macro -------------------------------------------------------------*/
  63:Src/stm32f7xx_hal_timebase_TIM.c **** /* Private variables ---------------------------------------------------------*/
  64:Src/stm32f7xx_hal_timebase_TIM.c **** TIM_HandleTypeDef        htim6; 
  65:Src/stm32f7xx_hal_timebase_TIM.c **** uint32_t                 uwIncrementState = 0;
  66:Src/stm32f7xx_hal_timebase_TIM.c **** /* Private function prototypes -----------------------------------------------*/
  67:Src/stm32f7xx_hal_timebase_TIM.c **** /* Private functions ---------------------------------------------------------*/
  68:Src/stm32f7xx_hal_timebase_TIM.c **** 
  69:Src/stm32f7xx_hal_timebase_TIM.c **** /**
  70:Src/stm32f7xx_hal_timebase_TIM.c ****   * @brief  This function configures the TIM6 as a time base source. 
  71:Src/stm32f7xx_hal_timebase_TIM.c ****   *         The time source is configured  to have 1ms time base with a dedicated 
  72:Src/stm32f7xx_hal_timebase_TIM.c ****   *         Tick interrupt priority. 
  73:Src/stm32f7xx_hal_timebase_TIM.c ****   * @note   This function is called  automatically at the beginning of program after
  74:Src/stm32f7xx_hal_timebase_TIM.c ****   *         reset by HAL_Init() or at any time when clock is configured, by HAL_RCC_ClockConfig(). 
  75:Src/stm32f7xx_hal_timebase_TIM.c ****   * @param  TickPriority: Tick interrupt priorty.
  76:Src/stm32f7xx_hal_timebase_TIM.c ****   * @retval HAL status
  77:Src/stm32f7xx_hal_timebase_TIM.c ****   */
  78:Src/stm32f7xx_hal_timebase_TIM.c **** HAL_StatusTypeDef HAL_InitTick(uint32_t TickPriority)
  79:Src/stm32f7xx_hal_timebase_TIM.c **** {
  30              		.loc 1 79 1 view -0
  31              		.cfi_startproc
  32              		@ args = 0, pretend = 0, frame = 32
  33              		@ frame_needed = 0, uses_anonymous_args = 0
  34              		.loc 1 79 1 is_stmt 0 view .LVU1
  35 0000 00B5     		push	{lr}
  36              	.LCFI0:
ARM GAS  C:\Users\Nina\AppData\Local\Temp\ccLMO3rv.s 			page 3


  37              		.cfi_def_cfa_offset 4
  38              		.cfi_offset 14, -4
  39 0002 89B0     		sub	sp, sp, #36
  40              	.LCFI1:
  41              		.cfi_def_cfa_offset 40
  42 0004 0146     		mov	r1, r0
  80:Src/stm32f7xx_hal_timebase_TIM.c ****   RCC_ClkInitTypeDef    clkconfig;
  43              		.loc 1 80 3 is_stmt 1 view .LVU2
  81:Src/stm32f7xx_hal_timebase_TIM.c ****   uint32_t              uwTimclock = 0;
  44              		.loc 1 81 3 view .LVU3
  45              	.LVL1:
  82:Src/stm32f7xx_hal_timebase_TIM.c ****   uint32_t              uwPrescalerValue = 0;
  46              		.loc 1 82 3 view .LVU4
  83:Src/stm32f7xx_hal_timebase_TIM.c ****   uint32_t              pFLatency;
  47              		.loc 1 83 3 view .LVU5
  84:Src/stm32f7xx_hal_timebase_TIM.c ****   
  85:Src/stm32f7xx_hal_timebase_TIM.c ****   /*Configure the TIM6 IRQ priority */
  86:Src/stm32f7xx_hal_timebase_TIM.c ****   HAL_NVIC_SetPriority(TIM6_DAC_IRQn, TickPriority ,0); 
  48              		.loc 1 86 3 view .LVU6
  49 0006 0022     		movs	r2, #0
  50 0008 3620     		movs	r0, #54
  51              	.LVL2:
  52              		.loc 1 86 3 is_stmt 0 view .LVU7
  53 000a FFF7FEFF 		bl	HAL_NVIC_SetPriority
  54              	.LVL3:
  87:Src/stm32f7xx_hal_timebase_TIM.c ****   
  88:Src/stm32f7xx_hal_timebase_TIM.c ****   /* Enable the TIM6 global Interrupt */
  89:Src/stm32f7xx_hal_timebase_TIM.c ****   HAL_NVIC_EnableIRQ(TIM6_DAC_IRQn); 
  55              		.loc 1 89 3 is_stmt 1 view .LVU8
  56 000e 3620     		movs	r0, #54
  57 0010 FFF7FEFF 		bl	HAL_NVIC_EnableIRQ
  58              	.LVL4:
  90:Src/stm32f7xx_hal_timebase_TIM.c ****   
  91:Src/stm32f7xx_hal_timebase_TIM.c ****   /* Enable TIM6 clock */
  92:Src/stm32f7xx_hal_timebase_TIM.c ****   __HAL_RCC_TIM6_CLK_ENABLE();
  59              		.loc 1 92 3 view .LVU9
  60              	.LBB2:
  61              		.loc 1 92 3 view .LVU10
  62              		.loc 1 92 3 view .LVU11
  63 0014 154B     		ldr	r3, .L6
  64 0016 1A6C     		ldr	r2, [r3, #64]
  65 0018 42F01002 		orr	r2, r2, #16
  66 001c 1A64     		str	r2, [r3, #64]
  67              		.loc 1 92 3 view .LVU12
  68 001e 1B6C     		ldr	r3, [r3, #64]
  69 0020 03F01003 		and	r3, r3, #16
  70 0024 0193     		str	r3, [sp, #4]
  71              		.loc 1 92 3 view .LVU13
  72 0026 019B     		ldr	r3, [sp, #4]
  73              	.LBE2:
  74              		.loc 1 92 3 view .LVU14
  93:Src/stm32f7xx_hal_timebase_TIM.c ****   
  94:Src/stm32f7xx_hal_timebase_TIM.c ****   /* Get clock configuration */
  95:Src/stm32f7xx_hal_timebase_TIM.c ****   HAL_RCC_GetClockConfig(&clkconfig, &pFLatency);
  75              		.loc 1 95 3 view .LVU15
  76 0028 02A9     		add	r1, sp, #8
  77 002a 03A8     		add	r0, sp, #12
ARM GAS  C:\Users\Nina\AppData\Local\Temp\ccLMO3rv.s 			page 4


  78 002c FFF7FEFF 		bl	HAL_RCC_GetClockConfig
  79              	.LVL5:
  96:Src/stm32f7xx_hal_timebase_TIM.c ****   
  97:Src/stm32f7xx_hal_timebase_TIM.c ****   /* Compute TIM6 clock */
  98:Src/stm32f7xx_hal_timebase_TIM.c ****   uwTimclock = 2*HAL_RCC_GetPCLK1Freq();
  80              		.loc 1 98 3 view .LVU16
  81              		.loc 1 98 18 is_stmt 0 view .LVU17
  82 0030 FFF7FEFF 		bl	HAL_RCC_GetPCLK1Freq
  83              	.LVL6:
  84              		.loc 1 98 14 view .LVU18
  85 0034 4300     		lsls	r3, r0, #1
  86              	.LVL7:
  99:Src/stm32f7xx_hal_timebase_TIM.c ****    
 100:Src/stm32f7xx_hal_timebase_TIM.c ****   /* Compute the prescaler value to have TIM6 counter clock equal to 1MHz */
 101:Src/stm32f7xx_hal_timebase_TIM.c ****   uwPrescalerValue = (uint32_t) ((uwTimclock / 1000000) - 1);
  87              		.loc 1 101 3 is_stmt 1 view .LVU19
  88              		.loc 1 101 46 is_stmt 0 view .LVU20
  89 0036 0E48     		ldr	r0, .L6+4
  90 0038 A0FB0323 		umull	r2, r3, r0, r3
  91              	.LVL8:
  92              		.loc 1 101 46 view .LVU21
  93 003c 9B0C     		lsrs	r3, r3, #18
  94              		.loc 1 101 20 view .LVU22
  95 003e 013B     		subs	r3, r3, #1
  96              	.LVL9:
 102:Src/stm32f7xx_hal_timebase_TIM.c ****   
 103:Src/stm32f7xx_hal_timebase_TIM.c ****   /* Initialize TIM6 */
 104:Src/stm32f7xx_hal_timebase_TIM.c ****   htim6.Instance = TIM6;
  97              		.loc 1 104 3 is_stmt 1 view .LVU23
  98              		.loc 1 104 18 is_stmt 0 view .LVU24
  99 0040 0C48     		ldr	r0, .L6+8
 100 0042 0D4A     		ldr	r2, .L6+12
 101 0044 0260     		str	r2, [r0]
 105:Src/stm32f7xx_hal_timebase_TIM.c ****   
 106:Src/stm32f7xx_hal_timebase_TIM.c ****   /* Initialize TIMx peripheral as follow:
 107:Src/stm32f7xx_hal_timebase_TIM.c ****   + Period = [(TIM6CLK/1000) - 1]. to have a (1/1000) s time base.
 108:Src/stm32f7xx_hal_timebase_TIM.c ****   + Prescaler = (uwTimclock/1000000 - 1) to have a 1MHz counter clock.
 109:Src/stm32f7xx_hal_timebase_TIM.c ****   + ClockDivision = 0
 110:Src/stm32f7xx_hal_timebase_TIM.c ****   + Counter direction = Up
 111:Src/stm32f7xx_hal_timebase_TIM.c ****   */
 112:Src/stm32f7xx_hal_timebase_TIM.c ****   htim6.Init.Period = (1000000 / 1000) - 1;
 102              		.loc 1 112 3 is_stmt 1 view .LVU25
 103              		.loc 1 112 21 is_stmt 0 view .LVU26
 104 0046 40F2E732 		movw	r2, #999
 105 004a C260     		str	r2, [r0, #12]
 113:Src/stm32f7xx_hal_timebase_TIM.c ****   htim6.Init.Prescaler = uwPrescalerValue;
 106              		.loc 1 113 3 is_stmt 1 view .LVU27
 107              		.loc 1 113 24 is_stmt 0 view .LVU28
 108 004c 4360     		str	r3, [r0, #4]
 114:Src/stm32f7xx_hal_timebase_TIM.c ****   htim6.Init.ClockDivision = 0;
 109              		.loc 1 114 3 is_stmt 1 view .LVU29
 110              		.loc 1 114 28 is_stmt 0 view .LVU30
 111 004e 0023     		movs	r3, #0
 112              	.LVL10:
 113              		.loc 1 114 28 view .LVU31
 114 0050 0361     		str	r3, [r0, #16]
 115:Src/stm32f7xx_hal_timebase_TIM.c ****   htim6.Init.CounterMode = TIM_COUNTERMODE_UP;
ARM GAS  C:\Users\Nina\AppData\Local\Temp\ccLMO3rv.s 			page 5


 115              		.loc 1 115 3 is_stmt 1 view .LVU32
 116              		.loc 1 115 26 is_stmt 0 view .LVU33
 117 0052 8360     		str	r3, [r0, #8]
 116:Src/stm32f7xx_hal_timebase_TIM.c ****   if(HAL_TIM_Base_Init(&htim6) == HAL_OK)
 118              		.loc 1 116 3 is_stmt 1 view .LVU34
 119              		.loc 1 116 6 is_stmt 0 view .LVU35
 120 0054 FFF7FEFF 		bl	HAL_TIM_Base_Init
 121              	.LVL11:
 122              		.loc 1 116 5 view .LVU36
 123 0058 18B1     		cbz	r0, .L5
 117:Src/stm32f7xx_hal_timebase_TIM.c ****   {
 118:Src/stm32f7xx_hal_timebase_TIM.c ****     /* Start the TIM time Base generation in interrupt mode */
 119:Src/stm32f7xx_hal_timebase_TIM.c ****     return HAL_TIM_Base_Start_IT(&htim6);
 120:Src/stm32f7xx_hal_timebase_TIM.c ****   }
 121:Src/stm32f7xx_hal_timebase_TIM.c ****   
 122:Src/stm32f7xx_hal_timebase_TIM.c ****   /* Return function status */
 123:Src/stm32f7xx_hal_timebase_TIM.c ****   return HAL_ERROR;
 124              		.loc 1 123 10 view .LVU37
 125 005a 0120     		movs	r0, #1
 126              	.L2:
 124:Src/stm32f7xx_hal_timebase_TIM.c **** }
 127              		.loc 1 124 1 view .LVU38
 128 005c 09B0     		add	sp, sp, #36
 129              	.LCFI2:
 130              		.cfi_remember_state
 131              		.cfi_def_cfa_offset 4
 132              		@ sp needed
 133 005e 5DF804FB 		ldr	pc, [sp], #4
 134              	.L5:
 135              	.LCFI3:
 136              		.cfi_restore_state
 119:Src/stm32f7xx_hal_timebase_TIM.c ****   }
 137              		.loc 1 119 5 is_stmt 1 view .LVU39
 119:Src/stm32f7xx_hal_timebase_TIM.c ****   }
 138              		.loc 1 119 12 is_stmt 0 view .LVU40
 139 0062 0448     		ldr	r0, .L6+8
 140 0064 FFF7FEFF 		bl	HAL_TIM_Base_Start_IT
 141              	.LVL12:
 142 0068 F8E7     		b	.L2
 143              	.L7:
 144 006a 00BF     		.align	2
 145              	.L6:
 146 006c 00380240 		.word	1073887232
 147 0070 83DE1B43 		.word	1125899907
 148 0074 00000000 		.word	htim6
 149 0078 00100040 		.word	1073745920
 150              		.cfi_endproc
 151              	.LFE138:
 153              		.section	.text.HAL_SuspendTick,"ax",%progbits
 154              		.align	1
 155              		.global	HAL_SuspendTick
 156              		.syntax unified
 157              		.thumb
 158              		.thumb_func
 159              		.fpu fpv5-sp-d16
 161              	HAL_SuspendTick:
 162              	.LFB139:
ARM GAS  C:\Users\Nina\AppData\Local\Temp\ccLMO3rv.s 			page 6


 125:Src/stm32f7xx_hal_timebase_TIM.c **** 
 126:Src/stm32f7xx_hal_timebase_TIM.c **** /**
 127:Src/stm32f7xx_hal_timebase_TIM.c ****   * @brief  Suspend Tick increment.
 128:Src/stm32f7xx_hal_timebase_TIM.c ****   * @note   Disable the tick increment by disabling TIM6 update interrupt.
 129:Src/stm32f7xx_hal_timebase_TIM.c ****   * @param  None
 130:Src/stm32f7xx_hal_timebase_TIM.c ****   * @retval None
 131:Src/stm32f7xx_hal_timebase_TIM.c ****   */
 132:Src/stm32f7xx_hal_timebase_TIM.c **** void HAL_SuspendTick(void)
 133:Src/stm32f7xx_hal_timebase_TIM.c **** {
 163              		.loc 1 133 1 is_stmt 1 view -0
 164              		.cfi_startproc
 165              		@ args = 0, pretend = 0, frame = 0
 166              		@ frame_needed = 0, uses_anonymous_args = 0
 167              		@ link register save eliminated.
 134:Src/stm32f7xx_hal_timebase_TIM.c ****   /* Disable TIM6 update Interrupt */
 135:Src/stm32f7xx_hal_timebase_TIM.c ****   __HAL_TIM_DISABLE_IT(&htim6, TIM_IT_UPDATE);                                                  
 168              		.loc 1 135 3 view .LVU42
 169 0000 034B     		ldr	r3, .L9
 170 0002 1A68     		ldr	r2, [r3]
 171 0004 D368     		ldr	r3, [r2, #12]
 172 0006 23F00103 		bic	r3, r3, #1
 173 000a D360     		str	r3, [r2, #12]
 136:Src/stm32f7xx_hal_timebase_TIM.c **** }
 174              		.loc 1 136 1 is_stmt 0 view .LVU43
 175 000c 7047     		bx	lr
 176              	.L10:
 177 000e 00BF     		.align	2
 178              	.L9:
 179 0010 00000000 		.word	htim6
 180              		.cfi_endproc
 181              	.LFE139:
 183              		.section	.text.HAL_ResumeTick,"ax",%progbits
 184              		.align	1
 185              		.global	HAL_ResumeTick
 186              		.syntax unified
 187              		.thumb
 188              		.thumb_func
 189              		.fpu fpv5-sp-d16
 191              	HAL_ResumeTick:
 192              	.LFB140:
 137:Src/stm32f7xx_hal_timebase_TIM.c **** 
 138:Src/stm32f7xx_hal_timebase_TIM.c **** /**
 139:Src/stm32f7xx_hal_timebase_TIM.c ****   * @brief  Resume Tick increment.
 140:Src/stm32f7xx_hal_timebase_TIM.c ****   * @note   Enable the tick increment by Enabling TIM6 update interrupt.
 141:Src/stm32f7xx_hal_timebase_TIM.c ****   * @param  None
 142:Src/stm32f7xx_hal_timebase_TIM.c ****   * @retval None
 143:Src/stm32f7xx_hal_timebase_TIM.c ****   */
 144:Src/stm32f7xx_hal_timebase_TIM.c **** void HAL_ResumeTick(void)
 145:Src/stm32f7xx_hal_timebase_TIM.c **** {
 193              		.loc 1 145 1 is_stmt 1 view -0
 194              		.cfi_startproc
 195              		@ args = 0, pretend = 0, frame = 0
 196              		@ frame_needed = 0, uses_anonymous_args = 0
 197              		@ link register save eliminated.
 146:Src/stm32f7xx_hal_timebase_TIM.c ****   /* Enable TIM6 Update interrupt */
 147:Src/stm32f7xx_hal_timebase_TIM.c ****   __HAL_TIM_ENABLE_IT(&htim6, TIM_IT_UPDATE);
 198              		.loc 1 147 3 view .LVU45
ARM GAS  C:\Users\Nina\AppData\Local\Temp\ccLMO3rv.s 			page 7


 199 0000 034B     		ldr	r3, .L12
 200 0002 1A68     		ldr	r2, [r3]
 201 0004 D368     		ldr	r3, [r2, #12]
 202 0006 43F00103 		orr	r3, r3, #1
 203 000a D360     		str	r3, [r2, #12]
 148:Src/stm32f7xx_hal_timebase_TIM.c **** }
 204              		.loc 1 148 1 is_stmt 0 view .LVU46
 205 000c 7047     		bx	lr
 206              	.L13:
 207 000e 00BF     		.align	2
 208              	.L12:
 209 0010 00000000 		.word	htim6
 210              		.cfi_endproc
 211              	.LFE140:
 213              		.global	uwIncrementState
 214              		.comm	htim6,64,4
 215              		.section	.bss.uwIncrementState,"aw",%nobits
 216              		.align	2
 219              	uwIncrementState:
 220 0000 00000000 		.space	4
 221              		.text
 222              	.Letext0:
 223              		.file 2 "c:\\program files (x86)\\gnu tools arm embedded\\9 2019-q4-major\\arm-none-eabi\\include\
 224              		.file 3 "c:\\program files (x86)\\gnu tools arm embedded\\9 2019-q4-major\\arm-none-eabi\\include\
 225              		.file 4 "Drivers/CMSIS/Include/core_cm7.h"
 226              		.file 5 "Drivers/CMSIS/Device/ST/STM32F7xx/Include/system_stm32f7xx.h"
 227              		.file 6 "Drivers/CMSIS/Device/ST/STM32F7xx/Include/stm32f746xx.h"
 228              		.file 7 "c:\\program files (x86)\\gnu tools arm embedded\\9 2019-q4-major\\arm-none-eabi\\include\
 229              		.file 8 "c:\\program files (x86)\\gnu tools arm embedded\\9 2019-q4-major\\arm-none-eabi\\include\
 230              		.file 9 "c:\\program files (x86)\\gnu tools arm embedded\\9 2019-q4-major\\lib\\gcc\\arm-none-eabi
 231              		.file 10 "c:\\program files (x86)\\gnu tools arm embedded\\9 2019-q4-major\\arm-none-eabi\\include
 232              		.file 11 "Drivers/STM32F7xx_HAL_Driver/Inc/stm32f7xx_hal_def.h"
 233              		.file 12 "Drivers/STM32F7xx_HAL_Driver/Inc/stm32f7xx_hal_rcc.h"
 234              		.file 13 "Drivers/STM32F7xx_HAL_Driver/Inc/stm32f7xx_hal_dma.h"
 235              		.file 14 "Drivers/STM32F7xx_HAL_Driver/Inc/stm32f7xx_hal_tim.h"
 236              		.file 15 "Drivers/STM32F7xx_HAL_Driver/Inc/stm32f7xx_hal_cortex.h"
ARM GAS  C:\Users\Nina\AppData\Local\Temp\ccLMO3rv.s 			page 8


DEFINED SYMBOLS
                            *ABS*:00000000 stm32f7xx_hal_timebase_TIM.c
C:\Users\Nina\AppData\Local\Temp\ccLMO3rv.s:18     .text.HAL_InitTick:00000000 $t
C:\Users\Nina\AppData\Local\Temp\ccLMO3rv.s:26     .text.HAL_InitTick:00000000 HAL_InitTick
C:\Users\Nina\AppData\Local\Temp\ccLMO3rv.s:146    .text.HAL_InitTick:0000006c $d
                            *COM*:00000040 htim6
C:\Users\Nina\AppData\Local\Temp\ccLMO3rv.s:154    .text.HAL_SuspendTick:00000000 $t
C:\Users\Nina\AppData\Local\Temp\ccLMO3rv.s:161    .text.HAL_SuspendTick:00000000 HAL_SuspendTick
C:\Users\Nina\AppData\Local\Temp\ccLMO3rv.s:179    .text.HAL_SuspendTick:00000010 $d
C:\Users\Nina\AppData\Local\Temp\ccLMO3rv.s:184    .text.HAL_ResumeTick:00000000 $t
C:\Users\Nina\AppData\Local\Temp\ccLMO3rv.s:191    .text.HAL_ResumeTick:00000000 HAL_ResumeTick
C:\Users\Nina\AppData\Local\Temp\ccLMO3rv.s:209    .text.HAL_ResumeTick:00000010 $d
C:\Users\Nina\AppData\Local\Temp\ccLMO3rv.s:219    .bss.uwIncrementState:00000000 uwIncrementState
C:\Users\Nina\AppData\Local\Temp\ccLMO3rv.s:216    .bss.uwIncrementState:00000000 $d

UNDEFINED SYMBOLS
HAL_NVIC_SetPriority
HAL_NVIC_EnableIRQ
HAL_RCC_GetClockConfig
HAL_RCC_GetPCLK1Freq
HAL_TIM_Base_Init
HAL_TIM_Base_Start_IT
