ARM GAS  C:\Users\Nina\AppData\Local\Temp\ccGAcktS.s 			page 1


   1              		.cpu cortex-m7
   2              		.eabi_attribute 27, 1
   3              		.eabi_attribute 28, 1
   4              		.eabi_attribute 20, 1
   5              		.eabi_attribute 21, 1
   6              		.eabi_attribute 23, 3
   7              		.eabi_attribute 24, 1
   8              		.eabi_attribute 25, 1
   9              		.eabi_attribute 26, 1
  10              		.eabi_attribute 30, 1
  11              		.eabi_attribute 34, 1
  12              		.eabi_attribute 18, 4
  13              		.file	"stm32f7xx_it.c"
  14              		.text
  15              	.Ltext0:
  16              		.cfi_sections	.debug_frame
  17              		.section	.rodata.HL_Default_Handler.str1.4,"aMS",%progbits,1
  18              		.align	2
  19              	.LC0:
  20 0000 484C5F44 		.ascii	"HL_Default_Handler\012\000"
  20      65666175 
  20      6C745F48 
  20      616E646C 
  20      65720A00 
  21              		.section	.text.HL_Default_Handler,"ax",%progbits
  22              		.align	1
  23              		.global	HL_Default_Handler
  24              		.arch armv7e-m
  25              		.syntax unified
  26              		.thumb
  27              		.thumb_func
  28              		.fpu fpv5-sp-d16
  30              	HL_Default_Handler:
  31              	.LFB143:
  32              		.file 1 "Src/stm32f7xx_it.c"
   1:Src/stm32f7xx_it.c **** /**
   2:Src/stm32f7xx_it.c ****   ******************************************************************************
   3:Src/stm32f7xx_it.c ****   * @file    stm32f7xx_it.c
   4:Src/stm32f7xx_it.c ****   * @brief   Interrupt Service Routines.
   5:Src/stm32f7xx_it.c ****   ******************************************************************************
   6:Src/stm32f7xx_it.c ****   *
   7:Src/stm32f7xx_it.c ****   * COPYRIGHT(c) 2018 STMicroelectronics
   8:Src/stm32f7xx_it.c ****   *
   9:Src/stm32f7xx_it.c ****   * Redistribution and use in source and binary forms, with or without modification,
  10:Src/stm32f7xx_it.c ****   * are permitted provided that the following conditions are met:
  11:Src/stm32f7xx_it.c ****   *   1. Redistributions of source code must retain the above copyright notice,
  12:Src/stm32f7xx_it.c ****   *      this list of conditions and the following disclaimer.
  13:Src/stm32f7xx_it.c ****   *   2. Redistributions in binary form must reproduce the above copyright notice,
  14:Src/stm32f7xx_it.c ****   *      this list of conditions and the following disclaimer in the documentation
  15:Src/stm32f7xx_it.c ****   *      and/or other materials provided with the distribution.
  16:Src/stm32f7xx_it.c ****   *   3. Neither the name of STMicroelectronics nor the names of its contributors
  17:Src/stm32f7xx_it.c ****   *      may be used to endorse or promote products derived from this software
  18:Src/stm32f7xx_it.c ****   *      without specific prior written permission.
  19:Src/stm32f7xx_it.c ****   *
  20:Src/stm32f7xx_it.c ****   * THIS SOFTWARE IS PROVIDED BY THE COPYRIGHT HOLDERS AND CONTRIBUTORS "AS IS"
  21:Src/stm32f7xx_it.c ****   * AND ANY EXPRESS OR IMPLIED WARRANTIES, INCLUDING, BUT NOT LIMITED TO, THE
  22:Src/stm32f7xx_it.c ****   * IMPLIED WARRANTIES OF MERCHANTABILITY AND FITNESS FOR A PARTICULAR PURPOSE ARE
ARM GAS  C:\Users\Nina\AppData\Local\Temp\ccGAcktS.s 			page 2


  23:Src/stm32f7xx_it.c ****   * DISCLAIMED. IN NO EVENT SHALL THE COPYRIGHT HOLDER OR CONTRIBUTORS BE LIABLE
  24:Src/stm32f7xx_it.c ****   * FOR ANY DIRECT, INDIRECT, INCIDENTAL, SPECIAL, EXEMPLARY, OR CONSEQUENTIAL
  25:Src/stm32f7xx_it.c ****   * DAMAGES (INCLUDING, BUT NOT LIMITED TO, PROCUREMENT OF SUBSTITUTE GOODS OR
  26:Src/stm32f7xx_it.c ****   * SERVICES; LOSS OF USE, DATA, OR PROFITS; OR BUSINESS INTERRUPTION) HOWEVER
  27:Src/stm32f7xx_it.c ****   * CAUSED AND ON ANY THEORY OF LIABILITY, WHETHER IN CONTRACT, STRICT LIABILITY,
  28:Src/stm32f7xx_it.c ****   * OR TORT (INCLUDING NEGLIGENCE OR OTHERWISE) ARISING IN ANY WAY OUT OF THE USE
  29:Src/stm32f7xx_it.c ****   * OF THIS SOFTWARE, EVEN IF ADVISED OF THE POSSIBILITY OF SUCH DAMAGE.
  30:Src/stm32f7xx_it.c ****   *
  31:Src/stm32f7xx_it.c ****   ******************************************************************************
  32:Src/stm32f7xx_it.c ****   */
  33:Src/stm32f7xx_it.c **** /* Includes ------------------------------------------------------------------*/
  34:Src/stm32f7xx_it.c **** #include "stm32f7xx_hal.h"
  35:Src/stm32f7xx_it.c **** #include "stm32f7xx.h"
  36:Src/stm32f7xx_it.c **** #include "stm32f7xx_it.h"
  37:Src/stm32f7xx_it.c **** #include "cmsis_os.h"
  38:Src/stm32f7xx_it.c **** 
  39:Src/stm32f7xx_it.c **** /* USER CODE BEGIN 0 */
  40:Src/stm32f7xx_it.c **** #include "term_io.h"
  41:Src/stm32f7xx_it.c **** 
  42:Src/stm32f7xx_it.c **** /* SAI handler declared in "stm32746g_discovery_audio.c" file */
  43:Src/stm32f7xx_it.c **** extern SAI_HandleTypeDef haudio_out_sai;
  44:Src/stm32f7xx_it.c **** /* SAI handler declared in "stm32746g_discovery_audio.c" file */
  45:Src/stm32f7xx_it.c **** extern SAI_HandleTypeDef haudio_in_sai;
  46:Src/stm32f7xx_it.c **** 
  47:Src/stm32f7xx_it.c **** 
  48:Src/stm32f7xx_it.c **** 
  49:Src/stm32f7xx_it.c **** 
  50:Src/stm32f7xx_it.c **** void HL_Default_Handler(void)
  51:Src/stm32f7xx_it.c **** {
  33              		.loc 1 51 1 view -0
  34              		.cfi_startproc
  35              		@ Volatile: function does not return.
  36              		@ args = 0, pretend = 0, frame = 0
  37              		@ frame_needed = 0, uses_anonymous_args = 0
  38 0000 08B5     		push	{r3, lr}
  39              	.LCFI0:
  40              		.cfi_def_cfa_offset 8
  41              		.cfi_offset 3, -8
  42              		.cfi_offset 14, -4
  52:Src/stm32f7xx_it.c **** 	xprintf("HL_Default_Handler\n");
  43              		.loc 1 52 2 view .LVU1
  44 0002 0248     		ldr	r0, .L4
  45 0004 FFF7FEFF 		bl	xprintf
  46              	.LVL0:
  47              	.L2:
  53:Src/stm32f7xx_it.c **** 	while(1);
  48              		.loc 1 53 2 discriminator 1 view .LVU2
  49              		.loc 1 53 10 discriminator 1 view .LVU3
  50              		.loc 1 53 7 discriminator 1 view .LVU4
  51 0008 FEE7     		b	.L2
  52              	.L5:
  53 000a 00BF     		.align	2
  54              	.L4:
  55 000c 00000000 		.word	.LC0
  56              		.cfi_endproc
  57              	.LFE143:
  59              		.section	.text.DMA2_Stream7_IRQHandler,"ax",%progbits
ARM GAS  C:\Users\Nina\AppData\Local\Temp\ccGAcktS.s 			page 3


  60              		.align	1
  61              		.global	DMA2_Stream7_IRQHandler
  62              		.syntax unified
  63              		.thumb
  64              		.thumb_func
  65              		.fpu fpv5-sp-d16
  67              	DMA2_Stream7_IRQHandler:
  68              	.LFB144:
  54:Src/stm32f7xx_it.c **** }
  55:Src/stm32f7xx_it.c **** 
  56:Src/stm32f7xx_it.c **** /**
  57:Src/stm32f7xx_it.c ****   * @brief This function handles DMA2 Stream 7 interrupt request.
  58:Src/stm32f7xx_it.c ****   * @param None
  59:Src/stm32f7xx_it.c ****   * @retval None
  60:Src/stm32f7xx_it.c ****   */
  61:Src/stm32f7xx_it.c **** void DMA2_Stream7_IRQHandler(void)
  62:Src/stm32f7xx_it.c **** {
  69              		.loc 1 62 1 view -0
  70              		.cfi_startproc
  71              		@ args = 0, pretend = 0, frame = 0
  72              		@ frame_needed = 0, uses_anonymous_args = 0
  73 0000 08B5     		push	{r3, lr}
  74              	.LCFI1:
  75              		.cfi_def_cfa_offset 8
  76              		.cfi_offset 3, -8
  77              		.cfi_offset 14, -4
  63:Src/stm32f7xx_it.c ****   HAL_DMA_IRQHandler(haudio_in_sai.hdmarx);
  78              		.loc 1 63 3 view .LVU6
  79 0002 024B     		ldr	r3, .L8
  80 0004 186F     		ldr	r0, [r3, #112]
  81 0006 FFF7FEFF 		bl	HAL_DMA_IRQHandler
  82              	.LVL1:
  64:Src/stm32f7xx_it.c **** }
  83              		.loc 1 64 1 is_stmt 0 view .LVU7
  84 000a 08BD     		pop	{r3, pc}
  85              	.L9:
  86              		.align	2
  87              	.L8:
  88 000c 00000000 		.word	haudio_in_sai
  89              		.cfi_endproc
  90              	.LFE144:
  92              		.section	.text.DMA2_Stream4_IRQHandler,"ax",%progbits
  93              		.align	1
  94              		.global	DMA2_Stream4_IRQHandler
  95              		.syntax unified
  96              		.thumb
  97              		.thumb_func
  98              		.fpu fpv5-sp-d16
 100              	DMA2_Stream4_IRQHandler:
 101              	.LFB145:
  65:Src/stm32f7xx_it.c **** 
  66:Src/stm32f7xx_it.c ****   /* @brief  This function handles DMA2 Stream 4 interrupt request.
  67:Src/stm32f7xx_it.c ****   * @param  None
  68:Src/stm32f7xx_it.c ****   * @retval None
  69:Src/stm32f7xx_it.c ****   */
  70:Src/stm32f7xx_it.c **** void DMA2_Stream4_IRQHandler(void)
  71:Src/stm32f7xx_it.c **** {
ARM GAS  C:\Users\Nina\AppData\Local\Temp\ccGAcktS.s 			page 4


 102              		.loc 1 71 1 is_stmt 1 view -0
 103              		.cfi_startproc
 104              		@ args = 0, pretend = 0, frame = 0
 105              		@ frame_needed = 0, uses_anonymous_args = 0
 106 0000 08B5     		push	{r3, lr}
 107              	.LCFI2:
 108              		.cfi_def_cfa_offset 8
 109              		.cfi_offset 3, -8
 110              		.cfi_offset 14, -4
  72:Src/stm32f7xx_it.c ****   HAL_DMA_IRQHandler(haudio_out_sai.hdmatx);
 111              		.loc 1 72 3 view .LVU9
 112 0002 024B     		ldr	r3, .L12
 113 0004 D86E     		ldr	r0, [r3, #108]
 114 0006 FFF7FEFF 		bl	HAL_DMA_IRQHandler
 115              	.LVL2:
  73:Src/stm32f7xx_it.c **** }
 116              		.loc 1 73 1 is_stmt 0 view .LVU10
 117 000a 08BD     		pop	{r3, pc}
 118              	.L13:
 119              		.align	2
 120              	.L12:
 121 000c 00000000 		.word	haudio_out_sai
 122              		.cfi_endproc
 123              	.LFE145:
 125              		.section	.text.NMI_Handler,"ax",%progbits
 126              		.align	1
 127              		.global	NMI_Handler
 128              		.syntax unified
 129              		.thumb
 130              		.thumb_func
 131              		.fpu fpv5-sp-d16
 133              	NMI_Handler:
 134              	.LFB146:
  74:Src/stm32f7xx_it.c **** 
  75:Src/stm32f7xx_it.c **** /* USER CODE END 0 */
  76:Src/stm32f7xx_it.c **** 
  77:Src/stm32f7xx_it.c **** /* External variables --------------------------------------------------------*/
  78:Src/stm32f7xx_it.c **** extern ETH_HandleTypeDef heth;
  79:Src/stm32f7xx_it.c **** extern HCD_HandleTypeDef hhcd_USB_OTG_FS;
  80:Src/stm32f7xx_it.c **** extern DMA2D_HandleTypeDef hdma2d;
  81:Src/stm32f7xx_it.c **** extern LTDC_HandleTypeDef hltdc;
  82:Src/stm32f7xx_it.c **** 
  83:Src/stm32f7xx_it.c **** extern TIM_HandleTypeDef htim6;
  84:Src/stm32f7xx_it.c **** 
  85:Src/stm32f7xx_it.c **** /******************************************************************************/
  86:Src/stm32f7xx_it.c **** /*            Cortex-M7 Processor Interruption and Exception Handlers         */ 
  87:Src/stm32f7xx_it.c **** /******************************************************************************/
  88:Src/stm32f7xx_it.c **** 
  89:Src/stm32f7xx_it.c **** /**
  90:Src/stm32f7xx_it.c **** * @brief This function handles Non maskable interrupt.
  91:Src/stm32f7xx_it.c **** */
  92:Src/stm32f7xx_it.c **** void NMI_Handler(void)
  93:Src/stm32f7xx_it.c **** {
 135              		.loc 1 93 1 is_stmt 1 view -0
 136              		.cfi_startproc
 137              		@ args = 0, pretend = 0, frame = 0
 138              		@ frame_needed = 0, uses_anonymous_args = 0
ARM GAS  C:\Users\Nina\AppData\Local\Temp\ccGAcktS.s 			page 5


 139              		@ link register save eliminated.
  94:Src/stm32f7xx_it.c ****   /* USER CODE BEGIN NonMaskableInt_IRQn 0 */
  95:Src/stm32f7xx_it.c **** 
  96:Src/stm32f7xx_it.c ****   /* USER CODE END NonMaskableInt_IRQn 0 */
  97:Src/stm32f7xx_it.c ****   /* USER CODE BEGIN NonMaskableInt_IRQn 1 */
  98:Src/stm32f7xx_it.c **** 
  99:Src/stm32f7xx_it.c ****   /* USER CODE END NonMaskableInt_IRQn 1 */
 100:Src/stm32f7xx_it.c **** }
 140              		.loc 1 100 1 view .LVU12
 141 0000 7047     		bx	lr
 142              		.cfi_endproc
 143              	.LFE146:
 145              		.section	.text.HardFault_Handler,"ax",%progbits
 146              		.align	1
 147              		.global	HardFault_Handler
 148              		.syntax unified
 149              		.thumb
 150              		.thumb_func
 151              		.fpu fpv5-sp-d16
 153              	HardFault_Handler:
 154              	.LFB147:
 101:Src/stm32f7xx_it.c **** 
 102:Src/stm32f7xx_it.c **** /**
 103:Src/stm32f7xx_it.c **** * @brief This function handles Hard fault interrupt.
 104:Src/stm32f7xx_it.c **** */
 105:Src/stm32f7xx_it.c **** void HardFault_Handler(void)
 106:Src/stm32f7xx_it.c **** {
 155              		.loc 1 106 1 view -0
 156              		.cfi_startproc
 157              		@ Volatile: function does not return.
 158              		@ args = 0, pretend = 0, frame = 0
 159              		@ frame_needed = 0, uses_anonymous_args = 0
 160              		@ link register save eliminated.
 161              	.L16:
 107:Src/stm32f7xx_it.c ****   /* USER CODE BEGIN HardFault_IRQn 0 */
 108:Src/stm32f7xx_it.c **** 
 109:Src/stm32f7xx_it.c ****   /* USER CODE END HardFault_IRQn 0 */
 110:Src/stm32f7xx_it.c ****   while (1)
 162              		.loc 1 110 3 discriminator 1 view .LVU14
 111:Src/stm32f7xx_it.c ****   {
 112:Src/stm32f7xx_it.c ****     /* USER CODE BEGIN W1_HardFault_IRQn 0 */
 113:Src/stm32f7xx_it.c ****     /* USER CODE END W1_HardFault_IRQn 0 */
 114:Src/stm32f7xx_it.c ****   }
 163              		.loc 1 114 3 discriminator 1 view .LVU15
 110:Src/stm32f7xx_it.c ****   {
 164              		.loc 1 110 9 discriminator 1 view .LVU16
 165 0000 FEE7     		b	.L16
 166              		.cfi_endproc
 167              	.LFE147:
 169              		.section	.text.MemManage_Handler,"ax",%progbits
 170              		.align	1
 171              		.global	MemManage_Handler
 172              		.syntax unified
 173              		.thumb
 174              		.thumb_func
 175              		.fpu fpv5-sp-d16
 177              	MemManage_Handler:
ARM GAS  C:\Users\Nina\AppData\Local\Temp\ccGAcktS.s 			page 6


 178              	.LFB148:
 115:Src/stm32f7xx_it.c ****   /* USER CODE BEGIN HardFault_IRQn 1 */
 116:Src/stm32f7xx_it.c **** 
 117:Src/stm32f7xx_it.c ****   /* USER CODE END HardFault_IRQn 1 */
 118:Src/stm32f7xx_it.c **** }
 119:Src/stm32f7xx_it.c **** 
 120:Src/stm32f7xx_it.c **** /**
 121:Src/stm32f7xx_it.c **** * @brief This function handles Memory management fault.
 122:Src/stm32f7xx_it.c **** */
 123:Src/stm32f7xx_it.c **** void MemManage_Handler(void)
 124:Src/stm32f7xx_it.c **** {
 179              		.loc 1 124 1 view -0
 180              		.cfi_startproc
 181              		@ Volatile: function does not return.
 182              		@ args = 0, pretend = 0, frame = 0
 183              		@ frame_needed = 0, uses_anonymous_args = 0
 184              		@ link register save eliminated.
 185              	.L18:
 125:Src/stm32f7xx_it.c ****   /* USER CODE BEGIN MemoryManagement_IRQn 0 */
 126:Src/stm32f7xx_it.c **** 
 127:Src/stm32f7xx_it.c ****   /* USER CODE END MemoryManagement_IRQn 0 */
 128:Src/stm32f7xx_it.c ****   while (1)
 186              		.loc 1 128 3 discriminator 1 view .LVU18
 129:Src/stm32f7xx_it.c ****   {
 130:Src/stm32f7xx_it.c ****     /* USER CODE BEGIN W1_MemoryManagement_IRQn 0 */
 131:Src/stm32f7xx_it.c ****     /* USER CODE END W1_MemoryManagement_IRQn 0 */
 132:Src/stm32f7xx_it.c ****   }
 187              		.loc 1 132 3 discriminator 1 view .LVU19
 128:Src/stm32f7xx_it.c ****   {
 188              		.loc 1 128 9 discriminator 1 view .LVU20
 189 0000 FEE7     		b	.L18
 190              		.cfi_endproc
 191              	.LFE148:
 193              		.section	.text.BusFault_Handler,"ax",%progbits
 194              		.align	1
 195              		.global	BusFault_Handler
 196              		.syntax unified
 197              		.thumb
 198              		.thumb_func
 199              		.fpu fpv5-sp-d16
 201              	BusFault_Handler:
 202              	.LFB149:
 133:Src/stm32f7xx_it.c ****   /* USER CODE BEGIN MemoryManagement_IRQn 1 */
 134:Src/stm32f7xx_it.c **** 
 135:Src/stm32f7xx_it.c ****   /* USER CODE END MemoryManagement_IRQn 1 */
 136:Src/stm32f7xx_it.c **** }
 137:Src/stm32f7xx_it.c **** 
 138:Src/stm32f7xx_it.c **** /**
 139:Src/stm32f7xx_it.c **** * @brief This function handles Pre-fetch fault, memory access fault.
 140:Src/stm32f7xx_it.c **** */
 141:Src/stm32f7xx_it.c **** void BusFault_Handler(void)
 142:Src/stm32f7xx_it.c **** {
 203              		.loc 1 142 1 view -0
 204              		.cfi_startproc
 205              		@ Volatile: function does not return.
 206              		@ args = 0, pretend = 0, frame = 0
 207              		@ frame_needed = 0, uses_anonymous_args = 0
ARM GAS  C:\Users\Nina\AppData\Local\Temp\ccGAcktS.s 			page 7


 208              		@ link register save eliminated.
 209              	.L20:
 143:Src/stm32f7xx_it.c ****   /* USER CODE BEGIN BusFault_IRQn 0 */
 144:Src/stm32f7xx_it.c **** 
 145:Src/stm32f7xx_it.c ****   /* USER CODE END BusFault_IRQn 0 */
 146:Src/stm32f7xx_it.c ****   while (1)
 210              		.loc 1 146 3 discriminator 1 view .LVU22
 147:Src/stm32f7xx_it.c ****   {
 148:Src/stm32f7xx_it.c ****     /* USER CODE BEGIN W1_BusFault_IRQn 0 */
 149:Src/stm32f7xx_it.c ****     /* USER CODE END W1_BusFault_IRQn 0 */
 150:Src/stm32f7xx_it.c ****   }
 211              		.loc 1 150 3 discriminator 1 view .LVU23
 146:Src/stm32f7xx_it.c ****   {
 212              		.loc 1 146 9 discriminator 1 view .LVU24
 213 0000 FEE7     		b	.L20
 214              		.cfi_endproc
 215              	.LFE149:
 217              		.section	.text.UsageFault_Handler,"ax",%progbits
 218              		.align	1
 219              		.global	UsageFault_Handler
 220              		.syntax unified
 221              		.thumb
 222              		.thumb_func
 223              		.fpu fpv5-sp-d16
 225              	UsageFault_Handler:
 226              	.LFB150:
 151:Src/stm32f7xx_it.c ****   /* USER CODE BEGIN BusFault_IRQn 1 */
 152:Src/stm32f7xx_it.c **** 
 153:Src/stm32f7xx_it.c ****   /* USER CODE END BusFault_IRQn 1 */
 154:Src/stm32f7xx_it.c **** }
 155:Src/stm32f7xx_it.c **** 
 156:Src/stm32f7xx_it.c **** /**
 157:Src/stm32f7xx_it.c **** * @brief This function handles Undefined instruction or illegal state.
 158:Src/stm32f7xx_it.c **** */
 159:Src/stm32f7xx_it.c **** void UsageFault_Handler(void)
 160:Src/stm32f7xx_it.c **** {
 227              		.loc 1 160 1 view -0
 228              		.cfi_startproc
 229              		@ Volatile: function does not return.
 230              		@ args = 0, pretend = 0, frame = 0
 231              		@ frame_needed = 0, uses_anonymous_args = 0
 232              		@ link register save eliminated.
 233              	.L22:
 161:Src/stm32f7xx_it.c ****   /* USER CODE BEGIN UsageFault_IRQn 0 */
 162:Src/stm32f7xx_it.c **** 
 163:Src/stm32f7xx_it.c ****   /* USER CODE END UsageFault_IRQn 0 */
 164:Src/stm32f7xx_it.c ****   while (1)
 234              		.loc 1 164 3 discriminator 1 view .LVU26
 165:Src/stm32f7xx_it.c ****   {
 166:Src/stm32f7xx_it.c ****     /* USER CODE BEGIN W1_UsageFault_IRQn 0 */
 167:Src/stm32f7xx_it.c ****     /* USER CODE END W1_UsageFault_IRQn 0 */
 168:Src/stm32f7xx_it.c ****   }
 235              		.loc 1 168 3 discriminator 1 view .LVU27
 164:Src/stm32f7xx_it.c ****   {
 236              		.loc 1 164 9 discriminator 1 view .LVU28
 237 0000 FEE7     		b	.L22
 238              		.cfi_endproc
ARM GAS  C:\Users\Nina\AppData\Local\Temp\ccGAcktS.s 			page 8


 239              	.LFE150:
 241              		.section	.text.DebugMon_Handler,"ax",%progbits
 242              		.align	1
 243              		.global	DebugMon_Handler
 244              		.syntax unified
 245              		.thumb
 246              		.thumb_func
 247              		.fpu fpv5-sp-d16
 249              	DebugMon_Handler:
 250              	.LFB151:
 169:Src/stm32f7xx_it.c ****   /* USER CODE BEGIN UsageFault_IRQn 1 */
 170:Src/stm32f7xx_it.c **** 
 171:Src/stm32f7xx_it.c ****   /* USER CODE END UsageFault_IRQn 1 */
 172:Src/stm32f7xx_it.c **** }
 173:Src/stm32f7xx_it.c **** 
 174:Src/stm32f7xx_it.c **** /**
 175:Src/stm32f7xx_it.c **** * @brief This function handles Debug monitor.
 176:Src/stm32f7xx_it.c **** */
 177:Src/stm32f7xx_it.c **** void DebugMon_Handler(void)
 178:Src/stm32f7xx_it.c **** {
 251              		.loc 1 178 1 view -0
 252              		.cfi_startproc
 253              		@ args = 0, pretend = 0, frame = 0
 254              		@ frame_needed = 0, uses_anonymous_args = 0
 255              		@ link register save eliminated.
 179:Src/stm32f7xx_it.c ****   /* USER CODE BEGIN DebugMonitor_IRQn 0 */
 180:Src/stm32f7xx_it.c **** 
 181:Src/stm32f7xx_it.c ****   /* USER CODE END DebugMonitor_IRQn 0 */
 182:Src/stm32f7xx_it.c ****   /* USER CODE BEGIN DebugMonitor_IRQn 1 */
 183:Src/stm32f7xx_it.c **** 
 184:Src/stm32f7xx_it.c ****   /* USER CODE END DebugMonitor_IRQn 1 */
 185:Src/stm32f7xx_it.c **** }
 256              		.loc 1 185 1 view .LVU30
 257 0000 7047     		bx	lr
 258              		.cfi_endproc
 259              	.LFE151:
 261              		.section	.text.SysTick_Handler,"ax",%progbits
 262              		.align	1
 263              		.global	SysTick_Handler
 264              		.syntax unified
 265              		.thumb
 266              		.thumb_func
 267              		.fpu fpv5-sp-d16
 269              	SysTick_Handler:
 270              	.LFB152:
 186:Src/stm32f7xx_it.c **** 
 187:Src/stm32f7xx_it.c **** /**
 188:Src/stm32f7xx_it.c **** * @brief This function handles System tick timer.
 189:Src/stm32f7xx_it.c **** */
 190:Src/stm32f7xx_it.c **** void SysTick_Handler(void)
 191:Src/stm32f7xx_it.c **** {
 271              		.loc 1 191 1 view -0
 272              		.cfi_startproc
 273              		@ args = 0, pretend = 0, frame = 0
 274              		@ frame_needed = 0, uses_anonymous_args = 0
 275 0000 08B5     		push	{r3, lr}
 276              	.LCFI3:
ARM GAS  C:\Users\Nina\AppData\Local\Temp\ccGAcktS.s 			page 9


 277              		.cfi_def_cfa_offset 8
 278              		.cfi_offset 3, -8
 279              		.cfi_offset 14, -4
 192:Src/stm32f7xx_it.c ****   /* USER CODE BEGIN SysTick_IRQn 0 */
 193:Src/stm32f7xx_it.c **** 
 194:Src/stm32f7xx_it.c ****   /* USER CODE END SysTick_IRQn 0 */
 195:Src/stm32f7xx_it.c ****   osSystickHandler();
 280              		.loc 1 195 3 view .LVU32
 281 0002 FFF7FEFF 		bl	osSystickHandler
 282              	.LVL3:
 196:Src/stm32f7xx_it.c ****   /* USER CODE BEGIN SysTick_IRQn 1 */
 197:Src/stm32f7xx_it.c **** 
 198:Src/stm32f7xx_it.c ****   /* USER CODE END SysTick_IRQn 1 */
 199:Src/stm32f7xx_it.c **** }
 283              		.loc 1 199 1 is_stmt 0 view .LVU33
 284 0006 08BD     		pop	{r3, pc}
 285              		.cfi_endproc
 286              	.LFE152:
 288              		.section	.text.TIM6_DAC_IRQHandler,"ax",%progbits
 289              		.align	1
 290              		.global	TIM6_DAC_IRQHandler
 291              		.syntax unified
 292              		.thumb
 293              		.thumb_func
 294              		.fpu fpv5-sp-d16
 296              	TIM6_DAC_IRQHandler:
 297              	.LFB153:
 200:Src/stm32f7xx_it.c **** 
 201:Src/stm32f7xx_it.c **** /******************************************************************************/
 202:Src/stm32f7xx_it.c **** /* STM32F7xx Peripheral Interrupt Handlers                                    */
 203:Src/stm32f7xx_it.c **** /* Add here the Interrupt Handlers for the used peripherals.                  */
 204:Src/stm32f7xx_it.c **** /* For the available peripheral interrupt handler names,                      */
 205:Src/stm32f7xx_it.c **** /* please refer to the startup file (startup_stm32f7xx.s).                    */
 206:Src/stm32f7xx_it.c **** /******************************************************************************/
 207:Src/stm32f7xx_it.c **** 
 208:Src/stm32f7xx_it.c **** /**
 209:Src/stm32f7xx_it.c **** * @brief This function handles TIM6 global interrupt, DAC1 and DAC2 underrun error interrupts.
 210:Src/stm32f7xx_it.c **** */
 211:Src/stm32f7xx_it.c **** void TIM6_DAC_IRQHandler(void)
 212:Src/stm32f7xx_it.c **** {
 298              		.loc 1 212 1 is_stmt 1 view -0
 299              		.cfi_startproc
 300              		@ args = 0, pretend = 0, frame = 0
 301              		@ frame_needed = 0, uses_anonymous_args = 0
 302 0000 08B5     		push	{r3, lr}
 303              	.LCFI4:
 304              		.cfi_def_cfa_offset 8
 305              		.cfi_offset 3, -8
 306              		.cfi_offset 14, -4
 213:Src/stm32f7xx_it.c ****   /* USER CODE BEGIN TIM6_DAC_IRQn 0 */
 214:Src/stm32f7xx_it.c **** 
 215:Src/stm32f7xx_it.c ****   /* USER CODE END TIM6_DAC_IRQn 0 */
 216:Src/stm32f7xx_it.c ****   HAL_TIM_IRQHandler(&htim6);
 307              		.loc 1 216 3 view .LVU35
 308 0002 0248     		ldr	r0, .L28
 309 0004 FFF7FEFF 		bl	HAL_TIM_IRQHandler
 310              	.LVL4:
ARM GAS  C:\Users\Nina\AppData\Local\Temp\ccGAcktS.s 			page 10


 217:Src/stm32f7xx_it.c ****   /* USER CODE BEGIN TIM6_DAC_IRQn 1 */
 218:Src/stm32f7xx_it.c **** 
 219:Src/stm32f7xx_it.c ****   /* USER CODE END TIM6_DAC_IRQn 1 */
 220:Src/stm32f7xx_it.c **** }
 311              		.loc 1 220 1 is_stmt 0 view .LVU36
 312 0008 08BD     		pop	{r3, pc}
 313              	.L29:
 314 000a 00BF     		.align	2
 315              	.L28:
 316 000c 00000000 		.word	htim6
 317              		.cfi_endproc
 318              	.LFE153:
 320              		.section	.text.ETH_IRQHandler,"ax",%progbits
 321              		.align	1
 322              		.global	ETH_IRQHandler
 323              		.syntax unified
 324              		.thumb
 325              		.thumb_func
 326              		.fpu fpv5-sp-d16
 328              	ETH_IRQHandler:
 329              	.LFB154:
 221:Src/stm32f7xx_it.c **** 
 222:Src/stm32f7xx_it.c **** /**
 223:Src/stm32f7xx_it.c **** * @brief This function handles Ethernet global interrupt.
 224:Src/stm32f7xx_it.c **** */
 225:Src/stm32f7xx_it.c **** void ETH_IRQHandler(void)
 226:Src/stm32f7xx_it.c **** {
 330              		.loc 1 226 1 is_stmt 1 view -0
 331              		.cfi_startproc
 332              		@ args = 0, pretend = 0, frame = 0
 333              		@ frame_needed = 0, uses_anonymous_args = 0
 334 0000 08B5     		push	{r3, lr}
 335              	.LCFI5:
 336              		.cfi_def_cfa_offset 8
 337              		.cfi_offset 3, -8
 338              		.cfi_offset 14, -4
 227:Src/stm32f7xx_it.c ****   /* USER CODE BEGIN ETH_IRQn 0 */
 228:Src/stm32f7xx_it.c **** 
 229:Src/stm32f7xx_it.c ****   /* USER CODE END ETH_IRQn 0 */
 230:Src/stm32f7xx_it.c ****   HAL_ETH_IRQHandler(&heth);
 339              		.loc 1 230 3 view .LVU38
 340 0002 0248     		ldr	r0, .L32
 341 0004 FFF7FEFF 		bl	HAL_ETH_IRQHandler
 342              	.LVL5:
 231:Src/stm32f7xx_it.c ****   /* USER CODE BEGIN ETH_IRQn 1 */
 232:Src/stm32f7xx_it.c **** 
 233:Src/stm32f7xx_it.c ****   /* USER CODE END ETH_IRQn 1 */
 234:Src/stm32f7xx_it.c **** }
 343              		.loc 1 234 1 is_stmt 0 view .LVU39
 344 0008 08BD     		pop	{r3, pc}
 345              	.L33:
 346 000a 00BF     		.align	2
 347              	.L32:
 348 000c 00000000 		.word	heth
 349              		.cfi_endproc
 350              	.LFE154:
 352              		.section	.text.OTG_FS_IRQHandler,"ax",%progbits
ARM GAS  C:\Users\Nina\AppData\Local\Temp\ccGAcktS.s 			page 11


 353              		.align	1
 354              		.global	OTG_FS_IRQHandler
 355              		.syntax unified
 356              		.thumb
 357              		.thumb_func
 358              		.fpu fpv5-sp-d16
 360              	OTG_FS_IRQHandler:
 361              	.LFB155:
 235:Src/stm32f7xx_it.c **** 
 236:Src/stm32f7xx_it.c **** /**
 237:Src/stm32f7xx_it.c **** * @brief This function handles USB On The Go FS global interrupt.
 238:Src/stm32f7xx_it.c **** */
 239:Src/stm32f7xx_it.c **** void OTG_FS_IRQHandler(void)
 240:Src/stm32f7xx_it.c **** {
 362              		.loc 1 240 1 is_stmt 1 view -0
 363              		.cfi_startproc
 364              		@ args = 0, pretend = 0, frame = 0
 365              		@ frame_needed = 0, uses_anonymous_args = 0
 366 0000 08B5     		push	{r3, lr}
 367              	.LCFI6:
 368              		.cfi_def_cfa_offset 8
 369              		.cfi_offset 3, -8
 370              		.cfi_offset 14, -4
 241:Src/stm32f7xx_it.c ****   /* USER CODE BEGIN OTG_FS_IRQn 0 */
 242:Src/stm32f7xx_it.c **** 
 243:Src/stm32f7xx_it.c ****   /* USER CODE END OTG_FS_IRQn 0 */
 244:Src/stm32f7xx_it.c ****   HAL_HCD_IRQHandler(&hhcd_USB_OTG_FS);
 371              		.loc 1 244 3 view .LVU41
 372 0002 0248     		ldr	r0, .L36
 373 0004 FFF7FEFF 		bl	HAL_HCD_IRQHandler
 374              	.LVL6:
 245:Src/stm32f7xx_it.c ****   /* USER CODE BEGIN OTG_FS_IRQn 1 */
 246:Src/stm32f7xx_it.c **** 
 247:Src/stm32f7xx_it.c ****   /* USER CODE END OTG_FS_IRQn 1 */
 248:Src/stm32f7xx_it.c **** }
 375              		.loc 1 248 1 is_stmt 0 view .LVU42
 376 0008 08BD     		pop	{r3, pc}
 377              	.L37:
 378 000a 00BF     		.align	2
 379              	.L36:
 380 000c 00000000 		.word	hhcd_USB_OTG_FS
 381              		.cfi_endproc
 382              	.LFE155:
 384              		.section	.text.LTDC_IRQHandler,"ax",%progbits
 385              		.align	1
 386              		.global	LTDC_IRQHandler
 387              		.syntax unified
 388              		.thumb
 389              		.thumb_func
 390              		.fpu fpv5-sp-d16
 392              	LTDC_IRQHandler:
 393              	.LFB156:
 249:Src/stm32f7xx_it.c **** 
 250:Src/stm32f7xx_it.c **** /**
 251:Src/stm32f7xx_it.c **** * @brief This function handles LTDC global interrupt.
 252:Src/stm32f7xx_it.c **** */
 253:Src/stm32f7xx_it.c **** void LTDC_IRQHandler(void)
ARM GAS  C:\Users\Nina\AppData\Local\Temp\ccGAcktS.s 			page 12


 254:Src/stm32f7xx_it.c **** {
 394              		.loc 1 254 1 is_stmt 1 view -0
 395              		.cfi_startproc
 396              		@ args = 0, pretend = 0, frame = 0
 397              		@ frame_needed = 0, uses_anonymous_args = 0
 398 0000 08B5     		push	{r3, lr}
 399              	.LCFI7:
 400              		.cfi_def_cfa_offset 8
 401              		.cfi_offset 3, -8
 402              		.cfi_offset 14, -4
 255:Src/stm32f7xx_it.c ****   /* USER CODE BEGIN LTDC_IRQn 0 */
 256:Src/stm32f7xx_it.c **** 
 257:Src/stm32f7xx_it.c ****   /* USER CODE END LTDC_IRQn 0 */
 258:Src/stm32f7xx_it.c ****   HAL_LTDC_IRQHandler(&hltdc);
 403              		.loc 1 258 3 view .LVU44
 404 0002 0248     		ldr	r0, .L40
 405 0004 FFF7FEFF 		bl	HAL_LTDC_IRQHandler
 406              	.LVL7:
 259:Src/stm32f7xx_it.c ****   /* USER CODE BEGIN LTDC_IRQn 1 */
 260:Src/stm32f7xx_it.c **** 
 261:Src/stm32f7xx_it.c ****   /* USER CODE END LTDC_IRQn 1 */
 262:Src/stm32f7xx_it.c **** }
 407              		.loc 1 262 1 is_stmt 0 view .LVU45
 408 0008 08BD     		pop	{r3, pc}
 409              	.L41:
 410 000a 00BF     		.align	2
 411              	.L40:
 412 000c 00000000 		.word	hltdc
 413              		.cfi_endproc
 414              	.LFE156:
 416              		.section	.text.DMA2D_IRQHandler,"ax",%progbits
 417              		.align	1
 418              		.global	DMA2D_IRQHandler
 419              		.syntax unified
 420              		.thumb
 421              		.thumb_func
 422              		.fpu fpv5-sp-d16
 424              	DMA2D_IRQHandler:
 425              	.LFB157:
 263:Src/stm32f7xx_it.c **** 
 264:Src/stm32f7xx_it.c **** /**
 265:Src/stm32f7xx_it.c **** * @brief This function handles DMA2D global interrupt.
 266:Src/stm32f7xx_it.c **** */
 267:Src/stm32f7xx_it.c **** void DMA2D_IRQHandler(void)
 268:Src/stm32f7xx_it.c **** {
 426              		.loc 1 268 1 is_stmt 1 view -0
 427              		.cfi_startproc
 428              		@ args = 0, pretend = 0, frame = 0
 429              		@ frame_needed = 0, uses_anonymous_args = 0
 430 0000 08B5     		push	{r3, lr}
 431              	.LCFI8:
 432              		.cfi_def_cfa_offset 8
 433              		.cfi_offset 3, -8
 434              		.cfi_offset 14, -4
 269:Src/stm32f7xx_it.c ****   /* USER CODE BEGIN DMA2D_IRQn 0 */
 270:Src/stm32f7xx_it.c **** 
 271:Src/stm32f7xx_it.c ****   /* USER CODE END DMA2D_IRQn 0 */
ARM GAS  C:\Users\Nina\AppData\Local\Temp\ccGAcktS.s 			page 13


 272:Src/stm32f7xx_it.c ****   HAL_DMA2D_IRQHandler(&hdma2d);
 435              		.loc 1 272 3 view .LVU47
 436 0002 0248     		ldr	r0, .L44
 437 0004 FFF7FEFF 		bl	HAL_DMA2D_IRQHandler
 438              	.LVL8:
 273:Src/stm32f7xx_it.c ****   /* USER CODE BEGIN DMA2D_IRQn 1 */
 274:Src/stm32f7xx_it.c **** 
 275:Src/stm32f7xx_it.c ****   /* USER CODE END DMA2D_IRQn 1 */
 276:Src/stm32f7xx_it.c **** }
 439              		.loc 1 276 1 is_stmt 0 view .LVU48
 440 0008 08BD     		pop	{r3, pc}
 441              	.L45:
 442 000a 00BF     		.align	2
 443              	.L44:
 444 000c 00000000 		.word	hdma2d
 445              		.cfi_endproc
 446              	.LFE157:
 448              		.text
 449              	.Letext0:
 450              		.file 2 "c:\\program files (x86)\\gnu tools arm embedded\\9 2019-q4-major\\arm-none-eabi\\include\
 451              		.file 3 "c:\\program files (x86)\\gnu tools arm embedded\\9 2019-q4-major\\arm-none-eabi\\include\
 452              		.file 4 "Drivers/CMSIS/Include/core_cm7.h"
 453              		.file 5 "Drivers/CMSIS/Device/ST/STM32F7xx/Include/system_stm32f7xx.h"
 454              		.file 6 "Drivers/CMSIS/Device/ST/STM32F7xx/Include/stm32f746xx.h"
 455              		.file 7 "c:\\program files (x86)\\gnu tools arm embedded\\9 2019-q4-major\\arm-none-eabi\\include\
 456              		.file 8 "c:\\program files (x86)\\gnu tools arm embedded\\9 2019-q4-major\\arm-none-eabi\\include\
 457              		.file 9 "c:\\program files (x86)\\gnu tools arm embedded\\9 2019-q4-major\\lib\\gcc\\arm-none-eabi
 458              		.file 10 "c:\\program files (x86)\\gnu tools arm embedded\\9 2019-q4-major\\arm-none-eabi\\include
 459              		.file 11 "Drivers/STM32F7xx_HAL_Driver/Inc/stm32f7xx_hal_def.h"
 460              		.file 12 "Drivers/STM32F7xx_HAL_Driver/Inc/stm32f7xx_hal_dma.h"
 461              		.file 13 "Drivers/STM32F7xx_HAL_Driver/Inc/stm32f7xx_hal_dma2d.h"
 462              		.file 14 "Drivers/STM32F7xx_HAL_Driver/Inc/stm32f7xx_hal_eth.h"
 463              		.file 15 "Drivers/STM32F7xx_HAL_Driver/Inc/stm32f7xx_hal_ltdc.h"
 464              		.file 16 "Drivers/STM32F7xx_HAL_Driver/Inc/stm32f7xx_hal_sai.h"
 465              		.file 17 "Drivers/STM32F7xx_HAL_Driver/Inc/stm32f7xx_hal_tim.h"
 466              		.file 18 "Drivers/STM32F7xx_HAL_Driver/Inc/stm32f7xx_ll_usb.h"
 467              		.file 19 "Drivers/STM32F7xx_HAL_Driver/Inc/stm32f7xx_hal_hcd.h"
 468              		.file 20 "Middlewares/Third_Party/FreeRTOS/Source/CMSIS_RTOS/cmsis_os.h"
 469              		.file 21 "Inc/term_io.h"
ARM GAS  C:\Users\Nina\AppData\Local\Temp\ccGAcktS.s 			page 14


DEFINED SYMBOLS
                            *ABS*:00000000 stm32f7xx_it.c
C:\Users\Nina\AppData\Local\Temp\ccGAcktS.s:18     .rodata.HL_Default_Handler.str1.4:00000000 $d
C:\Users\Nina\AppData\Local\Temp\ccGAcktS.s:22     .text.HL_Default_Handler:00000000 $t
C:\Users\Nina\AppData\Local\Temp\ccGAcktS.s:30     .text.HL_Default_Handler:00000000 HL_Default_Handler
C:\Users\Nina\AppData\Local\Temp\ccGAcktS.s:55     .text.HL_Default_Handler:0000000c $d
C:\Users\Nina\AppData\Local\Temp\ccGAcktS.s:60     .text.DMA2_Stream7_IRQHandler:00000000 $t
C:\Users\Nina\AppData\Local\Temp\ccGAcktS.s:67     .text.DMA2_Stream7_IRQHandler:00000000 DMA2_Stream7_IRQHandler
C:\Users\Nina\AppData\Local\Temp\ccGAcktS.s:88     .text.DMA2_Stream7_IRQHandler:0000000c $d
C:\Users\Nina\AppData\Local\Temp\ccGAcktS.s:93     .text.DMA2_Stream4_IRQHandler:00000000 $t
C:\Users\Nina\AppData\Local\Temp\ccGAcktS.s:100    .text.DMA2_Stream4_IRQHandler:00000000 DMA2_Stream4_IRQHandler
C:\Users\Nina\AppData\Local\Temp\ccGAcktS.s:121    .text.DMA2_Stream4_IRQHandler:0000000c $d
C:\Users\Nina\AppData\Local\Temp\ccGAcktS.s:126    .text.NMI_Handler:00000000 $t
C:\Users\Nina\AppData\Local\Temp\ccGAcktS.s:133    .text.NMI_Handler:00000000 NMI_Handler
C:\Users\Nina\AppData\Local\Temp\ccGAcktS.s:146    .text.HardFault_Handler:00000000 $t
C:\Users\Nina\AppData\Local\Temp\ccGAcktS.s:153    .text.HardFault_Handler:00000000 HardFault_Handler
C:\Users\Nina\AppData\Local\Temp\ccGAcktS.s:170    .text.MemManage_Handler:00000000 $t
C:\Users\Nina\AppData\Local\Temp\ccGAcktS.s:177    .text.MemManage_Handler:00000000 MemManage_Handler
C:\Users\Nina\AppData\Local\Temp\ccGAcktS.s:194    .text.BusFault_Handler:00000000 $t
C:\Users\Nina\AppData\Local\Temp\ccGAcktS.s:201    .text.BusFault_Handler:00000000 BusFault_Handler
C:\Users\Nina\AppData\Local\Temp\ccGAcktS.s:218    .text.UsageFault_Handler:00000000 $t
C:\Users\Nina\AppData\Local\Temp\ccGAcktS.s:225    .text.UsageFault_Handler:00000000 UsageFault_Handler
C:\Users\Nina\AppData\Local\Temp\ccGAcktS.s:242    .text.DebugMon_Handler:00000000 $t
C:\Users\Nina\AppData\Local\Temp\ccGAcktS.s:249    .text.DebugMon_Handler:00000000 DebugMon_Handler
C:\Users\Nina\AppData\Local\Temp\ccGAcktS.s:262    .text.SysTick_Handler:00000000 $t
C:\Users\Nina\AppData\Local\Temp\ccGAcktS.s:269    .text.SysTick_Handler:00000000 SysTick_Handler
C:\Users\Nina\AppData\Local\Temp\ccGAcktS.s:289    .text.TIM6_DAC_IRQHandler:00000000 $t
C:\Users\Nina\AppData\Local\Temp\ccGAcktS.s:296    .text.TIM6_DAC_IRQHandler:00000000 TIM6_DAC_IRQHandler
C:\Users\Nina\AppData\Local\Temp\ccGAcktS.s:316    .text.TIM6_DAC_IRQHandler:0000000c $d
C:\Users\Nina\AppData\Local\Temp\ccGAcktS.s:321    .text.ETH_IRQHandler:00000000 $t
C:\Users\Nina\AppData\Local\Temp\ccGAcktS.s:328    .text.ETH_IRQHandler:00000000 ETH_IRQHandler
C:\Users\Nina\AppData\Local\Temp\ccGAcktS.s:348    .text.ETH_IRQHandler:0000000c $d
C:\Users\Nina\AppData\Local\Temp\ccGAcktS.s:353    .text.OTG_FS_IRQHandler:00000000 $t
C:\Users\Nina\AppData\Local\Temp\ccGAcktS.s:360    .text.OTG_FS_IRQHandler:00000000 OTG_FS_IRQHandler
C:\Users\Nina\AppData\Local\Temp\ccGAcktS.s:380    .text.OTG_FS_IRQHandler:0000000c $d
C:\Users\Nina\AppData\Local\Temp\ccGAcktS.s:385    .text.LTDC_IRQHandler:00000000 $t
C:\Users\Nina\AppData\Local\Temp\ccGAcktS.s:392    .text.LTDC_IRQHandler:00000000 LTDC_IRQHandler
C:\Users\Nina\AppData\Local\Temp\ccGAcktS.s:412    .text.LTDC_IRQHandler:0000000c $d
C:\Users\Nina\AppData\Local\Temp\ccGAcktS.s:417    .text.DMA2D_IRQHandler:00000000 $t
C:\Users\Nina\AppData\Local\Temp\ccGAcktS.s:424    .text.DMA2D_IRQHandler:00000000 DMA2D_IRQHandler
C:\Users\Nina\AppData\Local\Temp\ccGAcktS.s:444    .text.DMA2D_IRQHandler:0000000c $d

UNDEFINED SYMBOLS
xprintf
HAL_DMA_IRQHandler
haudio_in_sai
haudio_out_sai
osSystickHandler
HAL_TIM_IRQHandler
htim6
HAL_ETH_IRQHandler
heth
HAL_HCD_IRQHandler
hhcd_USB_OTG_FS
HAL_LTDC_IRQHandler
hltdc
HAL_DMA2D_IRQHandler
ARM GAS  C:\Users\Nina\AppData\Local\Temp\ccGAcktS.s 			page 15


hdma2d
