ARM GAS  C:\Users\Nina\AppData\Local\Temp\ccWbzqYW.s 			page 1


   1              		.cpu cortex-m7
   2              		.eabi_attribute 27, 1
   3              		.eabi_attribute 28, 1
   4              		.eabi_attribute 20, 1
   5              		.eabi_attribute 21, 1
   6              		.eabi_attribute 23, 3
   7              		.eabi_attribute 24, 1
   8              		.eabi_attribute 25, 1
   9              		.eabi_attribute 26, 1
  10              		.eabi_attribute 30, 1
  11              		.eabi_attribute 34, 1
  12              		.eabi_attribute 18, 4
  13              		.file	"syscalls.c"
  14              		.text
  15              	.Ltext0:
  16              		.cfi_sections	.debug_frame
  17              		.section	.text._sbrk,"ax",%progbits
  18              		.align	1
  19              		.global	_sbrk
  20              		.arch armv7e-m
  21              		.syntax unified
  22              		.thumb
  23              		.thumb_func
  24              		.fpu fpv5-sp-d16
  26              	_sbrk:
  27              	.LVL0:
  28              	.LFB160:
  29              		.file 1 "Src/syscalls.c"
   1:Src/syscalls.c **** /**
   2:Src/syscalls.c ****  ******************************************************************************
   3:Src/syscalls.c ****   * File Name          : syscalls.c
   4:Src/syscalls.c ****   * Description        : Support files for GNU libc. Files in the system
   5:Src/syscalls.c ****   *                      namespace go here. Files in the C namespace (ie those
   6:Src/syscalls.c ****   *                      that do not start with an underscore) go in .c.
   7:Src/syscalls.c ****   ******************************************************************************
   8:Src/syscalls.c ****   * This notice applies to any and all portions of this file
   9:Src/syscalls.c ****   * that are not between comment pairs USER CODE BEGIN and
  10:Src/syscalls.c ****   * USER CODE END. Other portions of this file, whether 
  11:Src/syscalls.c ****   * inserted by the user or by software development tools
  12:Src/syscalls.c ****   * are owned by their respective copyright owners.
  13:Src/syscalls.c ****   *
  14:Src/syscalls.c ****   * Copyright (c) 2018 STMicroelectronics International N.V. 
  15:Src/syscalls.c ****   * All rights reserved.
  16:Src/syscalls.c ****   *
  17:Src/syscalls.c ****   * Redistribution and use in source and binary forms, with or without 
  18:Src/syscalls.c ****   * modification, are permitted, provided that the following conditions are met:
  19:Src/syscalls.c ****   *
  20:Src/syscalls.c ****   * 1. Redistribution of source code must retain the above copyright notice, 
  21:Src/syscalls.c ****   *    this list of conditions and the following disclaimer.
  22:Src/syscalls.c ****   * 2. Redistributions in binary form must reproduce the above copyright notice,
  23:Src/syscalls.c ****   *    this list of conditions and the following disclaimer in the documentation
  24:Src/syscalls.c ****   *    and/or other materials provided with the distribution.
  25:Src/syscalls.c ****   * 3. Neither the name of STMicroelectronics nor the names of other 
  26:Src/syscalls.c ****   *    contributors to this software may be used to endorse or promote products 
  27:Src/syscalls.c ****   *    derived from this software without specific written permission.
  28:Src/syscalls.c ****   * 4. This software, including modifications and/or derivative works of this 
  29:Src/syscalls.c ****   *    software, must execute solely and exclusively on microcontroller or
ARM GAS  C:\Users\Nina\AppData\Local\Temp\ccWbzqYW.s 			page 2


  30:Src/syscalls.c ****   *    microprocessor devices manufactured by or for STMicroelectronics.
  31:Src/syscalls.c ****   * 5. Redistribution and use of this software other than as permitted under 
  32:Src/syscalls.c ****   *    this license is void and will automatically terminate your rights under 
  33:Src/syscalls.c ****   *    this license. 
  34:Src/syscalls.c ****   *
  35:Src/syscalls.c ****   * THIS SOFTWARE IS PROVIDED BY STMICROELECTRONICS AND CONTRIBUTORS "AS IS" 
  36:Src/syscalls.c ****   * AND ANY EXPRESS, IMPLIED OR STATUTORY WARRANTIES, INCLUDING, BUT NOT 
  37:Src/syscalls.c ****   * LIMITED TO, THE IMPLIED WARRANTIES OF MERCHANTABILITY, FITNESS FOR A 
  38:Src/syscalls.c ****   * PARTICULAR PURPOSE AND NON-INFRINGEMENT OF THIRD PARTY INTELLECTUAL PROPERTY
  39:Src/syscalls.c ****   * RIGHTS ARE DISCLAIMED TO THE FULLEST EXTENT PERMITTED BY LAW. IN NO EVENT 
  40:Src/syscalls.c ****   * SHALL STMICROELECTRONICS OR CONTRIBUTORS BE LIABLE FOR ANY DIRECT, INDIRECT,
  41:Src/syscalls.c ****   * INCIDENTAL, SPECIAL, EXEMPLARY, OR CONSEQUENTIAL DAMAGES (INCLUDING, BUT NOT
  42:Src/syscalls.c ****   * LIMITED TO, PROCUREMENT OF SUBSTITUTE GOODS OR SERVICES; LOSS OF USE, DATA, 
  43:Src/syscalls.c ****   * OR PROFITS; OR BUSINESS INTERRUPTION) HOWEVER CAUSED AND ON ANY THEORY OF 
  44:Src/syscalls.c ****   * LIABILITY, WHETHER IN CONTRACT, STRICT LIABILITY, OR TORT (INCLUDING 
  45:Src/syscalls.c ****   * NEGLIGENCE OR OTHERWISE) ARISING IN ANY WAY OUT OF THE USE OF THIS SOFTWARE,
  46:Src/syscalls.c ****   * EVEN IF ADVISED OF THE POSSIBILITY OF SUCH DAMAGE.
  47:Src/syscalls.c ****   *
  48:Src/syscalls.c ****   ******************************************************************************
  49:Src/syscalls.c ****   */
  50:Src/syscalls.c ****   
  51:Src/syscalls.c ****  /******************************************************************************
  52:Src/syscalls.c ****  * If LWIP_SOCKET option is enabled:
  53:Src/syscalls.c ****  *  - include this syscalls.c file
  54:Src/syscalls.c ****  ******************************************************************************/
  55:Src/syscalls.c **** 
  56:Src/syscalls.c **** #ifdef __cplusplus
  57:Src/syscalls.c ****  extern "C" {
  58:Src/syscalls.c **** #endif
  59:Src/syscalls.c **** 
  60:Src/syscalls.c **** /* USER CODE BEGIN 0 */
  61:Src/syscalls.c **** 
  62:Src/syscalls.c **** /* USER CODE END 0 */
  63:Src/syscalls.c **** 
  64:Src/syscalls.c **** /* Support files for GNU libc.  Files in the system namespace go here.
  65:Src/syscalls.c ****    Files in the C namespace (ie those that do not start with an
  66:Src/syscalls.c ****    underscore) go in .c.  */
  67:Src/syscalls.c **** 
  68:Src/syscalls.c **** #include <_ansi.h>
  69:Src/syscalls.c **** #include <sys/types.h>
  70:Src/syscalls.c **** #include <sys/stat.h>
  71:Src/syscalls.c **** #include <sys/fcntl.h>
  72:Src/syscalls.c **** #include <stdio.h>
  73:Src/syscalls.c **** #include <string.h>
  74:Src/syscalls.c **** #include <time.h>
  75:Src/syscalls.c **** #include <sys/time.h>
  76:Src/syscalls.c **** #include <sys/times.h>
  77:Src/syscalls.c **** #include <errno.h>
  78:Src/syscalls.c **** #include <reent.h>
  79:Src/syscalls.c **** #include <unistd.h>
  80:Src/syscalls.c **** #include <sys/wait.h>
  81:Src/syscalls.c **** 
  82:Src/syscalls.c **** /* USER CODE BEGIN 1 */
  83:Src/syscalls.c **** 
  84:Src/syscalls.c **** /* USER CODE END 1 */
  85:Src/syscalls.c **** 
  86:Src/syscalls.c **** #define MAX_STACK_SIZE 0x2000
ARM GAS  C:\Users\Nina\AppData\Local\Temp\ccWbzqYW.s 			page 3


  87:Src/syscalls.c **** 
  88:Src/syscalls.c **** extern int __io_putchar(int ch) __attribute__((weak));
  89:Src/syscalls.c **** extern int __io_getchar(void) __attribute__((weak));
  90:Src/syscalls.c **** 
  91:Src/syscalls.c **** /* USER CODE BEGIN 2 */
  92:Src/syscalls.c **** 
  93:Src/syscalls.c **** /* USER CODE END 2 */
  94:Src/syscalls.c **** 
  95:Src/syscalls.c **** /* USER CODE BEGIN 3 */
  96:Src/syscalls.c **** caddr_t _sbrk(int incr)
  97:Src/syscalls.c **** {
  30              		.loc 1 97 1 view -0
  31              		.cfi_startproc
  32              		@ args = 0, pretend = 0, frame = 0
  33              		@ frame_needed = 0, uses_anonymous_args = 0
  34              		@ link register save eliminated.
  35              		.loc 1 97 1 is_stmt 0 view .LVU1
  36 0000 0346     		mov	r3, r0
  98:Src/syscalls.c **** 	extern char end asm("end");
  37              		.loc 1 98 2 is_stmt 1 view .LVU2
  99:Src/syscalls.c **** 	static char *heap_end;
  38              		.loc 1 99 2 view .LVU3
 100:Src/syscalls.c **** 	char *prev_heap_end,*min_stack_ptr;
  39              		.loc 1 100 2 view .LVU4
 101:Src/syscalls.c **** 
 102:Src/syscalls.c **** 	if (heap_end == 0)
  40              		.loc 1 102 2 view .LVU5
  41              		.loc 1 102 15 is_stmt 0 view .LVU6
  42 0002 0D4A     		ldr	r2, .L7
  43 0004 1268     		ldr	r2, [r2]
  44              		.loc 1 102 5 view .LVU7
  45 0006 62B1     		cbz	r2, .L5
  46              	.L2:
 103:Src/syscalls.c **** 		heap_end = &end;
 104:Src/syscalls.c **** 
 105:Src/syscalls.c **** 	prev_heap_end = heap_end;
  47              		.loc 1 105 2 is_stmt 1 view .LVU8
  48              		.loc 1 105 16 is_stmt 0 view .LVU9
  49 0008 0B4A     		ldr	r2, .L7
  50 000a 1068     		ldr	r0, [r2]
  51              	.LVL1:
 106:Src/syscalls.c **** 
 107:Src/syscalls.c **** 	/* Use the NVIC offset register to locate the main stack pointer. */
 108:Src/syscalls.c **** 	min_stack_ptr = (char*)(*(unsigned int *)*(unsigned int *)0xE000ED08);
  52              		.loc 1 108 2 is_stmt 1 view .LVU10
  53              		.loc 1 108 43 is_stmt 0 view .LVU11
  54 000c 0B4A     		ldr	r2, .L7+4
  55 000e 1268     		ldr	r2, [r2]
  56              		.loc 1 108 26 view .LVU12
  57 0010 1268     		ldr	r2, [r2]
  58              	.LVL2:
 109:Src/syscalls.c **** 	/* Locate the STACK bottom address */
 110:Src/syscalls.c **** 	min_stack_ptr -= MAX_STACK_SIZE;
  59              		.loc 1 110 2 is_stmt 1 view .LVU13
  60              		.loc 1 110 16 is_stmt 0 view .LVU14
  61 0012 A2F50052 		sub	r2, r2, #8192
  62              	.LVL3:
ARM GAS  C:\Users\Nina\AppData\Local\Temp\ccWbzqYW.s 			page 4


 111:Src/syscalls.c **** 
 112:Src/syscalls.c **** 	if (heap_end + incr > min_stack_ptr)
  63              		.loc 1 112 2 is_stmt 1 view .LVU15
  64              		.loc 1 112 15 is_stmt 0 view .LVU16
  65 0016 0344     		add	r3, r3, r0
  66              	.LVL4:
  67              		.loc 1 112 5 view .LVU17
  68 0018 9342     		cmp	r3, r2
  69 001a 06D8     		bhi	.L6
 113:Src/syscalls.c **** 	{
 114:Src/syscalls.c **** 		errno = ENOMEM;
 115:Src/syscalls.c **** 		return (caddr_t) -1;
 116:Src/syscalls.c **** 	}
 117:Src/syscalls.c **** 
 118:Src/syscalls.c **** 	heap_end += incr;
  70              		.loc 1 118 2 is_stmt 1 view .LVU18
  71              		.loc 1 118 11 is_stmt 0 view .LVU19
  72 001c 064A     		ldr	r2, .L7
  73              	.LVL5:
  74              		.loc 1 118 11 view .LVU20
  75 001e 1360     		str	r3, [r2]
  76              	.LVL6:
 119:Src/syscalls.c **** 
 120:Src/syscalls.c **** 	return (caddr_t) prev_heap_end;
  77              		.loc 1 120 2 is_stmt 1 view .LVU21
 121:Src/syscalls.c **** }
  78              		.loc 1 121 1 is_stmt 0 view .LVU22
  79 0020 7047     		bx	lr
  80              	.LVL7:
  81              	.L5:
 103:Src/syscalls.c **** 
  82              		.loc 1 103 3 is_stmt 1 view .LVU23
 103:Src/syscalls.c **** 
  83              		.loc 1 103 12 is_stmt 0 view .LVU24
  84 0022 054A     		ldr	r2, .L7
  85 0024 0649     		ldr	r1, .L7+8
  86 0026 1160     		str	r1, [r2]
  87 0028 EEE7     		b	.L2
  88              	.LVL8:
  89              	.L6:
 114:Src/syscalls.c **** 		return (caddr_t) -1;
  90              		.loc 1 114 3 is_stmt 1 view .LVU25
 114:Src/syscalls.c **** 		return (caddr_t) -1;
  91              		.loc 1 114 9 is_stmt 0 view .LVU26
  92 002a 064B     		ldr	r3, .L7+12
  93 002c 0C22     		movs	r2, #12
  94              	.LVL9:
 114:Src/syscalls.c **** 		return (caddr_t) -1;
  95              		.loc 1 114 9 view .LVU27
  96 002e 1A60     		str	r2, [r3]
  97              	.LVL10:
 115:Src/syscalls.c **** 	}
  98              		.loc 1 115 3 is_stmt 1 view .LVU28
 115:Src/syscalls.c **** 	}
  99              		.loc 1 115 10 is_stmt 0 view .LVU29
 100 0030 4FF0FF30 		mov	r0, #-1
 101              	.LVL11:
ARM GAS  C:\Users\Nina\AppData\Local\Temp\ccWbzqYW.s 			page 5


 115:Src/syscalls.c **** 	}
 102              		.loc 1 115 10 view .LVU30
 103 0034 7047     		bx	lr
 104              	.L8:
 105 0036 00BF     		.align	2
 106              	.L7:
 107 0038 00000000 		.word	.LANCHOR0
 108 003c 08ED00E0 		.word	-536810232
 109 0040 00000000 		.word	end
 110 0044 00000000 		.word	errno
 111              		.cfi_endproc
 112              	.LFE160:
 114              		.section	.text._gettimeofday,"ax",%progbits
 115              		.align	1
 116              		.global	_gettimeofday
 117              		.syntax unified
 118              		.thumb
 119              		.thumb_func
 120              		.fpu fpv5-sp-d16
 122              	_gettimeofday:
 123              	.LVL12:
 124              	.LFB161:
 122:Src/syscalls.c **** /* USER CODE END 3 */
 123:Src/syscalls.c **** 
 124:Src/syscalls.c **** /* USER CODE BEGIN 4 */
 125:Src/syscalls.c **** /*
 126:Src/syscalls.c ****  * _gettimeofday primitive (Stub function)
 127:Src/syscalls.c ****  * */
 128:Src/syscalls.c **** 
 129:Src/syscalls.c **** int _gettimeofday (struct timeval * tp, struct timezone * tzp)
 130:Src/syscalls.c **** {
 125              		.loc 1 130 1 is_stmt 1 view -0
 126              		.cfi_startproc
 127              		@ args = 0, pretend = 0, frame = 0
 128              		@ frame_needed = 0, uses_anonymous_args = 0
 129              		@ link register save eliminated.
 131:Src/syscalls.c ****   /* Return fixed data for the timezone.  */
 132:Src/syscalls.c ****   if (tzp)
 130              		.loc 1 132 3 view .LVU32
 131              		.loc 1 132 6 is_stmt 0 view .LVU33
 132 0000 11B1     		cbz	r1, .L10
 133:Src/syscalls.c ****     {
 134:Src/syscalls.c ****       tzp->tz_minuteswest = 0;
 133              		.loc 1 134 7 is_stmt 1 view .LVU34
 134              		.loc 1 134 27 is_stmt 0 view .LVU35
 135 0002 0022     		movs	r2, #0
 136 0004 0A60     		str	r2, [r1]
 135:Src/syscalls.c ****       tzp->tz_dsttime = 0;
 137              		.loc 1 135 7 is_stmt 1 view .LVU36
 138              		.loc 1 135 23 is_stmt 0 view .LVU37
 139 0006 4A60     		str	r2, [r1, #4]
 140              	.L10:
 136:Src/syscalls.c ****     }
 137:Src/syscalls.c **** 
 138:Src/syscalls.c ****   return 0;
 141              		.loc 1 138 3 is_stmt 1 view .LVU38
 139:Src/syscalls.c **** }
ARM GAS  C:\Users\Nina\AppData\Local\Temp\ccWbzqYW.s 			page 6


 142              		.loc 1 139 1 is_stmt 0 view .LVU39
 143 0008 0020     		movs	r0, #0
 144              	.LVL13:
 145              		.loc 1 139 1 view .LVU40
 146 000a 7047     		bx	lr
 147              		.cfi_endproc
 148              	.LFE161:
 150              		.section	.text.initialise_monitor_handles,"ax",%progbits
 151              		.align	1
 152              		.global	initialise_monitor_handles
 153              		.syntax unified
 154              		.thumb
 155              		.thumb_func
 156              		.fpu fpv5-sp-d16
 158              	initialise_monitor_handles:
 159              	.LFB162:
 140:Src/syscalls.c **** /* USER CODE END 4 */
 141:Src/syscalls.c **** 
 142:Src/syscalls.c **** /* USER CODE BEGIN 5 */
 143:Src/syscalls.c **** void initialise_monitor_handles()
 144:Src/syscalls.c **** {
 160              		.loc 1 144 1 is_stmt 1 view -0
 161              		.cfi_startproc
 162              		@ args = 0, pretend = 0, frame = 0
 163              		@ frame_needed = 0, uses_anonymous_args = 0
 164              		@ link register save eliminated.
 145:Src/syscalls.c **** }
 165              		.loc 1 145 1 view .LVU42
 166 0000 7047     		bx	lr
 167              		.cfi_endproc
 168              	.LFE162:
 170              		.section	.text._getpid,"ax",%progbits
 171              		.align	1
 172              		.global	_getpid
 173              		.syntax unified
 174              		.thumb
 175              		.thumb_func
 176              		.fpu fpv5-sp-d16
 178              	_getpid:
 179              	.LFB163:
 146:Src/syscalls.c **** 
 147:Src/syscalls.c **** int _getpid(void)
 148:Src/syscalls.c **** {
 180              		.loc 1 148 1 view -0
 181              		.cfi_startproc
 182              		@ args = 0, pretend = 0, frame = 0
 183              		@ frame_needed = 0, uses_anonymous_args = 0
 184              		@ link register save eliminated.
 149:Src/syscalls.c **** 	return 1;
 185              		.loc 1 149 2 view .LVU44
 150:Src/syscalls.c **** }
 186              		.loc 1 150 1 is_stmt 0 view .LVU45
 187 0000 0120     		movs	r0, #1
 188 0002 7047     		bx	lr
 189              		.cfi_endproc
 190              	.LFE163:
 192              		.section	.text._kill,"ax",%progbits
ARM GAS  C:\Users\Nina\AppData\Local\Temp\ccWbzqYW.s 			page 7


 193              		.align	1
 194              		.global	_kill
 195              		.syntax unified
 196              		.thumb
 197              		.thumb_func
 198              		.fpu fpv5-sp-d16
 200              	_kill:
 201              	.LVL14:
 202              	.LFB164:
 151:Src/syscalls.c **** 
 152:Src/syscalls.c **** int _kill(int pid, int sig)
 153:Src/syscalls.c **** {
 203              		.loc 1 153 1 is_stmt 1 view -0
 204              		.cfi_startproc
 205              		@ args = 0, pretend = 0, frame = 0
 206              		@ frame_needed = 0, uses_anonymous_args = 0
 207              		@ link register save eliminated.
 154:Src/syscalls.c **** 	errno = EINVAL;
 208              		.loc 1 154 2 view .LVU47
 209              		.loc 1 154 8 is_stmt 0 view .LVU48
 210 0000 024B     		ldr	r3, .L14
 211 0002 1622     		movs	r2, #22
 212 0004 1A60     		str	r2, [r3]
 155:Src/syscalls.c **** 	return -1;
 213              		.loc 1 155 2 is_stmt 1 view .LVU49
 156:Src/syscalls.c **** }
 214              		.loc 1 156 1 is_stmt 0 view .LVU50
 215 0006 4FF0FF30 		mov	r0, #-1
 216              	.LVL15:
 217              		.loc 1 156 1 view .LVU51
 218 000a 7047     		bx	lr
 219              	.L15:
 220              		.align	2
 221              	.L14:
 222 000c 00000000 		.word	errno
 223              		.cfi_endproc
 224              	.LFE164:
 226              		.section	.text._exit,"ax",%progbits
 227              		.align	1
 228              		.global	_exit
 229              		.syntax unified
 230              		.thumb
 231              		.thumb_func
 232              		.fpu fpv5-sp-d16
 234              	_exit:
 235              	.LVL16:
 236              	.LFB165:
 157:Src/syscalls.c **** 
 158:Src/syscalls.c **** void _exit (int status)
 159:Src/syscalls.c **** {
 237              		.loc 1 159 1 is_stmt 1 view -0
 238              		.cfi_startproc
 239              		@ Volatile: function does not return.
 240              		@ args = 0, pretend = 0, frame = 0
 241              		@ frame_needed = 0, uses_anonymous_args = 0
 242              		.loc 1 159 1 is_stmt 0 view .LVU53
 243 0000 08B5     		push	{r3, lr}
ARM GAS  C:\Users\Nina\AppData\Local\Temp\ccWbzqYW.s 			page 8


 244              	.LCFI0:
 245              		.cfi_def_cfa_offset 8
 246              		.cfi_offset 3, -8
 247              		.cfi_offset 14, -4
 160:Src/syscalls.c **** 	_kill(status, -1);
 248              		.loc 1 160 2 is_stmt 1 view .LVU54
 249 0002 4FF0FF31 		mov	r1, #-1
 250 0006 FFF7FEFF 		bl	_kill
 251              	.LVL17:
 252              	.L17:
 161:Src/syscalls.c **** 	while (1) {}
 253              		.loc 1 161 2 discriminator 1 view .LVU55
 254              		.loc 1 161 13 discriminator 1 view .LVU56
 255              		.loc 1 161 8 discriminator 1 view .LVU57
 256 000a FEE7     		b	.L17
 257              		.cfi_endproc
 258              	.LFE165:
 260              		.section	.text._write,"ax",%progbits
 261              		.align	1
 262              		.global	_write
 263              		.syntax unified
 264              		.thumb
 265              		.thumb_func
 266              		.fpu fpv5-sp-d16
 268              	_write:
 269              	.LVL18:
 270              	.LFB166:
 162:Src/syscalls.c **** }
 163:Src/syscalls.c **** 
 164:Src/syscalls.c **** int _write(int file, char *ptr, int len)
 165:Src/syscalls.c **** {
 271              		.loc 1 165 1 view -0
 272              		.cfi_startproc
 273              		@ args = 0, pretend = 0, frame = 0
 274              		@ frame_needed = 0, uses_anonymous_args = 0
 275              		.loc 1 165 1 is_stmt 0 view .LVU59
 276 0000 70B5     		push	{r4, r5, r6, lr}
 277              	.LCFI1:
 278              		.cfi_def_cfa_offset 16
 279              		.cfi_offset 4, -16
 280              		.cfi_offset 5, -12
 281              		.cfi_offset 6, -8
 282              		.cfi_offset 14, -4
 283 0002 0C46     		mov	r4, r1
 284 0004 1646     		mov	r6, r2
 166:Src/syscalls.c **** 	int DataIdx;
 285              		.loc 1 166 2 is_stmt 1 view .LVU60
 167:Src/syscalls.c **** 
 168:Src/syscalls.c **** 	for (DataIdx = 0; DataIdx < len; DataIdx++)
 286              		.loc 1 168 2 view .LVU61
 287              	.LVL19:
 288              		.loc 1 168 15 is_stmt 0 view .LVU62
 289 0006 0025     		movs	r5, #0
 290              	.LVL20:
 291              	.L20:
 292              		.loc 1 168 20 is_stmt 1 discriminator 1 view .LVU63
 293              		.loc 1 168 2 is_stmt 0 discriminator 1 view .LVU64
ARM GAS  C:\Users\Nina\AppData\Local\Temp\ccWbzqYW.s 			page 9


 294 0008 B542     		cmp	r5, r6
 295 000a 05DA     		bge	.L23
 169:Src/syscalls.c **** 	{
 170:Src/syscalls.c **** 	   __io_putchar( *ptr++ );
 296              		.loc 1 170 5 is_stmt 1 discriminator 3 view .LVU65
 297              	.LVL21:
 298              		.loc 1 170 5 is_stmt 0 discriminator 3 view .LVU66
 299 000c 14F8010B 		ldrb	r0, [r4], #1	@ zero_extendqisi2
 300              	.LVL22:
 301              		.loc 1 170 5 discriminator 3 view .LVU67
 302 0010 FFF7FEFF 		bl	__io_putchar
 303              	.LVL23:
 168:Src/syscalls.c **** 	{
 304              		.loc 1 168 35 is_stmt 1 discriminator 3 view .LVU68
 168:Src/syscalls.c **** 	{
 305              		.loc 1 168 42 is_stmt 0 discriminator 3 view .LVU69
 306 0014 0135     		adds	r5, r5, #1
 307              	.LVL24:
 168:Src/syscalls.c **** 	{
 308              		.loc 1 168 42 discriminator 3 view .LVU70
 309 0016 F7E7     		b	.L20
 310              	.L23:
 171:Src/syscalls.c **** 	}
 172:Src/syscalls.c **** 	return len;
 311              		.loc 1 172 2 is_stmt 1 view .LVU71
 173:Src/syscalls.c **** }
 312              		.loc 1 173 1 is_stmt 0 view .LVU72
 313 0018 3046     		mov	r0, r6
 314 001a 70BD     		pop	{r4, r5, r6, pc}
 315              		.loc 1 173 1 view .LVU73
 316              		.cfi_endproc
 317              	.LFE166:
 319              		.section	.text._close,"ax",%progbits
 320              		.align	1
 321              		.global	_close
 322              		.syntax unified
 323              		.thumb
 324              		.thumb_func
 325              		.fpu fpv5-sp-d16
 327              	_close:
 328              	.LVL25:
 329              	.LFB167:
 174:Src/syscalls.c **** 
 175:Src/syscalls.c **** int _close(int file)
 176:Src/syscalls.c **** {
 330              		.loc 1 176 1 is_stmt 1 view -0
 331              		.cfi_startproc
 332              		@ args = 0, pretend = 0, frame = 0
 333              		@ frame_needed = 0, uses_anonymous_args = 0
 334              		@ link register save eliminated.
 177:Src/syscalls.c **** 	return -1;
 335              		.loc 1 177 2 view .LVU75
 178:Src/syscalls.c **** }
 336              		.loc 1 178 1 is_stmt 0 view .LVU76
 337 0000 4FF0FF30 		mov	r0, #-1
 338              	.LVL26:
 339              		.loc 1 178 1 view .LVU77
ARM GAS  C:\Users\Nina\AppData\Local\Temp\ccWbzqYW.s 			page 10


 340 0004 7047     		bx	lr
 341              		.cfi_endproc
 342              	.LFE167:
 344              		.section	.text._fstat,"ax",%progbits
 345              		.align	1
 346              		.global	_fstat
 347              		.syntax unified
 348              		.thumb
 349              		.thumb_func
 350              		.fpu fpv5-sp-d16
 352              	_fstat:
 353              	.LVL27:
 354              	.LFB168:
 179:Src/syscalls.c **** 
 180:Src/syscalls.c **** int _fstat(int file, struct stat *st)
 181:Src/syscalls.c **** {
 355              		.loc 1 181 1 is_stmt 1 view -0
 356              		.cfi_startproc
 357              		@ args = 0, pretend = 0, frame = 0
 358              		@ frame_needed = 0, uses_anonymous_args = 0
 359              		@ link register save eliminated.
 182:Src/syscalls.c **** 	st->st_mode = S_IFCHR;
 360              		.loc 1 182 2 view .LVU79
 361              		.loc 1 182 14 is_stmt 0 view .LVU80
 362 0000 4FF40053 		mov	r3, #8192
 363 0004 4B60     		str	r3, [r1, #4]
 183:Src/syscalls.c **** 	return 0;
 364              		.loc 1 183 2 is_stmt 1 view .LVU81
 184:Src/syscalls.c **** }
 365              		.loc 1 184 1 is_stmt 0 view .LVU82
 366 0006 0020     		movs	r0, #0
 367              	.LVL28:
 368              		.loc 1 184 1 view .LVU83
 369 0008 7047     		bx	lr
 370              		.cfi_endproc
 371              	.LFE168:
 373              		.section	.text._isatty,"ax",%progbits
 374              		.align	1
 375              		.global	_isatty
 376              		.syntax unified
 377              		.thumb
 378              		.thumb_func
 379              		.fpu fpv5-sp-d16
 381              	_isatty:
 382              	.LVL29:
 383              	.LFB169:
 185:Src/syscalls.c **** 
 186:Src/syscalls.c **** int _isatty(int file)
 187:Src/syscalls.c **** {
 384              		.loc 1 187 1 is_stmt 1 view -0
 385              		.cfi_startproc
 386              		@ args = 0, pretend = 0, frame = 0
 387              		@ frame_needed = 0, uses_anonymous_args = 0
 388              		@ link register save eliminated.
 188:Src/syscalls.c **** 	return 1;
 389              		.loc 1 188 2 view .LVU85
 189:Src/syscalls.c **** }
ARM GAS  C:\Users\Nina\AppData\Local\Temp\ccWbzqYW.s 			page 11


 390              		.loc 1 189 1 is_stmt 0 view .LVU86
 391 0000 0120     		movs	r0, #1
 392              	.LVL30:
 393              		.loc 1 189 1 view .LVU87
 394 0002 7047     		bx	lr
 395              		.cfi_endproc
 396              	.LFE169:
 398              		.section	.text._lseek,"ax",%progbits
 399              		.align	1
 400              		.global	_lseek
 401              		.syntax unified
 402              		.thumb
 403              		.thumb_func
 404              		.fpu fpv5-sp-d16
 406              	_lseek:
 407              	.LVL31:
 408              	.LFB170:
 190:Src/syscalls.c **** 
 191:Src/syscalls.c **** int _lseek(int file, int ptr, int dir)
 192:Src/syscalls.c **** {
 409              		.loc 1 192 1 is_stmt 1 view -0
 410              		.cfi_startproc
 411              		@ args = 0, pretend = 0, frame = 0
 412              		@ frame_needed = 0, uses_anonymous_args = 0
 413              		@ link register save eliminated.
 193:Src/syscalls.c **** 	return 0;
 414              		.loc 1 193 2 view .LVU89
 194:Src/syscalls.c **** }
 415              		.loc 1 194 1 is_stmt 0 view .LVU90
 416 0000 0020     		movs	r0, #0
 417              	.LVL32:
 418              		.loc 1 194 1 view .LVU91
 419 0002 7047     		bx	lr
 420              		.cfi_endproc
 421              	.LFE170:
 423              		.section	.text._read,"ax",%progbits
 424              		.align	1
 425              		.global	_read
 426              		.syntax unified
 427              		.thumb
 428              		.thumb_func
 429              		.fpu fpv5-sp-d16
 431              	_read:
 432              	.LVL33:
 433              	.LFB171:
 195:Src/syscalls.c **** 
 196:Src/syscalls.c **** int _read(int file, char *ptr, int len)
 197:Src/syscalls.c **** {
 434              		.loc 1 197 1 is_stmt 1 view -0
 435              		.cfi_startproc
 436              		@ args = 0, pretend = 0, frame = 0
 437              		@ frame_needed = 0, uses_anonymous_args = 0
 438              		.loc 1 197 1 is_stmt 0 view .LVU93
 439 0000 70B5     		push	{r4, r5, r6, lr}
 440              	.LCFI2:
 441              		.cfi_def_cfa_offset 16
 442              		.cfi_offset 4, -16
ARM GAS  C:\Users\Nina\AppData\Local\Temp\ccWbzqYW.s 			page 12


 443              		.cfi_offset 5, -12
 444              		.cfi_offset 6, -8
 445              		.cfi_offset 14, -4
 446 0002 0C46     		mov	r4, r1
 447 0004 1646     		mov	r6, r2
 198:Src/syscalls.c **** 	int DataIdx;
 448              		.loc 1 198 2 is_stmt 1 view .LVU94
 199:Src/syscalls.c **** 
 200:Src/syscalls.c **** 	for (DataIdx = 0; DataIdx < len; DataIdx++)
 449              		.loc 1 200 2 view .LVU95
 450              	.LVL34:
 451              		.loc 1 200 15 is_stmt 0 view .LVU96
 452 0006 0025     		movs	r5, #0
 453              	.LVL35:
 454              	.L29:
 455              		.loc 1 200 20 is_stmt 1 discriminator 1 view .LVU97
 456              		.loc 1 200 2 is_stmt 0 discriminator 1 view .LVU98
 457 0008 B542     		cmp	r5, r6
 458 000a 07DA     		bge	.L32
 201:Src/syscalls.c **** 	{
 202:Src/syscalls.c **** 	  *ptr++ = __io_getchar();
 459              		.loc 1 202 4 is_stmt 1 discriminator 3 view .LVU99
 460              		.loc 1 202 13 is_stmt 0 discriminator 3 view .LVU100
 461 000c FFF7FEFF 		bl	__io_getchar
 462              	.LVL36:
 463              		.loc 1 202 8 discriminator 3 view .LVU101
 464 0010 2146     		mov	r1, r4
 465              	.LVL37:
 466              		.loc 1 202 11 discriminator 3 view .LVU102
 467 0012 01F8010B 		strb	r0, [r1], #1
 468              	.LVL38:
 200:Src/syscalls.c **** 	{
 469              		.loc 1 200 35 is_stmt 1 discriminator 3 view .LVU103
 200:Src/syscalls.c **** 	{
 470              		.loc 1 200 42 is_stmt 0 discriminator 3 view .LVU104
 471 0016 0135     		adds	r5, r5, #1
 472              	.LVL39:
 473              		.loc 1 202 8 discriminator 3 view .LVU105
 474 0018 0C46     		mov	r4, r1
 475 001a F5E7     		b	.L29
 476              	.L32:
 203:Src/syscalls.c **** 	}
 204:Src/syscalls.c **** 
 205:Src/syscalls.c ****    return len;
 477              		.loc 1 205 4 is_stmt 1 view .LVU106
 206:Src/syscalls.c **** }
 478              		.loc 1 206 1 is_stmt 0 view .LVU107
 479 001c 3046     		mov	r0, r6
 480 001e 70BD     		pop	{r4, r5, r6, pc}
 481              		.loc 1 206 1 view .LVU108
 482              		.cfi_endproc
 483              	.LFE171:
 485              		.section	.text._open,"ax",%progbits
 486              		.align	1
 487              		.global	_open
 488              		.syntax unified
 489              		.thumb
ARM GAS  C:\Users\Nina\AppData\Local\Temp\ccWbzqYW.s 			page 13


 490              		.thumb_func
 491              		.fpu fpv5-sp-d16
 493              	_open:
 494              	.LVL40:
 495              	.LFB172:
 207:Src/syscalls.c **** 
 208:Src/syscalls.c **** int _open(char *path, int flags, ...)
 209:Src/syscalls.c **** {
 496              		.loc 1 209 1 is_stmt 1 view -0
 497              		.cfi_startproc
 498              		@ args = 4, pretend = 12, frame = 0
 499              		@ frame_needed = 0, uses_anonymous_args = 1
 500              		@ link register save eliminated.
 501              		.loc 1 209 1 is_stmt 0 view .LVU110
 502 0000 0EB4     		push	{r1, r2, r3}
 503              	.LCFI3:
 504              		.cfi_def_cfa_offset 12
 505              		.cfi_offset 1, -12
 506              		.cfi_offset 2, -8
 507              		.cfi_offset 3, -4
 210:Src/syscalls.c **** 	/* Pretend like we always fail */
 211:Src/syscalls.c **** 	return -1;
 508              		.loc 1 211 2 is_stmt 1 view .LVU111
 212:Src/syscalls.c **** }
 509              		.loc 1 212 1 is_stmt 0 view .LVU112
 510 0002 4FF0FF30 		mov	r0, #-1
 511              	.LVL41:
 512              		.loc 1 212 1 view .LVU113
 513 0006 03B0     		add	sp, sp, #12
 514              	.LCFI4:
 515              		.cfi_restore 3
 516              		.cfi_restore 2
 517              		.cfi_restore 1
 518              		.cfi_def_cfa_offset 0
 519 0008 7047     		bx	lr
 520              		.cfi_endproc
 521              	.LFE172:
 523              		.section	.text._wait,"ax",%progbits
 524              		.align	1
 525              		.global	_wait
 526              		.syntax unified
 527              		.thumb
 528              		.thumb_func
 529              		.fpu fpv5-sp-d16
 531              	_wait:
 532              	.LVL42:
 533              	.LFB173:
 213:Src/syscalls.c **** 
 214:Src/syscalls.c **** int _wait(int *status)
 215:Src/syscalls.c **** {
 534              		.loc 1 215 1 is_stmt 1 view -0
 535              		.cfi_startproc
 536              		@ args = 0, pretend = 0, frame = 0
 537              		@ frame_needed = 0, uses_anonymous_args = 0
 538              		@ link register save eliminated.
 216:Src/syscalls.c **** 	errno = ECHILD;
 539              		.loc 1 216 2 view .LVU115
ARM GAS  C:\Users\Nina\AppData\Local\Temp\ccWbzqYW.s 			page 14


 540              		.loc 1 216 8 is_stmt 0 view .LVU116
 541 0000 024B     		ldr	r3, .L36
 542 0002 0A22     		movs	r2, #10
 543 0004 1A60     		str	r2, [r3]
 217:Src/syscalls.c **** 	return -1;
 544              		.loc 1 217 2 is_stmt 1 view .LVU117
 218:Src/syscalls.c **** }
 545              		.loc 1 218 1 is_stmt 0 view .LVU118
 546 0006 4FF0FF30 		mov	r0, #-1
 547              	.LVL43:
 548              		.loc 1 218 1 view .LVU119
 549 000a 7047     		bx	lr
 550              	.L37:
 551              		.align	2
 552              	.L36:
 553 000c 00000000 		.word	errno
 554              		.cfi_endproc
 555              	.LFE173:
 557              		.section	.text._unlink,"ax",%progbits
 558              		.align	1
 559              		.global	_unlink
 560              		.syntax unified
 561              		.thumb
 562              		.thumb_func
 563              		.fpu fpv5-sp-d16
 565              	_unlink:
 566              	.LVL44:
 567              	.LFB174:
 219:Src/syscalls.c **** 
 220:Src/syscalls.c **** int _unlink(char *name)
 221:Src/syscalls.c **** {
 568              		.loc 1 221 1 is_stmt 1 view -0
 569              		.cfi_startproc
 570              		@ args = 0, pretend = 0, frame = 0
 571              		@ frame_needed = 0, uses_anonymous_args = 0
 572              		@ link register save eliminated.
 222:Src/syscalls.c **** 	errno = ENOENT;
 573              		.loc 1 222 2 view .LVU121
 574              		.loc 1 222 8 is_stmt 0 view .LVU122
 575 0000 024B     		ldr	r3, .L39
 576 0002 0222     		movs	r2, #2
 577 0004 1A60     		str	r2, [r3]
 223:Src/syscalls.c **** 	return -1;
 578              		.loc 1 223 2 is_stmt 1 view .LVU123
 224:Src/syscalls.c **** }
 579              		.loc 1 224 1 is_stmt 0 view .LVU124
 580 0006 4FF0FF30 		mov	r0, #-1
 581              	.LVL45:
 582              		.loc 1 224 1 view .LVU125
 583 000a 7047     		bx	lr
 584              	.L40:
 585              		.align	2
 586              	.L39:
 587 000c 00000000 		.word	errno
 588              		.cfi_endproc
 589              	.LFE174:
 591              		.section	.text._times,"ax",%progbits
ARM GAS  C:\Users\Nina\AppData\Local\Temp\ccWbzqYW.s 			page 15


 592              		.align	1
 593              		.global	_times
 594              		.syntax unified
 595              		.thumb
 596              		.thumb_func
 597              		.fpu fpv5-sp-d16
 599              	_times:
 600              	.LVL46:
 601              	.LFB175:
 225:Src/syscalls.c **** 
 226:Src/syscalls.c **** int _times(struct tms *buf)
 227:Src/syscalls.c **** {
 602              		.loc 1 227 1 is_stmt 1 view -0
 603              		.cfi_startproc
 604              		@ args = 0, pretend = 0, frame = 0
 605              		@ frame_needed = 0, uses_anonymous_args = 0
 606              		@ link register save eliminated.
 228:Src/syscalls.c **** 	return -1;
 607              		.loc 1 228 2 view .LVU127
 229:Src/syscalls.c **** }
 608              		.loc 1 229 1 is_stmt 0 view .LVU128
 609 0000 4FF0FF30 		mov	r0, #-1
 610              	.LVL47:
 611              		.loc 1 229 1 view .LVU129
 612 0004 7047     		bx	lr
 613              		.cfi_endproc
 614              	.LFE175:
 616              		.section	.text._stat,"ax",%progbits
 617              		.align	1
 618              		.global	_stat
 619              		.syntax unified
 620              		.thumb
 621              		.thumb_func
 622              		.fpu fpv5-sp-d16
 624              	_stat:
 625              	.LVL48:
 626              	.LFB176:
 230:Src/syscalls.c **** 
 231:Src/syscalls.c **** int _stat(char *file, struct stat *st)
 232:Src/syscalls.c **** {
 627              		.loc 1 232 1 is_stmt 1 view -0
 628              		.cfi_startproc
 629              		@ args = 0, pretend = 0, frame = 0
 630              		@ frame_needed = 0, uses_anonymous_args = 0
 631              		@ link register save eliminated.
 233:Src/syscalls.c **** 	st->st_mode = S_IFCHR;
 632              		.loc 1 233 2 view .LVU131
 633              		.loc 1 233 14 is_stmt 0 view .LVU132
 634 0000 4FF40053 		mov	r3, #8192
 635 0004 4B60     		str	r3, [r1, #4]
 234:Src/syscalls.c **** 	return 0;
 636              		.loc 1 234 2 is_stmt 1 view .LVU133
 235:Src/syscalls.c **** }
 637              		.loc 1 235 1 is_stmt 0 view .LVU134
 638 0006 0020     		movs	r0, #0
 639              	.LVL49:
 640              		.loc 1 235 1 view .LVU135
ARM GAS  C:\Users\Nina\AppData\Local\Temp\ccWbzqYW.s 			page 16


 641 0008 7047     		bx	lr
 642              		.cfi_endproc
 643              	.LFE176:
 645              		.section	.text._link,"ax",%progbits
 646              		.align	1
 647              		.global	_link
 648              		.syntax unified
 649              		.thumb
 650              		.thumb_func
 651              		.fpu fpv5-sp-d16
 653              	_link:
 654              	.LVL50:
 655              	.LFB177:
 236:Src/syscalls.c **** 
 237:Src/syscalls.c **** int _link(char *old, char *new)
 238:Src/syscalls.c **** {
 656              		.loc 1 238 1 is_stmt 1 view -0
 657              		.cfi_startproc
 658              		@ args = 0, pretend = 0, frame = 0
 659              		@ frame_needed = 0, uses_anonymous_args = 0
 660              		@ link register save eliminated.
 239:Src/syscalls.c **** 	errno = EMLINK;
 661              		.loc 1 239 2 view .LVU137
 662              		.loc 1 239 8 is_stmt 0 view .LVU138
 663 0000 024B     		ldr	r3, .L44
 664 0002 1F22     		movs	r2, #31
 665 0004 1A60     		str	r2, [r3]
 240:Src/syscalls.c **** 	return -1;
 666              		.loc 1 240 2 is_stmt 1 view .LVU139
 241:Src/syscalls.c **** }
 667              		.loc 1 241 1 is_stmt 0 view .LVU140
 668 0006 4FF0FF30 		mov	r0, #-1
 669              	.LVL51:
 670              		.loc 1 241 1 view .LVU141
 671 000a 7047     		bx	lr
 672              	.L45:
 673              		.align	2
 674              	.L44:
 675 000c 00000000 		.word	errno
 676              		.cfi_endproc
 677              	.LFE177:
 679              		.section	.text._fork,"ax",%progbits
 680              		.align	1
 681              		.global	_fork
 682              		.syntax unified
 683              		.thumb
 684              		.thumb_func
 685              		.fpu fpv5-sp-d16
 687              	_fork:
 688              	.LFB178:
 242:Src/syscalls.c **** 
 243:Src/syscalls.c **** int _fork(void)
 244:Src/syscalls.c **** {
 689              		.loc 1 244 1 is_stmt 1 view -0
 690              		.cfi_startproc
 691              		@ args = 0, pretend = 0, frame = 0
 692              		@ frame_needed = 0, uses_anonymous_args = 0
ARM GAS  C:\Users\Nina\AppData\Local\Temp\ccWbzqYW.s 			page 17


 693              		@ link register save eliminated.
 245:Src/syscalls.c **** 	errno = EAGAIN;
 694              		.loc 1 245 2 view .LVU143
 695              		.loc 1 245 8 is_stmt 0 view .LVU144
 696 0000 024B     		ldr	r3, .L47
 697 0002 0B22     		movs	r2, #11
 698 0004 1A60     		str	r2, [r3]
 246:Src/syscalls.c **** 	return -1;
 699              		.loc 1 246 2 is_stmt 1 view .LVU145
 247:Src/syscalls.c **** }
 700              		.loc 1 247 1 is_stmt 0 view .LVU146
 701 0006 4FF0FF30 		mov	r0, #-1
 702 000a 7047     		bx	lr
 703              	.L48:
 704              		.align	2
 705              	.L47:
 706 000c 00000000 		.word	errno
 707              		.cfi_endproc
 708              	.LFE178:
 710              		.section	.text._execve,"ax",%progbits
 711              		.align	1
 712              		.global	_execve
 713              		.syntax unified
 714              		.thumb
 715              		.thumb_func
 716              		.fpu fpv5-sp-d16
 718              	_execve:
 719              	.LVL52:
 720              	.LFB179:
 248:Src/syscalls.c **** 
 249:Src/syscalls.c **** int _execve(char *name, char **argv, char **env)
 250:Src/syscalls.c **** {
 721              		.loc 1 250 1 is_stmt 1 view -0
 722              		.cfi_startproc
 723              		@ args = 0, pretend = 0, frame = 0
 724              		@ frame_needed = 0, uses_anonymous_args = 0
 725              		@ link register save eliminated.
 251:Src/syscalls.c **** 	errno = ENOMEM;
 726              		.loc 1 251 2 view .LVU148
 727              		.loc 1 251 8 is_stmt 0 view .LVU149
 728 0000 024B     		ldr	r3, .L50
 729 0002 0C22     		movs	r2, #12
 730              	.LVL53:
 731              		.loc 1 251 8 view .LVU150
 732 0004 1A60     		str	r2, [r3]
 252:Src/syscalls.c **** 	return -1;
 733              		.loc 1 252 2 is_stmt 1 view .LVU151
 253:Src/syscalls.c **** }
 734              		.loc 1 253 1 is_stmt 0 view .LVU152
 735 0006 4FF0FF30 		mov	r0, #-1
 736              	.LVL54:
 737              		.loc 1 253 1 view .LVU153
 738 000a 7047     		bx	lr
 739              	.L51:
 740              		.align	2
 741              	.L50:
 742 000c 00000000 		.word	errno
ARM GAS  C:\Users\Nina\AppData\Local\Temp\ccWbzqYW.s 			page 18


 743              		.cfi_endproc
 744              	.LFE179:
 746              		.section	.bss.heap_end.13358,"aw",%nobits
 747              		.align	2
 748              		.set	.LANCHOR0,. + 0
 751              	heap_end.13358:
 752 0000 00000000 		.space	4
 753              		.weak	__io_getchar
 754              		.weak	__io_putchar
 755              		.text
 756              	.Letext0:
 757              		.file 2 "c:\\program files (x86)\\gnu tools arm embedded\\9 2019-q4-major\\arm-none-eabi\\include\
 758              		.file 3 "c:\\program files (x86)\\gnu tools arm embedded\\9 2019-q4-major\\arm-none-eabi\\include\
 759              		.file 4 "c:\\program files (x86)\\gnu tools arm embedded\\9 2019-q4-major\\arm-none-eabi\\include\
 760              		.file 5 "c:\\program files (x86)\\gnu tools arm embedded\\9 2019-q4-major\\lib\\gcc\\arm-none-eabi
 761              		.file 6 "c:\\program files (x86)\\gnu tools arm embedded\\9 2019-q4-major\\arm-none-eabi\\include\
 762              		.file 7 "c:\\program files (x86)\\gnu tools arm embedded\\9 2019-q4-major\\arm-none-eabi\\include\
 763              		.file 8 "c:\\program files (x86)\\gnu tools arm embedded\\9 2019-q4-major\\arm-none-eabi\\include\
 764              		.file 9 "c:\\program files (x86)\\gnu tools arm embedded\\9 2019-q4-major\\arm-none-eabi\\include\
 765              		.file 10 "c:\\program files (x86)\\gnu tools arm embedded\\9 2019-q4-major\\arm-none-eabi\\include
 766              		.file 11 "c:\\program files (x86)\\gnu tools arm embedded\\9 2019-q4-major\\arm-none-eabi\\include
 767              		.file 12 "c:\\program files (x86)\\gnu tools arm embedded\\9 2019-q4-major\\arm-none-eabi\\include
 768              		.file 13 "c:\\program files (x86)\\gnu tools arm embedded\\9 2019-q4-major\\arm-none-eabi\\include
 769              		.file 14 "Drivers/CMSIS/Include/core_cm7.h"
 770              		.file 15 "Drivers/CMSIS/Device/ST/STM32F7xx/Include/system_stm32f7xx.h"
 771              		.file 16 "c:\\program files (x86)\\gnu tools arm embedded\\9 2019-q4-major\\arm-none-eabi\\include
 772              		.file 17 "Middlewares/Third_Party/LwIP/src/include/lwip/errno.h"
 773              		.file 18 "c:\\program files (x86)\\gnu tools arm embedded\\9 2019-q4-major\\arm-none-eabi\\include
 774              		.file 19 "c:\\program files (x86)\\gnu tools arm embedded\\9 2019-q4-major\\arm-none-eabi\\include
ARM GAS  C:\Users\Nina\AppData\Local\Temp\ccWbzqYW.s 			page 19


DEFINED SYMBOLS
                            *ABS*:00000000 syscalls.c
C:\Users\Nina\AppData\Local\Temp\ccWbzqYW.s:18     .text._sbrk:00000000 $t
C:\Users\Nina\AppData\Local\Temp\ccWbzqYW.s:26     .text._sbrk:00000000 _sbrk
C:\Users\Nina\AppData\Local\Temp\ccWbzqYW.s:107    .text._sbrk:00000038 $d
C:\Users\Nina\AppData\Local\Temp\ccWbzqYW.s:115    .text._gettimeofday:00000000 $t
C:\Users\Nina\AppData\Local\Temp\ccWbzqYW.s:122    .text._gettimeofday:00000000 _gettimeofday
C:\Users\Nina\AppData\Local\Temp\ccWbzqYW.s:151    .text.initialise_monitor_handles:00000000 $t
C:\Users\Nina\AppData\Local\Temp\ccWbzqYW.s:158    .text.initialise_monitor_handles:00000000 initialise_monitor_handles
C:\Users\Nina\AppData\Local\Temp\ccWbzqYW.s:171    .text._getpid:00000000 $t
C:\Users\Nina\AppData\Local\Temp\ccWbzqYW.s:178    .text._getpid:00000000 _getpid
C:\Users\Nina\AppData\Local\Temp\ccWbzqYW.s:193    .text._kill:00000000 $t
C:\Users\Nina\AppData\Local\Temp\ccWbzqYW.s:200    .text._kill:00000000 _kill
C:\Users\Nina\AppData\Local\Temp\ccWbzqYW.s:222    .text._kill:0000000c $d
C:\Users\Nina\AppData\Local\Temp\ccWbzqYW.s:227    .text._exit:00000000 $t
C:\Users\Nina\AppData\Local\Temp\ccWbzqYW.s:234    .text._exit:00000000 _exit
C:\Users\Nina\AppData\Local\Temp\ccWbzqYW.s:261    .text._write:00000000 $t
C:\Users\Nina\AppData\Local\Temp\ccWbzqYW.s:268    .text._write:00000000 _write
C:\Users\Nina\AppData\Local\Temp\ccWbzqYW.s:320    .text._close:00000000 $t
C:\Users\Nina\AppData\Local\Temp\ccWbzqYW.s:327    .text._close:00000000 _close
C:\Users\Nina\AppData\Local\Temp\ccWbzqYW.s:345    .text._fstat:00000000 $t
C:\Users\Nina\AppData\Local\Temp\ccWbzqYW.s:352    .text._fstat:00000000 _fstat
C:\Users\Nina\AppData\Local\Temp\ccWbzqYW.s:374    .text._isatty:00000000 $t
C:\Users\Nina\AppData\Local\Temp\ccWbzqYW.s:381    .text._isatty:00000000 _isatty
C:\Users\Nina\AppData\Local\Temp\ccWbzqYW.s:399    .text._lseek:00000000 $t
C:\Users\Nina\AppData\Local\Temp\ccWbzqYW.s:406    .text._lseek:00000000 _lseek
C:\Users\Nina\AppData\Local\Temp\ccWbzqYW.s:424    .text._read:00000000 $t
C:\Users\Nina\AppData\Local\Temp\ccWbzqYW.s:431    .text._read:00000000 _read
C:\Users\Nina\AppData\Local\Temp\ccWbzqYW.s:486    .text._open:00000000 $t
C:\Users\Nina\AppData\Local\Temp\ccWbzqYW.s:493    .text._open:00000000 _open
C:\Users\Nina\AppData\Local\Temp\ccWbzqYW.s:524    .text._wait:00000000 $t
C:\Users\Nina\AppData\Local\Temp\ccWbzqYW.s:531    .text._wait:00000000 _wait
C:\Users\Nina\AppData\Local\Temp\ccWbzqYW.s:553    .text._wait:0000000c $d
C:\Users\Nina\AppData\Local\Temp\ccWbzqYW.s:558    .text._unlink:00000000 $t
C:\Users\Nina\AppData\Local\Temp\ccWbzqYW.s:565    .text._unlink:00000000 _unlink
C:\Users\Nina\AppData\Local\Temp\ccWbzqYW.s:587    .text._unlink:0000000c $d
C:\Users\Nina\AppData\Local\Temp\ccWbzqYW.s:592    .text._times:00000000 $t
C:\Users\Nina\AppData\Local\Temp\ccWbzqYW.s:599    .text._times:00000000 _times
C:\Users\Nina\AppData\Local\Temp\ccWbzqYW.s:617    .text._stat:00000000 $t
C:\Users\Nina\AppData\Local\Temp\ccWbzqYW.s:624    .text._stat:00000000 _stat
C:\Users\Nina\AppData\Local\Temp\ccWbzqYW.s:646    .text._link:00000000 $t
C:\Users\Nina\AppData\Local\Temp\ccWbzqYW.s:653    .text._link:00000000 _link
C:\Users\Nina\AppData\Local\Temp\ccWbzqYW.s:675    .text._link:0000000c $d
C:\Users\Nina\AppData\Local\Temp\ccWbzqYW.s:680    .text._fork:00000000 $t
C:\Users\Nina\AppData\Local\Temp\ccWbzqYW.s:687    .text._fork:00000000 _fork
C:\Users\Nina\AppData\Local\Temp\ccWbzqYW.s:706    .text._fork:0000000c $d
C:\Users\Nina\AppData\Local\Temp\ccWbzqYW.s:711    .text._execve:00000000 $t
C:\Users\Nina\AppData\Local\Temp\ccWbzqYW.s:718    .text._execve:00000000 _execve
C:\Users\Nina\AppData\Local\Temp\ccWbzqYW.s:742    .text._execve:0000000c $d
C:\Users\Nina\AppData\Local\Temp\ccWbzqYW.s:747    .bss.heap_end.13358:00000000 $d
C:\Users\Nina\AppData\Local\Temp\ccWbzqYW.s:751    .bss.heap_end.13358:00000000 heap_end.13358

UNDEFINED SYMBOLS
end
errno
__io_putchar
__io_getchar
ARM GAS  C:\Users\Nina\AppData\Local\Temp\ccWbzqYW.s 			page 20


