ARM GAS  C:\Users\Nina\AppData\Local\Temp\cc3PtcWZ.s 			page 1


   1              		.cpu cortex-m7
   2              		.eabi_attribute 27, 1
   3              		.eabi_attribute 28, 1
   4              		.eabi_attribute 20, 1
   5              		.eabi_attribute 21, 1
   6              		.eabi_attribute 23, 3
   7              		.eabi_attribute 24, 1
   8              		.eabi_attribute 25, 1
   9              		.eabi_attribute 26, 1
  10              		.eabi_attribute 30, 1
  11              		.eabi_attribute 34, 1
  12              		.eabi_attribute 18, 4
  13              		.file	"syscall.c"
  14              		.text
  15              	.Ltext0:
  16              		.cfi_sections	.debug_frame
  17              		.section	.text.ff_cre_syncobj,"ax",%progbits
  18              		.align	1
  19              		.global	ff_cre_syncobj
  20              		.arch armv7e-m
  21              		.syntax unified
  22              		.thumb
  23              		.thumb_func
  24              		.fpu fpv5-sp-d16
  26              	ff_cre_syncobj:
  27              	.LVL0:
  28              	.LFB143:
  29              		.file 1 "Middlewares/Third_Party/FatFs/src/option/syscall.c"
   1:Middlewares/Third_Party/FatFs/src/option/syscall.c **** /*------------------------------------------------------------------------*/
   2:Middlewares/Third_Party/FatFs/src/option/syscall.c **** /* Sample code of OS dependent controls for FatFs                         */
   3:Middlewares/Third_Party/FatFs/src/option/syscall.c **** /* (C)ChaN, 2014                                                          */
   4:Middlewares/Third_Party/FatFs/src/option/syscall.c **** /*   Portions COPYRIGHT 2017 STMicroelectronics                           */
   5:Middlewares/Third_Party/FatFs/src/option/syscall.c **** /*   Portions Copyright (C) 2014, ChaN, all right reserved                */
   6:Middlewares/Third_Party/FatFs/src/option/syscall.c **** /*------------------------------------------------------------------------*/
   7:Middlewares/Third_Party/FatFs/src/option/syscall.c **** 
   8:Middlewares/Third_Party/FatFs/src/option/syscall.c **** /**
   9:Middlewares/Third_Party/FatFs/src/option/syscall.c ****   ******************************************************************************
  10:Middlewares/Third_Party/FatFs/src/option/syscall.c ****   *
  11:Middlewares/Third_Party/FatFs/src/option/syscall.c ****   * <h2><center>&copy; Copyright (c) 2017 STMicroelectronics International N.V.
  12:Middlewares/Third_Party/FatFs/src/option/syscall.c ****   * All rights reserved.</center></h2>
  13:Middlewares/Third_Party/FatFs/src/option/syscall.c ****   *
  14:Middlewares/Third_Party/FatFs/src/option/syscall.c ****   * Redistribution and use in source and binary forms, with or without
  15:Middlewares/Third_Party/FatFs/src/option/syscall.c ****   * modification, are permitted, provided that the following conditions are met:
  16:Middlewares/Third_Party/FatFs/src/option/syscall.c ****   *
  17:Middlewares/Third_Party/FatFs/src/option/syscall.c ****   * 1. Redistribution of source code must retain the above copyright notice,
  18:Middlewares/Third_Party/FatFs/src/option/syscall.c ****   *    this list of conditions and the following disclaimer.
  19:Middlewares/Third_Party/FatFs/src/option/syscall.c ****   * 2. Redistributions in binary form must reproduce the above copyright notice,
  20:Middlewares/Third_Party/FatFs/src/option/syscall.c ****   *    this list of conditions and the following disclaimer in the documentation
  21:Middlewares/Third_Party/FatFs/src/option/syscall.c ****   *    and/or other materials provided with the distribution.
  22:Middlewares/Third_Party/FatFs/src/option/syscall.c ****   * 3. Neither the name of STMicroelectronics nor the names of other
  23:Middlewares/Third_Party/FatFs/src/option/syscall.c ****   *    contributors to this software may be used to endorse or promote products
  24:Middlewares/Third_Party/FatFs/src/option/syscall.c ****   *    derived from this software without specific written permission.
  25:Middlewares/Third_Party/FatFs/src/option/syscall.c ****   * 4. This software, including modifications and/or derivative works of this
  26:Middlewares/Third_Party/FatFs/src/option/syscall.c ****   *    software, must execute solely and exclusively on microcontroller or
  27:Middlewares/Third_Party/FatFs/src/option/syscall.c ****   *    microprocessor devices manufactured by or for STMicroelectronics.
  28:Middlewares/Third_Party/FatFs/src/option/syscall.c ****   * 5. Redistribution and use of this software other than as permitted under
  29:Middlewares/Third_Party/FatFs/src/option/syscall.c ****   *    this license is void and will automatically terminate your rights under
ARM GAS  C:\Users\Nina\AppData\Local\Temp\cc3PtcWZ.s 			page 2


  30:Middlewares/Third_Party/FatFs/src/option/syscall.c ****   *    this license.
  31:Middlewares/Third_Party/FatFs/src/option/syscall.c ****   *
  32:Middlewares/Third_Party/FatFs/src/option/syscall.c ****   * THIS SOFTWARE IS PROVIDED BY STMICROELECTRONICS AND CONTRIBUTORS "AS IS"
  33:Middlewares/Third_Party/FatFs/src/option/syscall.c ****   * AND ANY EXPRESS, IMPLIED OR STATUTORY WARRANTIES, INCLUDING, BUT NOT
  34:Middlewares/Third_Party/FatFs/src/option/syscall.c ****   * LIMITED TO, THE IMPLIED WARRANTIES OF MERCHANTABILITY, FITNESS FOR A
  35:Middlewares/Third_Party/FatFs/src/option/syscall.c ****   * PARTICULAR PURPOSE AND NON-INFRINGEMENT OF THIRD PARTY INTELLECTUAL PROPERTY
  36:Middlewares/Third_Party/FatFs/src/option/syscall.c ****   * RIGHTS ARE DISCLAIMED TO THE FULLEST EXTENT PERMITTED BY LAW. IN NO EVENT
  37:Middlewares/Third_Party/FatFs/src/option/syscall.c ****   * SHALL STMICROELECTRONICS OR CONTRIBUTORS BE LIABLE FOR ANY DIRECT, INDIRECT,
  38:Middlewares/Third_Party/FatFs/src/option/syscall.c ****   * INCIDENTAL, SPECIAL, EXEMPLARY, OR CONSEQUENTIAL DAMAGES (INCLUDING, BUT NOT
  39:Middlewares/Third_Party/FatFs/src/option/syscall.c ****   * LIMITED TO, PROCUREMENT OF SUBSTITUTE GOODS OR SERVICES; LOSS OF USE, DATA,
  40:Middlewares/Third_Party/FatFs/src/option/syscall.c ****   * OR PROFITS; OR BUSINESS INTERRUPTION) HOWEVER CAUSED AND ON ANY THEORY OF
  41:Middlewares/Third_Party/FatFs/src/option/syscall.c ****   * LIABILITY, WHETHER IN CONTRACT, STRICT LIABILITY, OR TORT (INCLUDING
  42:Middlewares/Third_Party/FatFs/src/option/syscall.c ****   * NEGLIGENCE OR OTHERWISE) ARISING IN ANY WAY OUT OF THE USE OF THIS SOFTWARE,
  43:Middlewares/Third_Party/FatFs/src/option/syscall.c ****   * EVEN IF ADVISED OF THE POSSIBILITY OF SUCH DAMAGE.
  44:Middlewares/Third_Party/FatFs/src/option/syscall.c ****   *
  45:Middlewares/Third_Party/FatFs/src/option/syscall.c ****   ******************************************************************************
  46:Middlewares/Third_Party/FatFs/src/option/syscall.c ****   */
  47:Middlewares/Third_Party/FatFs/src/option/syscall.c **** 
  48:Middlewares/Third_Party/FatFs/src/option/syscall.c **** 
  49:Middlewares/Third_Party/FatFs/src/option/syscall.c **** 
  50:Middlewares/Third_Party/FatFs/src/option/syscall.c **** #include "../ff.h"
  51:Middlewares/Third_Party/FatFs/src/option/syscall.c **** 
  52:Middlewares/Third_Party/FatFs/src/option/syscall.c **** 
  53:Middlewares/Third_Party/FatFs/src/option/syscall.c **** #if _FS_REENTRANT
  54:Middlewares/Third_Party/FatFs/src/option/syscall.c **** /*------------------------------------------------------------------------*/
  55:Middlewares/Third_Party/FatFs/src/option/syscall.c **** /* Create a Synchronization Object                                        */
  56:Middlewares/Third_Party/FatFs/src/option/syscall.c **** /*------------------------------------------------------------------------*/
  57:Middlewares/Third_Party/FatFs/src/option/syscall.c **** /* This function is called in f_mount() function to create a new
  58:Middlewares/Third_Party/FatFs/src/option/syscall.c **** /  synchronization object, such as semaphore and mutex. When a 0 is returned,
  59:Middlewares/Third_Party/FatFs/src/option/syscall.c **** /  the f_mount() function fails with FR_INT_ERR.
  60:Middlewares/Third_Party/FatFs/src/option/syscall.c **** */
  61:Middlewares/Third_Party/FatFs/src/option/syscall.c **** 
  62:Middlewares/Third_Party/FatFs/src/option/syscall.c **** int ff_cre_syncobj (	/* 1:Function succeeded, 0:Could not create the sync object */
  63:Middlewares/Third_Party/FatFs/src/option/syscall.c **** 	BYTE vol,			/* Corresponding volume (logical drive number) */
  64:Middlewares/Third_Party/FatFs/src/option/syscall.c **** 	_SYNC_t *sobj		/* Pointer to return the created sync object */
  65:Middlewares/Third_Party/FatFs/src/option/syscall.c **** )
  66:Middlewares/Third_Party/FatFs/src/option/syscall.c **** {
  30              		.loc 1 66 1 view -0
  31              		.cfi_startproc
  32              		@ args = 0, pretend = 0, frame = 8
  33              		@ frame_needed = 0, uses_anonymous_args = 0
  34              		.loc 1 66 1 is_stmt 0 view .LVU1
  35 0000 10B5     		push	{r4, lr}
  36              	.LCFI0:
  37              		.cfi_def_cfa_offset 8
  38              		.cfi_offset 4, -8
  39              		.cfi_offset 14, -4
  40 0002 82B0     		sub	sp, sp, #8
  41              	.LCFI1:
  42              		.cfi_def_cfa_offset 16
  43 0004 0C46     		mov	r4, r1
  67:Middlewares/Third_Party/FatFs/src/option/syscall.c **** 
  68:Middlewares/Third_Party/FatFs/src/option/syscall.c ****     int ret;
  44              		.loc 1 68 5 is_stmt 1 view .LVU2
  69:Middlewares/Third_Party/FatFs/src/option/syscall.c **** 
  70:Middlewares/Third_Party/FatFs/src/option/syscall.c ****     osSemaphoreDef(SEM);
  45              		.loc 1 70 5 view .LVU3
ARM GAS  C:\Users\Nina\AppData\Local\Temp\cc3PtcWZ.s 			page 3


  46 0006 0023     		movs	r3, #0
  47 0008 0193     		str	r3, [sp, #4]
  71:Middlewares/Third_Party/FatFs/src/option/syscall.c ****     *sobj = osSemaphoreCreate(osSemaphore(SEM), 1);
  48              		.loc 1 71 5 view .LVU4
  49              		.loc 1 71 13 is_stmt 0 view .LVU5
  50 000a 0121     		movs	r1, #1
  51              	.LVL1:
  52              		.loc 1 71 13 view .LVU6
  53 000c 01A8     		add	r0, sp, #4
  54              	.LVL2:
  55              		.loc 1 71 13 view .LVU7
  56 000e FFF7FEFF 		bl	osSemaphoreCreate
  57              	.LVL3:
  58              		.loc 1 71 11 view .LVU8
  59 0012 2060     		str	r0, [r4]
  72:Middlewares/Third_Party/FatFs/src/option/syscall.c ****     ret = (*sobj != NULL);
  60              		.loc 1 72 5 is_stmt 1 view .LVU9
  61              	.LVL4:
  73:Middlewares/Third_Party/FatFs/src/option/syscall.c **** 
  74:Middlewares/Third_Party/FatFs/src/option/syscall.c ****     return ret;
  62              		.loc 1 74 5 view .LVU10
  75:Middlewares/Third_Party/FatFs/src/option/syscall.c **** }
  63              		.loc 1 75 1 is_stmt 0 view .LVU11
  64 0014 0038     		subs	r0, r0, #0
  65              	.LVL5:
  66              		.loc 1 75 1 view .LVU12
  67 0016 18BF     		it	ne
  68 0018 0120     		movne	r0, #1
  69 001a 02B0     		add	sp, sp, #8
  70              	.LCFI2:
  71              		.cfi_def_cfa_offset 8
  72              		@ sp needed
  73 001c 10BD     		pop	{r4, pc}
  74              		.loc 1 75 1 view .LVU13
  75              		.cfi_endproc
  76              	.LFE143:
  78              		.section	.text.ff_del_syncobj,"ax",%progbits
  79              		.align	1
  80              		.global	ff_del_syncobj
  81              		.syntax unified
  82              		.thumb
  83              		.thumb_func
  84              		.fpu fpv5-sp-d16
  86              	ff_del_syncobj:
  87              	.LVL6:
  88              	.LFB144:
  76:Middlewares/Third_Party/FatFs/src/option/syscall.c **** 
  77:Middlewares/Third_Party/FatFs/src/option/syscall.c **** 
  78:Middlewares/Third_Party/FatFs/src/option/syscall.c **** 
  79:Middlewares/Third_Party/FatFs/src/option/syscall.c **** /*------------------------------------------------------------------------*/
  80:Middlewares/Third_Party/FatFs/src/option/syscall.c **** /* Delete a Synchronization Object                                        */
  81:Middlewares/Third_Party/FatFs/src/option/syscall.c **** /*------------------------------------------------------------------------*/
  82:Middlewares/Third_Party/FatFs/src/option/syscall.c **** /* This function is called in f_mount() function to delete a synchronization
  83:Middlewares/Third_Party/FatFs/src/option/syscall.c **** /  object that created with ff_cre_syncobj() function. When a 0 is returned,
  84:Middlewares/Third_Party/FatFs/src/option/syscall.c **** /  the f_mount() function fails with FR_INT_ERR.
  85:Middlewares/Third_Party/FatFs/src/option/syscall.c **** */
  86:Middlewares/Third_Party/FatFs/src/option/syscall.c **** 
ARM GAS  C:\Users\Nina\AppData\Local\Temp\cc3PtcWZ.s 			page 4


  87:Middlewares/Third_Party/FatFs/src/option/syscall.c **** int ff_del_syncobj (	/* 1:Function succeeded, 0:Could not delete due to any error */
  88:Middlewares/Third_Party/FatFs/src/option/syscall.c **** 	_SYNC_t sobj		/* Sync object tied to the logical drive to be deleted */
  89:Middlewares/Third_Party/FatFs/src/option/syscall.c **** )
  90:Middlewares/Third_Party/FatFs/src/option/syscall.c **** {
  89              		.loc 1 90 1 is_stmt 1 view -0
  90              		.cfi_startproc
  91              		@ args = 0, pretend = 0, frame = 0
  92              		@ frame_needed = 0, uses_anonymous_args = 0
  93              		.loc 1 90 1 is_stmt 0 view .LVU15
  94 0000 08B5     		push	{r3, lr}
  95              	.LCFI3:
  96              		.cfi_def_cfa_offset 8
  97              		.cfi_offset 3, -8
  98              		.cfi_offset 14, -4
  91:Middlewares/Third_Party/FatFs/src/option/syscall.c ****     osSemaphoreDelete (sobj);
  99              		.loc 1 91 5 is_stmt 1 view .LVU16
 100 0002 FFF7FEFF 		bl	osSemaphoreDelete
 101              	.LVL7:
  92:Middlewares/Third_Party/FatFs/src/option/syscall.c ****     return 1;
 102              		.loc 1 92 5 view .LVU17
  93:Middlewares/Third_Party/FatFs/src/option/syscall.c **** }
 103              		.loc 1 93 1 is_stmt 0 view .LVU18
 104 0006 0120     		movs	r0, #1
 105 0008 08BD     		pop	{r3, pc}
 106              		.cfi_endproc
 107              	.LFE144:
 109              		.section	.text.ff_req_grant,"ax",%progbits
 110              		.align	1
 111              		.global	ff_req_grant
 112              		.syntax unified
 113              		.thumb
 114              		.thumb_func
 115              		.fpu fpv5-sp-d16
 117              	ff_req_grant:
 118              	.LVL8:
 119              	.LFB145:
  94:Middlewares/Third_Party/FatFs/src/option/syscall.c **** 
  95:Middlewares/Third_Party/FatFs/src/option/syscall.c **** 
  96:Middlewares/Third_Party/FatFs/src/option/syscall.c **** 
  97:Middlewares/Third_Party/FatFs/src/option/syscall.c **** /*------------------------------------------------------------------------*/
  98:Middlewares/Third_Party/FatFs/src/option/syscall.c **** /* Request Grant to Access the Volume                                     */
  99:Middlewares/Third_Party/FatFs/src/option/syscall.c **** /*------------------------------------------------------------------------*/
 100:Middlewares/Third_Party/FatFs/src/option/syscall.c **** /* This function is called on entering file functions to lock the volume.
 101:Middlewares/Third_Party/FatFs/src/option/syscall.c **** /  When a 0 is returned, the file function fails with FR_TIMEOUT.
 102:Middlewares/Third_Party/FatFs/src/option/syscall.c **** */
 103:Middlewares/Third_Party/FatFs/src/option/syscall.c **** 
 104:Middlewares/Third_Party/FatFs/src/option/syscall.c **** int ff_req_grant (	/* 1:Got a grant to access the volume, 0:Could not get a grant */
 105:Middlewares/Third_Party/FatFs/src/option/syscall.c **** 	_SYNC_t sobj	/* Sync object to wait */
 106:Middlewares/Third_Party/FatFs/src/option/syscall.c **** )
 107:Middlewares/Third_Party/FatFs/src/option/syscall.c **** {
 120              		.loc 1 107 1 is_stmt 1 view -0
 121              		.cfi_startproc
 122              		@ args = 0, pretend = 0, frame = 0
 123              		@ frame_needed = 0, uses_anonymous_args = 0
 124              		.loc 1 107 1 is_stmt 0 view .LVU20
 125 0000 08B5     		push	{r3, lr}
 126              	.LCFI4:
ARM GAS  C:\Users\Nina\AppData\Local\Temp\cc3PtcWZ.s 			page 5


 127              		.cfi_def_cfa_offset 8
 128              		.cfi_offset 3, -8
 129              		.cfi_offset 14, -4
 108:Middlewares/Third_Party/FatFs/src/option/syscall.c ****   int ret = 0;
 130              		.loc 1 108 3 is_stmt 1 view .LVU21
 131              	.LVL9:
 109:Middlewares/Third_Party/FatFs/src/option/syscall.c **** 
 110:Middlewares/Third_Party/FatFs/src/option/syscall.c ****   if(osSemaphoreWait(sobj, _FS_TIMEOUT) == osOK)
 132              		.loc 1 110 3 view .LVU22
 133              		.loc 1 110 6 is_stmt 0 view .LVU23
 134 0002 4FF47A71 		mov	r1, #1000
 135 0006 FFF7FEFF 		bl	osSemaphoreWait
 136              	.LVL10:
 137              		.loc 1 110 5 view .LVU24
 138 000a 08B1     		cbz	r0, .L7
 108:Middlewares/Third_Party/FatFs/src/option/syscall.c ****   int ret = 0;
 139              		.loc 1 108 7 view .LVU25
 140 000c 0020     		movs	r0, #0
 141              	.LVL11:
 142              	.L5:
 111:Middlewares/Third_Party/FatFs/src/option/syscall.c ****   {
 112:Middlewares/Third_Party/FatFs/src/option/syscall.c ****     ret = 1;
 113:Middlewares/Third_Party/FatFs/src/option/syscall.c ****   }
 114:Middlewares/Third_Party/FatFs/src/option/syscall.c **** 
 115:Middlewares/Third_Party/FatFs/src/option/syscall.c ****   return ret;
 116:Middlewares/Third_Party/FatFs/src/option/syscall.c **** }
 143              		.loc 1 116 1 view .LVU26
 144 000e 08BD     		pop	{r3, pc}
 145              	.LVL12:
 146              	.L7:
 112:Middlewares/Third_Party/FatFs/src/option/syscall.c ****   }
 147              		.loc 1 112 9 view .LVU27
 148 0010 0120     		movs	r0, #1
 149              	.LVL13:
 115:Middlewares/Third_Party/FatFs/src/option/syscall.c **** }
 150              		.loc 1 115 3 is_stmt 1 view .LVU28
 115:Middlewares/Third_Party/FatFs/src/option/syscall.c **** }
 151              		.loc 1 115 10 is_stmt 0 view .LVU29
 152 0012 FCE7     		b	.L5
 153              		.cfi_endproc
 154              	.LFE145:
 156              		.section	.text.ff_rel_grant,"ax",%progbits
 157              		.align	1
 158              		.global	ff_rel_grant
 159              		.syntax unified
 160              		.thumb
 161              		.thumb_func
 162              		.fpu fpv5-sp-d16
 164              	ff_rel_grant:
 165              	.LVL14:
 166              	.LFB146:
 117:Middlewares/Third_Party/FatFs/src/option/syscall.c **** 
 118:Middlewares/Third_Party/FatFs/src/option/syscall.c **** 
 119:Middlewares/Third_Party/FatFs/src/option/syscall.c **** 
 120:Middlewares/Third_Party/FatFs/src/option/syscall.c **** /*------------------------------------------------------------------------*/
 121:Middlewares/Third_Party/FatFs/src/option/syscall.c **** /* Release Grant to Access the Volume                                     */
 122:Middlewares/Third_Party/FatFs/src/option/syscall.c **** /*------------------------------------------------------------------------*/
ARM GAS  C:\Users\Nina\AppData\Local\Temp\cc3PtcWZ.s 			page 6


 123:Middlewares/Third_Party/FatFs/src/option/syscall.c **** /* This function is called on leaving file functions to unlock the volume.
 124:Middlewares/Third_Party/FatFs/src/option/syscall.c **** */
 125:Middlewares/Third_Party/FatFs/src/option/syscall.c **** 
 126:Middlewares/Third_Party/FatFs/src/option/syscall.c **** void ff_rel_grant (
 127:Middlewares/Third_Party/FatFs/src/option/syscall.c **** 	_SYNC_t sobj	/* Sync object to be signaled */
 128:Middlewares/Third_Party/FatFs/src/option/syscall.c **** )
 129:Middlewares/Third_Party/FatFs/src/option/syscall.c **** {
 167              		.loc 1 129 1 is_stmt 1 view -0
 168              		.cfi_startproc
 169              		@ args = 0, pretend = 0, frame = 0
 170              		@ frame_needed = 0, uses_anonymous_args = 0
 171              		.loc 1 129 1 is_stmt 0 view .LVU31
 172 0000 08B5     		push	{r3, lr}
 173              	.LCFI5:
 174              		.cfi_def_cfa_offset 8
 175              		.cfi_offset 3, -8
 176              		.cfi_offset 14, -4
 130:Middlewares/Third_Party/FatFs/src/option/syscall.c ****   osSemaphoreRelease(sobj);
 177              		.loc 1 130 3 is_stmt 1 view .LVU32
 178 0002 FFF7FEFF 		bl	osSemaphoreRelease
 179              	.LVL15:
 131:Middlewares/Third_Party/FatFs/src/option/syscall.c **** }
 180              		.loc 1 131 1 is_stmt 0 view .LVU33
 181 0006 08BD     		pop	{r3, pc}
 182              		.cfi_endproc
 183              	.LFE146:
 185              		.section	.text.ff_memalloc,"ax",%progbits
 186              		.align	1
 187              		.global	ff_memalloc
 188              		.syntax unified
 189              		.thumb
 190              		.thumb_func
 191              		.fpu fpv5-sp-d16
 193              	ff_memalloc:
 194              	.LVL16:
 195              	.LFB147:
 132:Middlewares/Third_Party/FatFs/src/option/syscall.c **** 
 133:Middlewares/Third_Party/FatFs/src/option/syscall.c **** #endif
 134:Middlewares/Third_Party/FatFs/src/option/syscall.c **** 
 135:Middlewares/Third_Party/FatFs/src/option/syscall.c **** 
 136:Middlewares/Third_Party/FatFs/src/option/syscall.c **** 
 137:Middlewares/Third_Party/FatFs/src/option/syscall.c **** 
 138:Middlewares/Third_Party/FatFs/src/option/syscall.c **** #if _USE_LFN == 3	/* LFN with a working buffer on the heap */
 139:Middlewares/Third_Party/FatFs/src/option/syscall.c **** /*------------------------------------------------------------------------*/
 140:Middlewares/Third_Party/FatFs/src/option/syscall.c **** /* Allocate a memory block                                                */
 141:Middlewares/Third_Party/FatFs/src/option/syscall.c **** /*------------------------------------------------------------------------*/
 142:Middlewares/Third_Party/FatFs/src/option/syscall.c **** /* If a NULL is returned, the file function fails with FR_NOT_ENOUGH_CORE.
 143:Middlewares/Third_Party/FatFs/src/option/syscall.c **** */
 144:Middlewares/Third_Party/FatFs/src/option/syscall.c **** 
 145:Middlewares/Third_Party/FatFs/src/option/syscall.c **** void* ff_memalloc (	/* Returns pointer to the allocated memory block */
 146:Middlewares/Third_Party/FatFs/src/option/syscall.c **** 	UINT msize		/* Number of bytes to allocate */
 147:Middlewares/Third_Party/FatFs/src/option/syscall.c **** )
 148:Middlewares/Third_Party/FatFs/src/option/syscall.c **** {
 196              		.loc 1 148 1 is_stmt 1 view -0
 197              		.cfi_startproc
 198              		@ args = 0, pretend = 0, frame = 0
 199              		@ frame_needed = 0, uses_anonymous_args = 0
ARM GAS  C:\Users\Nina\AppData\Local\Temp\cc3PtcWZ.s 			page 7


 200              		.loc 1 148 1 is_stmt 0 view .LVU35
 201 0000 08B5     		push	{r3, lr}
 202              	.LCFI6:
 203              		.cfi_def_cfa_offset 8
 204              		.cfi_offset 3, -8
 205              		.cfi_offset 14, -4
 149:Middlewares/Third_Party/FatFs/src/option/syscall.c **** 	return ff_malloc(msize);	/* Allocate a new memory block with POSIX API */
 206              		.loc 1 149 2 is_stmt 1 view .LVU36
 207              		.loc 1 149 9 is_stmt 0 view .LVU37
 208 0002 FFF7FEFF 		bl	malloc
 209              	.LVL17:
 150:Middlewares/Third_Party/FatFs/src/option/syscall.c **** }
 210              		.loc 1 150 1 view .LVU38
 211 0006 08BD     		pop	{r3, pc}
 212              		.cfi_endproc
 213              	.LFE147:
 215              		.section	.text.ff_memfree,"ax",%progbits
 216              		.align	1
 217              		.global	ff_memfree
 218              		.syntax unified
 219              		.thumb
 220              		.thumb_func
 221              		.fpu fpv5-sp-d16
 223              	ff_memfree:
 224              	.LVL18:
 225              	.LFB148:
 151:Middlewares/Third_Party/FatFs/src/option/syscall.c **** 
 152:Middlewares/Third_Party/FatFs/src/option/syscall.c **** 
 153:Middlewares/Third_Party/FatFs/src/option/syscall.c **** /*------------------------------------------------------------------------*/
 154:Middlewares/Third_Party/FatFs/src/option/syscall.c **** /* Free a memory block                                                    */
 155:Middlewares/Third_Party/FatFs/src/option/syscall.c **** /*------------------------------------------------------------------------*/
 156:Middlewares/Third_Party/FatFs/src/option/syscall.c **** 
 157:Middlewares/Third_Party/FatFs/src/option/syscall.c **** void ff_memfree (
 158:Middlewares/Third_Party/FatFs/src/option/syscall.c **** 	void* mblock	/* Pointer to the memory block to free */
 159:Middlewares/Third_Party/FatFs/src/option/syscall.c **** )
 160:Middlewares/Third_Party/FatFs/src/option/syscall.c **** {
 226              		.loc 1 160 1 is_stmt 1 view -0
 227              		.cfi_startproc
 228              		@ args = 0, pretend = 0, frame = 0
 229              		@ frame_needed = 0, uses_anonymous_args = 0
 230              		.loc 1 160 1 is_stmt 0 view .LVU40
 231 0000 08B5     		push	{r3, lr}
 232              	.LCFI7:
 233              		.cfi_def_cfa_offset 8
 234              		.cfi_offset 3, -8
 235              		.cfi_offset 14, -4
 161:Middlewares/Third_Party/FatFs/src/option/syscall.c **** 	ff_free(mblock);	/* Discard the memory block with POSIX API */
 236              		.loc 1 161 2 is_stmt 1 view .LVU41
 237 0002 FFF7FEFF 		bl	free
 238              	.LVL19:
 162:Middlewares/Third_Party/FatFs/src/option/syscall.c **** }
 239              		.loc 1 162 1 is_stmt 0 view .LVU42
 240 0006 08BD     		pop	{r3, pc}
 241              		.cfi_endproc
 242              	.LFE148:
 244              		.text
 245              	.Letext0:
ARM GAS  C:\Users\Nina\AppData\Local\Temp\cc3PtcWZ.s 			page 8


 246              		.file 2 "Middlewares/Third_Party/FatFs/src/option/../integer.h"
 247              		.file 3 "c:\\program files (x86)\\gnu tools arm embedded\\9 2019-q4-major\\arm-none-eabi\\include\
 248              		.file 4 "c:\\program files (x86)\\gnu tools arm embedded\\9 2019-q4-major\\arm-none-eabi\\include\
 249              		.file 5 "Drivers/CMSIS/Include/core_cm7.h"
 250              		.file 6 "Drivers/CMSIS/Device/ST/STM32F7xx/Include/system_stm32f7xx.h"
 251              		.file 7 "c:\\program files (x86)\\gnu tools arm embedded\\9 2019-q4-major\\arm-none-eabi\\include\
 252              		.file 8 "c:\\program files (x86)\\gnu tools arm embedded\\9 2019-q4-major\\arm-none-eabi\\include\
 253              		.file 9 "c:\\program files (x86)\\gnu tools arm embedded\\9 2019-q4-major\\lib\\gcc\\arm-none-eabi
 254              		.file 10 "c:\\program files (x86)\\gnu tools arm embedded\\9 2019-q4-major\\arm-none-eabi\\include
 255              		.file 11 "Middlewares/Third_Party/FreeRTOS/Source/include/task.h"
 256              		.file 12 "Middlewares/Third_Party/FreeRTOS/Source/include/queue.h"
 257              		.file 13 "Middlewares/Third_Party/FreeRTOS/Source/include/semphr.h"
 258              		.file 14 "Middlewares/Third_Party/FreeRTOS/Source/CMSIS_RTOS/cmsis_os.h"
 259              		.file 15 "c:\\program files (x86)\\gnu tools arm embedded\\9 2019-q4-major\\arm-none-eabi\\include
 260              		.file 16 "Middlewares/ST/STM32_USB_Host_Library/Core/Inc/usbh_def.h"
 261              		.file 17 "Middlewares/ST/STM32_USB_Host_Library/Core/Inc/usbh_ctlreq.h"
 262              		.file 18 "Middlewares/ST/STM32_USB_Host_Library/Class/MSC/Inc/usbh_msc.h"
ARM GAS  C:\Users\Nina\AppData\Local\Temp\cc3PtcWZ.s 			page 9


DEFINED SYMBOLS
                            *ABS*:00000000 syscall.c
C:\Users\Nina\AppData\Local\Temp\cc3PtcWZ.s:18     .text.ff_cre_syncobj:00000000 $t
C:\Users\Nina\AppData\Local\Temp\cc3PtcWZ.s:26     .text.ff_cre_syncobj:00000000 ff_cre_syncobj
C:\Users\Nina\AppData\Local\Temp\cc3PtcWZ.s:79     .text.ff_del_syncobj:00000000 $t
C:\Users\Nina\AppData\Local\Temp\cc3PtcWZ.s:86     .text.ff_del_syncobj:00000000 ff_del_syncobj
C:\Users\Nina\AppData\Local\Temp\cc3PtcWZ.s:110    .text.ff_req_grant:00000000 $t
C:\Users\Nina\AppData\Local\Temp\cc3PtcWZ.s:117    .text.ff_req_grant:00000000 ff_req_grant
C:\Users\Nina\AppData\Local\Temp\cc3PtcWZ.s:157    .text.ff_rel_grant:00000000 $t
C:\Users\Nina\AppData\Local\Temp\cc3PtcWZ.s:164    .text.ff_rel_grant:00000000 ff_rel_grant
C:\Users\Nina\AppData\Local\Temp\cc3PtcWZ.s:186    .text.ff_memalloc:00000000 $t
C:\Users\Nina\AppData\Local\Temp\cc3PtcWZ.s:193    .text.ff_memalloc:00000000 ff_memalloc
C:\Users\Nina\AppData\Local\Temp\cc3PtcWZ.s:216    .text.ff_memfree:00000000 $t
C:\Users\Nina\AppData\Local\Temp\cc3PtcWZ.s:223    .text.ff_memfree:00000000 ff_memfree

UNDEFINED SYMBOLS
osSemaphoreCreate
osSemaphoreDelete
osSemaphoreWait
osSemaphoreRelease
malloc
free
