ARM GAS  C:\Users\Nina\AppData\Local\Temp\ccjZm2Iy.s 			page 1


   1              		.cpu cortex-m7
   2              		.eabi_attribute 27, 1
   3              		.eabi_attribute 28, 1
   4              		.eabi_attribute 20, 1
   5              		.eabi_attribute 21, 1
   6              		.eabi_attribute 23, 3
   7              		.eabi_attribute 24, 1
   8              		.eabi_attribute 25, 1
   9              		.eabi_attribute 26, 1
  10              		.eabi_attribute 30, 1
  11              		.eabi_attribute 34, 1
  12              		.eabi_attribute 18, 4
  13              		.file	"usb_host.c"
  14              		.text
  15              	.Ltext0:
  16              		.cfi_sections	.debug_frame
  17              		.section	.text.USBH_UserProcess,"ax",%progbits
  18              		.align	1
  19              		.arch armv7e-m
  20              		.syntax unified
  21              		.thumb
  22              		.thumb_func
  23              		.fpu fpv5-sp-d16
  25              	USBH_UserProcess:
  26              	.LVL0:
  27              	.LFB144:
  28              		.file 1 "Src/usb_host.c"
   1:Src/usb_host.c **** /**
   2:Src/usb_host.c ****   ******************************************************************************
   3:Src/usb_host.c ****   * @file            : usb_host.c
   4:Src/usb_host.c ****   * @version         : v1.0_Cube
   5:Src/usb_host.c ****   * @brief           : This file implements the USB Host
   6:Src/usb_host.c ****   ******************************************************************************
   7:Src/usb_host.c ****   * This notice applies to any and all portions of this file
   8:Src/usb_host.c ****   * that are not between comment pairs USER CODE BEGIN and
   9:Src/usb_host.c ****   * USER CODE END. Other portions of this file, whether 
  10:Src/usb_host.c ****   * inserted by the user or by software development tools
  11:Src/usb_host.c ****   * are owned by their respective copyright owners.
  12:Src/usb_host.c ****   *
  13:Src/usb_host.c ****   * Copyright (c) 2018 STMicroelectronics International N.V. 
  14:Src/usb_host.c ****   * All rights reserved.
  15:Src/usb_host.c ****   *
  16:Src/usb_host.c ****   * Redistribution and use in source and binary forms, with or without 
  17:Src/usb_host.c ****   * modification, are permitted, provided that the following conditions are met:
  18:Src/usb_host.c ****   *
  19:Src/usb_host.c ****   * 1. Redistribution of source code must retain the above copyright notice, 
  20:Src/usb_host.c ****   *    this list of conditions and the following disclaimer.
  21:Src/usb_host.c ****   * 2. Redistributions in binary form must reproduce the above copyright notice,
  22:Src/usb_host.c ****   *    this list of conditions and the following disclaimer in the documentation
  23:Src/usb_host.c ****   *    and/or other materials provided with the distribution.
  24:Src/usb_host.c ****   * 3. Neither the name of STMicroelectronics nor the names of other 
  25:Src/usb_host.c ****   *    contributors to this software may be used to endorse or promote products 
  26:Src/usb_host.c ****   *    derived from this software without specific written permission.
  27:Src/usb_host.c ****   * 4. This software, including modifications and/or derivative works of this 
  28:Src/usb_host.c ****   *    software, must execute solely and exclusively on microcontroller or
  29:Src/usb_host.c ****   *    microprocessor devices manufactured by or for STMicroelectronics.
  30:Src/usb_host.c ****   * 5. Redistribution and use of this software other than as permitted under 
ARM GAS  C:\Users\Nina\AppData\Local\Temp\ccjZm2Iy.s 			page 2


  31:Src/usb_host.c ****   *    this license is void and will automatically terminate your rights under 
  32:Src/usb_host.c ****   *    this license. 
  33:Src/usb_host.c ****   *
  34:Src/usb_host.c ****   * THIS SOFTWARE IS PROVIDED BY STMICROELECTRONICS AND CONTRIBUTORS "AS IS" 
  35:Src/usb_host.c ****   * AND ANY EXPRESS, IMPLIED OR STATUTORY WARRANTIES, INCLUDING, BUT NOT 
  36:Src/usb_host.c ****   * LIMITED TO, THE IMPLIED WARRANTIES OF MERCHANTABILITY, FITNESS FOR A 
  37:Src/usb_host.c ****   * PARTICULAR PURPOSE AND NON-INFRINGEMENT OF THIRD PARTY INTELLECTUAL PROPERTY
  38:Src/usb_host.c ****   * RIGHTS ARE DISCLAIMED TO THE FULLEST EXTENT PERMITTED BY LAW. IN NO EVENT 
  39:Src/usb_host.c ****   * SHALL STMICROELECTRONICS OR CONTRIBUTORS BE LIABLE FOR ANY DIRECT, INDIRECT,
  40:Src/usb_host.c ****   * INCIDENTAL, SPECIAL, EXEMPLARY, OR CONSEQUENTIAL DAMAGES (INCLUDING, BUT NOT
  41:Src/usb_host.c ****   * LIMITED TO, PROCUREMENT OF SUBSTITUTE GOODS OR SERVICES; LOSS OF USE, DATA, 
  42:Src/usb_host.c ****   * OR PROFITS; OR BUSINESS INTERRUPTION) HOWEVER CAUSED AND ON ANY THEORY OF 
  43:Src/usb_host.c ****   * LIABILITY, WHETHER IN CONTRACT, STRICT LIABILITY, OR TORT (INCLUDING 
  44:Src/usb_host.c ****   * NEGLIGENCE OR OTHERWISE) ARISING IN ANY WAY OUT OF THE USE OF THIS SOFTWARE,
  45:Src/usb_host.c ****   * EVEN IF ADVISED OF THE POSSIBILITY OF SUCH DAMAGE.
  46:Src/usb_host.c ****   *
  47:Src/usb_host.c ****   ******************************************************************************
  48:Src/usb_host.c ****   */
  49:Src/usb_host.c **** 
  50:Src/usb_host.c **** /* Includes ------------------------------------------------------------------*/
  51:Src/usb_host.c **** 
  52:Src/usb_host.c **** #include "usb_host.h"
  53:Src/usb_host.c **** #include "usbh_core.h"
  54:Src/usb_host.c **** #include "usbh_msc.h"
  55:Src/usb_host.c **** 
  56:Src/usb_host.c **** /* USER CODE BEGIN Includes */
  57:Src/usb_host.c **** 
  58:Src/usb_host.c **** /* USER CODE END Includes */
  59:Src/usb_host.c **** 
  60:Src/usb_host.c **** /* USER CODE BEGIN PV */
  61:Src/usb_host.c **** /* Private variables ---------------------------------------------------------*/
  62:Src/usb_host.c **** 
  63:Src/usb_host.c **** /* USER CODE END PV */
  64:Src/usb_host.c **** 
  65:Src/usb_host.c **** /* USER CODE BEGIN PFP */
  66:Src/usb_host.c **** /* Private function prototypes -----------------------------------------------*/
  67:Src/usb_host.c **** 
  68:Src/usb_host.c **** /* USER CODE END PFP */
  69:Src/usb_host.c **** 
  70:Src/usb_host.c **** /* USB Host core handle declaration */
  71:Src/usb_host.c **** USBH_HandleTypeDef hUsbHostFS;
  72:Src/usb_host.c **** ApplicationTypeDef Appli_state = APPLICATION_IDLE;
  73:Src/usb_host.c **** 
  74:Src/usb_host.c **** /*
  75:Src/usb_host.c ****  * -- Insert your variables declaration here --
  76:Src/usb_host.c ****  */
  77:Src/usb_host.c **** /* USER CODE BEGIN 0 */
  78:Src/usb_host.c **** 
  79:Src/usb_host.c **** /* USER CODE END 0 */
  80:Src/usb_host.c **** 
  81:Src/usb_host.c **** /*
  82:Src/usb_host.c ****  * user callback declaration
  83:Src/usb_host.c ****  */
  84:Src/usb_host.c **** static void USBH_UserProcess(USBH_HandleTypeDef *phost, uint8_t id);
  85:Src/usb_host.c **** 
  86:Src/usb_host.c **** /*
  87:Src/usb_host.c ****  * -- Insert your external function declaration here --
ARM GAS  C:\Users\Nina\AppData\Local\Temp\ccjZm2Iy.s 			page 3


  88:Src/usb_host.c ****  */
  89:Src/usb_host.c **** /* USER CODE BEGIN 1 */
  90:Src/usb_host.c **** 
  91:Src/usb_host.c **** /* USER CODE END 1 */
  92:Src/usb_host.c **** 
  93:Src/usb_host.c **** /**
  94:Src/usb_host.c ****   * Init USB host library, add supported class and start the library
  95:Src/usb_host.c ****   * @retval None
  96:Src/usb_host.c ****   */
  97:Src/usb_host.c **** void MX_USB_HOST_Init(void)
  98:Src/usb_host.c **** {
  99:Src/usb_host.c ****   /* USER CODE BEGIN USB_HOST_Init_PreTreatment */
 100:Src/usb_host.c ****   
 101:Src/usb_host.c ****   /* USER CODE END USB_HOST_Init_PreTreatment */
 102:Src/usb_host.c ****   
 103:Src/usb_host.c ****   /* Init host Library, add supported class and start the library. */
 104:Src/usb_host.c ****   USBH_Init(&hUsbHostFS, USBH_UserProcess, HOST_FS);
 105:Src/usb_host.c **** 
 106:Src/usb_host.c ****   USBH_RegisterClass(&hUsbHostFS, USBH_MSC_CLASS);
 107:Src/usb_host.c **** 
 108:Src/usb_host.c ****   USBH_Start(&hUsbHostFS);
 109:Src/usb_host.c **** 
 110:Src/usb_host.c ****   /* USER CODE BEGIN USB_HOST_Init_PostTreatment */
 111:Src/usb_host.c ****   
 112:Src/usb_host.c ****   /* USER CODE END USB_HOST_Init_PostTreatment */
 113:Src/usb_host.c **** }
 114:Src/usb_host.c **** 
 115:Src/usb_host.c **** /*
 116:Src/usb_host.c ****  * user callback definition
 117:Src/usb_host.c ****  */
 118:Src/usb_host.c **** static void USBH_UserProcess  (USBH_HandleTypeDef *phost, uint8_t id)
 119:Src/usb_host.c **** {
  29              		.loc 1 119 1 view -0
  30              		.cfi_startproc
  31              		@ args = 0, pretend = 0, frame = 0
  32              		@ frame_needed = 0, uses_anonymous_args = 0
  33              		@ link register save eliminated.
 120:Src/usb_host.c ****   /* USER CODE BEGIN CALL_BACK_1 */
 121:Src/usb_host.c ****   switch(id)
  34              		.loc 1 121 3 view .LVU1
  35 0000 0429     		cmp	r1, #4
  36 0002 0CD0     		beq	.L2
  37 0004 0529     		cmp	r1, #5
  38 0006 02D0     		beq	.L3
  39 0008 0229     		cmp	r1, #2
  40 000a 04D0     		beq	.L6
  41              	.L1:
 122:Src/usb_host.c ****   {
 123:Src/usb_host.c ****   case HOST_USER_SELECT_CONFIGURATION:
 124:Src/usb_host.c ****   break;
 125:Src/usb_host.c **** 
 126:Src/usb_host.c ****   case HOST_USER_DISCONNECTION:
 127:Src/usb_host.c ****   Appli_state = APPLICATION_DISCONNECT;
 128:Src/usb_host.c ****   break;
 129:Src/usb_host.c **** 
 130:Src/usb_host.c ****   case HOST_USER_CLASS_ACTIVE:
 131:Src/usb_host.c ****   Appli_state = APPLICATION_READY;
ARM GAS  C:\Users\Nina\AppData\Local\Temp\ccjZm2Iy.s 			page 4


 132:Src/usb_host.c ****   break;
 133:Src/usb_host.c **** 
 134:Src/usb_host.c ****   case HOST_USER_CONNECTION:
 135:Src/usb_host.c ****   Appli_state = APPLICATION_START;
 136:Src/usb_host.c ****   break;
 137:Src/usb_host.c **** 
 138:Src/usb_host.c ****   default:
 139:Src/usb_host.c ****   break;
 140:Src/usb_host.c ****   }
 141:Src/usb_host.c ****   /* USER CODE END CALL_BACK_1 */
 142:Src/usb_host.c **** }
  42              		.loc 1 142 1 is_stmt 0 view .LVU2
  43 000c 7047     		bx	lr
  44              	.L3:
 127:Src/usb_host.c ****   break;
  45              		.loc 1 127 3 is_stmt 1 view .LVU3
 127:Src/usb_host.c ****   break;
  46              		.loc 1 127 15 is_stmt 0 view .LVU4
  47 000e 064B     		ldr	r3, .L7
  48 0010 0322     		movs	r2, #3
  49 0012 1A70     		strb	r2, [r3]
 128:Src/usb_host.c **** 
  50              		.loc 1 128 3 is_stmt 1 view .LVU5
  51 0014 7047     		bx	lr
  52              	.L6:
 131:Src/usb_host.c ****   break;
  53              		.loc 1 131 3 view .LVU6
 131:Src/usb_host.c ****   break;
  54              		.loc 1 131 15 is_stmt 0 view .LVU7
  55 0016 044B     		ldr	r3, .L7
  56 0018 0222     		movs	r2, #2
  57 001a 1A70     		strb	r2, [r3]
 132:Src/usb_host.c **** 
  58              		.loc 1 132 3 is_stmt 1 view .LVU8
  59 001c 7047     		bx	lr
  60              	.L2:
 135:Src/usb_host.c ****   break;
  61              		.loc 1 135 3 view .LVU9
 135:Src/usb_host.c ****   break;
  62              		.loc 1 135 15 is_stmt 0 view .LVU10
  63 001e 024B     		ldr	r3, .L7
  64 0020 0122     		movs	r2, #1
  65 0022 1A70     		strb	r2, [r3]
 136:Src/usb_host.c **** 
  66              		.loc 1 136 3 is_stmt 1 view .LVU11
  67              		.loc 1 142 1 is_stmt 0 view .LVU12
  68 0024 F2E7     		b	.L1
  69              	.L8:
  70 0026 00BF     		.align	2
  71              	.L7:
  72 0028 00000000 		.word	.LANCHOR0
  73              		.cfi_endproc
  74              	.LFE144:
  76              		.section	.text.MX_USB_HOST_Init,"ax",%progbits
  77              		.align	1
  78              		.global	MX_USB_HOST_Init
  79              		.syntax unified
ARM GAS  C:\Users\Nina\AppData\Local\Temp\ccjZm2Iy.s 			page 5


  80              		.thumb
  81              		.thumb_func
  82              		.fpu fpv5-sp-d16
  84              	MX_USB_HOST_Init:
  85              	.LFB143:
  98:Src/usb_host.c ****   /* USER CODE BEGIN USB_HOST_Init_PreTreatment */
  86              		.loc 1 98 1 is_stmt 1 view -0
  87              		.cfi_startproc
  88              		@ args = 0, pretend = 0, frame = 0
  89              		@ frame_needed = 0, uses_anonymous_args = 0
  90 0000 10B5     		push	{r4, lr}
  91              	.LCFI0:
  92              		.cfi_def_cfa_offset 8
  93              		.cfi_offset 4, -8
  94              		.cfi_offset 14, -4
 104:Src/usb_host.c **** 
  95              		.loc 1 104 3 view .LVU14
  96 0002 074C     		ldr	r4, .L11
  97 0004 0122     		movs	r2, #1
  98 0006 0749     		ldr	r1, .L11+4
  99 0008 2046     		mov	r0, r4
 100 000a FFF7FEFF 		bl	USBH_Init
 101              	.LVL1:
 106:Src/usb_host.c **** 
 102              		.loc 1 106 3 view .LVU15
 103 000e 0649     		ldr	r1, .L11+8
 104 0010 2046     		mov	r0, r4
 105 0012 FFF7FEFF 		bl	USBH_RegisterClass
 106              	.LVL2:
 108:Src/usb_host.c **** 
 107              		.loc 1 108 3 view .LVU16
 108 0016 2046     		mov	r0, r4
 109 0018 FFF7FEFF 		bl	USBH_Start
 110              	.LVL3:
 113:Src/usb_host.c **** 
 111              		.loc 1 113 1 is_stmt 0 view .LVU17
 112 001c 10BD     		pop	{r4, pc}
 113              	.L12:
 114 001e 00BF     		.align	2
 115              	.L11:
 116 0020 00000000 		.word	hUsbHostFS
 117 0024 00000000 		.word	USBH_UserProcess
 118 0028 00000000 		.word	USBH_msc
 119              		.cfi_endproc
 120              	.LFE143:
 122              		.global	Appli_state
 123              		.comm	hUsbHostFS,980,4
 124              		.section	.bss.Appli_state,"aw",%nobits
 125              		.set	.LANCHOR0,. + 0
 128              	Appli_state:
 129 0000 00       		.space	1
 130              		.text
 131              	.Letext0:
 132              		.file 2 "c:\\program files (x86)\\gnu tools arm embedded\\9 2019-q4-major\\arm-none-eabi\\include\
 133              		.file 3 "c:\\program files (x86)\\gnu tools arm embedded\\9 2019-q4-major\\arm-none-eabi\\include\
 134              		.file 4 "Drivers/CMSIS/Include/core_cm7.h"
 135              		.file 5 "Drivers/CMSIS/Device/ST/STM32F7xx/Include/system_stm32f7xx.h"
ARM GAS  C:\Users\Nina\AppData\Local\Temp\ccjZm2Iy.s 			page 6


 136              		.file 6 "c:\\program files (x86)\\gnu tools arm embedded\\9 2019-q4-major\\arm-none-eabi\\include\
 137              		.file 7 "c:\\program files (x86)\\gnu tools arm embedded\\9 2019-q4-major\\arm-none-eabi\\include\
 138              		.file 8 "c:\\program files (x86)\\gnu tools arm embedded\\9 2019-q4-major\\lib\\gcc\\arm-none-eabi
 139              		.file 9 "c:\\program files (x86)\\gnu tools arm embedded\\9 2019-q4-major\\arm-none-eabi\\include\
 140              		.file 10 "Inc/usb_host.h"
 141              		.file 11 "c:\\program files (x86)\\gnu tools arm embedded\\9 2019-q4-major\\arm-none-eabi\\include
 142              		.file 12 "Middlewares/Third_Party/FreeRTOS/Source/include/task.h"
 143              		.file 13 "Middlewares/Third_Party/FreeRTOS/Source/include/queue.h"
 144              		.file 14 "Middlewares/Third_Party/FreeRTOS/Source/CMSIS_RTOS/cmsis_os.h"
 145              		.file 15 "Middlewares/ST/STM32_USB_Host_Library/Core/Inc/usbh_def.h"
 146              		.file 16 "Middlewares/ST/STM32_USB_Host_Library/Core/Inc/usbh_ctlreq.h"
 147              		.file 17 "Middlewares/ST/STM32_USB_Host_Library/Class/MSC/Inc/usbh_msc.h"
 148              		.file 18 "Middlewares/ST/STM32_USB_Host_Library/Core/Inc/usbh_core.h"
ARM GAS  C:\Users\Nina\AppData\Local\Temp\ccjZm2Iy.s 			page 7


DEFINED SYMBOLS
                            *ABS*:00000000 usb_host.c
C:\Users\Nina\AppData\Local\Temp\ccjZm2Iy.s:18     .text.USBH_UserProcess:00000000 $t
C:\Users\Nina\AppData\Local\Temp\ccjZm2Iy.s:25     .text.USBH_UserProcess:00000000 USBH_UserProcess
C:\Users\Nina\AppData\Local\Temp\ccjZm2Iy.s:72     .text.USBH_UserProcess:00000028 $d
C:\Users\Nina\AppData\Local\Temp\ccjZm2Iy.s:77     .text.MX_USB_HOST_Init:00000000 $t
C:\Users\Nina\AppData\Local\Temp\ccjZm2Iy.s:84     .text.MX_USB_HOST_Init:00000000 MX_USB_HOST_Init
C:\Users\Nina\AppData\Local\Temp\ccjZm2Iy.s:116    .text.MX_USB_HOST_Init:00000020 $d
                            *COM*:000003d4 hUsbHostFS
C:\Users\Nina\AppData\Local\Temp\ccjZm2Iy.s:128    .bss.Appli_state:00000000 Appli_state
C:\Users\Nina\AppData\Local\Temp\ccjZm2Iy.s:129    .bss.Appli_state:00000000 $d

UNDEFINED SYMBOLS
USBH_Init
USBH_RegisterClass
USBH_Start
USBH_msc
