ARM GAS  C:\Users\Nina\AppData\Local\Temp\cc4BSNHS.s 			page 1


   1              		.cpu cortex-m7
   2              		.eabi_attribute 27, 1
   3              		.eabi_attribute 28, 1
   4              		.eabi_attribute 20, 1
   5              		.eabi_attribute 21, 1
   6              		.eabi_attribute 23, 3
   7              		.eabi_attribute 24, 1
   8              		.eabi_attribute 25, 1
   9              		.eabi_attribute 26, 1
  10              		.eabi_attribute 30, 1
  11              		.eabi_attribute 34, 1
  12              		.eabi_attribute 18, 4
  13              		.file	"usbh_pipes.c"
  14              		.text
  15              	.Ltext0:
  16              		.cfi_sections	.debug_frame
  17              		.section	.text.USBH_GetFreePipe,"ax",%progbits
  18              		.align	1
  19              		.arch armv7e-m
  20              		.syntax unified
  21              		.thumb
  22              		.thumb_func
  23              		.fpu fpv5-sp-d16
  25              	USBH_GetFreePipe:
  26              	.LVL0:
  27              	.LFB147:
  28              		.file 1 "Middlewares/ST/STM32_USB_Host_Library/Core/Src/usbh_pipes.c"
   1:Middlewares/ST/STM32_USB_Host_Library/Core/Src/usbh_pipes.c **** /**
   2:Middlewares/ST/STM32_USB_Host_Library/Core/Src/usbh_pipes.c ****   ******************************************************************************
   3:Middlewares/ST/STM32_USB_Host_Library/Core/Src/usbh_pipes.c ****   * @file    usbh_pipes.c
   4:Middlewares/ST/STM32_USB_Host_Library/Core/Src/usbh_pipes.c ****   * @author  MCD Application Team
   5:Middlewares/ST/STM32_USB_Host_Library/Core/Src/usbh_pipes.c ****   * @brief   This file implements functions for opening and closing Pipes
   6:Middlewares/ST/STM32_USB_Host_Library/Core/Src/usbh_pipes.c ****   ******************************************************************************
   7:Middlewares/ST/STM32_USB_Host_Library/Core/Src/usbh_pipes.c ****   * @attention
   8:Middlewares/ST/STM32_USB_Host_Library/Core/Src/usbh_pipes.c ****   *
   9:Middlewares/ST/STM32_USB_Host_Library/Core/Src/usbh_pipes.c ****   * <h2><center>&copy; Copyright (c) 2017 STMicroelectronics International N.V.
  10:Middlewares/ST/STM32_USB_Host_Library/Core/Src/usbh_pipes.c ****   * All rights reserved.</center></h2>
  11:Middlewares/ST/STM32_USB_Host_Library/Core/Src/usbh_pipes.c ****   *
  12:Middlewares/ST/STM32_USB_Host_Library/Core/Src/usbh_pipes.c ****   * Redistribution and use in source and binary forms, with or without
  13:Middlewares/ST/STM32_USB_Host_Library/Core/Src/usbh_pipes.c ****   * modification, are permitted, provided that the following conditions are met:
  14:Middlewares/ST/STM32_USB_Host_Library/Core/Src/usbh_pipes.c ****   *
  15:Middlewares/ST/STM32_USB_Host_Library/Core/Src/usbh_pipes.c ****   * 1. Redistribution of source code must retain the above copyright notice,
  16:Middlewares/ST/STM32_USB_Host_Library/Core/Src/usbh_pipes.c ****   *    this list of conditions and the following disclaimer.
  17:Middlewares/ST/STM32_USB_Host_Library/Core/Src/usbh_pipes.c ****   * 2. Redistributions in binary form must reproduce the above copyright notice,
  18:Middlewares/ST/STM32_USB_Host_Library/Core/Src/usbh_pipes.c ****   *    this list of conditions and the following disclaimer in the documentation
  19:Middlewares/ST/STM32_USB_Host_Library/Core/Src/usbh_pipes.c ****   *    and/or other materials provided with the distribution.
  20:Middlewares/ST/STM32_USB_Host_Library/Core/Src/usbh_pipes.c ****   * 3. Neither the name of STMicroelectronics nor the names of other
  21:Middlewares/ST/STM32_USB_Host_Library/Core/Src/usbh_pipes.c ****   *    contributors to this software may be used to endorse or promote products
  22:Middlewares/ST/STM32_USB_Host_Library/Core/Src/usbh_pipes.c ****   *    derived from this software without specific written permission.
  23:Middlewares/ST/STM32_USB_Host_Library/Core/Src/usbh_pipes.c ****   * 4. This software, including modifications and/or derivative works of this
  24:Middlewares/ST/STM32_USB_Host_Library/Core/Src/usbh_pipes.c ****   *    software, must execute solely and exclusively on microcontroller or
  25:Middlewares/ST/STM32_USB_Host_Library/Core/Src/usbh_pipes.c ****   *    microprocessor devices manufactured by or for STMicroelectronics.
  26:Middlewares/ST/STM32_USB_Host_Library/Core/Src/usbh_pipes.c ****   * 5. Redistribution and use of this software other than as permitted under
  27:Middlewares/ST/STM32_USB_Host_Library/Core/Src/usbh_pipes.c ****   *    this license is void and will automatically terminate your rights under
  28:Middlewares/ST/STM32_USB_Host_Library/Core/Src/usbh_pipes.c ****   *    this license.
  29:Middlewares/ST/STM32_USB_Host_Library/Core/Src/usbh_pipes.c ****   *
  30:Middlewares/ST/STM32_USB_Host_Library/Core/Src/usbh_pipes.c ****   * THIS SOFTWARE IS PROVIDED BY STMICROELECTRONICS AND CONTRIBUTORS "AS IS"
ARM GAS  C:\Users\Nina\AppData\Local\Temp\cc4BSNHS.s 			page 2


  31:Middlewares/ST/STM32_USB_Host_Library/Core/Src/usbh_pipes.c ****   * AND ANY EXPRESS, IMPLIED OR STATUTORY WARRANTIES, INCLUDING, BUT NOT
  32:Middlewares/ST/STM32_USB_Host_Library/Core/Src/usbh_pipes.c ****   * LIMITED TO, THE IMPLIED WARRANTIES OF MERCHANTABILITY, FITNESS FOR A
  33:Middlewares/ST/STM32_USB_Host_Library/Core/Src/usbh_pipes.c ****   * PARTICULAR PURPOSE AND NON-INFRINGEMENT OF THIRD PARTY INTELLECTUAL PROPERTY
  34:Middlewares/ST/STM32_USB_Host_Library/Core/Src/usbh_pipes.c ****   * RIGHTS ARE DISCLAIMED TO THE FULLEST EXTENT PERMITTED BY LAW. IN NO EVENT
  35:Middlewares/ST/STM32_USB_Host_Library/Core/Src/usbh_pipes.c ****   * SHALL STMICROELECTRONICS OR CONTRIBUTORS BE LIABLE FOR ANY DIRECT, INDIRECT,
  36:Middlewares/ST/STM32_USB_Host_Library/Core/Src/usbh_pipes.c ****   * INCIDENTAL, SPECIAL, EXEMPLARY, OR CONSEQUENTIAL DAMAGES (INCLUDING, BUT NOT
  37:Middlewares/ST/STM32_USB_Host_Library/Core/Src/usbh_pipes.c ****   * LIMITED TO, PROCUREMENT OF SUBSTITUTE GOODS OR SERVICES; LOSS OF USE, DATA,
  38:Middlewares/ST/STM32_USB_Host_Library/Core/Src/usbh_pipes.c ****   * OR PROFITS; OR BUSINESS INTERRUPTION) HOWEVER CAUSED AND ON ANY THEORY OF
  39:Middlewares/ST/STM32_USB_Host_Library/Core/Src/usbh_pipes.c ****   * LIABILITY, WHETHER IN CONTRACT, STRICT LIABILITY, OR TORT (INCLUDING
  40:Middlewares/ST/STM32_USB_Host_Library/Core/Src/usbh_pipes.c ****   * NEGLIGENCE OR OTHERWISE) ARISING IN ANY WAY OUT OF THE USE OF THIS SOFTWARE,
  41:Middlewares/ST/STM32_USB_Host_Library/Core/Src/usbh_pipes.c ****   * EVEN IF ADVISED OF THE POSSIBILITY OF SUCH DAMAGE.
  42:Middlewares/ST/STM32_USB_Host_Library/Core/Src/usbh_pipes.c ****   *
  43:Middlewares/ST/STM32_USB_Host_Library/Core/Src/usbh_pipes.c ****   ******************************************************************************
  44:Middlewares/ST/STM32_USB_Host_Library/Core/Src/usbh_pipes.c ****   */
  45:Middlewares/ST/STM32_USB_Host_Library/Core/Src/usbh_pipes.c **** 
  46:Middlewares/ST/STM32_USB_Host_Library/Core/Src/usbh_pipes.c **** /* Includes ------------------------------------------------------------------*/
  47:Middlewares/ST/STM32_USB_Host_Library/Core/Src/usbh_pipes.c **** #include "usbh_pipes.h"
  48:Middlewares/ST/STM32_USB_Host_Library/Core/Src/usbh_pipes.c **** 
  49:Middlewares/ST/STM32_USB_Host_Library/Core/Src/usbh_pipes.c **** /** @addtogroup USBH_LIB
  50:Middlewares/ST/STM32_USB_Host_Library/Core/Src/usbh_pipes.c ****   * @{
  51:Middlewares/ST/STM32_USB_Host_Library/Core/Src/usbh_pipes.c ****   */
  52:Middlewares/ST/STM32_USB_Host_Library/Core/Src/usbh_pipes.c **** 
  53:Middlewares/ST/STM32_USB_Host_Library/Core/Src/usbh_pipes.c **** /** @addtogroup USBH_LIB_CORE
  54:Middlewares/ST/STM32_USB_Host_Library/Core/Src/usbh_pipes.c **** * @{
  55:Middlewares/ST/STM32_USB_Host_Library/Core/Src/usbh_pipes.c **** */
  56:Middlewares/ST/STM32_USB_Host_Library/Core/Src/usbh_pipes.c **** 
  57:Middlewares/ST/STM32_USB_Host_Library/Core/Src/usbh_pipes.c **** /** @defgroup USBH_PIPES
  58:Middlewares/ST/STM32_USB_Host_Library/Core/Src/usbh_pipes.c ****   * @brief This file includes opening and closing Pipes
  59:Middlewares/ST/STM32_USB_Host_Library/Core/Src/usbh_pipes.c ****   * @{
  60:Middlewares/ST/STM32_USB_Host_Library/Core/Src/usbh_pipes.c ****   */
  61:Middlewares/ST/STM32_USB_Host_Library/Core/Src/usbh_pipes.c **** 
  62:Middlewares/ST/STM32_USB_Host_Library/Core/Src/usbh_pipes.c **** /** @defgroup USBH_PIPES_Private_Defines
  63:Middlewares/ST/STM32_USB_Host_Library/Core/Src/usbh_pipes.c ****   * @{
  64:Middlewares/ST/STM32_USB_Host_Library/Core/Src/usbh_pipes.c ****   */
  65:Middlewares/ST/STM32_USB_Host_Library/Core/Src/usbh_pipes.c **** /**
  66:Middlewares/ST/STM32_USB_Host_Library/Core/Src/usbh_pipes.c ****   * @}
  67:Middlewares/ST/STM32_USB_Host_Library/Core/Src/usbh_pipes.c ****   */
  68:Middlewares/ST/STM32_USB_Host_Library/Core/Src/usbh_pipes.c **** 
  69:Middlewares/ST/STM32_USB_Host_Library/Core/Src/usbh_pipes.c **** /** @defgroup USBH_PIPES_Private_TypesDefinitions
  70:Middlewares/ST/STM32_USB_Host_Library/Core/Src/usbh_pipes.c ****   * @{
  71:Middlewares/ST/STM32_USB_Host_Library/Core/Src/usbh_pipes.c ****   */
  72:Middlewares/ST/STM32_USB_Host_Library/Core/Src/usbh_pipes.c **** /**
  73:Middlewares/ST/STM32_USB_Host_Library/Core/Src/usbh_pipes.c ****   * @}
  74:Middlewares/ST/STM32_USB_Host_Library/Core/Src/usbh_pipes.c ****   */
  75:Middlewares/ST/STM32_USB_Host_Library/Core/Src/usbh_pipes.c **** 
  76:Middlewares/ST/STM32_USB_Host_Library/Core/Src/usbh_pipes.c **** 
  77:Middlewares/ST/STM32_USB_Host_Library/Core/Src/usbh_pipes.c **** /** @defgroup USBH_PIPES_Private_Macros
  78:Middlewares/ST/STM32_USB_Host_Library/Core/Src/usbh_pipes.c ****   * @{
  79:Middlewares/ST/STM32_USB_Host_Library/Core/Src/usbh_pipes.c ****   */
  80:Middlewares/ST/STM32_USB_Host_Library/Core/Src/usbh_pipes.c **** /**
  81:Middlewares/ST/STM32_USB_Host_Library/Core/Src/usbh_pipes.c ****   * @}
  82:Middlewares/ST/STM32_USB_Host_Library/Core/Src/usbh_pipes.c ****   */
  83:Middlewares/ST/STM32_USB_Host_Library/Core/Src/usbh_pipes.c **** 
  84:Middlewares/ST/STM32_USB_Host_Library/Core/Src/usbh_pipes.c **** 
  85:Middlewares/ST/STM32_USB_Host_Library/Core/Src/usbh_pipes.c **** /** @defgroup USBH_PIPES_Private_Variables
  86:Middlewares/ST/STM32_USB_Host_Library/Core/Src/usbh_pipes.c ****   * @{
  87:Middlewares/ST/STM32_USB_Host_Library/Core/Src/usbh_pipes.c ****   */
ARM GAS  C:\Users\Nina\AppData\Local\Temp\cc4BSNHS.s 			page 3


  88:Middlewares/ST/STM32_USB_Host_Library/Core/Src/usbh_pipes.c **** 
  89:Middlewares/ST/STM32_USB_Host_Library/Core/Src/usbh_pipes.c **** /**
  90:Middlewares/ST/STM32_USB_Host_Library/Core/Src/usbh_pipes.c ****   * @}
  91:Middlewares/ST/STM32_USB_Host_Library/Core/Src/usbh_pipes.c ****   */
  92:Middlewares/ST/STM32_USB_Host_Library/Core/Src/usbh_pipes.c **** 
  93:Middlewares/ST/STM32_USB_Host_Library/Core/Src/usbh_pipes.c **** 
  94:Middlewares/ST/STM32_USB_Host_Library/Core/Src/usbh_pipes.c **** /** @defgroup USBH_PIPES_Private_Functions
  95:Middlewares/ST/STM32_USB_Host_Library/Core/Src/usbh_pipes.c ****   * @{
  96:Middlewares/ST/STM32_USB_Host_Library/Core/Src/usbh_pipes.c ****   */
  97:Middlewares/ST/STM32_USB_Host_Library/Core/Src/usbh_pipes.c **** static uint16_t USBH_GetFreePipe (USBH_HandleTypeDef *phost);
  98:Middlewares/ST/STM32_USB_Host_Library/Core/Src/usbh_pipes.c **** 
  99:Middlewares/ST/STM32_USB_Host_Library/Core/Src/usbh_pipes.c **** 
 100:Middlewares/ST/STM32_USB_Host_Library/Core/Src/usbh_pipes.c **** /**
 101:Middlewares/ST/STM32_USB_Host_Library/Core/Src/usbh_pipes.c ****   * @brief  USBH_Open_Pipe
 102:Middlewares/ST/STM32_USB_Host_Library/Core/Src/usbh_pipes.c ****   *         Open a  pipe
 103:Middlewares/ST/STM32_USB_Host_Library/Core/Src/usbh_pipes.c ****   * @param  phost: Host Handle
 104:Middlewares/ST/STM32_USB_Host_Library/Core/Src/usbh_pipes.c ****   * @param  pipe_num: Pipe Number
 105:Middlewares/ST/STM32_USB_Host_Library/Core/Src/usbh_pipes.c ****   * @param  dev_address: USB Device address allocated to attached device
 106:Middlewares/ST/STM32_USB_Host_Library/Core/Src/usbh_pipes.c ****   * @param  speed : USB device speed (Full/Low)
 107:Middlewares/ST/STM32_USB_Host_Library/Core/Src/usbh_pipes.c ****   * @param  ep_type: end point type (Bulk/int/ctl)
 108:Middlewares/ST/STM32_USB_Host_Library/Core/Src/usbh_pipes.c ****   * @param  mps: max pkt size
 109:Middlewares/ST/STM32_USB_Host_Library/Core/Src/usbh_pipes.c ****   * @retval USBH Status
 110:Middlewares/ST/STM32_USB_Host_Library/Core/Src/usbh_pipes.c ****   */
 111:Middlewares/ST/STM32_USB_Host_Library/Core/Src/usbh_pipes.c **** USBH_StatusTypeDef USBH_OpenPipe  (USBH_HandleTypeDef *phost,
 112:Middlewares/ST/STM32_USB_Host_Library/Core/Src/usbh_pipes.c ****                             uint8_t pipe_num,
 113:Middlewares/ST/STM32_USB_Host_Library/Core/Src/usbh_pipes.c ****                             uint8_t epnum,
 114:Middlewares/ST/STM32_USB_Host_Library/Core/Src/usbh_pipes.c ****                             uint8_t dev_address,
 115:Middlewares/ST/STM32_USB_Host_Library/Core/Src/usbh_pipes.c ****                             uint8_t speed,
 116:Middlewares/ST/STM32_USB_Host_Library/Core/Src/usbh_pipes.c ****                             uint8_t ep_type,
 117:Middlewares/ST/STM32_USB_Host_Library/Core/Src/usbh_pipes.c ****                             uint16_t mps)
 118:Middlewares/ST/STM32_USB_Host_Library/Core/Src/usbh_pipes.c **** {
 119:Middlewares/ST/STM32_USB_Host_Library/Core/Src/usbh_pipes.c **** 
 120:Middlewares/ST/STM32_USB_Host_Library/Core/Src/usbh_pipes.c ****   USBH_LL_OpenPipe(phost,
 121:Middlewares/ST/STM32_USB_Host_Library/Core/Src/usbh_pipes.c ****                         pipe_num,
 122:Middlewares/ST/STM32_USB_Host_Library/Core/Src/usbh_pipes.c ****                         epnum,
 123:Middlewares/ST/STM32_USB_Host_Library/Core/Src/usbh_pipes.c ****                         dev_address,
 124:Middlewares/ST/STM32_USB_Host_Library/Core/Src/usbh_pipes.c ****                         speed,
 125:Middlewares/ST/STM32_USB_Host_Library/Core/Src/usbh_pipes.c ****                         ep_type,
 126:Middlewares/ST/STM32_USB_Host_Library/Core/Src/usbh_pipes.c ****                         mps);
 127:Middlewares/ST/STM32_USB_Host_Library/Core/Src/usbh_pipes.c **** 
 128:Middlewares/ST/STM32_USB_Host_Library/Core/Src/usbh_pipes.c ****   return USBH_OK;
 129:Middlewares/ST/STM32_USB_Host_Library/Core/Src/usbh_pipes.c **** 
 130:Middlewares/ST/STM32_USB_Host_Library/Core/Src/usbh_pipes.c **** }
 131:Middlewares/ST/STM32_USB_Host_Library/Core/Src/usbh_pipes.c **** 
 132:Middlewares/ST/STM32_USB_Host_Library/Core/Src/usbh_pipes.c **** /**
 133:Middlewares/ST/STM32_USB_Host_Library/Core/Src/usbh_pipes.c ****   * @brief  USBH_ClosePipe
 134:Middlewares/ST/STM32_USB_Host_Library/Core/Src/usbh_pipes.c ****   *         Close a  pipe
 135:Middlewares/ST/STM32_USB_Host_Library/Core/Src/usbh_pipes.c ****   * @param  phost: Host Handle
 136:Middlewares/ST/STM32_USB_Host_Library/Core/Src/usbh_pipes.c ****   * @param  pipe_num: Pipe Number
 137:Middlewares/ST/STM32_USB_Host_Library/Core/Src/usbh_pipes.c ****   * @retval USBH Status
 138:Middlewares/ST/STM32_USB_Host_Library/Core/Src/usbh_pipes.c ****   */
 139:Middlewares/ST/STM32_USB_Host_Library/Core/Src/usbh_pipes.c **** USBH_StatusTypeDef USBH_ClosePipe  (USBH_HandleTypeDef *phost,
 140:Middlewares/ST/STM32_USB_Host_Library/Core/Src/usbh_pipes.c ****                             uint8_t pipe_num)
 141:Middlewares/ST/STM32_USB_Host_Library/Core/Src/usbh_pipes.c **** {
 142:Middlewares/ST/STM32_USB_Host_Library/Core/Src/usbh_pipes.c **** 
 143:Middlewares/ST/STM32_USB_Host_Library/Core/Src/usbh_pipes.c ****   USBH_LL_ClosePipe(phost, pipe_num);
 144:Middlewares/ST/STM32_USB_Host_Library/Core/Src/usbh_pipes.c **** 
ARM GAS  C:\Users\Nina\AppData\Local\Temp\cc4BSNHS.s 			page 4


 145:Middlewares/ST/STM32_USB_Host_Library/Core/Src/usbh_pipes.c ****   return USBH_OK;
 146:Middlewares/ST/STM32_USB_Host_Library/Core/Src/usbh_pipes.c **** 
 147:Middlewares/ST/STM32_USB_Host_Library/Core/Src/usbh_pipes.c **** }
 148:Middlewares/ST/STM32_USB_Host_Library/Core/Src/usbh_pipes.c **** 
 149:Middlewares/ST/STM32_USB_Host_Library/Core/Src/usbh_pipes.c **** /**
 150:Middlewares/ST/STM32_USB_Host_Library/Core/Src/usbh_pipes.c ****   * @brief  USBH_Alloc_Pipe
 151:Middlewares/ST/STM32_USB_Host_Library/Core/Src/usbh_pipes.c ****   *         Allocate a new Pipe
 152:Middlewares/ST/STM32_USB_Host_Library/Core/Src/usbh_pipes.c ****   * @param  phost: Host Handle
 153:Middlewares/ST/STM32_USB_Host_Library/Core/Src/usbh_pipes.c ****   * @param  ep_addr: End point for which the Pipe to be allocated
 154:Middlewares/ST/STM32_USB_Host_Library/Core/Src/usbh_pipes.c ****   * @retval Pipe number
 155:Middlewares/ST/STM32_USB_Host_Library/Core/Src/usbh_pipes.c ****   */
 156:Middlewares/ST/STM32_USB_Host_Library/Core/Src/usbh_pipes.c **** uint8_t USBH_AllocPipe  (USBH_HandleTypeDef *phost, uint8_t ep_addr)
 157:Middlewares/ST/STM32_USB_Host_Library/Core/Src/usbh_pipes.c **** {
 158:Middlewares/ST/STM32_USB_Host_Library/Core/Src/usbh_pipes.c ****   uint16_t pipe;
 159:Middlewares/ST/STM32_USB_Host_Library/Core/Src/usbh_pipes.c **** 
 160:Middlewares/ST/STM32_USB_Host_Library/Core/Src/usbh_pipes.c ****   pipe =  USBH_GetFreePipe(phost);
 161:Middlewares/ST/STM32_USB_Host_Library/Core/Src/usbh_pipes.c **** 
 162:Middlewares/ST/STM32_USB_Host_Library/Core/Src/usbh_pipes.c ****   if (pipe != 0xFFFFU)
 163:Middlewares/ST/STM32_USB_Host_Library/Core/Src/usbh_pipes.c ****   {
 164:Middlewares/ST/STM32_USB_Host_Library/Core/Src/usbh_pipes.c **** 	phost->Pipes[pipe] = 0x8000U | ep_addr;
 165:Middlewares/ST/STM32_USB_Host_Library/Core/Src/usbh_pipes.c ****   }
 166:Middlewares/ST/STM32_USB_Host_Library/Core/Src/usbh_pipes.c ****   return (uint8_t)pipe;
 167:Middlewares/ST/STM32_USB_Host_Library/Core/Src/usbh_pipes.c **** }
 168:Middlewares/ST/STM32_USB_Host_Library/Core/Src/usbh_pipes.c **** 
 169:Middlewares/ST/STM32_USB_Host_Library/Core/Src/usbh_pipes.c **** /**
 170:Middlewares/ST/STM32_USB_Host_Library/Core/Src/usbh_pipes.c ****   * @brief  USBH_Free_Pipe
 171:Middlewares/ST/STM32_USB_Host_Library/Core/Src/usbh_pipes.c ****   *         Free the USB Pipe
 172:Middlewares/ST/STM32_USB_Host_Library/Core/Src/usbh_pipes.c ****   * @param  phost: Host Handle
 173:Middlewares/ST/STM32_USB_Host_Library/Core/Src/usbh_pipes.c ****   * @param  idx: Pipe number to be freed
 174:Middlewares/ST/STM32_USB_Host_Library/Core/Src/usbh_pipes.c ****   * @retval USBH Status
 175:Middlewares/ST/STM32_USB_Host_Library/Core/Src/usbh_pipes.c ****   */
 176:Middlewares/ST/STM32_USB_Host_Library/Core/Src/usbh_pipes.c **** USBH_StatusTypeDef USBH_FreePipe  (USBH_HandleTypeDef *phost, uint8_t idx)
 177:Middlewares/ST/STM32_USB_Host_Library/Core/Src/usbh_pipes.c **** {
 178:Middlewares/ST/STM32_USB_Host_Library/Core/Src/usbh_pipes.c ****    if(idx < 11U)
 179:Middlewares/ST/STM32_USB_Host_Library/Core/Src/usbh_pipes.c ****    {
 180:Middlewares/ST/STM32_USB_Host_Library/Core/Src/usbh_pipes.c **** 	 phost->Pipes[idx] &= 0x7FFFU;
 181:Middlewares/ST/STM32_USB_Host_Library/Core/Src/usbh_pipes.c ****    }
 182:Middlewares/ST/STM32_USB_Host_Library/Core/Src/usbh_pipes.c ****    return USBH_OK;
 183:Middlewares/ST/STM32_USB_Host_Library/Core/Src/usbh_pipes.c **** }
 184:Middlewares/ST/STM32_USB_Host_Library/Core/Src/usbh_pipes.c **** 
 185:Middlewares/ST/STM32_USB_Host_Library/Core/Src/usbh_pipes.c **** /**
 186:Middlewares/ST/STM32_USB_Host_Library/Core/Src/usbh_pipes.c ****   * @brief  USBH_GetFreePipe
 187:Middlewares/ST/STM32_USB_Host_Library/Core/Src/usbh_pipes.c ****   * @param  phost: Host Handle
 188:Middlewares/ST/STM32_USB_Host_Library/Core/Src/usbh_pipes.c ****   *         Get a free Pipe number for allocation to a device endpoint
 189:Middlewares/ST/STM32_USB_Host_Library/Core/Src/usbh_pipes.c ****   * @retval idx: Free Pipe number
 190:Middlewares/ST/STM32_USB_Host_Library/Core/Src/usbh_pipes.c ****   */
 191:Middlewares/ST/STM32_USB_Host_Library/Core/Src/usbh_pipes.c **** static uint16_t USBH_GetFreePipe (USBH_HandleTypeDef *phost)
 192:Middlewares/ST/STM32_USB_Host_Library/Core/Src/usbh_pipes.c **** {
  29              		.loc 1 192 1 view -0
  30              		.cfi_startproc
  31              		@ args = 0, pretend = 0, frame = 0
  32              		@ frame_needed = 0, uses_anonymous_args = 0
  33              		@ link register save eliminated.
 193:Middlewares/ST/STM32_USB_Host_Library/Core/Src/usbh_pipes.c ****   uint8_t idx = 0U;
  34              		.loc 1 193 3 view .LVU1
 194:Middlewares/ST/STM32_USB_Host_Library/Core/Src/usbh_pipes.c **** 
 195:Middlewares/ST/STM32_USB_Host_Library/Core/Src/usbh_pipes.c ****   for (idx = 0U ; idx < 11U ; idx++)
ARM GAS  C:\Users\Nina\AppData\Local\Temp\cc4BSNHS.s 			page 5


  35              		.loc 1 195 3 view .LVU2
  36              		.loc 1 195 12 is_stmt 0 view .LVU3
  37 0000 0023     		movs	r3, #0
  38              	.LVL1:
  39              	.L2:
  40              		.loc 1 195 19 is_stmt 1 discriminator 1 view .LVU4
  41              		.loc 1 195 3 is_stmt 0 discriminator 1 view .LVU5
  42 0002 0A2B     		cmp	r3, #10
  43 0004 0BD8     		bhi	.L6
 196:Middlewares/ST/STM32_USB_Host_Library/Core/Src/usbh_pipes.c ****   {
 197:Middlewares/ST/STM32_USB_Host_Library/Core/Src/usbh_pipes.c **** 	if ((phost->Pipes[idx] & 0x8000U) == 0U)
  44              		.loc 1 197 2 is_stmt 1 view .LVU6
  45              		.loc 1 197 19 is_stmt 0 view .LVU7
  46 0006 03F1E002 		add	r2, r3, #224
  47 000a 50F82220 		ldr	r2, [r0, r2, lsl #2]
  48              		.loc 1 197 5 view .LVU8
  49 000e 12F4004F 		tst	r2, #32768
  50 0012 02D0     		beq	.L7
 195:Middlewares/ST/STM32_USB_Host_Library/Core/Src/usbh_pipes.c ****   {
  51              		.loc 1 195 31 is_stmt 1 discriminator 2 view .LVU9
 195:Middlewares/ST/STM32_USB_Host_Library/Core/Src/usbh_pipes.c ****   {
  52              		.loc 1 195 34 is_stmt 0 discriminator 2 view .LVU10
  53 0014 0133     		adds	r3, r3, #1
  54              	.LVL2:
 195:Middlewares/ST/STM32_USB_Host_Library/Core/Src/usbh_pipes.c ****   {
  55              		.loc 1 195 34 discriminator 2 view .LVU11
  56 0016 DBB2     		uxtb	r3, r3
  57              	.LVL3:
 195:Middlewares/ST/STM32_USB_Host_Library/Core/Src/usbh_pipes.c ****   {
  58              		.loc 1 195 34 discriminator 2 view .LVU12
  59 0018 F3E7     		b	.L2
  60              	.L7:
 198:Middlewares/ST/STM32_USB_Host_Library/Core/Src/usbh_pipes.c **** 	{
 199:Middlewares/ST/STM32_USB_Host_Library/Core/Src/usbh_pipes.c **** 	   return (uint16_t)idx;
  61              		.loc 1 199 5 is_stmt 1 view .LVU13
  62              		.loc 1 199 12 is_stmt 0 view .LVU14
  63 001a 98B2     		uxth	r0, r3
  64              	.LVL4:
  65              		.loc 1 199 12 view .LVU15
  66 001c 7047     		bx	lr
  67              	.LVL5:
  68              	.L6:
 200:Middlewares/ST/STM32_USB_Host_Library/Core/Src/usbh_pipes.c **** 	}
 201:Middlewares/ST/STM32_USB_Host_Library/Core/Src/usbh_pipes.c ****   }
 202:Middlewares/ST/STM32_USB_Host_Library/Core/Src/usbh_pipes.c ****   return 0xFFFFU;
  69              		.loc 1 202 10 view .LVU16
  70 001e 4FF6FF70 		movw	r0, #65535
  71              	.LVL6:
 203:Middlewares/ST/STM32_USB_Host_Library/Core/Src/usbh_pipes.c **** }
  72              		.loc 1 203 1 view .LVU17
  73 0022 7047     		bx	lr
  74              		.cfi_endproc
  75              	.LFE147:
  77              		.section	.text.USBH_OpenPipe,"ax",%progbits
  78              		.align	1
  79              		.global	USBH_OpenPipe
  80              		.syntax unified
ARM GAS  C:\Users\Nina\AppData\Local\Temp\cc4BSNHS.s 			page 6


  81              		.thumb
  82              		.thumb_func
  83              		.fpu fpv5-sp-d16
  85              	USBH_OpenPipe:
  86              	.LVL7:
  87              	.LFB143:
 118:Middlewares/ST/STM32_USB_Host_Library/Core/Src/usbh_pipes.c **** 
  88              		.loc 1 118 1 is_stmt 1 view -0
  89              		.cfi_startproc
  90              		@ args = 12, pretend = 0, frame = 0
  91              		@ frame_needed = 0, uses_anonymous_args = 0
 118:Middlewares/ST/STM32_USB_Host_Library/Core/Src/usbh_pipes.c **** 
  92              		.loc 1 118 1 is_stmt 0 view .LVU19
  93 0000 10B5     		push	{r4, lr}
  94              	.LCFI0:
  95              		.cfi_def_cfa_offset 8
  96              		.cfi_offset 4, -8
  97              		.cfi_offset 14, -4
  98 0002 84B0     		sub	sp, sp, #16
  99              	.LCFI1:
 100              		.cfi_def_cfa_offset 24
 120:Middlewares/ST/STM32_USB_Host_Library/Core/Src/usbh_pipes.c ****                         pipe_num,
 101              		.loc 1 120 3 is_stmt 1 view .LVU20
 102 0004 BDF82040 		ldrh	r4, [sp, #32]
 103 0008 0294     		str	r4, [sp, #8]
 104 000a 9DF81C40 		ldrb	r4, [sp, #28]	@ zero_extendqisi2
 105 000e 0194     		str	r4, [sp, #4]
 106 0010 9DF81840 		ldrb	r4, [sp, #24]	@ zero_extendqisi2
 107 0014 0094     		str	r4, [sp]
 108 0016 FFF7FEFF 		bl	USBH_LL_OpenPipe
 109              	.LVL8:
 128:Middlewares/ST/STM32_USB_Host_Library/Core/Src/usbh_pipes.c **** 
 110              		.loc 1 128 3 view .LVU21
 130:Middlewares/ST/STM32_USB_Host_Library/Core/Src/usbh_pipes.c **** 
 111              		.loc 1 130 1 is_stmt 0 view .LVU22
 112 001a 0020     		movs	r0, #0
 113 001c 04B0     		add	sp, sp, #16
 114              	.LCFI2:
 115              		.cfi_def_cfa_offset 8
 116              		@ sp needed
 117 001e 10BD     		pop	{r4, pc}
 130:Middlewares/ST/STM32_USB_Host_Library/Core/Src/usbh_pipes.c **** 
 118              		.loc 1 130 1 view .LVU23
 119              		.cfi_endproc
 120              	.LFE143:
 122              		.section	.text.USBH_ClosePipe,"ax",%progbits
 123              		.align	1
 124              		.global	USBH_ClosePipe
 125              		.syntax unified
 126              		.thumb
 127              		.thumb_func
 128              		.fpu fpv5-sp-d16
 130              	USBH_ClosePipe:
 131              	.LVL9:
 132              	.LFB144:
 141:Middlewares/ST/STM32_USB_Host_Library/Core/Src/usbh_pipes.c **** 
 133              		.loc 1 141 1 is_stmt 1 view -0
ARM GAS  C:\Users\Nina\AppData\Local\Temp\cc4BSNHS.s 			page 7


 134              		.cfi_startproc
 135              		@ args = 0, pretend = 0, frame = 0
 136              		@ frame_needed = 0, uses_anonymous_args = 0
 141:Middlewares/ST/STM32_USB_Host_Library/Core/Src/usbh_pipes.c **** 
 137              		.loc 1 141 1 is_stmt 0 view .LVU25
 138 0000 08B5     		push	{r3, lr}
 139              	.LCFI3:
 140              		.cfi_def_cfa_offset 8
 141              		.cfi_offset 3, -8
 142              		.cfi_offset 14, -4
 143:Middlewares/ST/STM32_USB_Host_Library/Core/Src/usbh_pipes.c **** 
 143              		.loc 1 143 3 is_stmt 1 view .LVU26
 144 0002 FFF7FEFF 		bl	USBH_LL_ClosePipe
 145              	.LVL10:
 145:Middlewares/ST/STM32_USB_Host_Library/Core/Src/usbh_pipes.c **** 
 146              		.loc 1 145 3 view .LVU27
 147:Middlewares/ST/STM32_USB_Host_Library/Core/Src/usbh_pipes.c **** 
 147              		.loc 1 147 1 is_stmt 0 view .LVU28
 148 0006 0020     		movs	r0, #0
 149 0008 08BD     		pop	{r3, pc}
 150              		.cfi_endproc
 151              	.LFE144:
 153              		.section	.text.USBH_AllocPipe,"ax",%progbits
 154              		.align	1
 155              		.global	USBH_AllocPipe
 156              		.syntax unified
 157              		.thumb
 158              		.thumb_func
 159              		.fpu fpv5-sp-d16
 161              	USBH_AllocPipe:
 162              	.LVL11:
 163              	.LFB145:
 157:Middlewares/ST/STM32_USB_Host_Library/Core/Src/usbh_pipes.c ****   uint16_t pipe;
 164              		.loc 1 157 1 is_stmt 1 view -0
 165              		.cfi_startproc
 166              		@ args = 0, pretend = 0, frame = 0
 167              		@ frame_needed = 0, uses_anonymous_args = 0
 157:Middlewares/ST/STM32_USB_Host_Library/Core/Src/usbh_pipes.c ****   uint16_t pipe;
 168              		.loc 1 157 1 is_stmt 0 view .LVU30
 169 0000 38B5     		push	{r3, r4, r5, lr}
 170              	.LCFI4:
 171              		.cfi_def_cfa_offset 16
 172              		.cfi_offset 3, -16
 173              		.cfi_offset 4, -12
 174              		.cfi_offset 5, -8
 175              		.cfi_offset 14, -4
 176 0002 0546     		mov	r5, r0
 177 0004 0C46     		mov	r4, r1
 158:Middlewares/ST/STM32_USB_Host_Library/Core/Src/usbh_pipes.c **** 
 178              		.loc 1 158 3 is_stmt 1 view .LVU31
 160:Middlewares/ST/STM32_USB_Host_Library/Core/Src/usbh_pipes.c **** 
 179              		.loc 1 160 3 view .LVU32
 160:Middlewares/ST/STM32_USB_Host_Library/Core/Src/usbh_pipes.c **** 
 180              		.loc 1 160 11 is_stmt 0 view .LVU33
 181 0006 FFF7FEFF 		bl	USBH_GetFreePipe
 182              	.LVL12:
 162:Middlewares/ST/STM32_USB_Host_Library/Core/Src/usbh_pipes.c ****   {
ARM GAS  C:\Users\Nina\AppData\Local\Temp\cc4BSNHS.s 			page 8


 183              		.loc 1 162 3 is_stmt 1 view .LVU34
 162:Middlewares/ST/STM32_USB_Host_Library/Core/Src/usbh_pipes.c ****   {
 184              		.loc 1 162 6 is_stmt 0 view .LVU35
 185 000a 4FF6FF73 		movw	r3, #65535
 186 000e 9842     		cmp	r0, r3
 187 0010 05D0     		beq	.L13
 164:Middlewares/ST/STM32_USB_Host_Library/Core/Src/usbh_pipes.c ****   }
 188              		.loc 1 164 2 is_stmt 1 view .LVU36
 164:Middlewares/ST/STM32_USB_Host_Library/Core/Src/usbh_pipes.c ****   }
 189              		.loc 1 164 31 is_stmt 0 view .LVU37
 190 0012 44F40044 		orr	r4, r4, #32768
 164:Middlewares/ST/STM32_USB_Host_Library/Core/Src/usbh_pipes.c ****   }
 191              		.loc 1 164 21 view .LVU38
 192 0016 00F1E003 		add	r3, r0, #224
 193 001a 45F82340 		str	r4, [r5, r3, lsl #2]
 194              	.L13:
 166:Middlewares/ST/STM32_USB_Host_Library/Core/Src/usbh_pipes.c **** }
 195              		.loc 1 166 3 is_stmt 1 view .LVU39
 167:Middlewares/ST/STM32_USB_Host_Library/Core/Src/usbh_pipes.c **** 
 196              		.loc 1 167 1 is_stmt 0 view .LVU40
 197 001e C0B2     		uxtb	r0, r0
 198              	.LVL13:
 167:Middlewares/ST/STM32_USB_Host_Library/Core/Src/usbh_pipes.c **** 
 199              		.loc 1 167 1 view .LVU41
 200 0020 38BD     		pop	{r3, r4, r5, pc}
 167:Middlewares/ST/STM32_USB_Host_Library/Core/Src/usbh_pipes.c **** 
 201              		.loc 1 167 1 view .LVU42
 202              		.cfi_endproc
 203              	.LFE145:
 205              		.section	.text.USBH_FreePipe,"ax",%progbits
 206              		.align	1
 207              		.global	USBH_FreePipe
 208              		.syntax unified
 209              		.thumb
 210              		.thumb_func
 211              		.fpu fpv5-sp-d16
 213              	USBH_FreePipe:
 214              	.LVL14:
 215              	.LFB146:
 177:Middlewares/ST/STM32_USB_Host_Library/Core/Src/usbh_pipes.c ****    if(idx < 11U)
 216              		.loc 1 177 1 is_stmt 1 view -0
 217              		.cfi_startproc
 218              		@ args = 0, pretend = 0, frame = 0
 219              		@ frame_needed = 0, uses_anonymous_args = 0
 220              		@ link register save eliminated.
 178:Middlewares/ST/STM32_USB_Host_Library/Core/Src/usbh_pipes.c ****    {
 221              		.loc 1 178 4 view .LVU44
 178:Middlewares/ST/STM32_USB_Host_Library/Core/Src/usbh_pipes.c ****    {
 222              		.loc 1 178 6 is_stmt 0 view .LVU45
 223 0000 0A29     		cmp	r1, #10
 224 0002 06D8     		bhi	.L16
 180:Middlewares/ST/STM32_USB_Host_Library/Core/Src/usbh_pipes.c ****    }
 225              		.loc 1 180 3 is_stmt 1 view .LVU46
 180:Middlewares/ST/STM32_USB_Host_Library/Core/Src/usbh_pipes.c ****    }
 226              		.loc 1 180 21 is_stmt 0 view .LVU47
 227 0004 E031     		adds	r1, r1, #224
 228              	.LVL15:
ARM GAS  C:\Users\Nina\AppData\Local\Temp\cc4BSNHS.s 			page 9


 180:Middlewares/ST/STM32_USB_Host_Library/Core/Src/usbh_pipes.c ****    }
 229              		.loc 1 180 21 view .LVU48
 230 0006 50F82130 		ldr	r3, [r0, r1, lsl #2]
 231 000a C3F30E03 		ubfx	r3, r3, #0, #15
 232 000e 40F82130 		str	r3, [r0, r1, lsl #2]
 233              	.L16:
 182:Middlewares/ST/STM32_USB_Host_Library/Core/Src/usbh_pipes.c **** }
 234              		.loc 1 182 4 is_stmt 1 view .LVU49
 183:Middlewares/ST/STM32_USB_Host_Library/Core/Src/usbh_pipes.c **** 
 235              		.loc 1 183 1 is_stmt 0 view .LVU50
 236 0012 0020     		movs	r0, #0
 237              	.LVL16:
 183:Middlewares/ST/STM32_USB_Host_Library/Core/Src/usbh_pipes.c **** 
 238              		.loc 1 183 1 view .LVU51
 239 0014 7047     		bx	lr
 240              		.cfi_endproc
 241              	.LFE146:
 243              		.text
 244              	.Letext0:
 245              		.file 2 "c:\\program files (x86)\\gnu tools arm embedded\\9 2019-q4-major\\arm-none-eabi\\include\
 246              		.file 3 "c:\\program files (x86)\\gnu tools arm embedded\\9 2019-q4-major\\arm-none-eabi\\include\
 247              		.file 4 "c:\\program files (x86)\\gnu tools arm embedded\\9 2019-q4-major\\arm-none-eabi\\include\
 248              		.file 5 "c:\\program files (x86)\\gnu tools arm embedded\\9 2019-q4-major\\lib\\gcc\\arm-none-eabi
 249              		.file 6 "c:\\program files (x86)\\gnu tools arm embedded\\9 2019-q4-major\\arm-none-eabi\\include\
 250              		.file 7 "c:\\program files (x86)\\gnu tools arm embedded\\9 2019-q4-major\\arm-none-eabi\\include\
 251              		.file 8 "c:\\program files (x86)\\gnu tools arm embedded\\9 2019-q4-major\\arm-none-eabi\\include\
 252              		.file 9 "Drivers/CMSIS/Include/core_cm7.h"
 253              		.file 10 "Drivers/CMSIS/Device/ST/STM32F7xx/Include/system_stm32f7xx.h"
 254              		.file 11 "Middlewares/Third_Party/FreeRTOS/Source/include/task.h"
 255              		.file 12 "Middlewares/Third_Party/FreeRTOS/Source/include/queue.h"
 256              		.file 13 "Middlewares/Third_Party/FreeRTOS/Source/CMSIS_RTOS/cmsis_os.h"
 257              		.file 14 "Middlewares/ST/STM32_USB_Host_Library/Core/Inc/usbh_def.h"
 258              		.file 15 "Middlewares/ST/STM32_USB_Host_Library/Core/Inc/usbh_ctlreq.h"
 259              		.file 16 "Middlewares/ST/STM32_USB_Host_Library/Core/Inc/usbh_core.h"
ARM GAS  C:\Users\Nina\AppData\Local\Temp\cc4BSNHS.s 			page 10


DEFINED SYMBOLS
                            *ABS*:00000000 usbh_pipes.c
C:\Users\Nina\AppData\Local\Temp\cc4BSNHS.s:18     .text.USBH_GetFreePipe:00000000 $t
C:\Users\Nina\AppData\Local\Temp\cc4BSNHS.s:25     .text.USBH_GetFreePipe:00000000 USBH_GetFreePipe
C:\Users\Nina\AppData\Local\Temp\cc4BSNHS.s:78     .text.USBH_OpenPipe:00000000 $t
C:\Users\Nina\AppData\Local\Temp\cc4BSNHS.s:85     .text.USBH_OpenPipe:00000000 USBH_OpenPipe
C:\Users\Nina\AppData\Local\Temp\cc4BSNHS.s:123    .text.USBH_ClosePipe:00000000 $t
C:\Users\Nina\AppData\Local\Temp\cc4BSNHS.s:130    .text.USBH_ClosePipe:00000000 USBH_ClosePipe
C:\Users\Nina\AppData\Local\Temp\cc4BSNHS.s:154    .text.USBH_AllocPipe:00000000 $t
C:\Users\Nina\AppData\Local\Temp\cc4BSNHS.s:161    .text.USBH_AllocPipe:00000000 USBH_AllocPipe
C:\Users\Nina\AppData\Local\Temp\cc4BSNHS.s:206    .text.USBH_FreePipe:00000000 $t
C:\Users\Nina\AppData\Local\Temp\cc4BSNHS.s:213    .text.USBH_FreePipe:00000000 USBH_FreePipe

UNDEFINED SYMBOLS
USBH_LL_OpenPipe
USBH_LL_ClosePipe
