ARM GAS  C:\Users\Student\AppData\Local\Temp\ccXHxXcW.s 			page 1


   1              		.cpu cortex-m7
   2              		.eabi_attribute 27, 1
   3              		.eabi_attribute 28, 1
   4              		.eabi_attribute 20, 1
   5              		.eabi_attribute 21, 1
   6              		.eabi_attribute 23, 3
   7              		.eabi_attribute 24, 1
   8              		.eabi_attribute 25, 1
   9              		.eabi_attribute 26, 1
  10              		.eabi_attribute 30, 1
  11              		.eabi_attribute 34, 1
  12              		.eabi_attribute 18, 4
  13              		.file	"usbh_msc_scsi.c"
  14              		.text
  15              	.Ltext0:
  16              		.cfi_sections	.debug_frame
  17              		.section	.text.USBH_MSC_SCSI_TestUnitReady,"ax",%progbits
  18              		.align	1
  19              		.global	USBH_MSC_SCSI_TestUnitReady
  20              		.syntax unified
  21              		.thumb
  22              		.thumb_func
  23              		.fpu fpv5-sp-d16
  25              	USBH_MSC_SCSI_TestUnitReady:
  26              	.LFB141:
  27              		.file 1 "Middlewares/ST/STM32_USB_Host_Library/Class/MSC/Src/usbh_msc_scsi.c"
   1:Middlewares/ST/STM32_USB_Host_Library/Class/MSC/Src/usbh_msc_scsi.c **** /**
   2:Middlewares/ST/STM32_USB_Host_Library/Class/MSC/Src/usbh_msc_scsi.c ****   ******************************************************************************
   3:Middlewares/ST/STM32_USB_Host_Library/Class/MSC/Src/usbh_msc_scsi.c ****   * @file    usbh_msc_scsi.c
   4:Middlewares/ST/STM32_USB_Host_Library/Class/MSC/Src/usbh_msc_scsi.c ****   * @author  MCD Application Team
   5:Middlewares/ST/STM32_USB_Host_Library/Class/MSC/Src/usbh_msc_scsi.c ****   * @brief   This file implements the SCSI commands
   6:Middlewares/ST/STM32_USB_Host_Library/Class/MSC/Src/usbh_msc_scsi.c ****   ******************************************************************************
   7:Middlewares/ST/STM32_USB_Host_Library/Class/MSC/Src/usbh_msc_scsi.c ****   * @attention
   8:Middlewares/ST/STM32_USB_Host_Library/Class/MSC/Src/usbh_msc_scsi.c ****   *
   9:Middlewares/ST/STM32_USB_Host_Library/Class/MSC/Src/usbh_msc_scsi.c ****   * <h2><center>&copy; Copyright (c) 2017 STMicroelectronics International N.V.
  10:Middlewares/ST/STM32_USB_Host_Library/Class/MSC/Src/usbh_msc_scsi.c ****   * All rights reserved.</center></h2>
  11:Middlewares/ST/STM32_USB_Host_Library/Class/MSC/Src/usbh_msc_scsi.c ****   *
  12:Middlewares/ST/STM32_USB_Host_Library/Class/MSC/Src/usbh_msc_scsi.c ****   * Redistribution and use in source and binary forms, with or without
  13:Middlewares/ST/STM32_USB_Host_Library/Class/MSC/Src/usbh_msc_scsi.c ****   * modification, are permitted, provided that the following conditions are met:
  14:Middlewares/ST/STM32_USB_Host_Library/Class/MSC/Src/usbh_msc_scsi.c ****   *
  15:Middlewares/ST/STM32_USB_Host_Library/Class/MSC/Src/usbh_msc_scsi.c ****   * 1. Redistribution of source code must retain the above copyright notice,
  16:Middlewares/ST/STM32_USB_Host_Library/Class/MSC/Src/usbh_msc_scsi.c ****   *    this list of conditions and the following disclaimer.
  17:Middlewares/ST/STM32_USB_Host_Library/Class/MSC/Src/usbh_msc_scsi.c ****   * 2. Redistributions in binary form must reproduce the above copyright notice,
  18:Middlewares/ST/STM32_USB_Host_Library/Class/MSC/Src/usbh_msc_scsi.c ****   *    this list of conditions and the following disclaimer in the documentation
  19:Middlewares/ST/STM32_USB_Host_Library/Class/MSC/Src/usbh_msc_scsi.c ****   *    and/or other materials provided with the distribution.
  20:Middlewares/ST/STM32_USB_Host_Library/Class/MSC/Src/usbh_msc_scsi.c ****   * 3. Neither the name of STMicroelectronics nor the names of other
  21:Middlewares/ST/STM32_USB_Host_Library/Class/MSC/Src/usbh_msc_scsi.c ****   *    contributors to this software may be used to endorse or promote products
  22:Middlewares/ST/STM32_USB_Host_Library/Class/MSC/Src/usbh_msc_scsi.c ****   *    derived from this software without specific written permission.
  23:Middlewares/ST/STM32_USB_Host_Library/Class/MSC/Src/usbh_msc_scsi.c ****   * 4. This software, including modifications and/or derivative works of this
  24:Middlewares/ST/STM32_USB_Host_Library/Class/MSC/Src/usbh_msc_scsi.c ****   *    software, must execute solely and exclusively on microcontroller or
  25:Middlewares/ST/STM32_USB_Host_Library/Class/MSC/Src/usbh_msc_scsi.c ****   *    microprocessor devices manufactured by or for STMicroelectronics.
  26:Middlewares/ST/STM32_USB_Host_Library/Class/MSC/Src/usbh_msc_scsi.c ****   * 5. Redistribution and use of this software other than as permitted under
  27:Middlewares/ST/STM32_USB_Host_Library/Class/MSC/Src/usbh_msc_scsi.c ****   *    this license is void and will automatically terminate your rights under
  28:Middlewares/ST/STM32_USB_Host_Library/Class/MSC/Src/usbh_msc_scsi.c ****   *    this license.
  29:Middlewares/ST/STM32_USB_Host_Library/Class/MSC/Src/usbh_msc_scsi.c ****   *
  30:Middlewares/ST/STM32_USB_Host_Library/Class/MSC/Src/usbh_msc_scsi.c ****   * THIS SOFTWARE IS PROVIDED BY STMICROELECTRONICS AND CONTRIBUTORS "AS IS"
  31:Middlewares/ST/STM32_USB_Host_Library/Class/MSC/Src/usbh_msc_scsi.c ****   * AND ANY EXPRESS, IMPLIED OR STATUTORY WARRANTIES, INCLUDING, BUT NOT
ARM GAS  C:\Users\Student\AppData\Local\Temp\ccXHxXcW.s 			page 2


  32:Middlewares/ST/STM32_USB_Host_Library/Class/MSC/Src/usbh_msc_scsi.c ****   * LIMITED TO, THE IMPLIED WARRANTIES OF MERCHANTABILITY, FITNESS FOR A
  33:Middlewares/ST/STM32_USB_Host_Library/Class/MSC/Src/usbh_msc_scsi.c ****   * PARTICULAR PURPOSE AND NON-INFRINGEMENT OF THIRD PARTY INTELLECTUAL PROPERTY
  34:Middlewares/ST/STM32_USB_Host_Library/Class/MSC/Src/usbh_msc_scsi.c ****   * RIGHTS ARE DISCLAIMED TO THE FULLEST EXTENT PERMITTED BY LAW. IN NO EVENT
  35:Middlewares/ST/STM32_USB_Host_Library/Class/MSC/Src/usbh_msc_scsi.c ****   * SHALL STMICROELECTRONICS OR CONTRIBUTORS BE LIABLE FOR ANY DIRECT, INDIRECT,
  36:Middlewares/ST/STM32_USB_Host_Library/Class/MSC/Src/usbh_msc_scsi.c ****   * INCIDENTAL, SPECIAL, EXEMPLARY, OR CONSEQUENTIAL DAMAGES (INCLUDING, BUT NOT
  37:Middlewares/ST/STM32_USB_Host_Library/Class/MSC/Src/usbh_msc_scsi.c ****   * LIMITED TO, PROCUREMENT OF SUBSTITUTE GOODS OR SERVICES; LOSS OF USE, DATA,
  38:Middlewares/ST/STM32_USB_Host_Library/Class/MSC/Src/usbh_msc_scsi.c ****   * OR PROFITS; OR BUSINESS INTERRUPTION) HOWEVER CAUSED AND ON ANY THEORY OF
  39:Middlewares/ST/STM32_USB_Host_Library/Class/MSC/Src/usbh_msc_scsi.c ****   * LIABILITY, WHETHER IN CONTRACT, STRICT LIABILITY, OR TORT (INCLUDING
  40:Middlewares/ST/STM32_USB_Host_Library/Class/MSC/Src/usbh_msc_scsi.c ****   * NEGLIGENCE OR OTHERWISE) ARISING IN ANY WAY OUT OF THE USE OF THIS SOFTWARE,
  41:Middlewares/ST/STM32_USB_Host_Library/Class/MSC/Src/usbh_msc_scsi.c ****   * EVEN IF ADVISED OF THE POSSIBILITY OF SUCH DAMAGE.
  42:Middlewares/ST/STM32_USB_Host_Library/Class/MSC/Src/usbh_msc_scsi.c ****   *
  43:Middlewares/ST/STM32_USB_Host_Library/Class/MSC/Src/usbh_msc_scsi.c ****   ******************************************************************************
  44:Middlewares/ST/STM32_USB_Host_Library/Class/MSC/Src/usbh_msc_scsi.c ****   */
  45:Middlewares/ST/STM32_USB_Host_Library/Class/MSC/Src/usbh_msc_scsi.c **** 
  46:Middlewares/ST/STM32_USB_Host_Library/Class/MSC/Src/usbh_msc_scsi.c ****   /* BSPDependencies
  47:Middlewares/ST/STM32_USB_Host_Library/Class/MSC/Src/usbh_msc_scsi.c ****   - "stm32xxxxx_{eval}{discovery}{nucleo_144}.c"
  48:Middlewares/ST/STM32_USB_Host_Library/Class/MSC/Src/usbh_msc_scsi.c ****   - "stm32xxxxx_{eval}{discovery}_io.c"
  49:Middlewares/ST/STM32_USB_Host_Library/Class/MSC/Src/usbh_msc_scsi.c ****   - "stm32xxxxx_{eval}{discovery}{adafruit}_lcd.c"
  50:Middlewares/ST/STM32_USB_Host_Library/Class/MSC/Src/usbh_msc_scsi.c ****   - "stm32xxxxx_{eval}{discovery}_sdram.c"
  51:Middlewares/ST/STM32_USB_Host_Library/Class/MSC/Src/usbh_msc_scsi.c ****   EndBSPDependencies */
  52:Middlewares/ST/STM32_USB_Host_Library/Class/MSC/Src/usbh_msc_scsi.c **** 
  53:Middlewares/ST/STM32_USB_Host_Library/Class/MSC/Src/usbh_msc_scsi.c **** /* Includes ------------------------------------------------------------------*/
  54:Middlewares/ST/STM32_USB_Host_Library/Class/MSC/Src/usbh_msc_scsi.c **** #include "usbh_msc.h"
  55:Middlewares/ST/STM32_USB_Host_Library/Class/MSC/Src/usbh_msc_scsi.c **** #include "usbh_msc_scsi.h"
  56:Middlewares/ST/STM32_USB_Host_Library/Class/MSC/Src/usbh_msc_scsi.c **** #include "usbh_msc_bot.h"
  57:Middlewares/ST/STM32_USB_Host_Library/Class/MSC/Src/usbh_msc_scsi.c **** 
  58:Middlewares/ST/STM32_USB_Host_Library/Class/MSC/Src/usbh_msc_scsi.c **** #include "term_io.h"
  59:Middlewares/ST/STM32_USB_Host_Library/Class/MSC/Src/usbh_msc_scsi.c **** #include "dbgu.h"
  60:Middlewares/ST/STM32_USB_Host_Library/Class/MSC/Src/usbh_msc_scsi.c **** 
  61:Middlewares/ST/STM32_USB_Host_Library/Class/MSC/Src/usbh_msc_scsi.c **** /** @addtogroup USBH_LIB
  62:Middlewares/ST/STM32_USB_Host_Library/Class/MSC/Src/usbh_msc_scsi.c ****   * @{
  63:Middlewares/ST/STM32_USB_Host_Library/Class/MSC/Src/usbh_msc_scsi.c ****   */
  64:Middlewares/ST/STM32_USB_Host_Library/Class/MSC/Src/usbh_msc_scsi.c **** 
  65:Middlewares/ST/STM32_USB_Host_Library/Class/MSC/Src/usbh_msc_scsi.c **** /** @addtogroup USBH_CLASS
  66:Middlewares/ST/STM32_USB_Host_Library/Class/MSC/Src/usbh_msc_scsi.c ****   * @{
  67:Middlewares/ST/STM32_USB_Host_Library/Class/MSC/Src/usbh_msc_scsi.c ****   */
  68:Middlewares/ST/STM32_USB_Host_Library/Class/MSC/Src/usbh_msc_scsi.c **** 
  69:Middlewares/ST/STM32_USB_Host_Library/Class/MSC/Src/usbh_msc_scsi.c **** /** @addtogroup USBH_MSC_CLASS
  70:Middlewares/ST/STM32_USB_Host_Library/Class/MSC/Src/usbh_msc_scsi.c ****   * @{
  71:Middlewares/ST/STM32_USB_Host_Library/Class/MSC/Src/usbh_msc_scsi.c ****   */
  72:Middlewares/ST/STM32_USB_Host_Library/Class/MSC/Src/usbh_msc_scsi.c **** 
  73:Middlewares/ST/STM32_USB_Host_Library/Class/MSC/Src/usbh_msc_scsi.c **** /** @defgroup USBH_MSC_SCSI
  74:Middlewares/ST/STM32_USB_Host_Library/Class/MSC/Src/usbh_msc_scsi.c ****   * @brief    This file includes the mass storage related functions
  75:Middlewares/ST/STM32_USB_Host_Library/Class/MSC/Src/usbh_msc_scsi.c ****   * @{
  76:Middlewares/ST/STM32_USB_Host_Library/Class/MSC/Src/usbh_msc_scsi.c ****   */
  77:Middlewares/ST/STM32_USB_Host_Library/Class/MSC/Src/usbh_msc_scsi.c **** 
  78:Middlewares/ST/STM32_USB_Host_Library/Class/MSC/Src/usbh_msc_scsi.c **** 
  79:Middlewares/ST/STM32_USB_Host_Library/Class/MSC/Src/usbh_msc_scsi.c **** /** @defgroup USBH_MSC_SCSI_Private_TypesDefinitions
  80:Middlewares/ST/STM32_USB_Host_Library/Class/MSC/Src/usbh_msc_scsi.c ****   * @{
  81:Middlewares/ST/STM32_USB_Host_Library/Class/MSC/Src/usbh_msc_scsi.c ****   */
  82:Middlewares/ST/STM32_USB_Host_Library/Class/MSC/Src/usbh_msc_scsi.c **** 
  83:Middlewares/ST/STM32_USB_Host_Library/Class/MSC/Src/usbh_msc_scsi.c **** /**
  84:Middlewares/ST/STM32_USB_Host_Library/Class/MSC/Src/usbh_msc_scsi.c ****   * @}
  85:Middlewares/ST/STM32_USB_Host_Library/Class/MSC/Src/usbh_msc_scsi.c ****   */
  86:Middlewares/ST/STM32_USB_Host_Library/Class/MSC/Src/usbh_msc_scsi.c **** 
  87:Middlewares/ST/STM32_USB_Host_Library/Class/MSC/Src/usbh_msc_scsi.c **** /** @defgroup USBH_MSC_SCSI_Private_Defines
  88:Middlewares/ST/STM32_USB_Host_Library/Class/MSC/Src/usbh_msc_scsi.c ****   * @{
ARM GAS  C:\Users\Student\AppData\Local\Temp\ccXHxXcW.s 			page 3


  89:Middlewares/ST/STM32_USB_Host_Library/Class/MSC/Src/usbh_msc_scsi.c ****   */
  90:Middlewares/ST/STM32_USB_Host_Library/Class/MSC/Src/usbh_msc_scsi.c **** /**
  91:Middlewares/ST/STM32_USB_Host_Library/Class/MSC/Src/usbh_msc_scsi.c ****   * @}
  92:Middlewares/ST/STM32_USB_Host_Library/Class/MSC/Src/usbh_msc_scsi.c ****   */
  93:Middlewares/ST/STM32_USB_Host_Library/Class/MSC/Src/usbh_msc_scsi.c **** 
  94:Middlewares/ST/STM32_USB_Host_Library/Class/MSC/Src/usbh_msc_scsi.c **** /** @defgroup USBH_MSC_SCSI_Private_Macros
  95:Middlewares/ST/STM32_USB_Host_Library/Class/MSC/Src/usbh_msc_scsi.c ****   * @{
  96:Middlewares/ST/STM32_USB_Host_Library/Class/MSC/Src/usbh_msc_scsi.c ****   */
  97:Middlewares/ST/STM32_USB_Host_Library/Class/MSC/Src/usbh_msc_scsi.c **** /**
  98:Middlewares/ST/STM32_USB_Host_Library/Class/MSC/Src/usbh_msc_scsi.c ****   * @}
  99:Middlewares/ST/STM32_USB_Host_Library/Class/MSC/Src/usbh_msc_scsi.c ****   */
 100:Middlewares/ST/STM32_USB_Host_Library/Class/MSC/Src/usbh_msc_scsi.c **** 
 101:Middlewares/ST/STM32_USB_Host_Library/Class/MSC/Src/usbh_msc_scsi.c **** 
 102:Middlewares/ST/STM32_USB_Host_Library/Class/MSC/Src/usbh_msc_scsi.c **** /** @defgroup USBH_MSC_SCSI_Private_FunctionPrototypes
 103:Middlewares/ST/STM32_USB_Host_Library/Class/MSC/Src/usbh_msc_scsi.c ****   * @{
 104:Middlewares/ST/STM32_USB_Host_Library/Class/MSC/Src/usbh_msc_scsi.c ****   */
 105:Middlewares/ST/STM32_USB_Host_Library/Class/MSC/Src/usbh_msc_scsi.c **** /**
 106:Middlewares/ST/STM32_USB_Host_Library/Class/MSC/Src/usbh_msc_scsi.c ****   * @}
 107:Middlewares/ST/STM32_USB_Host_Library/Class/MSC/Src/usbh_msc_scsi.c ****   */
 108:Middlewares/ST/STM32_USB_Host_Library/Class/MSC/Src/usbh_msc_scsi.c **** 
 109:Middlewares/ST/STM32_USB_Host_Library/Class/MSC/Src/usbh_msc_scsi.c **** 
 110:Middlewares/ST/STM32_USB_Host_Library/Class/MSC/Src/usbh_msc_scsi.c **** /** @defgroup USBH_MSC_SCSI_Exported_Variables
 111:Middlewares/ST/STM32_USB_Host_Library/Class/MSC/Src/usbh_msc_scsi.c ****   * @{
 112:Middlewares/ST/STM32_USB_Host_Library/Class/MSC/Src/usbh_msc_scsi.c ****   */
 113:Middlewares/ST/STM32_USB_Host_Library/Class/MSC/Src/usbh_msc_scsi.c **** 
 114:Middlewares/ST/STM32_USB_Host_Library/Class/MSC/Src/usbh_msc_scsi.c **** /**
 115:Middlewares/ST/STM32_USB_Host_Library/Class/MSC/Src/usbh_msc_scsi.c ****   * @}
 116:Middlewares/ST/STM32_USB_Host_Library/Class/MSC/Src/usbh_msc_scsi.c ****   */
 117:Middlewares/ST/STM32_USB_Host_Library/Class/MSC/Src/usbh_msc_scsi.c **** 
 118:Middlewares/ST/STM32_USB_Host_Library/Class/MSC/Src/usbh_msc_scsi.c **** 
 119:Middlewares/ST/STM32_USB_Host_Library/Class/MSC/Src/usbh_msc_scsi.c **** /** @defgroup USBH_MSC_SCSI_Private_Functions
 120:Middlewares/ST/STM32_USB_Host_Library/Class/MSC/Src/usbh_msc_scsi.c ****   * @{
 121:Middlewares/ST/STM32_USB_Host_Library/Class/MSC/Src/usbh_msc_scsi.c ****   */
 122:Middlewares/ST/STM32_USB_Host_Library/Class/MSC/Src/usbh_msc_scsi.c **** 
 123:Middlewares/ST/STM32_USB_Host_Library/Class/MSC/Src/usbh_msc_scsi.c **** 
 124:Middlewares/ST/STM32_USB_Host_Library/Class/MSC/Src/usbh_msc_scsi.c **** /**
 125:Middlewares/ST/STM32_USB_Host_Library/Class/MSC/Src/usbh_msc_scsi.c ****   * @brief  USBH_MSC_SCSI_TestUnitReady
 126:Middlewares/ST/STM32_USB_Host_Library/Class/MSC/Src/usbh_msc_scsi.c ****   *         Issue TestUnitReady command.
 127:Middlewares/ST/STM32_USB_Host_Library/Class/MSC/Src/usbh_msc_scsi.c ****   * @param  phost: Host handle
 128:Middlewares/ST/STM32_USB_Host_Library/Class/MSC/Src/usbh_msc_scsi.c ****   * @param  lun: Logical Unit Number
 129:Middlewares/ST/STM32_USB_Host_Library/Class/MSC/Src/usbh_msc_scsi.c ****   * @retval USBH Status
 130:Middlewares/ST/STM32_USB_Host_Library/Class/MSC/Src/usbh_msc_scsi.c ****   */
 131:Middlewares/ST/STM32_USB_Host_Library/Class/MSC/Src/usbh_msc_scsi.c **** USBH_StatusTypeDef USBH_MSC_SCSI_TestUnitReady (USBH_HandleTypeDef *phost,
 132:Middlewares/ST/STM32_USB_Host_Library/Class/MSC/Src/usbh_msc_scsi.c ****                                                 uint8_t lun)
 133:Middlewares/ST/STM32_USB_Host_Library/Class/MSC/Src/usbh_msc_scsi.c **** {
  28              		.loc 1 133 0
  29              		.cfi_startproc
  30              		@ args = 0, pretend = 0, frame = 0
  31              		@ frame_needed = 0, uses_anonymous_args = 0
  32              	.LVL0:
  33 0000 08B5     		push	{r3, lr}
  34              	.LCFI0:
  35              		.cfi_def_cfa_offset 8
  36              		.cfi_offset 3, -8
  37              		.cfi_offset 14, -4
  38              	.LVL1:
 134:Middlewares/ST/STM32_USB_Host_Library/Class/MSC/Src/usbh_msc_scsi.c ****   USBH_StatusTypeDef    error = USBH_FAIL ;
ARM GAS  C:\Users\Student\AppData\Local\Temp\ccXHxXcW.s 			page 4


 135:Middlewares/ST/STM32_USB_Host_Library/Class/MSC/Src/usbh_msc_scsi.c ****   MSC_HandleTypeDef *MSC_Handle =  (MSC_HandleTypeDef *) phost->pActiveClass->pData;
  39              		.loc 1 135 0
  40 0002 D0F87833 		ldr	r3, [r0, #888]
  41 0006 DB69     		ldr	r3, [r3, #28]
  42              	.LVL2:
 136:Middlewares/ST/STM32_USB_Host_Library/Class/MSC/Src/usbh_msc_scsi.c **** 
 137:Middlewares/ST/STM32_USB_Host_Library/Class/MSC/Src/usbh_msc_scsi.c ****   switch(MSC_Handle->hbot.cmd_state)
  43              		.loc 1 137 0
  44 0008 93F85220 		ldrb	r2, [r3, #82]	@ zero_extendqisi2
  45 000c 012A     		cmp	r2, #1
  46 000e 03D0     		beq	.L3
  47 0010 022A     		cmp	r2, #2
  48 0012 19D0     		beq	.L4
 134:Middlewares/ST/STM32_USB_Host_Library/Class/MSC/Src/usbh_msc_scsi.c ****   USBH_StatusTypeDef    error = USBH_FAIL ;
  49              		.loc 1 134 0
  50 0014 0220     		movs	r0, #2
  51              	.LVL3:
 138:Middlewares/ST/STM32_USB_Host_Library/Class/MSC/Src/usbh_msc_scsi.c ****   {
 139:Middlewares/ST/STM32_USB_Host_Library/Class/MSC/Src/usbh_msc_scsi.c ****   case BOT_CMD_SEND:
 140:Middlewares/ST/STM32_USB_Host_Library/Class/MSC/Src/usbh_msc_scsi.c **** 
 141:Middlewares/ST/STM32_USB_Host_Library/Class/MSC/Src/usbh_msc_scsi.c ****     /*Prepare the CBW and relevent field*/
 142:Middlewares/ST/STM32_USB_Host_Library/Class/MSC/Src/usbh_msc_scsi.c ****     MSC_Handle->hbot.cbw.field.DataTransferLength = DATA_LEN_MODE_TEST_UNIT_READY;
 143:Middlewares/ST/STM32_USB_Host_Library/Class/MSC/Src/usbh_msc_scsi.c ****     MSC_Handle->hbot.cbw.field.Flags = USB_EP_DIR_OUT;
 144:Middlewares/ST/STM32_USB_Host_Library/Class/MSC/Src/usbh_msc_scsi.c ****     MSC_Handle->hbot.cbw.field.CBLength = CBW_LENGTH;
 145:Middlewares/ST/STM32_USB_Host_Library/Class/MSC/Src/usbh_msc_scsi.c **** 
 146:Middlewares/ST/STM32_USB_Host_Library/Class/MSC/Src/usbh_msc_scsi.c ****     USBH_memset(MSC_Handle->hbot.cbw.field.CB, 0, CBW_CB_LENGTH);
 147:Middlewares/ST/STM32_USB_Host_Library/Class/MSC/Src/usbh_msc_scsi.c ****     MSC_Handle->hbot.cbw.field.CB[0]  = OPCODE_TEST_UNIT_READY;
 148:Middlewares/ST/STM32_USB_Host_Library/Class/MSC/Src/usbh_msc_scsi.c **** 
 149:Middlewares/ST/STM32_USB_Host_Library/Class/MSC/Src/usbh_msc_scsi.c ****     MSC_Handle->hbot.state = BOT_SEND_CBW;
 150:Middlewares/ST/STM32_USB_Host_Library/Class/MSC/Src/usbh_msc_scsi.c ****     MSC_Handle->hbot.cmd_state = BOT_CMD_WAIT;
 151:Middlewares/ST/STM32_USB_Host_Library/Class/MSC/Src/usbh_msc_scsi.c ****     error = USBH_BUSY;
 152:Middlewares/ST/STM32_USB_Host_Library/Class/MSC/Src/usbh_msc_scsi.c ****     break;
 153:Middlewares/ST/STM32_USB_Host_Library/Class/MSC/Src/usbh_msc_scsi.c **** 
 154:Middlewares/ST/STM32_USB_Host_Library/Class/MSC/Src/usbh_msc_scsi.c ****   case BOT_CMD_WAIT:
 155:Middlewares/ST/STM32_USB_Host_Library/Class/MSC/Src/usbh_msc_scsi.c ****     error = USBH_MSC_BOT_Process(phost, lun);
 156:Middlewares/ST/STM32_USB_Host_Library/Class/MSC/Src/usbh_msc_scsi.c ****     break;
 157:Middlewares/ST/STM32_USB_Host_Library/Class/MSC/Src/usbh_msc_scsi.c **** 
 158:Middlewares/ST/STM32_USB_Host_Library/Class/MSC/Src/usbh_msc_scsi.c ****   default:
 159:Middlewares/ST/STM32_USB_Host_Library/Class/MSC/Src/usbh_msc_scsi.c ****     break;
 160:Middlewares/ST/STM32_USB_Host_Library/Class/MSC/Src/usbh_msc_scsi.c ****   }
 161:Middlewares/ST/STM32_USB_Host_Library/Class/MSC/Src/usbh_msc_scsi.c **** 
 162:Middlewares/ST/STM32_USB_Host_Library/Class/MSC/Src/usbh_msc_scsi.c ****   return error;
 163:Middlewares/ST/STM32_USB_Host_Library/Class/MSC/Src/usbh_msc_scsi.c **** }
  52              		.loc 1 163 0
  53 0016 08BD     		pop	{r3, pc}
  54              	.LVL4:
  55              	.L3:
 142:Middlewares/ST/STM32_USB_Host_Library/Class/MSC/Src/usbh_msc_scsi.c ****     MSC_Handle->hbot.cbw.field.Flags = USB_EP_DIR_OUT;
  56              		.loc 1 142 0
  57 0018 0022     		movs	r2, #0
  58 001a DA65     		str	r2, [r3, #92]
 143:Middlewares/ST/STM32_USB_Host_Library/Class/MSC/Src/usbh_msc_scsi.c ****     MSC_Handle->hbot.cbw.field.CBLength = CBW_LENGTH;
  59              		.loc 1 143 0
  60 001c 83F86020 		strb	r2, [r3, #96]
 144:Middlewares/ST/STM32_USB_Host_Library/Class/MSC/Src/usbh_msc_scsi.c **** 
  61              		.loc 1 144 0
  62 0020 0A21     		movs	r1, #10
ARM GAS  C:\Users\Student\AppData\Local\Temp\ccXHxXcW.s 			page 5


  63              	.LVL5:
  64 0022 83F86210 		strb	r1, [r3, #98]
 146:Middlewares/ST/STM32_USB_Host_Library/Class/MSC/Src/usbh_msc_scsi.c ****     MSC_Handle->hbot.cbw.field.CB[0]  = OPCODE_TEST_UNIT_READY;
  65              		.loc 1 146 0
  66 0026 C3F86320 		str	r2, [r3, #99]	@ unaligned
  67 002a C3F86720 		str	r2, [r3, #103]	@ unaligned
  68 002e C3F86B20 		str	r2, [r3, #107]	@ unaligned
  69 0032 C3F86F20 		str	r2, [r3, #111]	@ unaligned
 147:Middlewares/ST/STM32_USB_Host_Library/Class/MSC/Src/usbh_msc_scsi.c **** 
  70              		.loc 1 147 0
  71 0036 83F86320 		strb	r2, [r3, #99]
 149:Middlewares/ST/STM32_USB_Host_Library/Class/MSC/Src/usbh_msc_scsi.c ****     MSC_Handle->hbot.cmd_state = BOT_CMD_WAIT;
  72              		.loc 1 149 0
  73 003a 0120     		movs	r0, #1
  74              	.LVL6:
  75 003c 83F85000 		strb	r0, [r3, #80]
 150:Middlewares/ST/STM32_USB_Host_Library/Class/MSC/Src/usbh_msc_scsi.c ****     error = USBH_BUSY;
  76              		.loc 1 150 0
  77 0040 0222     		movs	r2, #2
  78 0042 83F85220 		strb	r2, [r3, #82]
  79              	.LVL7:
 152:Middlewares/ST/STM32_USB_Host_Library/Class/MSC/Src/usbh_msc_scsi.c **** 
  80              		.loc 1 152 0
  81 0046 08BD     		pop	{r3, pc}
  82              	.LVL8:
  83              	.L4:
 155:Middlewares/ST/STM32_USB_Host_Library/Class/MSC/Src/usbh_msc_scsi.c ****     break;
  84              		.loc 1 155 0
  85 0048 FFF7FEFF 		bl	USBH_MSC_BOT_Process
  86              	.LVL9:
 156:Middlewares/ST/STM32_USB_Host_Library/Class/MSC/Src/usbh_msc_scsi.c **** 
  87              		.loc 1 156 0
  88 004c 08BD     		pop	{r3, pc}
  89              		.cfi_endproc
  90              	.LFE141:
  92              		.section	.text.USBH_MSC_SCSI_ReadCapacity,"ax",%progbits
  93              		.align	1
  94              		.global	USBH_MSC_SCSI_ReadCapacity
  95              		.syntax unified
  96              		.thumb
  97              		.thumb_func
  98              		.fpu fpv5-sp-d16
 100              	USBH_MSC_SCSI_ReadCapacity:
 101              	.LFB142:
 164:Middlewares/ST/STM32_USB_Host_Library/Class/MSC/Src/usbh_msc_scsi.c **** 
 165:Middlewares/ST/STM32_USB_Host_Library/Class/MSC/Src/usbh_msc_scsi.c **** /**
 166:Middlewares/ST/STM32_USB_Host_Library/Class/MSC/Src/usbh_msc_scsi.c ****   * @brief  USBH_MSC_SCSI_ReadCapacity
 167:Middlewares/ST/STM32_USB_Host_Library/Class/MSC/Src/usbh_msc_scsi.c ****   *         Issue Read Capacity command.
 168:Middlewares/ST/STM32_USB_Host_Library/Class/MSC/Src/usbh_msc_scsi.c ****   * @param  phost: Host handle
 169:Middlewares/ST/STM32_USB_Host_Library/Class/MSC/Src/usbh_msc_scsi.c ****   * @param  lun: Logical Unit Number
 170:Middlewares/ST/STM32_USB_Host_Library/Class/MSC/Src/usbh_msc_scsi.c ****   * @param  capacity: pointer to the capacity structure
 171:Middlewares/ST/STM32_USB_Host_Library/Class/MSC/Src/usbh_msc_scsi.c ****   * @retval USBH Status
 172:Middlewares/ST/STM32_USB_Host_Library/Class/MSC/Src/usbh_msc_scsi.c ****   */
 173:Middlewares/ST/STM32_USB_Host_Library/Class/MSC/Src/usbh_msc_scsi.c **** USBH_StatusTypeDef USBH_MSC_SCSI_ReadCapacity (USBH_HandleTypeDef *phost,
 174:Middlewares/ST/STM32_USB_Host_Library/Class/MSC/Src/usbh_msc_scsi.c ****                                                uint8_t lun,
 175:Middlewares/ST/STM32_USB_Host_Library/Class/MSC/Src/usbh_msc_scsi.c ****                                                SCSI_CapacityTypeDef *capacity)
 176:Middlewares/ST/STM32_USB_Host_Library/Class/MSC/Src/usbh_msc_scsi.c **** {
ARM GAS  C:\Users\Student\AppData\Local\Temp\ccXHxXcW.s 			page 6


 102              		.loc 1 176 0
 103              		.cfi_startproc
 104              		@ args = 0, pretend = 0, frame = 0
 105              		@ frame_needed = 0, uses_anonymous_args = 0
 106              	.LVL10:
 107 0000 38B5     		push	{r3, r4, r5, lr}
 108              	.LCFI1:
 109              		.cfi_def_cfa_offset 16
 110              		.cfi_offset 3, -16
 111              		.cfi_offset 4, -12
 112              		.cfi_offset 5, -8
 113              		.cfi_offset 14, -4
 114              	.LVL11:
 177:Middlewares/ST/STM32_USB_Host_Library/Class/MSC/Src/usbh_msc_scsi.c ****   USBH_StatusTypeDef    error = USBH_BUSY ;
 178:Middlewares/ST/STM32_USB_Host_Library/Class/MSC/Src/usbh_msc_scsi.c ****   MSC_HandleTypeDef *MSC_Handle =  (MSC_HandleTypeDef *) phost->pActiveClass->pData;
 115              		.loc 1 178 0
 116 0002 D0F87833 		ldr	r3, [r0, #888]
 117 0006 DC69     		ldr	r4, [r3, #28]
 118              	.LVL12:
 179:Middlewares/ST/STM32_USB_Host_Library/Class/MSC/Src/usbh_msc_scsi.c **** 
 180:Middlewares/ST/STM32_USB_Host_Library/Class/MSC/Src/usbh_msc_scsi.c ****   switch(MSC_Handle->hbot.cmd_state)
 119              		.loc 1 180 0
 120 0008 94F85230 		ldrb	r3, [r4, #82]	@ zero_extendqisi2
 121 000c 012B     		cmp	r3, #1
 122 000e 03D0     		beq	.L10
 123 0010 022B     		cmp	r3, #2
 124 0012 21D0     		beq	.L11
 177:Middlewares/ST/STM32_USB_Host_Library/Class/MSC/Src/usbh_msc_scsi.c ****   USBH_StatusTypeDef    error = USBH_BUSY ;
 125              		.loc 1 177 0
 126 0014 0123     		movs	r3, #1
 127 0016 1DE0     		b	.L9
 128              	.L10:
 181:Middlewares/ST/STM32_USB_Host_Library/Class/MSC/Src/usbh_msc_scsi.c ****   {
 182:Middlewares/ST/STM32_USB_Host_Library/Class/MSC/Src/usbh_msc_scsi.c ****   case BOT_CMD_SEND:
 183:Middlewares/ST/STM32_USB_Host_Library/Class/MSC/Src/usbh_msc_scsi.c **** 
 184:Middlewares/ST/STM32_USB_Host_Library/Class/MSC/Src/usbh_msc_scsi.c ****     /*Prepare the CBW and relevent field*/
 185:Middlewares/ST/STM32_USB_Host_Library/Class/MSC/Src/usbh_msc_scsi.c ****     MSC_Handle->hbot.cbw.field.DataTransferLength = DATA_LEN_READ_CAPACITY10;
 129              		.loc 1 185 0
 130 0018 0823     		movs	r3, #8
 131 001a E365     		str	r3, [r4, #92]
 186:Middlewares/ST/STM32_USB_Host_Library/Class/MSC/Src/usbh_msc_scsi.c ****     MSC_Handle->hbot.cbw.field.Flags = USB_EP_DIR_IN;
 132              		.loc 1 186 0
 133 001c 8023     		movs	r3, #128
 134 001e 84F86030 		strb	r3, [r4, #96]
 187:Middlewares/ST/STM32_USB_Host_Library/Class/MSC/Src/usbh_msc_scsi.c ****     MSC_Handle->hbot.cbw.field.CBLength = CBW_LENGTH;
 135              		.loc 1 187 0
 136 0022 0A23     		movs	r3, #10
 137 0024 84F86230 		strb	r3, [r4, #98]
 188:Middlewares/ST/STM32_USB_Host_Library/Class/MSC/Src/usbh_msc_scsi.c **** 
 189:Middlewares/ST/STM32_USB_Host_Library/Class/MSC/Src/usbh_msc_scsi.c ****     USBH_memset(MSC_Handle->hbot.cbw.field.CB, 0, CBW_CB_LENGTH);
 138              		.loc 1 189 0
 139 0028 0023     		movs	r3, #0
 140 002a C4F86330 		str	r3, [r4, #99]	@ unaligned
 141 002e C4F86730 		str	r3, [r4, #103]	@ unaligned
 142 0032 C4F86B30 		str	r3, [r4, #107]	@ unaligned
 143 0036 C4F86F30 		str	r3, [r4, #111]	@ unaligned
 190:Middlewares/ST/STM32_USB_Host_Library/Class/MSC/Src/usbh_msc_scsi.c ****     MSC_Handle->hbot.cbw.field.CB[0]  = OPCODE_READ_CAPACITY10;
ARM GAS  C:\Users\Student\AppData\Local\Temp\ccXHxXcW.s 			page 7


 144              		.loc 1 190 0
 145 003a 2523     		movs	r3, #37
 146 003c 84F86330 		strb	r3, [r4, #99]
 191:Middlewares/ST/STM32_USB_Host_Library/Class/MSC/Src/usbh_msc_scsi.c **** 
 192:Middlewares/ST/STM32_USB_Host_Library/Class/MSC/Src/usbh_msc_scsi.c ****     MSC_Handle->hbot.state = BOT_SEND_CBW;
 147              		.loc 1 192 0
 148 0040 0123     		movs	r3, #1
 149 0042 84F85030 		strb	r3, [r4, #80]
 193:Middlewares/ST/STM32_USB_Host_Library/Class/MSC/Src/usbh_msc_scsi.c **** 
 194:Middlewares/ST/STM32_USB_Host_Library/Class/MSC/Src/usbh_msc_scsi.c ****     MSC_Handle->hbot.cmd_state = BOT_CMD_WAIT;
 150              		.loc 1 194 0
 151 0046 0222     		movs	r2, #2
 152              	.LVL13:
 153 0048 84F85220 		strb	r2, [r4, #82]
 195:Middlewares/ST/STM32_USB_Host_Library/Class/MSC/Src/usbh_msc_scsi.c ****     MSC_Handle->hbot.pbuf = (uint8_t *)(void *)MSC_Handle->hbot.data;
 154              		.loc 1 195 0
 155 004c 04F11002 		add	r2, r4, #16
 156 0050 C4F88C20 		str	r2, [r4, #140]
 157              	.LVL14:
 158              	.L9:
 196:Middlewares/ST/STM32_USB_Host_Library/Class/MSC/Src/usbh_msc_scsi.c ****     error = USBH_BUSY;
 197:Middlewares/ST/STM32_USB_Host_Library/Class/MSC/Src/usbh_msc_scsi.c ****     break;
 198:Middlewares/ST/STM32_USB_Host_Library/Class/MSC/Src/usbh_msc_scsi.c **** 
 199:Middlewares/ST/STM32_USB_Host_Library/Class/MSC/Src/usbh_msc_scsi.c ****   case BOT_CMD_WAIT:
 200:Middlewares/ST/STM32_USB_Host_Library/Class/MSC/Src/usbh_msc_scsi.c **** 
 201:Middlewares/ST/STM32_USB_Host_Library/Class/MSC/Src/usbh_msc_scsi.c ****     error = USBH_MSC_BOT_Process(phost, lun);
 202:Middlewares/ST/STM32_USB_Host_Library/Class/MSC/Src/usbh_msc_scsi.c **** 
 203:Middlewares/ST/STM32_USB_Host_Library/Class/MSC/Src/usbh_msc_scsi.c ****     if(error == USBH_OK)
 204:Middlewares/ST/STM32_USB_Host_Library/Class/MSC/Src/usbh_msc_scsi.c ****     {
 205:Middlewares/ST/STM32_USB_Host_Library/Class/MSC/Src/usbh_msc_scsi.c ****       /*assign the capacity*/
 206:Middlewares/ST/STM32_USB_Host_Library/Class/MSC/Src/usbh_msc_scsi.c ****       capacity->block_nbr = MSC_Handle->hbot.pbuf[3] | ((uint32_t)MSC_Handle->hbot.pbuf[2] << 8U) |
 207:Middlewares/ST/STM32_USB_Host_Library/Class/MSC/Src/usbh_msc_scsi.c ****                            ((uint32_t)MSC_Handle->hbot.pbuf[1] << 16U) | ((uint32_t)MSC_Handle->hbo
 208:Middlewares/ST/STM32_USB_Host_Library/Class/MSC/Src/usbh_msc_scsi.c **** 
 209:Middlewares/ST/STM32_USB_Host_Library/Class/MSC/Src/usbh_msc_scsi.c ****       /*assign the page length*/
 210:Middlewares/ST/STM32_USB_Host_Library/Class/MSC/Src/usbh_msc_scsi.c ****       capacity->block_size = (uint16_t)(MSC_Handle->hbot.pbuf[7] | ((uint32_t)MSC_Handle->hbot.pbuf
 211:Middlewares/ST/STM32_USB_Host_Library/Class/MSC/Src/usbh_msc_scsi.c ****     }
 212:Middlewares/ST/STM32_USB_Host_Library/Class/MSC/Src/usbh_msc_scsi.c ****     break;
 213:Middlewares/ST/STM32_USB_Host_Library/Class/MSC/Src/usbh_msc_scsi.c **** 
 214:Middlewares/ST/STM32_USB_Host_Library/Class/MSC/Src/usbh_msc_scsi.c ****   default:
 215:Middlewares/ST/STM32_USB_Host_Library/Class/MSC/Src/usbh_msc_scsi.c ****     break;
 216:Middlewares/ST/STM32_USB_Host_Library/Class/MSC/Src/usbh_msc_scsi.c ****   }
 217:Middlewares/ST/STM32_USB_Host_Library/Class/MSC/Src/usbh_msc_scsi.c **** 
 218:Middlewares/ST/STM32_USB_Host_Library/Class/MSC/Src/usbh_msc_scsi.c ****   return error;
 219:Middlewares/ST/STM32_USB_Host_Library/Class/MSC/Src/usbh_msc_scsi.c **** }
 159              		.loc 1 219 0
 160 0054 1846     		mov	r0, r3
 161 0056 38BD     		pop	{r3, r4, r5, pc}
 162              	.LVL15:
 163              	.L11:
 164 0058 1546     		mov	r5, r2
 201:Middlewares/ST/STM32_USB_Host_Library/Class/MSC/Src/usbh_msc_scsi.c **** 
 165              		.loc 1 201 0
 166 005a FFF7FEFF 		bl	USBH_MSC_BOT_Process
 167              	.LVL16:
 203:Middlewares/ST/STM32_USB_Host_Library/Class/MSC/Src/usbh_msc_scsi.c ****     {
 168              		.loc 1 203 0
 169 005e 0346     		mov	r3, r0
ARM GAS  C:\Users\Student\AppData\Local\Temp\ccXHxXcW.s 			page 8


 170 0060 0028     		cmp	r0, #0
 171 0062 F7D1     		bne	.L9
 206:Middlewares/ST/STM32_USB_Host_Library/Class/MSC/Src/usbh_msc_scsi.c ****                            ((uint32_t)MSC_Handle->hbot.pbuf[1] << 16U) | ((uint32_t)MSC_Handle->hbo
 172              		.loc 1 206 0
 173 0064 D4F88C10 		ldr	r1, [r4, #140]
 174 0068 CA78     		ldrb	r2, [r1, #3]	@ zero_extendqisi2
 175 006a 8878     		ldrb	r0, [r1, #2]	@ zero_extendqisi2
 176              	.LVL17:
 177 006c 42EA0022 		orr	r2, r2, r0, lsl #8
 207:Middlewares/ST/STM32_USB_Host_Library/Class/MSC/Src/usbh_msc_scsi.c **** 
 178              		.loc 1 207 0
 179 0070 4878     		ldrb	r0, [r1, #1]	@ zero_extendqisi2
 206:Middlewares/ST/STM32_USB_Host_Library/Class/MSC/Src/usbh_msc_scsi.c ****                            ((uint32_t)MSC_Handle->hbot.pbuf[1] << 16U) | ((uint32_t)MSC_Handle->hbo
 180              		.loc 1 206 0
 181 0072 42EA0042 		orr	r2, r2, r0, lsl #16
 207:Middlewares/ST/STM32_USB_Host_Library/Class/MSC/Src/usbh_msc_scsi.c **** 
 182              		.loc 1 207 0
 183 0076 0978     		ldrb	r1, [r1]	@ zero_extendqisi2
 184 0078 42EA0162 		orr	r2, r2, r1, lsl #24
 206:Middlewares/ST/STM32_USB_Host_Library/Class/MSC/Src/usbh_msc_scsi.c ****                            ((uint32_t)MSC_Handle->hbot.pbuf[1] << 16U) | ((uint32_t)MSC_Handle->hbo
 185              		.loc 1 206 0
 186 007c 2A60     		str	r2, [r5]
 210:Middlewares/ST/STM32_USB_Host_Library/Class/MSC/Src/usbh_msc_scsi.c ****     }
 187              		.loc 1 210 0
 188 007e D4F88C10 		ldr	r1, [r4, #140]
 189 0082 CA79     		ldrb	r2, [r1, #7]	@ zero_extendqisi2
 190 0084 8979     		ldrb	r1, [r1, #6]	@ zero_extendqisi2
 191 0086 42EA0122 		orr	r2, r2, r1, lsl #8
 192 008a AA80     		strh	r2, [r5, #4]	@ movhi
 193 008c E2E7     		b	.L9
 194              		.cfi_endproc
 195              	.LFE142:
 197              		.section	.text.USBH_MSC_SCSI_Inquiry,"ax",%progbits
 198              		.align	1
 199              		.global	USBH_MSC_SCSI_Inquiry
 200              		.syntax unified
 201              		.thumb
 202              		.thumb_func
 203              		.fpu fpv5-sp-d16
 205              	USBH_MSC_SCSI_Inquiry:
 206              	.LFB143:
 220:Middlewares/ST/STM32_USB_Host_Library/Class/MSC/Src/usbh_msc_scsi.c **** 
 221:Middlewares/ST/STM32_USB_Host_Library/Class/MSC/Src/usbh_msc_scsi.c **** /**
 222:Middlewares/ST/STM32_USB_Host_Library/Class/MSC/Src/usbh_msc_scsi.c ****   * @brief  USBH_MSC_SCSI_Inquiry
 223:Middlewares/ST/STM32_USB_Host_Library/Class/MSC/Src/usbh_msc_scsi.c ****   *         Issue Inquiry command.
 224:Middlewares/ST/STM32_USB_Host_Library/Class/MSC/Src/usbh_msc_scsi.c ****   * @param  phost: Host handle
 225:Middlewares/ST/STM32_USB_Host_Library/Class/MSC/Src/usbh_msc_scsi.c ****   * @param  lun: Logical Unit Number
 226:Middlewares/ST/STM32_USB_Host_Library/Class/MSC/Src/usbh_msc_scsi.c ****   * @param  capacity: pointer to the inquiry structure
 227:Middlewares/ST/STM32_USB_Host_Library/Class/MSC/Src/usbh_msc_scsi.c ****   * @retval USBH Status
 228:Middlewares/ST/STM32_USB_Host_Library/Class/MSC/Src/usbh_msc_scsi.c ****   */
 229:Middlewares/ST/STM32_USB_Host_Library/Class/MSC/Src/usbh_msc_scsi.c **** USBH_StatusTypeDef USBH_MSC_SCSI_Inquiry (USBH_HandleTypeDef *phost, uint8_t lun,
 230:Middlewares/ST/STM32_USB_Host_Library/Class/MSC/Src/usbh_msc_scsi.c ****                                           SCSI_StdInquiryDataTypeDef *inquiry)
 231:Middlewares/ST/STM32_USB_Host_Library/Class/MSC/Src/usbh_msc_scsi.c **** {
 207              		.loc 1 231 0
 208              		.cfi_startproc
 209              		@ args = 0, pretend = 0, frame = 0
 210              		@ frame_needed = 0, uses_anonymous_args = 0
ARM GAS  C:\Users\Student\AppData\Local\Temp\ccXHxXcW.s 			page 9


 211              	.LVL18:
 212 0000 F8B5     		push	{r3, r4, r5, r6, r7, lr}
 213              	.LCFI2:
 214              		.cfi_def_cfa_offset 24
 215              		.cfi_offset 3, -24
 216              		.cfi_offset 4, -20
 217              		.cfi_offset 5, -16
 218              		.cfi_offset 6, -12
 219              		.cfi_offset 7, -8
 220              		.cfi_offset 14, -4
 221              	.LVL19:
 232:Middlewares/ST/STM32_USB_Host_Library/Class/MSC/Src/usbh_msc_scsi.c ****   USBH_StatusTypeDef error = USBH_FAIL;
 233:Middlewares/ST/STM32_USB_Host_Library/Class/MSC/Src/usbh_msc_scsi.c ****   MSC_HandleTypeDef *MSC_Handle = (MSC_HandleTypeDef *) phost->pActiveClass->pData;
 222              		.loc 1 233 0
 223 0002 D0F87833 		ldr	r3, [r0, #888]
 224 0006 DC69     		ldr	r4, [r3, #28]
 225              	.LVL20:
 234:Middlewares/ST/STM32_USB_Host_Library/Class/MSC/Src/usbh_msc_scsi.c **** 
 235:Middlewares/ST/STM32_USB_Host_Library/Class/MSC/Src/usbh_msc_scsi.c ****   switch(MSC_Handle->hbot.cmd_state)
 226              		.loc 1 235 0
 227 0008 94F85230 		ldrb	r3, [r4, #82]	@ zero_extendqisi2
 228 000c 012B     		cmp	r3, #1
 229 000e 03D0     		beq	.L17
 230 0010 022B     		cmp	r3, #2
 231 0012 28D0     		beq	.L18
 232:Middlewares/ST/STM32_USB_Host_Library/Class/MSC/Src/usbh_msc_scsi.c ****   USBH_StatusTypeDef error = USBH_FAIL;
 232              		.loc 1 232 0
 233 0014 0225     		movs	r5, #2
 234 0016 24E0     		b	.L16
 235              	.L17:
 236:Middlewares/ST/STM32_USB_Host_Library/Class/MSC/Src/usbh_msc_scsi.c ****   {
 237:Middlewares/ST/STM32_USB_Host_Library/Class/MSC/Src/usbh_msc_scsi.c ****   case BOT_CMD_SEND:
 238:Middlewares/ST/STM32_USB_Host_Library/Class/MSC/Src/usbh_msc_scsi.c **** 
 239:Middlewares/ST/STM32_USB_Host_Library/Class/MSC/Src/usbh_msc_scsi.c ****     /*Prepare the CBW and relevent field*/
 240:Middlewares/ST/STM32_USB_Host_Library/Class/MSC/Src/usbh_msc_scsi.c ****     MSC_Handle->hbot.cbw.field.DataTransferLength = DATA_LEN_INQUIRY;
 236              		.loc 1 240 0
 237 0018 2422     		movs	r2, #36
 238              	.LVL21:
 239 001a E265     		str	r2, [r4, #92]
 241:Middlewares/ST/STM32_USB_Host_Library/Class/MSC/Src/usbh_msc_scsi.c ****     MSC_Handle->hbot.cbw.field.Flags = USB_EP_DIR_IN;
 240              		.loc 1 241 0
 241 001c 8023     		movs	r3, #128
 242 001e 84F86030 		strb	r3, [r4, #96]
 242:Middlewares/ST/STM32_USB_Host_Library/Class/MSC/Src/usbh_msc_scsi.c ****     MSC_Handle->hbot.cbw.field.CBLength = CBW_LENGTH;
 243              		.loc 1 242 0
 244 0022 0A23     		movs	r3, #10
 245 0024 84F86230 		strb	r3, [r4, #98]
 243:Middlewares/ST/STM32_USB_Host_Library/Class/MSC/Src/usbh_msc_scsi.c **** 
 244:Middlewares/ST/STM32_USB_Host_Library/Class/MSC/Src/usbh_msc_scsi.c ****     USBH_memset(MSC_Handle->hbot.cbw.field.CB, 0, CBW_LENGTH);
 246              		.loc 1 244 0
 247 0028 0023     		movs	r3, #0
 248 002a C4F86730 		str	r3, [r4, #103]	@ unaligned
 249 002e A4F86B30 		strh	r3, [r4, #107]	@ unaligned
 245:Middlewares/ST/STM32_USB_Host_Library/Class/MSC/Src/usbh_msc_scsi.c ****     MSC_Handle->hbot.cbw.field.CB[0]  = OPCODE_INQUIRY;
 250              		.loc 1 245 0
 251 0032 1220     		movs	r0, #18
 252              	.LVL22:
ARM GAS  C:\Users\Student\AppData\Local\Temp\ccXHxXcW.s 			page 10


 253 0034 84F86300 		strb	r0, [r4, #99]
 246:Middlewares/ST/STM32_USB_Host_Library/Class/MSC/Src/usbh_msc_scsi.c ****     MSC_Handle->hbot.cbw.field.CB[1]  = (lun << 5);
 254              		.loc 1 246 0
 255 0038 4901     		lsls	r1, r1, #5
 256              	.LVL23:
 257 003a 84F86410 		strb	r1, [r4, #100]
 247:Middlewares/ST/STM32_USB_Host_Library/Class/MSC/Src/usbh_msc_scsi.c ****     MSC_Handle->hbot.cbw.field.CB[2]  = 0U;
 258              		.loc 1 247 0
 259 003e 84F86530 		strb	r3, [r4, #101]
 248:Middlewares/ST/STM32_USB_Host_Library/Class/MSC/Src/usbh_msc_scsi.c ****     MSC_Handle->hbot.cbw.field.CB[3]  = 0U;
 260              		.loc 1 248 0
 261 0042 84F86630 		strb	r3, [r4, #102]
 249:Middlewares/ST/STM32_USB_Host_Library/Class/MSC/Src/usbh_msc_scsi.c ****     MSC_Handle->hbot.cbw.field.CB[4]  = 0x24U;
 262              		.loc 1 249 0
 263 0046 84F86720 		strb	r2, [r4, #103]
 250:Middlewares/ST/STM32_USB_Host_Library/Class/MSC/Src/usbh_msc_scsi.c ****     MSC_Handle->hbot.cbw.field.CB[5]  = 0U;
 264              		.loc 1 250 0
 265 004a 84F86830 		strb	r3, [r4, #104]
 251:Middlewares/ST/STM32_USB_Host_Library/Class/MSC/Src/usbh_msc_scsi.c **** 
 252:Middlewares/ST/STM32_USB_Host_Library/Class/MSC/Src/usbh_msc_scsi.c ****     MSC_Handle->hbot.state = BOT_SEND_CBW;
 266              		.loc 1 252 0
 267 004e 0125     		movs	r5, #1
 268 0050 84F85050 		strb	r5, [r4, #80]
 253:Middlewares/ST/STM32_USB_Host_Library/Class/MSC/Src/usbh_msc_scsi.c **** 
 254:Middlewares/ST/STM32_USB_Host_Library/Class/MSC/Src/usbh_msc_scsi.c ****     MSC_Handle->hbot.cmd_state = BOT_CMD_WAIT;
 269              		.loc 1 254 0
 270 0054 0223     		movs	r3, #2
 271 0056 84F85230 		strb	r3, [r4, #82]
 255:Middlewares/ST/STM32_USB_Host_Library/Class/MSC/Src/usbh_msc_scsi.c ****     MSC_Handle->hbot.pbuf = (uint8_t *)(void *)MSC_Handle->hbot.data;
 272              		.loc 1 255 0
 273 005a 04F11003 		add	r3, r4, #16
 274 005e C4F88C30 		str	r3, [r4, #140]
 275              	.LVL24:
 276              	.L16:
 256:Middlewares/ST/STM32_USB_Host_Library/Class/MSC/Src/usbh_msc_scsi.c ****     error = USBH_BUSY;
 257:Middlewares/ST/STM32_USB_Host_Library/Class/MSC/Src/usbh_msc_scsi.c ****     break;
 258:Middlewares/ST/STM32_USB_Host_Library/Class/MSC/Src/usbh_msc_scsi.c **** 
 259:Middlewares/ST/STM32_USB_Host_Library/Class/MSC/Src/usbh_msc_scsi.c ****   case BOT_CMD_WAIT:
 260:Middlewares/ST/STM32_USB_Host_Library/Class/MSC/Src/usbh_msc_scsi.c **** 
 261:Middlewares/ST/STM32_USB_Host_Library/Class/MSC/Src/usbh_msc_scsi.c ****     error = USBH_MSC_BOT_Process(phost, lun);
 262:Middlewares/ST/STM32_USB_Host_Library/Class/MSC/Src/usbh_msc_scsi.c **** 
 263:Middlewares/ST/STM32_USB_Host_Library/Class/MSC/Src/usbh_msc_scsi.c ****     if(error == USBH_OK)
 264:Middlewares/ST/STM32_USB_Host_Library/Class/MSC/Src/usbh_msc_scsi.c ****     {
 265:Middlewares/ST/STM32_USB_Host_Library/Class/MSC/Src/usbh_msc_scsi.c ****       USBH_memset(inquiry, 0, sizeof(SCSI_StdInquiryDataTypeDef));
 266:Middlewares/ST/STM32_USB_Host_Library/Class/MSC/Src/usbh_msc_scsi.c ****       /*assign Inquiry Data */
 267:Middlewares/ST/STM32_USB_Host_Library/Class/MSC/Src/usbh_msc_scsi.c ****       inquiry->DeviceType = MSC_Handle->hbot.pbuf[0] & 0x1FU;
 268:Middlewares/ST/STM32_USB_Host_Library/Class/MSC/Src/usbh_msc_scsi.c ****       inquiry->PeripheralQualifier = MSC_Handle->hbot.pbuf[0] >> 5U;
 269:Middlewares/ST/STM32_USB_Host_Library/Class/MSC/Src/usbh_msc_scsi.c **** 
 270:Middlewares/ST/STM32_USB_Host_Library/Class/MSC/Src/usbh_msc_scsi.c ****       if (((uint32_t)MSC_Handle->hbot.pbuf[1] & 0x80U) == 0x80U)
 271:Middlewares/ST/STM32_USB_Host_Library/Class/MSC/Src/usbh_msc_scsi.c ****       {
 272:Middlewares/ST/STM32_USB_Host_Library/Class/MSC/Src/usbh_msc_scsi.c ****         inquiry->RemovableMedia = 1U;
 273:Middlewares/ST/STM32_USB_Host_Library/Class/MSC/Src/usbh_msc_scsi.c ****       }
 274:Middlewares/ST/STM32_USB_Host_Library/Class/MSC/Src/usbh_msc_scsi.c ****       else
 275:Middlewares/ST/STM32_USB_Host_Library/Class/MSC/Src/usbh_msc_scsi.c ****       {
 276:Middlewares/ST/STM32_USB_Host_Library/Class/MSC/Src/usbh_msc_scsi.c ****         inquiry->RemovableMedia = 0U;
 277:Middlewares/ST/STM32_USB_Host_Library/Class/MSC/Src/usbh_msc_scsi.c ****       }
 278:Middlewares/ST/STM32_USB_Host_Library/Class/MSC/Src/usbh_msc_scsi.c **** 
ARM GAS  C:\Users\Student\AppData\Local\Temp\ccXHxXcW.s 			page 11


 279:Middlewares/ST/STM32_USB_Host_Library/Class/MSC/Src/usbh_msc_scsi.c ****       USBH_memcpy (inquiry->vendor_id, &MSC_Handle->hbot.pbuf[8], 8U);
 280:Middlewares/ST/STM32_USB_Host_Library/Class/MSC/Src/usbh_msc_scsi.c ****       USBH_memcpy (inquiry->product_id, &MSC_Handle->hbot.pbuf[16], 16U);
 281:Middlewares/ST/STM32_USB_Host_Library/Class/MSC/Src/usbh_msc_scsi.c ****       USBH_memcpy (inquiry->revision_id, &MSC_Handle->hbot.pbuf[32], 4U);
 282:Middlewares/ST/STM32_USB_Host_Library/Class/MSC/Src/usbh_msc_scsi.c ****     }
 283:Middlewares/ST/STM32_USB_Host_Library/Class/MSC/Src/usbh_msc_scsi.c ****     break;
 284:Middlewares/ST/STM32_USB_Host_Library/Class/MSC/Src/usbh_msc_scsi.c **** 
 285:Middlewares/ST/STM32_USB_Host_Library/Class/MSC/Src/usbh_msc_scsi.c ****   default:
 286:Middlewares/ST/STM32_USB_Host_Library/Class/MSC/Src/usbh_msc_scsi.c ****     break;
 287:Middlewares/ST/STM32_USB_Host_Library/Class/MSC/Src/usbh_msc_scsi.c ****   }
 288:Middlewares/ST/STM32_USB_Host_Library/Class/MSC/Src/usbh_msc_scsi.c **** 
 289:Middlewares/ST/STM32_USB_Host_Library/Class/MSC/Src/usbh_msc_scsi.c ****   return error;
 290:Middlewares/ST/STM32_USB_Host_Library/Class/MSC/Src/usbh_msc_scsi.c **** }
 277              		.loc 1 290 0
 278 0062 2846     		mov	r0, r5
 279 0064 F8BD     		pop	{r3, r4, r5, r6, r7, pc}
 280              	.LVL25:
 281              	.L18:
 282 0066 1646     		mov	r6, r2
 261:Middlewares/ST/STM32_USB_Host_Library/Class/MSC/Src/usbh_msc_scsi.c **** 
 283              		.loc 1 261 0
 284 0068 FFF7FEFF 		bl	USBH_MSC_BOT_Process
 285              	.LVL26:
 263:Middlewares/ST/STM32_USB_Host_Library/Class/MSC/Src/usbh_msc_scsi.c ****     {
 286              		.loc 1 263 0
 287 006c 0546     		mov	r5, r0
 288 006e 0028     		cmp	r0, #0
 289 0070 F7D1     		bne	.L16
 265:Middlewares/ST/STM32_USB_Host_Library/Class/MSC/Src/usbh_msc_scsi.c ****       /*assign Inquiry Data */
 290              		.loc 1 265 0
 291 0072 2222     		movs	r2, #34
 292 0074 0021     		movs	r1, #0
 293 0076 3046     		mov	r0, r6
 294              	.LVL27:
 295 0078 FFF7FEFF 		bl	memset
 296              	.LVL28:
 267:Middlewares/ST/STM32_USB_Host_Library/Class/MSC/Src/usbh_msc_scsi.c ****       inquiry->PeripheralQualifier = MSC_Handle->hbot.pbuf[0] >> 5U;
 297              		.loc 1 267 0
 298 007c D4F88C30 		ldr	r3, [r4, #140]
 299 0080 1B78     		ldrb	r3, [r3]	@ zero_extendqisi2
 300 0082 03F01F03 		and	r3, r3, #31
 301 0086 7370     		strb	r3, [r6, #1]
 268:Middlewares/ST/STM32_USB_Host_Library/Class/MSC/Src/usbh_msc_scsi.c **** 
 302              		.loc 1 268 0
 303 0088 D4F88C30 		ldr	r3, [r4, #140]
 304 008c 1B78     		ldrb	r3, [r3]	@ zero_extendqisi2
 305 008e 5B09     		lsrs	r3, r3, #5
 306 0090 3370     		strb	r3, [r6]
 270:Middlewares/ST/STM32_USB_Host_Library/Class/MSC/Src/usbh_msc_scsi.c ****       {
 307              		.loc 1 270 0
 308 0092 D4F88C30 		ldr	r3, [r4, #140]
 309 0096 93F90130 		ldrsb	r3, [r3, #1]
 310 009a 002B     		cmp	r3, #0
 311 009c 1BDB     		blt	.L24
 276:Middlewares/ST/STM32_USB_Host_Library/Class/MSC/Src/usbh_msc_scsi.c ****       }
 312              		.loc 1 276 0
 313 009e 0023     		movs	r3, #0
 314 00a0 B370     		strb	r3, [r6, #2]
ARM GAS  C:\Users\Student\AppData\Local\Temp\ccXHxXcW.s 			page 12


 315              	.L20:
 279:Middlewares/ST/STM32_USB_Host_Library/Class/MSC/Src/usbh_msc_scsi.c ****       USBH_memcpy (inquiry->product_id, &MSC_Handle->hbot.pbuf[16], 16U);
 316              		.loc 1 279 0
 317 00a2 D4F88C30 		ldr	r3, [r4, #140]
 318 00a6 53F8082F 		ldr	r2, [r3, #8]!	@ unaligned
 319 00aa 5B68     		ldr	r3, [r3, #4]	@ unaligned
 320 00ac C6F80320 		str	r2, [r6, #3]	@ unaligned
 321 00b0 C6F80730 		str	r3, [r6, #7]	@ unaligned
 280:Middlewares/ST/STM32_USB_Host_Library/Class/MSC/Src/usbh_msc_scsi.c ****       USBH_memcpy (inquiry->revision_id, &MSC_Handle->hbot.pbuf[32], 4U);
 322              		.loc 1 280 0
 323 00b4 D4F88C30 		ldr	r3, [r4, #140]
 324 00b8 53F8107F 		ldr	r7, [r3, #16]!	@ unaligned
 325 00bc 5868     		ldr	r0, [r3, #4]	@ unaligned
 326 00be 9968     		ldr	r1, [r3, #8]	@ unaligned
 327 00c0 DB68     		ldr	r3, [r3, #12]	@ unaligned
 328 00c2 F760     		str	r7, [r6, #12]	@ unaligned
 329 00c4 3061     		str	r0, [r6, #16]	@ unaligned
 330 00c6 7161     		str	r1, [r6, #20]	@ unaligned
 331 00c8 B361     		str	r3, [r6, #24]	@ unaligned
 281:Middlewares/ST/STM32_USB_Host_Library/Class/MSC/Src/usbh_msc_scsi.c ****     }
 332              		.loc 1 281 0
 333 00ca D4F88C30 		ldr	r3, [r4, #140]
 334 00ce 1B6A     		ldr	r3, [r3, #32]	@ unaligned
 335 00d0 C6F81D30 		str	r3, [r6, #29]	@ unaligned
 336 00d4 C5E7     		b	.L16
 337              	.L24:
 272:Middlewares/ST/STM32_USB_Host_Library/Class/MSC/Src/usbh_msc_scsi.c ****       }
 338              		.loc 1 272 0
 339 00d6 0123     		movs	r3, #1
 340 00d8 B370     		strb	r3, [r6, #2]
 341 00da E2E7     		b	.L20
 342              		.cfi_endproc
 343              	.LFE143:
 345              		.section	.text.USBH_MSC_SCSI_RequestSense,"ax",%progbits
 346              		.align	1
 347              		.global	USBH_MSC_SCSI_RequestSense
 348              		.syntax unified
 349              		.thumb
 350              		.thumb_func
 351              		.fpu fpv5-sp-d16
 353              	USBH_MSC_SCSI_RequestSense:
 354              	.LFB144:
 291:Middlewares/ST/STM32_USB_Host_Library/Class/MSC/Src/usbh_msc_scsi.c **** 
 292:Middlewares/ST/STM32_USB_Host_Library/Class/MSC/Src/usbh_msc_scsi.c **** /**
 293:Middlewares/ST/STM32_USB_Host_Library/Class/MSC/Src/usbh_msc_scsi.c ****   * @brief  USBH_MSC_SCSI_RequestSense
 294:Middlewares/ST/STM32_USB_Host_Library/Class/MSC/Src/usbh_msc_scsi.c ****   *         Issue RequestSense command.
 295:Middlewares/ST/STM32_USB_Host_Library/Class/MSC/Src/usbh_msc_scsi.c ****   * @param  phost: Host handle
 296:Middlewares/ST/STM32_USB_Host_Library/Class/MSC/Src/usbh_msc_scsi.c ****   * @param  lun: Logical Unit Number
 297:Middlewares/ST/STM32_USB_Host_Library/Class/MSC/Src/usbh_msc_scsi.c ****   * @param  capacity: pointer to the sense data structure
 298:Middlewares/ST/STM32_USB_Host_Library/Class/MSC/Src/usbh_msc_scsi.c ****   * @retval USBH Status
 299:Middlewares/ST/STM32_USB_Host_Library/Class/MSC/Src/usbh_msc_scsi.c ****   */
 300:Middlewares/ST/STM32_USB_Host_Library/Class/MSC/Src/usbh_msc_scsi.c **** USBH_StatusTypeDef USBH_MSC_SCSI_RequestSense (USBH_HandleTypeDef *phost,
 301:Middlewares/ST/STM32_USB_Host_Library/Class/MSC/Src/usbh_msc_scsi.c ****                                                uint8_t lun,
 302:Middlewares/ST/STM32_USB_Host_Library/Class/MSC/Src/usbh_msc_scsi.c ****                                                SCSI_SenseTypeDef *sense_data)
 303:Middlewares/ST/STM32_USB_Host_Library/Class/MSC/Src/usbh_msc_scsi.c **** {
 355              		.loc 1 303 0
 356              		.cfi_startproc
ARM GAS  C:\Users\Student\AppData\Local\Temp\ccXHxXcW.s 			page 13


 357              		@ args = 0, pretend = 0, frame = 0
 358              		@ frame_needed = 0, uses_anonymous_args = 0
 359              	.LVL29:
 360 0000 38B5     		push	{r3, r4, r5, lr}
 361              	.LCFI3:
 362              		.cfi_def_cfa_offset 16
 363              		.cfi_offset 3, -16
 364              		.cfi_offset 4, -12
 365              		.cfi_offset 5, -8
 366              		.cfi_offset 14, -4
 367              	.LVL30:
 304:Middlewares/ST/STM32_USB_Host_Library/Class/MSC/Src/usbh_msc_scsi.c ****   USBH_StatusTypeDef    error = USBH_FAIL ;
 305:Middlewares/ST/STM32_USB_Host_Library/Class/MSC/Src/usbh_msc_scsi.c ****   MSC_HandleTypeDef *MSC_Handle =  (MSC_HandleTypeDef *) phost->pActiveClass->pData;
 368              		.loc 1 305 0
 369 0002 D0F87833 		ldr	r3, [r0, #888]
 370 0006 DC69     		ldr	r4, [r3, #28]
 371              	.LVL31:
 306:Middlewares/ST/STM32_USB_Host_Library/Class/MSC/Src/usbh_msc_scsi.c **** 
 307:Middlewares/ST/STM32_USB_Host_Library/Class/MSC/Src/usbh_msc_scsi.c ****   switch(MSC_Handle->hbot.cmd_state)
 372              		.loc 1 307 0
 373 0008 94F85230 		ldrb	r3, [r4, #82]	@ zero_extendqisi2
 374 000c 012B     		cmp	r3, #1
 375 000e 03D0     		beq	.L27
 376 0010 022B     		cmp	r3, #2
 377 0012 2AD0     		beq	.L28
 304:Middlewares/ST/STM32_USB_Host_Library/Class/MSC/Src/usbh_msc_scsi.c ****   USBH_StatusTypeDef    error = USBH_FAIL ;
 378              		.loc 1 304 0
 379 0014 0223     		movs	r3, #2
 380 0016 26E0     		b	.L26
 381              	.L27:
 308:Middlewares/ST/STM32_USB_Host_Library/Class/MSC/Src/usbh_msc_scsi.c ****   {
 309:Middlewares/ST/STM32_USB_Host_Library/Class/MSC/Src/usbh_msc_scsi.c ****   case BOT_CMD_SEND:
 310:Middlewares/ST/STM32_USB_Host_Library/Class/MSC/Src/usbh_msc_scsi.c **** 
 311:Middlewares/ST/STM32_USB_Host_Library/Class/MSC/Src/usbh_msc_scsi.c ****     /*Prepare the CBW and relevent field*/
 312:Middlewares/ST/STM32_USB_Host_Library/Class/MSC/Src/usbh_msc_scsi.c ****     MSC_Handle->hbot.cbw.field.DataTransferLength = DATA_LEN_REQUEST_SENSE;
 382              		.loc 1 312 0
 383 0018 0E20     		movs	r0, #14
 384              	.LVL32:
 385 001a E065     		str	r0, [r4, #92]
 313:Middlewares/ST/STM32_USB_Host_Library/Class/MSC/Src/usbh_msc_scsi.c ****     MSC_Handle->hbot.cbw.field.Flags = USB_EP_DIR_IN;
 386              		.loc 1 313 0
 387 001c 8023     		movs	r3, #128
 388 001e 84F86030 		strb	r3, [r4, #96]
 314:Middlewares/ST/STM32_USB_Host_Library/Class/MSC/Src/usbh_msc_scsi.c ****     MSC_Handle->hbot.cbw.field.CBLength = CBW_LENGTH;
 389              		.loc 1 314 0
 390 0022 0A23     		movs	r3, #10
 391 0024 84F86230 		strb	r3, [r4, #98]
 315:Middlewares/ST/STM32_USB_Host_Library/Class/MSC/Src/usbh_msc_scsi.c **** 
 316:Middlewares/ST/STM32_USB_Host_Library/Class/MSC/Src/usbh_msc_scsi.c ****     USBH_memset(MSC_Handle->hbot.cbw.field.CB, 0, CBW_CB_LENGTH);
 392              		.loc 1 316 0
 393 0028 0023     		movs	r3, #0
 394 002a C4F86730 		str	r3, [r4, #103]	@ unaligned
 395 002e C4F86B30 		str	r3, [r4, #107]	@ unaligned
 396 0032 C4F86F30 		str	r3, [r4, #111]	@ unaligned
 317:Middlewares/ST/STM32_USB_Host_Library/Class/MSC/Src/usbh_msc_scsi.c ****     MSC_Handle->hbot.cbw.field.CB[0]  = OPCODE_REQUEST_SENSE;
 397              		.loc 1 317 0
 398 0036 0322     		movs	r2, #3
ARM GAS  C:\Users\Student\AppData\Local\Temp\ccXHxXcW.s 			page 14


 399              	.LVL33:
 400 0038 84F86320 		strb	r2, [r4, #99]
 318:Middlewares/ST/STM32_USB_Host_Library/Class/MSC/Src/usbh_msc_scsi.c ****     MSC_Handle->hbot.cbw.field.CB[1]  = (lun << 5);
 401              		.loc 1 318 0
 402 003c 4901     		lsls	r1, r1, #5
 403              	.LVL34:
 404 003e 84F86410 		strb	r1, [r4, #100]
 319:Middlewares/ST/STM32_USB_Host_Library/Class/MSC/Src/usbh_msc_scsi.c ****     MSC_Handle->hbot.cbw.field.CB[2]  = 0U;
 405              		.loc 1 319 0
 406 0042 84F86530 		strb	r3, [r4, #101]
 320:Middlewares/ST/STM32_USB_Host_Library/Class/MSC/Src/usbh_msc_scsi.c ****     MSC_Handle->hbot.cbw.field.CB[3]  = 0U;
 407              		.loc 1 320 0
 408 0046 84F86630 		strb	r3, [r4, #102]
 321:Middlewares/ST/STM32_USB_Host_Library/Class/MSC/Src/usbh_msc_scsi.c ****     MSC_Handle->hbot.cbw.field.CB[4]  = DATA_LEN_REQUEST_SENSE;
 409              		.loc 1 321 0
 410 004a 84F86700 		strb	r0, [r4, #103]
 322:Middlewares/ST/STM32_USB_Host_Library/Class/MSC/Src/usbh_msc_scsi.c ****     MSC_Handle->hbot.cbw.field.CB[5]  = 0U;
 411              		.loc 1 322 0
 412 004e 84F86830 		strb	r3, [r4, #104]
 323:Middlewares/ST/STM32_USB_Host_Library/Class/MSC/Src/usbh_msc_scsi.c **** 
 324:Middlewares/ST/STM32_USB_Host_Library/Class/MSC/Src/usbh_msc_scsi.c ****     MSC_Handle->hbot.state = BOT_SEND_CBW;
 413              		.loc 1 324 0
 414 0052 0123     		movs	r3, #1
 415 0054 84F85030 		strb	r3, [r4, #80]
 325:Middlewares/ST/STM32_USB_Host_Library/Class/MSC/Src/usbh_msc_scsi.c ****     MSC_Handle->hbot.cmd_state = BOT_CMD_WAIT;
 416              		.loc 1 325 0
 417 0058 0222     		movs	r2, #2
 418 005a 84F85220 		strb	r2, [r4, #82]
 326:Middlewares/ST/STM32_USB_Host_Library/Class/MSC/Src/usbh_msc_scsi.c ****     MSC_Handle->hbot.pbuf = (uint8_t *)(void *)MSC_Handle->hbot.data;
 419              		.loc 1 326 0
 420 005e 04F11002 		add	r2, r4, #16
 421 0062 C4F88C20 		str	r2, [r4, #140]
 422              	.LVL35:
 423              	.L26:
 327:Middlewares/ST/STM32_USB_Host_Library/Class/MSC/Src/usbh_msc_scsi.c ****     error = USBH_BUSY;
 328:Middlewares/ST/STM32_USB_Host_Library/Class/MSC/Src/usbh_msc_scsi.c ****     break;
 329:Middlewares/ST/STM32_USB_Host_Library/Class/MSC/Src/usbh_msc_scsi.c **** 
 330:Middlewares/ST/STM32_USB_Host_Library/Class/MSC/Src/usbh_msc_scsi.c ****   case BOT_CMD_WAIT:
 331:Middlewares/ST/STM32_USB_Host_Library/Class/MSC/Src/usbh_msc_scsi.c **** 
 332:Middlewares/ST/STM32_USB_Host_Library/Class/MSC/Src/usbh_msc_scsi.c ****     error = USBH_MSC_BOT_Process(phost, lun);
 333:Middlewares/ST/STM32_USB_Host_Library/Class/MSC/Src/usbh_msc_scsi.c **** 
 334:Middlewares/ST/STM32_USB_Host_Library/Class/MSC/Src/usbh_msc_scsi.c ****     if(error == USBH_OK)
 335:Middlewares/ST/STM32_USB_Host_Library/Class/MSC/Src/usbh_msc_scsi.c ****     {
 336:Middlewares/ST/STM32_USB_Host_Library/Class/MSC/Src/usbh_msc_scsi.c ****       sense_data->key  = MSC_Handle->hbot.pbuf[2] & 0x0FU;
 337:Middlewares/ST/STM32_USB_Host_Library/Class/MSC/Src/usbh_msc_scsi.c ****       sense_data->asc  = MSC_Handle->hbot.pbuf[12];
 338:Middlewares/ST/STM32_USB_Host_Library/Class/MSC/Src/usbh_msc_scsi.c ****       sense_data->ascq = MSC_Handle->hbot.pbuf[13];
 339:Middlewares/ST/STM32_USB_Host_Library/Class/MSC/Src/usbh_msc_scsi.c ****     }
 340:Middlewares/ST/STM32_USB_Host_Library/Class/MSC/Src/usbh_msc_scsi.c ****     break;
 341:Middlewares/ST/STM32_USB_Host_Library/Class/MSC/Src/usbh_msc_scsi.c **** 
 342:Middlewares/ST/STM32_USB_Host_Library/Class/MSC/Src/usbh_msc_scsi.c ****   default:
 343:Middlewares/ST/STM32_USB_Host_Library/Class/MSC/Src/usbh_msc_scsi.c ****     break;
 344:Middlewares/ST/STM32_USB_Host_Library/Class/MSC/Src/usbh_msc_scsi.c ****   }
 345:Middlewares/ST/STM32_USB_Host_Library/Class/MSC/Src/usbh_msc_scsi.c **** 
 346:Middlewares/ST/STM32_USB_Host_Library/Class/MSC/Src/usbh_msc_scsi.c ****   return error;
 347:Middlewares/ST/STM32_USB_Host_Library/Class/MSC/Src/usbh_msc_scsi.c **** }
 424              		.loc 1 347 0
 425 0066 1846     		mov	r0, r3
ARM GAS  C:\Users\Student\AppData\Local\Temp\ccXHxXcW.s 			page 15


 426 0068 38BD     		pop	{r3, r4, r5, pc}
 427              	.LVL36:
 428              	.L28:
 429 006a 1546     		mov	r5, r2
 332:Middlewares/ST/STM32_USB_Host_Library/Class/MSC/Src/usbh_msc_scsi.c **** 
 430              		.loc 1 332 0
 431 006c FFF7FEFF 		bl	USBH_MSC_BOT_Process
 432              	.LVL37:
 334:Middlewares/ST/STM32_USB_Host_Library/Class/MSC/Src/usbh_msc_scsi.c ****     {
 433              		.loc 1 334 0
 434 0070 0346     		mov	r3, r0
 435 0072 0028     		cmp	r0, #0
 436 0074 F7D1     		bne	.L26
 336:Middlewares/ST/STM32_USB_Host_Library/Class/MSC/Src/usbh_msc_scsi.c ****       sense_data->asc  = MSC_Handle->hbot.pbuf[12];
 437              		.loc 1 336 0
 438 0076 D4F88C20 		ldr	r2, [r4, #140]
 439 007a 9278     		ldrb	r2, [r2, #2]	@ zero_extendqisi2
 440 007c 02F00F02 		and	r2, r2, #15
 441 0080 2A70     		strb	r2, [r5]
 337:Middlewares/ST/STM32_USB_Host_Library/Class/MSC/Src/usbh_msc_scsi.c ****       sense_data->ascq = MSC_Handle->hbot.pbuf[13];
 442              		.loc 1 337 0
 443 0082 D4F88C20 		ldr	r2, [r4, #140]
 444 0086 127B     		ldrb	r2, [r2, #12]	@ zero_extendqisi2
 445 0088 6A70     		strb	r2, [r5, #1]
 338:Middlewares/ST/STM32_USB_Host_Library/Class/MSC/Src/usbh_msc_scsi.c ****     }
 446              		.loc 1 338 0
 447 008a D4F88C20 		ldr	r2, [r4, #140]
 448 008e 527B     		ldrb	r2, [r2, #13]	@ zero_extendqisi2
 449 0090 AA70     		strb	r2, [r5, #2]
 450 0092 E8E7     		b	.L26
 451              		.cfi_endproc
 452              	.LFE144:
 454              		.section	.text.USBH_MSC_SCSI_Write,"ax",%progbits
 455              		.align	1
 456              		.global	USBH_MSC_SCSI_Write
 457              		.syntax unified
 458              		.thumb
 459              		.thumb_func
 460              		.fpu fpv5-sp-d16
 462              	USBH_MSC_SCSI_Write:
 463              	.LFB145:
 348:Middlewares/ST/STM32_USB_Host_Library/Class/MSC/Src/usbh_msc_scsi.c **** 
 349:Middlewares/ST/STM32_USB_Host_Library/Class/MSC/Src/usbh_msc_scsi.c **** /**
 350:Middlewares/ST/STM32_USB_Host_Library/Class/MSC/Src/usbh_msc_scsi.c ****   * @brief  USBH_MSC_SCSI_Write
 351:Middlewares/ST/STM32_USB_Host_Library/Class/MSC/Src/usbh_msc_scsi.c ****   *         Issue write10 command.
 352:Middlewares/ST/STM32_USB_Host_Library/Class/MSC/Src/usbh_msc_scsi.c ****   * @param  phost: Host handle
 353:Middlewares/ST/STM32_USB_Host_Library/Class/MSC/Src/usbh_msc_scsi.c ****   * @param  lun: Logical Unit Number
 354:Middlewares/ST/STM32_USB_Host_Library/Class/MSC/Src/usbh_msc_scsi.c ****   * @param  address: sector address
 355:Middlewares/ST/STM32_USB_Host_Library/Class/MSC/Src/usbh_msc_scsi.c ****   * @param  pbuf: pointer to data
 356:Middlewares/ST/STM32_USB_Host_Library/Class/MSC/Src/usbh_msc_scsi.c ****   * @param  length: number of sector to write
 357:Middlewares/ST/STM32_USB_Host_Library/Class/MSC/Src/usbh_msc_scsi.c ****   * @retval USBH Status
 358:Middlewares/ST/STM32_USB_Host_Library/Class/MSC/Src/usbh_msc_scsi.c ****   */
 359:Middlewares/ST/STM32_USB_Host_Library/Class/MSC/Src/usbh_msc_scsi.c **** USBH_StatusTypeDef USBH_MSC_SCSI_Write(USBH_HandleTypeDef *phost,
 360:Middlewares/ST/STM32_USB_Host_Library/Class/MSC/Src/usbh_msc_scsi.c ****                                      uint8_t lun,
 361:Middlewares/ST/STM32_USB_Host_Library/Class/MSC/Src/usbh_msc_scsi.c ****                                      uint32_t address,
 362:Middlewares/ST/STM32_USB_Host_Library/Class/MSC/Src/usbh_msc_scsi.c ****                                      uint8_t *pbuf,
 363:Middlewares/ST/STM32_USB_Host_Library/Class/MSC/Src/usbh_msc_scsi.c ****                                      uint32_t length)
ARM GAS  C:\Users\Student\AppData\Local\Temp\ccXHxXcW.s 			page 16


 364:Middlewares/ST/STM32_USB_Host_Library/Class/MSC/Src/usbh_msc_scsi.c **** {
 464              		.loc 1 364 0
 465              		.cfi_startproc
 466              		@ args = 4, pretend = 0, frame = 8
 467              		@ frame_needed = 0, uses_anonymous_args = 0
 468              	.LVL38:
 469 0000 10B5     		push	{r4, lr}
 470              	.LCFI4:
 471              		.cfi_def_cfa_offset 8
 472              		.cfi_offset 4, -8
 473              		.cfi_offset 14, -4
 474 0002 82B0     		sub	sp, sp, #8
 475              	.LCFI5:
 476              		.cfi_def_cfa_offset 16
 477 0004 0192     		str	r2, [sp, #4]
 478              	.LVL39:
 365:Middlewares/ST/STM32_USB_Host_Library/Class/MSC/Src/usbh_msc_scsi.c ****   USBH_StatusTypeDef    error = USBH_FAIL ;
 366:Middlewares/ST/STM32_USB_Host_Library/Class/MSC/Src/usbh_msc_scsi.c **** 
 367:Middlewares/ST/STM32_USB_Host_Library/Class/MSC/Src/usbh_msc_scsi.c ****   MSC_HandleTypeDef *MSC_Handle =  (MSC_HandleTypeDef *) phost->pActiveClass->pData;
 479              		.loc 1 367 0
 480 0006 D0F87823 		ldr	r2, [r0, #888]
 481              	.LVL40:
 482 000a D269     		ldr	r2, [r2, #28]
 483              	.LVL41:
 368:Middlewares/ST/STM32_USB_Host_Library/Class/MSC/Src/usbh_msc_scsi.c **** 
 369:Middlewares/ST/STM32_USB_Host_Library/Class/MSC/Src/usbh_msc_scsi.c ****   switch(MSC_Handle->hbot.cmd_state)
 484              		.loc 1 369 0
 485 000c 92F85240 		ldrb	r4, [r2, #82]	@ zero_extendqisi2
 486 0010 012C     		cmp	r4, #1
 487 0012 03D0     		beq	.L34
 488 0014 022C     		cmp	r4, #2
 489 0016 3AD0     		beq	.L35
 365:Middlewares/ST/STM32_USB_Host_Library/Class/MSC/Src/usbh_msc_scsi.c ****   USBH_StatusTypeDef    error = USBH_FAIL ;
 490              		.loc 1 365 0
 491 0018 0220     		movs	r0, #2
 492              	.LVL42:
 493 001a 36E0     		b	.L33
 494              	.LVL43:
 495              	.L34:
 370:Middlewares/ST/STM32_USB_Host_Library/Class/MSC/Src/usbh_msc_scsi.c ****   {
 371:Middlewares/ST/STM32_USB_Host_Library/Class/MSC/Src/usbh_msc_scsi.c ****   case BOT_CMD_SEND:
 372:Middlewares/ST/STM32_USB_Host_Library/Class/MSC/Src/usbh_msc_scsi.c **** 
 373:Middlewares/ST/STM32_USB_Host_Library/Class/MSC/Src/usbh_msc_scsi.c ****     /*Prepare the CBW and relevent field*/
 374:Middlewares/ST/STM32_USB_Host_Library/Class/MSC/Src/usbh_msc_scsi.c ****     MSC_Handle->hbot.cbw.field.DataTransferLength = length * MSC_Handle->unit[0].capacity.block_siz
 496              		.loc 1 374 0
 497 001c B2F89800 		ldrh	r0, [r2, #152]
 498              	.LVL44:
 499 0020 0499     		ldr	r1, [sp, #16]
 500              	.LVL45:
 501 0022 01FB00F1 		mul	r1, r1, r0
 502 0026 D165     		str	r1, [r2, #92]
 375:Middlewares/ST/STM32_USB_Host_Library/Class/MSC/Src/usbh_msc_scsi.c ****     MSC_Handle->hbot.cbw.field.Flags = USB_EP_DIR_OUT;
 503              		.loc 1 375 0
 504 0028 0021     		movs	r1, #0
 505 002a 82F86010 		strb	r1, [r2, #96]
 376:Middlewares/ST/STM32_USB_Host_Library/Class/MSC/Src/usbh_msc_scsi.c ****     MSC_Handle->hbot.cbw.field.CBLength = CBW_LENGTH;
 506              		.loc 1 376 0
ARM GAS  C:\Users\Student\AppData\Local\Temp\ccXHxXcW.s 			page 17


 507 002e 0A20     		movs	r0, #10
 508 0030 82F86200 		strb	r0, [r2, #98]
 377:Middlewares/ST/STM32_USB_Host_Library/Class/MSC/Src/usbh_msc_scsi.c **** 
 378:Middlewares/ST/STM32_USB_Host_Library/Class/MSC/Src/usbh_msc_scsi.c ****     USBH_memset(MSC_Handle->hbot.cbw.field.CB, 0, CBW_CB_LENGTH);
 509              		.loc 1 378 0
 510 0034 C2F86310 		str	r1, [r2, #99]	@ unaligned
 511              	.LVL46:
 512 0038 C2F86710 		str	r1, [r2, #103]	@ unaligned
 513 003c C2F86B10 		str	r1, [r2, #107]	@ unaligned
 514 0040 C2F86F10 		str	r1, [r2, #111]	@ unaligned
 379:Middlewares/ST/STM32_USB_Host_Library/Class/MSC/Src/usbh_msc_scsi.c ****     MSC_Handle->hbot.cbw.field.CB[0]  = OPCODE_WRITE10;
 515              		.loc 1 379 0
 516 0044 2A21     		movs	r1, #42
 517 0046 82F86310 		strb	r1, [r2, #99]
 380:Middlewares/ST/STM32_USB_Host_Library/Class/MSC/Src/usbh_msc_scsi.c **** 
 381:Middlewares/ST/STM32_USB_Host_Library/Class/MSC/Src/usbh_msc_scsi.c ****     /*logical block address*/
 382:Middlewares/ST/STM32_USB_Host_Library/Class/MSC/Src/usbh_msc_scsi.c ****     MSC_Handle->hbot.cbw.field.CB[2]  = (((uint8_t*)(void *)&address)[3]);
 518              		.loc 1 382 0
 519 004a 9DF80710 		ldrb	r1, [sp, #7]	@ zero_extendqisi2
 520 004e 82F86510 		strb	r1, [r2, #101]
 383:Middlewares/ST/STM32_USB_Host_Library/Class/MSC/Src/usbh_msc_scsi.c ****     MSC_Handle->hbot.cbw.field.CB[3]  = (((uint8_t*)(void *)&address)[2]);
 521              		.loc 1 383 0
 522 0052 9DF80610 		ldrb	r1, [sp, #6]	@ zero_extendqisi2
 523 0056 82F86610 		strb	r1, [r2, #102]
 384:Middlewares/ST/STM32_USB_Host_Library/Class/MSC/Src/usbh_msc_scsi.c ****     MSC_Handle->hbot.cbw.field.CB[4]  = (((uint8_t*)(void *)&address)[1]);
 524              		.loc 1 384 0
 525 005a 9DF80510 		ldrb	r1, [sp, #5]	@ zero_extendqisi2
 526 005e 82F86710 		strb	r1, [r2, #103]
 385:Middlewares/ST/STM32_USB_Host_Library/Class/MSC/Src/usbh_msc_scsi.c ****     MSC_Handle->hbot.cbw.field.CB[5]  = (((uint8_t*)(void *)&address)[0]);
 527              		.loc 1 385 0
 528 0062 9DF80410 		ldrb	r1, [sp, #4]	@ zero_extendqisi2
 529 0066 82F86810 		strb	r1, [r2, #104]
 386:Middlewares/ST/STM32_USB_Host_Library/Class/MSC/Src/usbh_msc_scsi.c **** 
 387:Middlewares/ST/STM32_USB_Host_Library/Class/MSC/Src/usbh_msc_scsi.c **** 
 388:Middlewares/ST/STM32_USB_Host_Library/Class/MSC/Src/usbh_msc_scsi.c ****     /*Transfer length */
 389:Middlewares/ST/STM32_USB_Host_Library/Class/MSC/Src/usbh_msc_scsi.c ****     MSC_Handle->hbot.cbw.field.CB[7]  = (((uint8_t *)(void *)&length)[1]) ;
 530              		.loc 1 389 0
 531 006a 9DF81110 		ldrb	r1, [sp, #17]	@ zero_extendqisi2
 532 006e 82F86A10 		strb	r1, [r2, #106]
 390:Middlewares/ST/STM32_USB_Host_Library/Class/MSC/Src/usbh_msc_scsi.c ****     MSC_Handle->hbot.cbw.field.CB[8]  = (((uint8_t *)(void *)&length)[0]) ;
 533              		.loc 1 390 0
 534 0072 9DF81010 		ldrb	r1, [sp, #16]	@ zero_extendqisi2
 535 0076 82F86B10 		strb	r1, [r2, #107]
 391:Middlewares/ST/STM32_USB_Host_Library/Class/MSC/Src/usbh_msc_scsi.c **** 
 392:Middlewares/ST/STM32_USB_Host_Library/Class/MSC/Src/usbh_msc_scsi.c **** 
 393:Middlewares/ST/STM32_USB_Host_Library/Class/MSC/Src/usbh_msc_scsi.c ****     MSC_Handle->hbot.state = BOT_SEND_CBW;
 536              		.loc 1 393 0
 537 007a 0120     		movs	r0, #1
 538 007c 82F85000 		strb	r0, [r2, #80]
 394:Middlewares/ST/STM32_USB_Host_Library/Class/MSC/Src/usbh_msc_scsi.c ****     MSC_Handle->hbot.cmd_state = BOT_CMD_WAIT;
 539              		.loc 1 394 0
 540 0080 0221     		movs	r1, #2
 541 0082 82F85210 		strb	r1, [r2, #82]
 395:Middlewares/ST/STM32_USB_Host_Library/Class/MSC/Src/usbh_msc_scsi.c ****     MSC_Handle->hbot.pbuf = pbuf;
 542              		.loc 1 395 0
 543 0086 C2F88C30 		str	r3, [r2, #140]
 544              	.LVL47:
ARM GAS  C:\Users\Student\AppData\Local\Temp\ccXHxXcW.s 			page 18


 545              	.L33:
 396:Middlewares/ST/STM32_USB_Host_Library/Class/MSC/Src/usbh_msc_scsi.c ****     error = USBH_BUSY;
 397:Middlewares/ST/STM32_USB_Host_Library/Class/MSC/Src/usbh_msc_scsi.c ****     break;
 398:Middlewares/ST/STM32_USB_Host_Library/Class/MSC/Src/usbh_msc_scsi.c **** 
 399:Middlewares/ST/STM32_USB_Host_Library/Class/MSC/Src/usbh_msc_scsi.c ****   case BOT_CMD_WAIT:
 400:Middlewares/ST/STM32_USB_Host_Library/Class/MSC/Src/usbh_msc_scsi.c ****     error = USBH_MSC_BOT_Process(phost, lun);
 401:Middlewares/ST/STM32_USB_Host_Library/Class/MSC/Src/usbh_msc_scsi.c ****     break;
 402:Middlewares/ST/STM32_USB_Host_Library/Class/MSC/Src/usbh_msc_scsi.c **** 
 403:Middlewares/ST/STM32_USB_Host_Library/Class/MSC/Src/usbh_msc_scsi.c ****   default:
 404:Middlewares/ST/STM32_USB_Host_Library/Class/MSC/Src/usbh_msc_scsi.c ****     break;
 405:Middlewares/ST/STM32_USB_Host_Library/Class/MSC/Src/usbh_msc_scsi.c ****   }
 406:Middlewares/ST/STM32_USB_Host_Library/Class/MSC/Src/usbh_msc_scsi.c **** 
 407:Middlewares/ST/STM32_USB_Host_Library/Class/MSC/Src/usbh_msc_scsi.c ****   return error;
 408:Middlewares/ST/STM32_USB_Host_Library/Class/MSC/Src/usbh_msc_scsi.c **** }
 546              		.loc 1 408 0
 547 008a 02B0     		add	sp, sp, #8
 548              	.LCFI6:
 549              		.cfi_remember_state
 550              		.cfi_def_cfa_offset 8
 551              		@ sp needed
 552 008c 10BD     		pop	{r4, pc}
 553              	.LVL48:
 554              	.L35:
 555              	.LCFI7:
 556              		.cfi_restore_state
 400:Middlewares/ST/STM32_USB_Host_Library/Class/MSC/Src/usbh_msc_scsi.c ****     break;
 557              		.loc 1 400 0
 558 008e FFF7FEFF 		bl	USBH_MSC_BOT_Process
 559              	.LVL49:
 401:Middlewares/ST/STM32_USB_Host_Library/Class/MSC/Src/usbh_msc_scsi.c **** 
 560              		.loc 1 401 0
 561 0092 FAE7     		b	.L33
 562              		.cfi_endproc
 563              	.LFE145:
 565              		.section	.text.USBH_MSC_SCSI_Read,"ax",%progbits
 566              		.align	1
 567              		.global	USBH_MSC_SCSI_Read
 568              		.syntax unified
 569              		.thumb
 570              		.thumb_func
 571              		.fpu fpv5-sp-d16
 573              	USBH_MSC_SCSI_Read:
 574              	.LFB146:
 409:Middlewares/ST/STM32_USB_Host_Library/Class/MSC/Src/usbh_msc_scsi.c **** 
 410:Middlewares/ST/STM32_USB_Host_Library/Class/MSC/Src/usbh_msc_scsi.c **** /**
 411:Middlewares/ST/STM32_USB_Host_Library/Class/MSC/Src/usbh_msc_scsi.c ****   * @brief  USBH_MSC_SCSI_Read
 412:Middlewares/ST/STM32_USB_Host_Library/Class/MSC/Src/usbh_msc_scsi.c ****   *         Issue Read10 command.
 413:Middlewares/ST/STM32_USB_Host_Library/Class/MSC/Src/usbh_msc_scsi.c ****   * @param  phost: Host handle
 414:Middlewares/ST/STM32_USB_Host_Library/Class/MSC/Src/usbh_msc_scsi.c ****   * @param  lun: Logical Unit Number
 415:Middlewares/ST/STM32_USB_Host_Library/Class/MSC/Src/usbh_msc_scsi.c ****   * @param  address: sector address
 416:Middlewares/ST/STM32_USB_Host_Library/Class/MSC/Src/usbh_msc_scsi.c ****   * @param  pbuf: pointer to data
 417:Middlewares/ST/STM32_USB_Host_Library/Class/MSC/Src/usbh_msc_scsi.c ****   * @param  length: number of sector to read
 418:Middlewares/ST/STM32_USB_Host_Library/Class/MSC/Src/usbh_msc_scsi.c ****   * @retval USBH Status
 419:Middlewares/ST/STM32_USB_Host_Library/Class/MSC/Src/usbh_msc_scsi.c ****   */
 420:Middlewares/ST/STM32_USB_Host_Library/Class/MSC/Src/usbh_msc_scsi.c **** USBH_StatusTypeDef USBH_MSC_SCSI_Read(USBH_HandleTypeDef *phost,
 421:Middlewares/ST/STM32_USB_Host_Library/Class/MSC/Src/usbh_msc_scsi.c ****                                      uint8_t lun,
 422:Middlewares/ST/STM32_USB_Host_Library/Class/MSC/Src/usbh_msc_scsi.c ****                                      uint32_t address,
ARM GAS  C:\Users\Student\AppData\Local\Temp\ccXHxXcW.s 			page 19


 423:Middlewares/ST/STM32_USB_Host_Library/Class/MSC/Src/usbh_msc_scsi.c ****                                      uint8_t *pbuf,
 424:Middlewares/ST/STM32_USB_Host_Library/Class/MSC/Src/usbh_msc_scsi.c ****                                      uint32_t length)
 425:Middlewares/ST/STM32_USB_Host_Library/Class/MSC/Src/usbh_msc_scsi.c **** {
 575              		.loc 1 425 0
 576              		.cfi_startproc
 577              		@ args = 4, pretend = 0, frame = 8
 578              		@ frame_needed = 0, uses_anonymous_args = 0
 579              	.LVL50:
 580 0000 10B5     		push	{r4, lr}
 581              	.LCFI8:
 582              		.cfi_def_cfa_offset 8
 583              		.cfi_offset 4, -8
 584              		.cfi_offset 14, -4
 585 0002 82B0     		sub	sp, sp, #8
 586              	.LCFI9:
 587              		.cfi_def_cfa_offset 16
 588 0004 0192     		str	r2, [sp, #4]
 589              	.LVL51:
 426:Middlewares/ST/STM32_USB_Host_Library/Class/MSC/Src/usbh_msc_scsi.c ****   USBH_StatusTypeDef    error = USBH_FAIL ;
 427:Middlewares/ST/STM32_USB_Host_Library/Class/MSC/Src/usbh_msc_scsi.c ****   MSC_HandleTypeDef *MSC_Handle = (MSC_HandleTypeDef *) phost->pActiveClass->pData;
 590              		.loc 1 427 0
 591 0006 D0F87823 		ldr	r2, [r0, #888]
 592              	.LVL52:
 593 000a D269     		ldr	r2, [r2, #28]
 594              	.LVL53:
 428:Middlewares/ST/STM32_USB_Host_Library/Class/MSC/Src/usbh_msc_scsi.c **** 
 429:Middlewares/ST/STM32_USB_Host_Library/Class/MSC/Src/usbh_msc_scsi.c ****   switch(MSC_Handle->hbot.cmd_state)
 595              		.loc 1 429 0
 596 000c 92F85240 		ldrb	r4, [r2, #82]	@ zero_extendqisi2
 597 0010 012C     		cmp	r4, #1
 598 0012 03D0     		beq	.L41
 599 0014 022C     		cmp	r4, #2
 600 0016 3BD0     		beq	.L42
 426:Middlewares/ST/STM32_USB_Host_Library/Class/MSC/Src/usbh_msc_scsi.c ****   USBH_StatusTypeDef    error = USBH_FAIL ;
 601              		.loc 1 426 0
 602 0018 0220     		movs	r0, #2
 603              	.LVL54:
 604 001a 37E0     		b	.L40
 605              	.LVL55:
 606              	.L41:
 430:Middlewares/ST/STM32_USB_Host_Library/Class/MSC/Src/usbh_msc_scsi.c ****   {
 431:Middlewares/ST/STM32_USB_Host_Library/Class/MSC/Src/usbh_msc_scsi.c ****   case BOT_CMD_SEND:
 432:Middlewares/ST/STM32_USB_Host_Library/Class/MSC/Src/usbh_msc_scsi.c **** 
 433:Middlewares/ST/STM32_USB_Host_Library/Class/MSC/Src/usbh_msc_scsi.c ****     /*Prepare the CBW and relevent field*/
 434:Middlewares/ST/STM32_USB_Host_Library/Class/MSC/Src/usbh_msc_scsi.c ****     MSC_Handle->hbot.cbw.field.DataTransferLength = length * MSC_Handle->unit[0].capacity.block_siz
 607              		.loc 1 434 0
 608 001c B2F89800 		ldrh	r0, [r2, #152]
 609              	.LVL56:
 610 0020 0499     		ldr	r1, [sp, #16]
 611              	.LVL57:
 612 0022 01FB00F1 		mul	r1, r1, r0
 613 0026 D165     		str	r1, [r2, #92]
 435:Middlewares/ST/STM32_USB_Host_Library/Class/MSC/Src/usbh_msc_scsi.c ****     MSC_Handle->hbot.cbw.field.Flags = USB_EP_DIR_IN;
 614              		.loc 1 435 0
 615 0028 8021     		movs	r1, #128
 616 002a 82F86010 		strb	r1, [r2, #96]
 436:Middlewares/ST/STM32_USB_Host_Library/Class/MSC/Src/usbh_msc_scsi.c ****     MSC_Handle->hbot.cbw.field.CBLength = CBW_LENGTH;
ARM GAS  C:\Users\Student\AppData\Local\Temp\ccXHxXcW.s 			page 20


 617              		.loc 1 436 0
 618 002e 0A21     		movs	r1, #10
 619 0030 82F86210 		strb	r1, [r2, #98]
 437:Middlewares/ST/STM32_USB_Host_Library/Class/MSC/Src/usbh_msc_scsi.c **** 
 438:Middlewares/ST/STM32_USB_Host_Library/Class/MSC/Src/usbh_msc_scsi.c ****     USBH_memset(MSC_Handle->hbot.cbw.field.CB, 0, CBW_CB_LENGTH);
 620              		.loc 1 438 0
 621 0034 0021     		movs	r1, #0
 622 0036 C2F86310 		str	r1, [r2, #99]	@ unaligned
 623              	.LVL58:
 624 003a C2F86710 		str	r1, [r2, #103]	@ unaligned
 625 003e C2F86B10 		str	r1, [r2, #107]	@ unaligned
 626 0042 C2F86F10 		str	r1, [r2, #111]	@ unaligned
 439:Middlewares/ST/STM32_USB_Host_Library/Class/MSC/Src/usbh_msc_scsi.c ****     MSC_Handle->hbot.cbw.field.CB[0]  = OPCODE_READ10;
 627              		.loc 1 439 0
 628 0046 2821     		movs	r1, #40
 629 0048 82F86310 		strb	r1, [r2, #99]
 440:Middlewares/ST/STM32_USB_Host_Library/Class/MSC/Src/usbh_msc_scsi.c **** 
 441:Middlewares/ST/STM32_USB_Host_Library/Class/MSC/Src/usbh_msc_scsi.c ****     /*logical block address*/
 442:Middlewares/ST/STM32_USB_Host_Library/Class/MSC/Src/usbh_msc_scsi.c ****     MSC_Handle->hbot.cbw.field.CB[2]  = (((uint8_t*)(void *)&address)[3]);
 630              		.loc 1 442 0
 631 004c 9DF80710 		ldrb	r1, [sp, #7]	@ zero_extendqisi2
 632 0050 82F86510 		strb	r1, [r2, #101]
 443:Middlewares/ST/STM32_USB_Host_Library/Class/MSC/Src/usbh_msc_scsi.c ****     MSC_Handle->hbot.cbw.field.CB[3]  = (((uint8_t*)(void *)&address)[2]);
 633              		.loc 1 443 0
 634 0054 9DF80610 		ldrb	r1, [sp, #6]	@ zero_extendqisi2
 635 0058 82F86610 		strb	r1, [r2, #102]
 444:Middlewares/ST/STM32_USB_Host_Library/Class/MSC/Src/usbh_msc_scsi.c ****     MSC_Handle->hbot.cbw.field.CB[4]  = (((uint8_t*)(void *)&address)[1]);
 636              		.loc 1 444 0
 637 005c 9DF80510 		ldrb	r1, [sp, #5]	@ zero_extendqisi2
 638 0060 82F86710 		strb	r1, [r2, #103]
 445:Middlewares/ST/STM32_USB_Host_Library/Class/MSC/Src/usbh_msc_scsi.c ****     MSC_Handle->hbot.cbw.field.CB[5]  = (((uint8_t*)(void *)&address)[0]);
 639              		.loc 1 445 0
 640 0064 9DF80410 		ldrb	r1, [sp, #4]	@ zero_extendqisi2
 641 0068 82F86810 		strb	r1, [r2, #104]
 446:Middlewares/ST/STM32_USB_Host_Library/Class/MSC/Src/usbh_msc_scsi.c **** 
 447:Middlewares/ST/STM32_USB_Host_Library/Class/MSC/Src/usbh_msc_scsi.c **** 
 448:Middlewares/ST/STM32_USB_Host_Library/Class/MSC/Src/usbh_msc_scsi.c ****     /*Transfer length */
 449:Middlewares/ST/STM32_USB_Host_Library/Class/MSC/Src/usbh_msc_scsi.c ****     MSC_Handle->hbot.cbw.field.CB[7]  = (((uint8_t *)(void *)&length)[1]) ;
 642              		.loc 1 449 0
 643 006c 9DF81110 		ldrb	r1, [sp, #17]	@ zero_extendqisi2
 644 0070 82F86A10 		strb	r1, [r2, #106]
 450:Middlewares/ST/STM32_USB_Host_Library/Class/MSC/Src/usbh_msc_scsi.c ****     MSC_Handle->hbot.cbw.field.CB[8]  = (((uint8_t *)(void *)&length)[0]) ;
 645              		.loc 1 450 0
 646 0074 9DF81010 		ldrb	r1, [sp, #16]	@ zero_extendqisi2
 647 0078 82F86B10 		strb	r1, [r2, #107]
 451:Middlewares/ST/STM32_USB_Host_Library/Class/MSC/Src/usbh_msc_scsi.c **** 
 452:Middlewares/ST/STM32_USB_Host_Library/Class/MSC/Src/usbh_msc_scsi.c **** 
 453:Middlewares/ST/STM32_USB_Host_Library/Class/MSC/Src/usbh_msc_scsi.c ****     MSC_Handle->hbot.state = BOT_SEND_CBW;
 648              		.loc 1 453 0
 649 007c 0120     		movs	r0, #1
 650 007e 82F85000 		strb	r0, [r2, #80]
 454:Middlewares/ST/STM32_USB_Host_Library/Class/MSC/Src/usbh_msc_scsi.c ****     MSC_Handle->hbot.cmd_state = BOT_CMD_WAIT;
 651              		.loc 1 454 0
 652 0082 0221     		movs	r1, #2
 653 0084 82F85210 		strb	r1, [r2, #82]
 455:Middlewares/ST/STM32_USB_Host_Library/Class/MSC/Src/usbh_msc_scsi.c ****     MSC_Handle->hbot.pbuf = pbuf;
 654              		.loc 1 455 0
ARM GAS  C:\Users\Student\AppData\Local\Temp\ccXHxXcW.s 			page 21


 655 0088 C2F88C30 		str	r3, [r2, #140]
 656              	.LVL59:
 657              	.L40:
 456:Middlewares/ST/STM32_USB_Host_Library/Class/MSC/Src/usbh_msc_scsi.c ****     error = USBH_BUSY;
 457:Middlewares/ST/STM32_USB_Host_Library/Class/MSC/Src/usbh_msc_scsi.c ****     break;
 458:Middlewares/ST/STM32_USB_Host_Library/Class/MSC/Src/usbh_msc_scsi.c **** 
 459:Middlewares/ST/STM32_USB_Host_Library/Class/MSC/Src/usbh_msc_scsi.c ****   case BOT_CMD_WAIT:
 460:Middlewares/ST/STM32_USB_Host_Library/Class/MSC/Src/usbh_msc_scsi.c ****     error = USBH_MSC_BOT_Process(phost, lun);
 461:Middlewares/ST/STM32_USB_Host_Library/Class/MSC/Src/usbh_msc_scsi.c ****     break;
 462:Middlewares/ST/STM32_USB_Host_Library/Class/MSC/Src/usbh_msc_scsi.c **** 
 463:Middlewares/ST/STM32_USB_Host_Library/Class/MSC/Src/usbh_msc_scsi.c ****   default:
 464:Middlewares/ST/STM32_USB_Host_Library/Class/MSC/Src/usbh_msc_scsi.c ****     break;
 465:Middlewares/ST/STM32_USB_Host_Library/Class/MSC/Src/usbh_msc_scsi.c ****   }
 466:Middlewares/ST/STM32_USB_Host_Library/Class/MSC/Src/usbh_msc_scsi.c **** 
 467:Middlewares/ST/STM32_USB_Host_Library/Class/MSC/Src/usbh_msc_scsi.c ****   return error;
 468:Middlewares/ST/STM32_USB_Host_Library/Class/MSC/Src/usbh_msc_scsi.c **** }
 658              		.loc 1 468 0
 659 008c 02B0     		add	sp, sp, #8
 660              	.LCFI10:
 661              		.cfi_remember_state
 662              		.cfi_def_cfa_offset 8
 663              		@ sp needed
 664 008e 10BD     		pop	{r4, pc}
 665              	.LVL60:
 666              	.L42:
 667              	.LCFI11:
 668              		.cfi_restore_state
 460:Middlewares/ST/STM32_USB_Host_Library/Class/MSC/Src/usbh_msc_scsi.c ****     break;
 669              		.loc 1 460 0
 670 0090 FFF7FEFF 		bl	USBH_MSC_BOT_Process
 671              	.LVL61:
 461:Middlewares/ST/STM32_USB_Host_Library/Class/MSC/Src/usbh_msc_scsi.c **** 
 672              		.loc 1 461 0
 673 0094 FAE7     		b	.L40
 674              		.cfi_endproc
 675              	.LFE146:
 677              		.text
 678              	.Letext0:
 679              		.file 2 "c:\\gcc_toolchain\\6_2017-q1-update\\arm-none-eabi\\include\\machine\\_default_types.h"
 680              		.file 3 "c:\\gcc_toolchain\\6_2017-q1-update\\arm-none-eabi\\include\\sys\\lock.h"
 681              		.file 4 "c:\\gcc_toolchain\\6_2017-q1-update\\arm-none-eabi\\include\\sys\\_types.h"
 682              		.file 5 "c:\\gcc_toolchain\\6_2017-q1-update\\lib\\gcc\\arm-none-eabi\\6.3.1\\include\\stddef.h"
 683              		.file 6 "c:\\gcc_toolchain\\6_2017-q1-update\\arm-none-eabi\\include\\sys\\reent.h"
 684              		.file 7 "c:\\gcc_toolchain\\6_2017-q1-update\\arm-none-eabi\\include\\sys\\_stdint.h"
 685              		.file 8 "c:\\gcc_toolchain\\6_2017-q1-update\\arm-none-eabi\\include\\stdlib.h"
 686              		.file 9 "Drivers/CMSIS/Include/core_cm7.h"
 687              		.file 10 "Drivers/CMSIS/Device/ST/STM32F7xx/Include/system_stm32f7xx.h"
 688              		.file 11 "Middlewares/Third_Party/FreeRTOS/Source/include/task.h"
 689              		.file 12 "Middlewares/Third_Party/FreeRTOS/Source/include/queue.h"
 690              		.file 13 "Middlewares/Third_Party/FreeRTOS/Source/CMSIS_RTOS/cmsis_os.h"
 691              		.file 14 "Middlewares/ST/STM32_USB_Host_Library/Core/Inc/usbh_def.h"
 692              		.file 15 "Middlewares/ST/STM32_USB_Host_Library/Core/Inc/usbh_ctlreq.h"
 693              		.file 16 "Middlewares/ST/STM32_USB_Host_Library/Class/MSC/Inc/usbh_msc_bot.h"
 694              		.file 17 "Middlewares/ST/STM32_USB_Host_Library/Class/MSC/Inc/usbh_msc_scsi.h"
 695              		.file 18 "Middlewares/ST/STM32_USB_Host_Library/Class/MSC/Inc/usbh_msc.h"
ARM GAS  C:\Users\Student\AppData\Local\Temp\ccXHxXcW.s 			page 22


DEFINED SYMBOLS
                            *ABS*:00000000 usbh_msc_scsi.c
C:\Users\Student\AppData\Local\Temp\ccXHxXcW.s:18     .text.USBH_MSC_SCSI_TestUnitReady:00000000 $t
C:\Users\Student\AppData\Local\Temp\ccXHxXcW.s:25     .text.USBH_MSC_SCSI_TestUnitReady:00000000 USBH_MSC_SCSI_TestUnitReady
C:\Users\Student\AppData\Local\Temp\ccXHxXcW.s:93     .text.USBH_MSC_SCSI_ReadCapacity:00000000 $t
C:\Users\Student\AppData\Local\Temp\ccXHxXcW.s:100    .text.USBH_MSC_SCSI_ReadCapacity:00000000 USBH_MSC_SCSI_ReadCapacity
C:\Users\Student\AppData\Local\Temp\ccXHxXcW.s:198    .text.USBH_MSC_SCSI_Inquiry:00000000 $t
C:\Users\Student\AppData\Local\Temp\ccXHxXcW.s:205    .text.USBH_MSC_SCSI_Inquiry:00000000 USBH_MSC_SCSI_Inquiry
C:\Users\Student\AppData\Local\Temp\ccXHxXcW.s:346    .text.USBH_MSC_SCSI_RequestSense:00000000 $t
C:\Users\Student\AppData\Local\Temp\ccXHxXcW.s:353    .text.USBH_MSC_SCSI_RequestSense:00000000 USBH_MSC_SCSI_RequestSense
C:\Users\Student\AppData\Local\Temp\ccXHxXcW.s:455    .text.USBH_MSC_SCSI_Write:00000000 $t
C:\Users\Student\AppData\Local\Temp\ccXHxXcW.s:462    .text.USBH_MSC_SCSI_Write:00000000 USBH_MSC_SCSI_Write
C:\Users\Student\AppData\Local\Temp\ccXHxXcW.s:566    .text.USBH_MSC_SCSI_Read:00000000 $t
C:\Users\Student\AppData\Local\Temp\ccXHxXcW.s:573    .text.USBH_MSC_SCSI_Read:00000000 USBH_MSC_SCSI_Read
                     .debug_frame:00000010 $d

UNDEFINED SYMBOLS
USBH_MSC_BOT_Process
memset
